#
# There is insufficient memory for the Java Runtime Environment to continue.
# Native memory allocation (mmap) failed to map 1333788672 bytes for G1 virtual space
# Possible reasons:
#   The system is out of physical RAM or swap space
#   The process is running with CompressedOops enabled, and the Java Heap may be blocking the growth of the native heap
# Possible solutions:
#   Reduce memory load on the system
#   Increase physical memory or swap space
#   Check if swap backing store is full
#   Decrease Java heap size (-Xmx/-Xms)
#   Decrease number of Java threads
#   Decrease Java thread stack sizes (-Xss)
#   Set larger code cache with -XX:ReservedCodeCacheSize=
#   JVM is running with Zero Based Compressed Oops mode in which the Java heap is
#     placed in the first 32GB address space. The Java Heap base address is the
#     maximum limit for the native heap growth. Please use -XX:HeapBaseMinAddress
#     to set the Java Heap base and to place the Java Heap above 32GB virtual address.
# This output file may be truncated or incomplete.
#
#  Out of Memory Error (os_windows.cpp:3527), pid=23680, tid=19900
#
# JRE version: Java(TM) SE Runtime Environment (19.0+36) (build 19+36-2238)
# Java VM: Java HotSpot(TM) 64-Bit Server VM (19+36-2238, mixed mode, sharing, tiered, compressed oops, compressed class ptrs, g1 gc, windows-amd64)
# No core dump will be written. Minidumps are not enabled by default on client versions of Windows
#

---------------  S U M M A R Y ------------

Command Line: -javaagent:D:\JDK\JetBrains IntelliJ IDEA Ultimate 2022.2\IntelliJ IDEA 2022.2\lib\idea_rt.jar=49161:D:\JDK\JetBrains IntelliJ IDEA Ultimate 2022.2\IntelliJ IDEA 2022.2\bin -Dfile.encoding=UTF-8 practise.MainServer

Host: AMD Ryzen 7 3750H with Radeon Vega Mobile Gfx  , 8 cores, 15G,  Windows 10 , 64 bit Build 19041 (10.0.19041.3393)
Time: Tue Oct 24 19:47:45 2023  Windows 10 , 64 bit Build 19041 (10.0.19041.3393) elapsed time: 101.234931 seconds (0d 0h 1m 41s)

---------------  T H R E A D  ---------------

Current thread (0x0000026bda4d3ef0):  VMThread "VM Thread" [stack: 0x0000009f69d00000,0x0000009f69e00000] [id=19900]

Stack: [0x0000009f69d00000,0x0000009f69e00000]
Native frames: (J=compiled Java code, j=interpreted, Vv=VM code, C=native code)
V  [jvm.dll+0x6ee8fa]
V  [jvm.dll+0x857a1e]
V  [jvm.dll+0x85940e]
V  [jvm.dll+0x859ac3]
V  [jvm.dll+0x28291f]
V  [jvm.dll+0x6eb6e9]
V  [jvm.dll+0x6e028a]
V  [jvm.dll+0x357136]
V  [jvm.dll+0x35eb96]
V  [jvm.dll+0x3b555e]
V  [jvm.dll+0x3b578f]
V  [jvm.dll+0x32c6ea]
V  [jvm.dll+0x32c797]
V  [jvm.dll+0x374b52]
V  [jvm.dll+0x37328f]
V  [jvm.dll+0x32bf10]
V  [jvm.dll+0x37282b]
V  [jvm.dll+0x85ef83]
V  [jvm.dll+0x85fd49]
V  [jvm.dll+0x86027d]
V  [jvm.dll+0x86070b]
V  [jvm.dll+0x8607c7]
V  [jvm.dll+0x8015fa]
V  [jvm.dll+0x6ed5eb]
C  [ucrtbase.dll+0x21bb2]
C  [KERNEL32.DLL+0x17344]
C  [ntdll.dll+0x526b1]

VM_Operation (0x0000009f6b7ff1e0): G1CollectForAllocation, mode: safepoint, requested by thread 0x0000026be03a0f70


---------------  P R O C E S S  ---------------

Threads class SMR info:
_java_thread_list=0x0000026be23bd0f0, length=17, elements={
0x0000026bb71eadc0, 0x0000026bda4ef150, 0x0000026bda4f0af0, 0x0000026bda4f3170,
0x0000026bda4f6bc0, 0x0000026bda4f7dd0, 0x0000026bda4fe4f0, 0x0000026bda5211f0,
0x0000026bda525320, 0x0000026bde808070, 0x0000026bda4c67b0, 0x0000026bdeac5e90,
0x0000026bdeac67e0, 0x0000026bde9590d0, 0x0000026bdfa2e550, 0x0000026be03a0f70,
0x0000026be16be7d0
}

Java Threads: ( => current thread )
  0x0000026bb71eadc0 JavaThread "main" [_thread_in_native, id=9460, stack(0x0000009f69700000,0x0000009f69800000)]
  0x0000026bda4ef150 JavaThread "Reference Handler" daemon [_thread_blocked, id=25392, stack(0x0000009f69e00000,0x0000009f69f00000)]
  0x0000026bda4f0af0 JavaThread "Finalizer" daemon [_thread_blocked, id=9180, stack(0x0000009f69f00000,0x0000009f6a000000)]
  0x0000026bda4f3170 JavaThread "Signal Dispatcher" daemon [_thread_blocked, id=23624, stack(0x0000009f6a000000,0x0000009f6a100000)]
  0x0000026bda4f6bc0 JavaThread "Attach Listener" daemon [_thread_blocked, id=3332, stack(0x0000009f6a100000,0x0000009f6a200000)]
  0x0000026bda4f7dd0 JavaThread "Service Thread" daemon [_thread_blocked, id=2996, stack(0x0000009f6a200000,0x0000009f6a300000)]
  0x0000026bda4fe4f0 JavaThread "Monitor Deflation Thread" daemon [_thread_blocked, id=3184, stack(0x0000009f6a300000,0x0000009f6a400000)]
  0x0000026bda5211f0 JavaThread "C2 CompilerThread0" daemon [_thread_blocked, id=15768, stack(0x0000009f6a400000,0x0000009f6a500000)]
  0x0000026bda525320 JavaThread "C1 CompilerThread0" daemon [_thread_blocked, id=24832, stack(0x0000009f6a500000,0x0000009f6a600000)]
  0x0000026bde808070 JavaThread "Sweeper thread" daemon [_thread_blocked, id=20348, stack(0x0000009f6a600000,0x0000009f6a700000)]
  0x0000026bda4c67b0 JavaThread "Common-Cleaner" daemon [_thread_blocked, id=11860, stack(0x0000009f6a700000,0x0000009f6a800000)]
  0x0000026bdeac5e90 JavaThread "Monitor Ctrl-Break" daemon [_thread_in_native, id=2232, stack(0x0000009f6a900000,0x0000009f6aa00000)]
  0x0000026bdeac67e0 JavaThread "Notification Thread" daemon [_thread_blocked, id=18456, stack(0x0000009f6aa00000,0x0000009f6ab00000)]
  0x0000026bde9590d0 JavaThread "mysql-cj-abandoned-connection-cleanup" daemon [_thread_blocked, id=6688, stack(0x0000009f6a800000,0x0000009f6a900000)]
  0x0000026bdfa2e550 JavaThread "Hibernate Connection Pool Validation Thread" daemon [_thread_blocked, id=20000, stack(0x0000009f6ac00000,0x0000009f6ad00000)]
  0x0000026be03a0f70 JavaThread "Thread-0" [_thread_blocked, id=22556, stack(0x0000009f6b700000,0x0000009f6b800000)]
  0x0000026be16be7d0 JavaThread "Java2D Disposer" daemon [_thread_blocked, id=3088, stack(0x0000009f6b500000,0x0000009f6b600000)]

Other Threads:
=>0x0000026bda4d3ef0 VMThread "VM Thread" [stack: 0x0000009f69d00000,0x0000009f69e00000] [id=19900]
  0x0000026bdeb1d010 WatcherThread "VM Periodic Task Thread" [stack: 0x0000009f6ab00000,0x0000009f6ac00000] [id=19732]
  0x0000026bb725a720 WorkerThread "GC Thread#0" [stack: 0x0000009f69800000,0x0000009f69900000] [id=22720]
  0x0000026bdf1ccdb0 WorkerThread "GC Thread#1" [stack: 0x0000009f6ad00000,0x0000009f6ae00000] [id=21048]
  0x0000026bdf7aa610 WorkerThread "GC Thread#2" [stack: 0x0000009f6ae00000,0x0000009f6af00000] [id=9772]
  0x0000026bdf7aabb0 WorkerThread "GC Thread#3" [stack: 0x0000009f6af00000,0x0000009f6b000000] [id=15288]
  0x0000026bdf7aae80 WorkerThread "GC Thread#4" [stack: 0x0000009f6b000000,0x0000009f6b100000] [id=24952]
  0x0000026bdf7aa8e0 WorkerThread "GC Thread#5" [stack: 0x0000009f6b100000,0x0000009f6b200000] [id=1636]
  0x0000026bdf7ab150 WorkerThread "GC Thread#6" [stack: 0x0000009f6b200000,0x0000009f6b300000] [id=23492]
  0x0000026bdf7ab420 WorkerThread "GC Thread#7" [stack: 0x0000009f6b300000,0x0000009f6b400000] [id=21072]
  0x0000026bb726b520 ConcurrentGCThread "G1 Main Marker" [stack: 0x0000009f69900000,0x0000009f69a00000] [id=3324]
  0x0000026bb726d700 WorkerThread "G1 Conc#0" [stack: 0x0000009f69a00000,0x0000009f69b00000] [id=7108]
  0x0000026bdf7ab9c0 WorkerThread "G1 Conc#1" [stack: 0x0000009f6b400000,0x0000009f6b500000] [id=11184]
  0x0000026bb72ae4e0 ConcurrentGCThread "G1 Refine#0" [stack: 0x0000009f69b00000,0x0000009f69c00000] [id=9916]
  0x0000026bda3912b0 ConcurrentGCThread "G1 Service" [stack: 0x0000009f69c00000,0x0000009f69d00000] [id=10300]

Threads with active compile tasks:

VM state: at safepoint (normal execution)

VM Mutex/Monitor currently owned by a thread:  ([mutex/lock_event])
[0x0000026bb71e8950] Threads_lock - owner thread: 0x0000026bda4d3ef0
[0x0000026bb71e95b0] Heap_lock - owner thread: 0x0000026be03a0f70

Heap address: 0x0000000703000000, size: 4048 MB, Compressed Oops mode: Zero based, Oop shift amount: 3

CDS archive(s) mapped at: [0x0000000800000000-0x0000000800c40000-0x0000000800c40000), size 12845056, SharedBaseAddress: 0x0000000800000000, ArchiveRelocationMode: 0.
Compressed class space mapped at: 0x0000000801000000-0x0000000841000000, reserved size: 1073741824
Narrow klass base: 0x0000000800000000, Narrow klass shift: 0, Narrow klass range: 0x100000000

GC Precious Log:
 CardTable entry size: 512
 Card Set container configuration: InlinePtr #cards 4 size 8 Array Of Cards #cards 8 size 32 Howl #buckets 8 coarsen threshold 3686 Howl Bitmap #cards 512 size 80 coarsen threshold 460 Card regions per heap region 1 cards per card region 4096
 CPUs: 8 total, 8 available
 Memory: 16189M
 Large Page Support: Disabled
 NUMA Support: Disabled
 Compressed Oops: Enabled (Zero based)
 Heap Region Size: 2M
 Heap Min Capacity: 8M
 Heap Initial Capacity: 254M
 Heap Max Capacity: 4048M
 Pre-touch: Disabled
 Parallel Workers: 8
 Concurrent Workers: 2
 Concurrent Refinement Workers: 8
 Periodic GC: Disabled

Heap:
 garbage-first heap   total 651264K, used 19651K [0x0000000703000000, 0x0000000800000000)
  region size 2048K, 1 young (2048K), 1 survivors (2048K)
 Metaspace       used 40067K, committed 40384K, reserved 1114112K
  class space    used 5069K, committed 5248K, reserved 1048576K

Heap Regions: E=young(eden), S=young(survivor), O=old, HS=humongous(starts), HC=humongous(continues), CS=collection set, F=free, OA=open archive, CA=closed archive, TAMS=top-at-mark-start (previous, next)
|   0|0x0000000703000000, 0x0000000703200000, 0x0000000703200000|100%| O|  |TAMS 0x0000000703200000, 0x0000000703000000| Untracked 
|   1|0x0000000703200000, 0x0000000703400000, 0x0000000703400000|100%| O|  |TAMS 0x0000000703400000, 0x0000000703200000| Untracked 
|   2|0x0000000703400000, 0x0000000703600000, 0x0000000703600000|100%| O|  |TAMS 0x0000000703600000, 0x0000000703400000| Untracked 
|   3|0x0000000703600000, 0x0000000703600000, 0x0000000703800000|  0%| F|  |TAMS 0x0000000703600000, 0x0000000703600000| Untracked 
|   4|0x0000000703800000, 0x0000000703a00000, 0x0000000703a00000|100%| O|  |TAMS 0x0000000703a00000, 0x0000000703800000| Untracked 
|   5|0x0000000703a00000, 0x0000000703c00000, 0x0000000703c00000|100%| O|  |TAMS 0x0000000703c00000, 0x0000000703a00000| Untracked 
|   6|0x0000000703c00000, 0x0000000703d2ee00, 0x0000000703e00000| 59%| O|  |TAMS 0x0000000703c1dc00, 0x0000000703c00000| Untracked 
|   7|0x0000000703e00000, 0x0000000704000000, 0x0000000704000000|100%| O|  |TAMS 0x0000000704000000, 0x0000000703e00000| Untracked 
|   8|0x0000000704000000, 0x0000000704000000, 0x0000000704200000|  0%| F|  |TAMS 0x0000000704000000, 0x0000000704000000| Untracked 
|   9|0x0000000704200000, 0x0000000704200000, 0x0000000704400000|  0%| F|  |TAMS 0x0000000704200000, 0x0000000704200000| Untracked 
|  10|0x0000000704400000, 0x0000000704400000, 0x0000000704600000|  0%| F|  |TAMS 0x0000000704400000, 0x0000000704400000| Untracked 
|  11|0x0000000704600000, 0x0000000704600000, 0x0000000704800000|  0%| F|  |TAMS 0x0000000704600000, 0x0000000704600000| Untracked 
|  12|0x0000000704800000, 0x0000000704800000, 0x0000000704a00000|  0%| F|  |TAMS 0x0000000704800000, 0x0000000704800000| Untracked 
|  13|0x0000000704a00000, 0x0000000704a00000, 0x0000000704c00000|  0%| F|  |TAMS 0x0000000704a00000, 0x0000000704a00000| Untracked 
|  14|0x0000000704c00000, 0x0000000704c00000, 0x0000000704e00000|  0%| F|  |TAMS 0x0000000704c00000, 0x0000000704c00000| Untracked 
|  15|0x0000000704e00000, 0x0000000705000000, 0x0000000705000000|100%|HS|  |TAMS 0x0000000705000000, 0x0000000704e00000| Complete 
|  16|0x0000000705000000, 0x0000000705200000, 0x0000000705200000|100%|HC|  |TAMS 0x0000000705200000, 0x0000000705000000| Complete 
|  17|0x0000000705200000, 0x0000000705400000, 0x0000000705400000|100%|HS|  |TAMS 0x0000000705400000, 0x0000000705200000| Complete 
|  18|0x0000000705400000, 0x0000000705400000, 0x0000000705600000|  0%| F|  |TAMS 0x0000000705400000, 0x0000000705400000| Untracked 
|  19|0x0000000705600000, 0x0000000705600000, 0x0000000705800000|  0%| F|  |TAMS 0x0000000705600000, 0x0000000705600000| Untracked 
|  20|0x0000000705800000, 0x0000000705800000, 0x0000000705a00000|  0%| F|  |TAMS 0x0000000705800000, 0x0000000705800000| Untracked 
|  21|0x0000000705a00000, 0x0000000705a00000, 0x0000000705c00000|  0%| F|  |TAMS 0x0000000705a00000, 0x0000000705a00000| Untracked 
|  22|0x0000000705c00000, 0x0000000705c00000, 0x0000000705e00000|  0%| F|  |TAMS 0x0000000705c00000, 0x0000000705c00000| Untracked 
|  23|0x0000000705e00000, 0x0000000705e00000, 0x0000000706000000|  0%| F|  |TAMS 0x0000000705e00000, 0x0000000705e00000| Untracked 
|  24|0x0000000706000000, 0x0000000706000000, 0x0000000706200000|  0%| F|  |TAMS 0x0000000706000000, 0x0000000706000000| Untracked 
|  25|0x0000000706200000, 0x0000000706200000, 0x0000000706400000|  0%| F|  |TAMS 0x0000000706200000, 0x0000000706200000| Untracked 
|  26|0x0000000706400000, 0x0000000706400000, 0x0000000706600000|  0%| F|  |TAMS 0x0000000706400000, 0x0000000706400000| Untracked 
|  27|0x0000000706600000, 0x0000000706600000, 0x0000000706800000|  0%| F|  |TAMS 0x0000000706600000, 0x0000000706600000| Untracked 
|  28|0x0000000706800000, 0x0000000706800000, 0x0000000706a00000|  0%| F|  |TAMS 0x0000000706800000, 0x0000000706800000| Untracked 
|  29|0x0000000706a00000, 0x0000000706a00000, 0x0000000706c00000|  0%| F|  |TAMS 0x0000000706a00000, 0x0000000706a00000| Untracked 
|  30|0x0000000706c00000, 0x0000000706c00000, 0x0000000706e00000|  0%| F|  |TAMS 0x0000000706c00000, 0x0000000706c00000| Untracked 
|  31|0x0000000706e00000, 0x0000000706e00000, 0x0000000707000000|  0%| F|  |TAMS 0x0000000706e00000, 0x0000000706e00000| Untracked 
|  32|0x0000000707000000, 0x0000000707000000, 0x0000000707200000|  0%| F|  |TAMS 0x0000000707000000, 0x0000000707000000| Untracked 
|  33|0x0000000707200000, 0x0000000707200000, 0x0000000707400000|  0%| F|  |TAMS 0x0000000707200000, 0x0000000707200000| Untracked 
|  34|0x0000000707400000, 0x0000000707400000, 0x0000000707600000|  0%| F|  |TAMS 0x0000000707400000, 0x0000000707400000| Untracked 
|  35|0x0000000707600000, 0x0000000707600000, 0x0000000707800000|  0%| F|  |TAMS 0x0000000707600000, 0x0000000707600000| Untracked 
|  36|0x0000000707800000, 0x0000000707800000, 0x0000000707a00000|  0%| F|  |TAMS 0x0000000707800000, 0x0000000707800000| Untracked 
|  37|0x0000000707a00000, 0x0000000707a00000, 0x0000000707c00000|  0%| F|  |TAMS 0x0000000707a00000, 0x0000000707a00000| Untracked 
|  38|0x0000000707c00000, 0x0000000707c00000, 0x0000000707e00000|  0%| F|  |TAMS 0x0000000707c00000, 0x0000000707c00000| Untracked 
|  39|0x0000000707e00000, 0x0000000707e00000, 0x0000000708000000|  0%| F|  |TAMS 0x0000000707e00000, 0x0000000707e00000| Untracked 
|  40|0x0000000708000000, 0x0000000708000000, 0x0000000708200000|  0%| F|  |TAMS 0x0000000708000000, 0x0000000708000000| Untracked 
|  41|0x0000000708200000, 0x0000000708200000, 0x0000000708400000|  0%| F|  |TAMS 0x0000000708200000, 0x0000000708200000| Untracked 
|  42|0x0000000708400000, 0x0000000708400000, 0x0000000708600000|  0%| F|  |TAMS 0x0000000708400000, 0x0000000708400000| Untracked 
|  43|0x0000000708600000, 0x0000000708600000, 0x0000000708800000|  0%| F|  |TAMS 0x0000000708600000, 0x0000000708600000| Untracked 
|  44|0x0000000708800000, 0x0000000708800000, 0x0000000708a00000|  0%| F|  |TAMS 0x0000000708800000, 0x0000000708800000| Untracked 
|  45|0x0000000708a00000, 0x0000000708a00000, 0x0000000708c00000|  0%| F|  |TAMS 0x0000000708a00000, 0x0000000708a00000| Untracked 
|  46|0x0000000708c00000, 0x0000000708c00000, 0x0000000708e00000|  0%| F|  |TAMS 0x0000000708c00000, 0x0000000708c00000| Untracked 
|  47|0x0000000708e00000, 0x0000000708e00000, 0x0000000709000000|  0%| F|  |TAMS 0x0000000708e00000, 0x0000000708e00000| Untracked 
|  48|0x0000000709000000, 0x0000000709000000, 0x0000000709200000|  0%| F|  |TAMS 0x0000000709000000, 0x0000000709000000| Untracked 
|  49|0x0000000709200000, 0x0000000709200000, 0x0000000709400000|  0%| F|  |TAMS 0x0000000709200000, 0x0000000709200000| Untracked 
|  50|0x0000000709400000, 0x0000000709400000, 0x0000000709600000|  0%| F|  |TAMS 0x0000000709400000, 0x0000000709400000| Untracked 
|  51|0x0000000709600000, 0x0000000709600000, 0x0000000709800000|  0%| F|  |TAMS 0x0000000709600000, 0x0000000709600000| Untracked 
|  52|0x0000000709800000, 0x0000000709800000, 0x0000000709a00000|  0%| F|  |TAMS 0x0000000709800000, 0x0000000709800000| Untracked 
|  53|0x0000000709a00000, 0x0000000709a00000, 0x0000000709c00000|  0%| F|  |TAMS 0x0000000709a00000, 0x0000000709a00000| Untracked 
|  54|0x0000000709c00000, 0x0000000709c00000, 0x0000000709e00000|  0%| F|  |TAMS 0x0000000709c00000, 0x0000000709c00000| Untracked 
|  55|0x0000000709e00000, 0x0000000709e00000, 0x000000070a000000|  0%| F|  |TAMS 0x0000000709e00000, 0x0000000709e00000| Untracked 
|  56|0x000000070a000000, 0x000000070a000000, 0x000000070a200000|  0%| F|  |TAMS 0x000000070a000000, 0x000000070a000000| Untracked 
|  57|0x000000070a200000, 0x000000070a200000, 0x000000070a400000|  0%| F|  |TAMS 0x000000070a200000, 0x000000070a200000| Untracked 
|  58|0x000000070a400000, 0x000000070a400000, 0x000000070a600000|  0%| F|  |TAMS 0x000000070a400000, 0x000000070a400000| Untracked 
|  59|0x000000070a600000, 0x000000070a600000, 0x000000070a800000|  0%| F|  |TAMS 0x000000070a600000, 0x000000070a600000| Untracked 
|  60|0x000000070a800000, 0x000000070a800000, 0x000000070aa00000|  0%| F|  |TAMS 0x000000070a800000, 0x000000070a800000| Untracked 
|  61|0x000000070aa00000, 0x000000070aa00000, 0x000000070ac00000|  0%| F|  |TAMS 0x000000070aa00000, 0x000000070aa00000| Untracked 
|  62|0x000000070ac00000, 0x000000070ac00000, 0x000000070ae00000|  0%| F|  |TAMS 0x000000070ac00000, 0x000000070ac00000| Untracked 
|  63|0x000000070ae00000, 0x000000070ae00000, 0x000000070b000000|  0%| F|  |TAMS 0x000000070ae00000, 0x000000070ae00000| Untracked 
|  64|0x000000070b000000, 0x000000070b000000, 0x000000070b200000|  0%| F|  |TAMS 0x000000070b000000, 0x000000070b000000| Untracked 
|  65|0x000000070b200000, 0x000000070b200000, 0x000000070b400000|  0%| F|  |TAMS 0x000000070b200000, 0x000000070b200000| Untracked 
|  66|0x000000070b400000, 0x000000070b400000, 0x000000070b600000|  0%| F|  |TAMS 0x000000070b400000, 0x000000070b400000| Untracked 
|  67|0x000000070b600000, 0x000000070b600000, 0x000000070b800000|  0%| F|  |TAMS 0x000000070b600000, 0x000000070b600000| Untracked 
|  68|0x000000070b800000, 0x000000070b800000, 0x000000070ba00000|  0%| F|  |TAMS 0x000000070b800000, 0x000000070b800000| Untracked 
|  69|0x000000070ba00000, 0x000000070ba00000, 0x000000070bc00000|  0%| F|  |TAMS 0x000000070ba00000, 0x000000070ba00000| Untracked 
|  70|0x000000070bc00000, 0x000000070bc00000, 0x000000070be00000|  0%| F|  |TAMS 0x000000070bc00000, 0x000000070bc00000| Untracked 
|  71|0x000000070be00000, 0x000000070be00000, 0x000000070c000000|  0%| F|  |TAMS 0x000000070be00000, 0x000000070be00000| Untracked 
|  72|0x000000070c000000, 0x000000070c000000, 0x000000070c200000|  0%| F|  |TAMS 0x000000070c000000, 0x000000070c000000| Untracked 
|  73|0x000000070c200000, 0x000000070c200000, 0x000000070c400000|  0%| F|  |TAMS 0x000000070c200000, 0x000000070c200000| Untracked 
|  74|0x000000070c400000, 0x000000070c400000, 0x000000070c600000|  0%| F|  |TAMS 0x000000070c400000, 0x000000070c400000| Untracked 
|  75|0x000000070c600000, 0x000000070c600000, 0x000000070c800000|  0%| F|  |TAMS 0x000000070c600000, 0x000000070c600000| Untracked 
|  76|0x000000070c800000, 0x000000070c800000, 0x000000070ca00000|  0%| F|  |TAMS 0x000000070c800000, 0x000000070c800000| Untracked 
|  77|0x000000070ca00000, 0x000000070ca00000, 0x000000070cc00000|  0%| F|  |TAMS 0x000000070ca00000, 0x000000070ca00000| Untracked 
|  78|0x000000070cc00000, 0x000000070cc00000, 0x000000070ce00000|  0%| F|  |TAMS 0x000000070cc00000, 0x000000070cc00000| Untracked 
|  79|0x000000070ce00000, 0x000000070ce00000, 0x000000070d000000|  0%| F|  |TAMS 0x000000070ce00000, 0x000000070ce00000| Untracked 
|  80|0x000000070d000000, 0x000000070d000000, 0x000000070d200000|  0%| F|  |TAMS 0x000000070d000000, 0x000000070d000000| Untracked 
|  81|0x000000070d200000, 0x000000070d200000, 0x000000070d400000|  0%| F|  |TAMS 0x000000070d200000, 0x000000070d200000| Untracked 
|  82|0x000000070d400000, 0x000000070d400000, 0x000000070d600000|  0%| F|  |TAMS 0x000000070d400000, 0x000000070d400000| Untracked 
|  83|0x000000070d600000, 0x000000070d600000, 0x000000070d800000|  0%| F|  |TAMS 0x000000070d600000, 0x000000070d600000| Untracked 
|  84|0x000000070d800000, 0x000000070d800000, 0x000000070da00000|  0%| F|  |TAMS 0x000000070d800000, 0x000000070d800000| Untracked 
|  85|0x000000070da00000, 0x000000070da00000, 0x000000070dc00000|  0%| F|  |TAMS 0x000000070da00000, 0x000000070da00000| Untracked 
|  86|0x000000070dc00000, 0x000000070dc00000, 0x000000070de00000|  0%| F|  |TAMS 0x000000070dc00000, 0x000000070dc00000| Untracked 
|  87|0x000000070de00000, 0x000000070de00000, 0x000000070e000000|  0%| F|  |TAMS 0x000000070de00000, 0x000000070de00000| Untracked 
|  88|0x000000070e000000, 0x000000070e000000, 0x000000070e200000|  0%| F|  |TAMS 0x000000070e000000, 0x000000070e000000| Untracked 
|  89|0x000000070e200000, 0x000000070e200000, 0x000000070e400000|  0%| F|  |TAMS 0x000000070e200000, 0x000000070e200000| Untracked 
|  90|0x000000070e400000, 0x000000070e400000, 0x000000070e600000|  0%| F|  |TAMS 0x000000070e400000, 0x000000070e400000| Untracked 
|  91|0x000000070e600000, 0x000000070e600000, 0x000000070e800000|  0%| F|  |TAMS 0x000000070e600000, 0x000000070e600000| Untracked 
|  92|0x000000070e800000, 0x000000070e800000, 0x000000070ea00000|  0%| F|  |TAMS 0x000000070e800000, 0x000000070e800000| Untracked 
|  93|0x000000070ea00000, 0x000000070ea00000, 0x000000070ec00000|  0%| F|  |TAMS 0x000000070ea00000, 0x000000070ea00000| Untracked 
|  94|0x000000070ec00000, 0x000000070ec00000, 0x000000070ee00000|  0%| F|  |TAMS 0x000000070ec00000, 0x000000070ec00000| Untracked 
|  95|0x000000070ee00000, 0x000000070ee00000, 0x000000070f000000|  0%| F|  |TAMS 0x000000070ee00000, 0x000000070ee00000| Untracked 
|  96|0x000000070f000000, 0x000000070f000000, 0x000000070f200000|  0%| F|  |TAMS 0x000000070f000000, 0x000000070f000000| Untracked 
|  97|0x000000070f200000, 0x000000070f200000, 0x000000070f400000|  0%| F|  |TAMS 0x000000070f200000, 0x000000070f200000| Untracked 
|  98|0x000000070f400000, 0x000000070f400000, 0x000000070f600000|  0%| F|  |TAMS 0x000000070f400000, 0x000000070f400000| Untracked 
|  99|0x000000070f600000, 0x000000070f600000, 0x000000070f800000|  0%| F|  |TAMS 0x000000070f600000, 0x000000070f600000| Untracked 
| 100|0x000000070f800000, 0x000000070f800000, 0x000000070fa00000|  0%| F|  |TAMS 0x000000070f800000, 0x000000070f800000| Untracked 
| 101|0x000000070fa00000, 0x000000070fa00000, 0x000000070fc00000|  0%| F|  |TAMS 0x000000070fa00000, 0x000000070fa00000| Untracked 
| 102|0x000000070fc00000, 0x000000070fc00000, 0x000000070fe00000|  0%| F|  |TAMS 0x000000070fc00000, 0x000000070fc00000| Untracked 
| 103|0x000000070fe00000, 0x000000070fe00000, 0x0000000710000000|  0%| F|  |TAMS 0x000000070fe00000, 0x000000070fe00000| Untracked 
| 104|0x0000000710000000, 0x0000000710000000, 0x0000000710200000|  0%| F|  |TAMS 0x0000000710000000, 0x0000000710000000| Untracked 
| 105|0x0000000710200000, 0x0000000710200000, 0x0000000710400000|  0%| F|  |TAMS 0x0000000710200000, 0x0000000710200000| Untracked 
| 106|0x0000000710400000, 0x0000000710400000, 0x0000000710600000|  0%| F|  |TAMS 0x0000000710400000, 0x0000000710400000| Untracked 
| 107|0x0000000710600000, 0x0000000710600000, 0x0000000710800000|  0%| F|  |TAMS 0x0000000710600000, 0x0000000710600000| Untracked 
| 108|0x0000000710800000, 0x0000000710800000, 0x0000000710a00000|  0%| F|  |TAMS 0x0000000710800000, 0x0000000710800000| Untracked 
| 109|0x0000000710a00000, 0x0000000710a00000, 0x0000000710c00000|  0%| F|  |TAMS 0x0000000710a00000, 0x0000000710a00000| Untracked 
| 110|0x0000000710c00000, 0x0000000710c00000, 0x0000000710e00000|  0%| F|  |TAMS 0x0000000710c00000, 0x0000000710c00000| Untracked 
| 111|0x0000000710e00000, 0x0000000710e00000, 0x0000000711000000|  0%| F|  |TAMS 0x0000000710e00000, 0x0000000710e00000| Untracked 
| 112|0x0000000711000000, 0x0000000711000000, 0x0000000711200000|  0%| F|  |TAMS 0x0000000711000000, 0x0000000711000000| Untracked 
| 113|0x0000000711200000, 0x0000000711200000, 0x0000000711400000|  0%| F|  |TAMS 0x0000000711200000, 0x0000000711200000| Untracked 
| 114|0x0000000711400000, 0x0000000711400000, 0x0000000711600000|  0%| F|  |TAMS 0x0000000711400000, 0x0000000711400000| Untracked 
| 115|0x0000000711600000, 0x0000000711600000, 0x0000000711800000|  0%| F|  |TAMS 0x0000000711600000, 0x0000000711600000| Untracked 
| 116|0x0000000711800000, 0x0000000711800000, 0x0000000711a00000|  0%| F|  |TAMS 0x0000000711800000, 0x0000000711800000| Untracked 
| 117|0x0000000711a00000, 0x0000000711a00000, 0x0000000711c00000|  0%| F|  |TAMS 0x0000000711a00000, 0x0000000711a00000| Untracked 
| 118|0x0000000711c00000, 0x0000000711c00000, 0x0000000711e00000|  0%| F|  |TAMS 0x0000000711c00000, 0x0000000711c00000| Untracked 
| 119|0x0000000711e00000, 0x0000000711e00000, 0x0000000712000000|  0%| F|  |TAMS 0x0000000711e00000, 0x0000000711e00000| Untracked 
| 120|0x0000000712000000, 0x0000000712000000, 0x0000000712200000|  0%| F|  |TAMS 0x0000000712000000, 0x0000000712000000| Untracked 
| 121|0x0000000712200000, 0x0000000712200000, 0x0000000712400000|  0%| F|  |TAMS 0x0000000712200000, 0x0000000712200000| Untracked 
| 122|0x0000000712400000, 0x0000000712400000, 0x0000000712600000|  0%| F|  |TAMS 0x0000000712400000, 0x0000000712400000| Untracked 
| 123|0x0000000712600000, 0x0000000712600000, 0x0000000712800000|  0%| F|  |TAMS 0x0000000712600000, 0x0000000712600000| Untracked 
| 124|0x0000000712800000, 0x0000000712800000, 0x0000000712a00000|  0%| F|  |TAMS 0x0000000712800000, 0x0000000712800000| Untracked 
| 125|0x0000000712a00000, 0x0000000712a00000, 0x0000000712c00000|  0%| F|  |TAMS 0x0000000712a00000, 0x0000000712a00000| Untracked 
| 126|0x0000000712c00000, 0x0000000712c00000, 0x0000000712e00000|  0%| F|  |TAMS 0x0000000712c00000, 0x0000000712c00000| Untracked 
| 127|0x0000000712e00000, 0x0000000712e00000, 0x0000000713000000|  0%| F|  |TAMS 0x0000000712e00000, 0x0000000712e00000| Untracked 
| 128|0x0000000713000000, 0x0000000713000000, 0x0000000713200000|  0%| F|  |TAMS 0x0000000713000000, 0x0000000713000000| Untracked 
| 129|0x0000000713200000, 0x0000000713200000, 0x0000000713400000|  0%| F|  |TAMS 0x0000000713200000, 0x0000000713200000| Untracked 
| 130|0x0000000713400000, 0x0000000713400000, 0x0000000713600000|  0%| F|  |TAMS 0x0000000713400000, 0x0000000713400000| Untracked 
| 131|0x0000000713600000, 0x0000000713600000, 0x0000000713800000|  0%| F|  |TAMS 0x0000000713600000, 0x0000000713600000| Untracked 
| 132|0x0000000713800000, 0x0000000713800000, 0x0000000713a00000|  0%| F|  |TAMS 0x0000000713800000, 0x0000000713800000| Untracked 
| 133|0x0000000713a00000, 0x0000000713a00000, 0x0000000713c00000|  0%| F|  |TAMS 0x0000000713a00000, 0x0000000713a00000| Untracked 
| 134|0x0000000713c00000, 0x0000000713c00000, 0x0000000713e00000|  0%| F|  |TAMS 0x0000000713c00000, 0x0000000713c00000| Untracked 
| 135|0x0000000713e00000, 0x0000000713e00000, 0x0000000714000000|  0%| F|  |TAMS 0x0000000713e00000, 0x0000000713e00000| Untracked 
| 136|0x0000000714000000, 0x0000000714000000, 0x0000000714200000|  0%| F|  |TAMS 0x0000000714000000, 0x0000000714000000| Untracked 
| 137|0x0000000714200000, 0x0000000714200000, 0x0000000714400000|  0%| F|  |TAMS 0x0000000714200000, 0x0000000714200000| Untracked 
| 138|0x0000000714400000, 0x0000000714400000, 0x0000000714600000|  0%| F|  |TAMS 0x0000000714400000, 0x0000000714400000| Untracked 
| 139|0x0000000714600000, 0x0000000714600000, 0x0000000714800000|  0%| F|  |TAMS 0x0000000714600000, 0x0000000714600000| Untracked 
| 140|0x0000000714800000, 0x0000000714800000, 0x0000000714a00000|  0%| F|  |TAMS 0x0000000714800000, 0x0000000714800000| Untracked 
| 141|0x0000000714a00000, 0x0000000714a00000, 0x0000000714c00000|  0%| F|  |TAMS 0x0000000714a00000, 0x0000000714a00000| Untracked 
| 142|0x0000000714c00000, 0x0000000714c00000, 0x0000000714e00000|  0%| F|  |TAMS 0x0000000714c00000, 0x0000000714c00000| Untracked 
| 143|0x0000000714e00000, 0x0000000714e00000, 0x0000000715000000|  0%| F|  |TAMS 0x0000000714e00000, 0x0000000714e00000| Untracked 
| 144|0x0000000715000000, 0x0000000715000000, 0x0000000715200000|  0%| F|  |TAMS 0x0000000715000000, 0x0000000715000000| Untracked 
| 145|0x0000000715200000, 0x0000000715200000, 0x0000000715400000|  0%| F|  |TAMS 0x0000000715200000, 0x0000000715200000| Untracked 
| 146|0x0000000715400000, 0x0000000715400000, 0x0000000715600000|  0%| F|  |TAMS 0x0000000715400000, 0x0000000715400000| Untracked 
| 147|0x0000000715600000, 0x0000000715600000, 0x0000000715800000|  0%| F|  |TAMS 0x0000000715600000, 0x0000000715600000| Untracked 
| 148|0x0000000715800000, 0x0000000715800000, 0x0000000715a00000|  0%| F|  |TAMS 0x0000000715800000, 0x0000000715800000| Untracked 
| 149|0x0000000715a00000, 0x0000000715a00000, 0x0000000715c00000|  0%| F|  |TAMS 0x0000000715a00000, 0x0000000715a00000| Untracked 
| 150|0x0000000715c00000, 0x0000000715c00000, 0x0000000715e00000|  0%| F|  |TAMS 0x0000000715c00000, 0x0000000715c00000| Untracked 
| 151|0x0000000715e00000, 0x0000000715e00000, 0x0000000716000000|  0%| F|  |TAMS 0x0000000715e00000, 0x0000000715e00000| Untracked 
| 152|0x0000000716000000, 0x0000000716000000, 0x0000000716200000|  0%| F|  |TAMS 0x0000000716000000, 0x0000000716000000| Untracked 
| 153|0x0000000716200000, 0x0000000716200000, 0x0000000716400000|  0%| F|  |TAMS 0x0000000716200000, 0x0000000716200000| Untracked 
| 154|0x0000000716400000, 0x0000000716400000, 0x0000000716600000|  0%| F|  |TAMS 0x0000000716400000, 0x0000000716400000| Untracked 
| 155|0x0000000716600000, 0x0000000716600000, 0x0000000716800000|  0%| F|  |TAMS 0x0000000716600000, 0x0000000716600000| Untracked 
| 156|0x0000000716800000, 0x0000000716800000, 0x0000000716a00000|  0%| F|  |TAMS 0x0000000716800000, 0x0000000716800000| Untracked 
| 157|0x0000000716a00000, 0x0000000716a00000, 0x0000000716c00000|  0%| F|  |TAMS 0x0000000716a00000, 0x0000000716a00000| Untracked 
| 158|0x0000000716c00000, 0x0000000716c00000, 0x0000000716e00000|  0%| F|  |TAMS 0x0000000716c00000, 0x0000000716c00000| Untracked 
| 159|0x0000000716e00000, 0x0000000716e00000, 0x0000000717000000|  0%| F|  |TAMS 0x0000000716e00000, 0x0000000716e00000| Untracked 
| 160|0x0000000717000000, 0x0000000717000000, 0x0000000717200000|  0%| F|  |TAMS 0x0000000717000000, 0x0000000717000000| Untracked 
| 161|0x0000000717200000, 0x0000000717200000, 0x0000000717400000|  0%| F|  |TAMS 0x0000000717200000, 0x0000000717200000| Untracked 
| 162|0x0000000717400000, 0x0000000717400000, 0x0000000717600000|  0%| F|  |TAMS 0x0000000717400000, 0x0000000717400000| Untracked 
| 163|0x0000000717600000, 0x0000000717600000, 0x0000000717800000|  0%| F|  |TAMS 0x0000000717600000, 0x0000000717600000| Untracked 
| 164|0x0000000717800000, 0x0000000717800000, 0x0000000717a00000|  0%| F|  |TAMS 0x0000000717800000, 0x0000000717800000| Untracked 
| 165|0x0000000717a00000, 0x0000000717a00000, 0x0000000717c00000|  0%| F|  |TAMS 0x0000000717a00000, 0x0000000717a00000| Untracked 
| 166|0x0000000717c00000, 0x0000000717c00000, 0x0000000717e00000|  0%| F|  |TAMS 0x0000000717c00000, 0x0000000717c00000| Untracked 
| 167|0x0000000717e00000, 0x0000000717e00000, 0x0000000718000000|  0%| F|  |TAMS 0x0000000717e00000, 0x0000000717e00000| Untracked 
| 168|0x0000000718000000, 0x0000000718000000, 0x0000000718200000|  0%| F|  |TAMS 0x0000000718000000, 0x0000000718000000| Untracked 
| 169|0x0000000718200000, 0x0000000718200000, 0x0000000718400000|  0%| F|  |TAMS 0x0000000718200000, 0x0000000718200000| Untracked 
| 170|0x0000000718400000, 0x0000000718400000, 0x0000000718600000|  0%| F|  |TAMS 0x0000000718400000, 0x0000000718400000| Untracked 
| 171|0x0000000718600000, 0x0000000718600000, 0x0000000718800000|  0%| F|  |TAMS 0x0000000718600000, 0x0000000718600000| Untracked 
| 172|0x0000000718800000, 0x0000000718800000, 0x0000000718a00000|  0%| F|  |TAMS 0x0000000718800000, 0x0000000718800000| Untracked 
| 173|0x0000000718a00000, 0x0000000718a00000, 0x0000000718c00000|  0%| F|  |TAMS 0x0000000718a00000, 0x0000000718a00000| Untracked 
| 174|0x0000000718c00000, 0x0000000718c00000, 0x0000000718e00000|  0%| F|  |TAMS 0x0000000718c00000, 0x0000000718c00000| Untracked 
| 175|0x0000000718e00000, 0x0000000718e00000, 0x0000000719000000|  0%| F|  |TAMS 0x0000000718e00000, 0x0000000718e00000| Untracked 
| 176|0x0000000719000000, 0x0000000719000000, 0x0000000719200000|  0%| F|  |TAMS 0x0000000719000000, 0x0000000719000000| Untracked 
| 177|0x0000000719200000, 0x0000000719200000, 0x0000000719400000|  0%| F|  |TAMS 0x0000000719200000, 0x0000000719200000| Untracked 
| 178|0x0000000719400000, 0x0000000719400000, 0x0000000719600000|  0%| F|  |TAMS 0x0000000719400000, 0x0000000719400000| Untracked 
| 179|0x0000000719600000, 0x0000000719600000, 0x0000000719800000|  0%| F|  |TAMS 0x0000000719600000, 0x0000000719600000| Untracked 
| 180|0x0000000719800000, 0x0000000719800000, 0x0000000719a00000|  0%| F|  |TAMS 0x0000000719800000, 0x0000000719800000| Untracked 
| 181|0x0000000719a00000, 0x0000000719a00000, 0x0000000719c00000|  0%| F|  |TAMS 0x0000000719a00000, 0x0000000719a00000| Untracked 
| 182|0x0000000719c00000, 0x0000000719c00000, 0x0000000719e00000|  0%| F|  |TAMS 0x0000000719c00000, 0x0000000719c00000| Untracked 
| 183|0x0000000719e00000, 0x0000000719e00000, 0x000000071a000000|  0%| F|  |TAMS 0x0000000719e00000, 0x0000000719e00000| Untracked 
| 184|0x000000071a000000, 0x000000071a000000, 0x000000071a200000|  0%| F|  |TAMS 0x000000071a000000, 0x000000071a000000| Untracked 
| 185|0x000000071a200000, 0x000000071a200000, 0x000000071a400000|  0%| F|  |TAMS 0x000000071a200000, 0x000000071a200000| Untracked 
| 186|0x000000071a400000, 0x000000071a400000, 0x000000071a600000|  0%| F|  |TAMS 0x000000071a400000, 0x000000071a400000| Untracked 
| 187|0x000000071a600000, 0x000000071a600000, 0x000000071a800000|  0%| F|  |TAMS 0x000000071a600000, 0x000000071a600000| Untracked 
| 188|0x000000071a800000, 0x000000071a800000, 0x000000071aa00000|  0%| F|  |TAMS 0x000000071a800000, 0x000000071a800000| Untracked 
| 189|0x000000071aa00000, 0x000000071aa00000, 0x000000071ac00000|  0%| F|  |TAMS 0x000000071aa00000, 0x000000071aa00000| Untracked 
| 190|0x000000071ac00000, 0x000000071ac00000, 0x000000071ae00000|  0%| F|  |TAMS 0x000000071ac00000, 0x000000071ac00000| Untracked 
| 191|0x000000071ae00000, 0x000000071ae00000, 0x000000071b000000|  0%| F|  |TAMS 0x000000071ae00000, 0x000000071ae00000| Untracked 
| 192|0x000000071b000000, 0x000000071b000000, 0x000000071b200000|  0%| F|  |TAMS 0x000000071b000000, 0x000000071b000000| Untracked 
| 193|0x000000071b200000, 0x000000071b200000, 0x000000071b400000|  0%| F|  |TAMS 0x000000071b200000, 0x000000071b200000| Untracked 
| 194|0x000000071b400000, 0x000000071b400000, 0x000000071b600000|  0%| F|  |TAMS 0x000000071b400000, 0x000000071b400000| Untracked 
| 195|0x000000071b600000, 0x000000071b600000, 0x000000071b800000|  0%| F|  |TAMS 0x000000071b600000, 0x000000071b600000| Untracked 
| 196|0x000000071b800000, 0x000000071b800000, 0x000000071ba00000|  0%| F|  |TAMS 0x000000071b800000, 0x000000071b800000| Untracked 
| 197|0x000000071ba00000, 0x000000071ba00000, 0x000000071bc00000|  0%| F|  |TAMS 0x000000071ba00000, 0x000000071ba00000| Untracked 
| 198|0x000000071bc00000, 0x000000071bc00000, 0x000000071be00000|  0%| F|  |TAMS 0x000000071bc00000, 0x000000071bc00000| Untracked 
| 199|0x000000071be00000, 0x000000071be00000, 0x000000071c000000|  0%| F|  |TAMS 0x000000071be00000, 0x000000071be00000| Untracked 
| 200|0x000000071c000000, 0x000000071c000000, 0x000000071c200000|  0%| F|  |TAMS 0x000000071c000000, 0x000000071c000000| Untracked 
| 201|0x000000071c200000, 0x000000071c200000, 0x000000071c400000|  0%| F|  |TAMS 0x000000071c200000, 0x000000071c200000| Untracked 
| 202|0x000000071c400000, 0x000000071c400000, 0x000000071c600000|  0%| F|  |TAMS 0x000000071c400000, 0x000000071c400000| Untracked 
| 203|0x000000071c600000, 0x000000071c600000, 0x000000071c800000|  0%| F|  |TAMS 0x000000071c600000, 0x000000071c600000| Untracked 
| 204|0x000000071c800000, 0x000000071c800000, 0x000000071ca00000|  0%| F|  |TAMS 0x000000071c800000, 0x000000071c800000| Untracked 
| 205|0x000000071ca00000, 0x000000071ca00000, 0x000000071cc00000|  0%| F|  |TAMS 0x000000071ca00000, 0x000000071ca00000| Untracked 
| 206|0x000000071cc00000, 0x000000071cc00000, 0x000000071ce00000|  0%| F|  |TAMS 0x000000071cc00000, 0x000000071cc00000| Untracked 
| 207|0x000000071ce00000, 0x000000071ce00000, 0x000000071d000000|  0%| F|  |TAMS 0x000000071ce00000, 0x000000071ce00000| Untracked 
| 208|0x000000071d000000, 0x000000071d000000, 0x000000071d200000|  0%| F|  |TAMS 0x000000071d000000, 0x000000071d000000| Untracked 
| 209|0x000000071d200000, 0x000000071d200000, 0x000000071d400000|  0%| F|  |TAMS 0x000000071d200000, 0x000000071d200000| Untracked 
| 210|0x000000071d400000, 0x000000071d400000, 0x000000071d600000|  0%| F|  |TAMS 0x000000071d400000, 0x000000071d400000| Untracked 
| 211|0x000000071d600000, 0x000000071d600000, 0x000000071d800000|  0%| F|  |TAMS 0x000000071d600000, 0x000000071d600000| Untracked 
| 212|0x000000071d800000, 0x000000071d800000, 0x000000071da00000|  0%| F|  |TAMS 0x000000071d800000, 0x000000071d800000| Untracked 
| 213|0x000000071da00000, 0x000000071da00000, 0x000000071dc00000|  0%| F|  |TAMS 0x000000071da00000, 0x000000071da00000| Untracked 
| 214|0x000000071dc00000, 0x000000071dc00000, 0x000000071de00000|  0%| F|  |TAMS 0x000000071dc00000, 0x000000071dc00000| Untracked 
| 215|0x000000071de00000, 0x000000071de00000, 0x000000071e000000|  0%| F|  |TAMS 0x000000071de00000, 0x000000071de00000| Untracked 
| 216|0x000000071e000000, 0x000000071e000000, 0x000000071e200000|  0%| F|  |TAMS 0x000000071e000000, 0x000000071e000000| Untracked 
| 217|0x000000071e200000, 0x000000071e200000, 0x000000071e400000|  0%| F|  |TAMS 0x000000071e200000, 0x000000071e200000| Untracked 
| 218|0x000000071e400000, 0x000000071e400000, 0x000000071e600000|  0%| F|  |TAMS 0x000000071e400000, 0x000000071e400000| Untracked 
| 219|0x000000071e600000, 0x000000071e600000, 0x000000071e800000|  0%| F|  |TAMS 0x000000071e600000, 0x000000071e600000| Untracked 
| 220|0x000000071e800000, 0x000000071e800000, 0x000000071ea00000|  0%| F|  |TAMS 0x000000071e800000, 0x000000071e800000| Untracked 
| 221|0x000000071ea00000, 0x000000071ea00000, 0x000000071ec00000|  0%| F|  |TAMS 0x000000071ea00000, 0x000000071ea00000| Untracked 
| 222|0x000000071ec00000, 0x000000071ec00000, 0x000000071ee00000|  0%| F|  |TAMS 0x000000071ec00000, 0x000000071ec00000| Untracked 
| 223|0x000000071ee00000, 0x000000071ee00000, 0x000000071f000000|  0%| F|  |TAMS 0x000000071ee00000, 0x000000071ee00000| Untracked 
| 224|0x000000071f000000, 0x000000071f000000, 0x000000071f200000|  0%| F|  |TAMS 0x000000071f000000, 0x000000071f000000| Untracked 
| 225|0x000000071f200000, 0x000000071f200000, 0x000000071f400000|  0%| F|  |TAMS 0x000000071f200000, 0x000000071f200000| Untracked 
| 226|0x000000071f400000, 0x000000071f400000, 0x000000071f600000|  0%| F|  |TAMS 0x000000071f400000, 0x000000071f400000| Untracked 
| 227|0x000000071f600000, 0x000000071f600000, 0x000000071f800000|  0%| F|  |TAMS 0x000000071f600000, 0x000000071f600000| Untracked 
| 228|0x000000071f800000, 0x000000071f800000, 0x000000071fa00000|  0%| F|  |TAMS 0x000000071f800000, 0x000000071f800000| Untracked 
| 229|0x000000071fa00000, 0x000000071fa00000, 0x000000071fc00000|  0%| F|  |TAMS 0x000000071fa00000, 0x000000071fa00000| Untracked 
| 230|0x000000071fc00000, 0x000000071fc00000, 0x000000071fe00000|  0%| F|  |TAMS 0x000000071fc00000, 0x000000071fc00000| Untracked 
| 231|0x000000071fe00000, 0x000000071fe00000, 0x0000000720000000|  0%| F|  |TAMS 0x000000071fe00000, 0x000000071fe00000| Untracked 
| 232|0x0000000720000000, 0x0000000720000000, 0x0000000720200000|  0%| F|  |TAMS 0x0000000720000000, 0x0000000720000000| Untracked 
| 233|0x0000000720200000, 0x0000000720200000, 0x0000000720400000|  0%| F|  |TAMS 0x0000000720200000, 0x0000000720200000| Untracked 
| 234|0x0000000720400000, 0x0000000720400000, 0x0000000720600000|  0%| F|  |TAMS 0x0000000720400000, 0x0000000720400000| Untracked 
| 235|0x0000000720600000, 0x0000000720600000, 0x0000000720800000|  0%| F|  |TAMS 0x0000000720600000, 0x0000000720600000| Untracked 
| 236|0x0000000720800000, 0x0000000720800000, 0x0000000720a00000|  0%| F|  |TAMS 0x0000000720800000, 0x0000000720800000| Untracked 
| 237|0x0000000720a00000, 0x0000000720a00000, 0x0000000720c00000|  0%| F|  |TAMS 0x0000000720a00000, 0x0000000720a00000| Untracked 
| 238|0x0000000720c00000, 0x0000000720c00000, 0x0000000720e00000|  0%| F|  |TAMS 0x0000000720c00000, 0x0000000720c00000| Untracked 
| 239|0x0000000720e00000, 0x0000000720e00000, 0x0000000721000000|  0%| F|  |TAMS 0x0000000720e00000, 0x0000000720e00000| Untracked 
| 240|0x0000000721000000, 0x0000000721000000, 0x0000000721200000|  0%| F|  |TAMS 0x0000000721000000, 0x0000000721000000| Untracked 
| 241|0x0000000721200000, 0x0000000721200000, 0x0000000721400000|  0%| F|  |TAMS 0x0000000721200000, 0x0000000721200000| Untracked 
| 242|0x0000000721400000, 0x0000000721400000, 0x0000000721600000|  0%| F|  |TAMS 0x0000000721400000, 0x0000000721400000| Untracked 
| 243|0x0000000721600000, 0x0000000721600000, 0x0000000721800000|  0%| F|  |TAMS 0x0000000721600000, 0x0000000721600000| Untracked 
| 244|0x0000000721800000, 0x0000000721800000, 0x0000000721a00000|  0%| F|  |TAMS 0x0000000721800000, 0x0000000721800000| Untracked 
| 245|0x0000000721a00000, 0x0000000721a00000, 0x0000000721c00000|  0%| F|  |TAMS 0x0000000721a00000, 0x0000000721a00000| Untracked 
| 246|0x0000000721c00000, 0x0000000721c00000, 0x0000000721e00000|  0%| F|  |TAMS 0x0000000721c00000, 0x0000000721c00000| Untracked 
| 247|0x0000000721e00000, 0x0000000721e00000, 0x0000000722000000|  0%| F|  |TAMS 0x0000000721e00000, 0x0000000721e00000| Untracked 
| 248|0x0000000722000000, 0x0000000722000000, 0x0000000722200000|  0%| F|  |TAMS 0x0000000722000000, 0x0000000722000000| Untracked 
| 249|0x0000000722200000, 0x0000000722200000, 0x0000000722400000|  0%| F|  |TAMS 0x0000000722200000, 0x0000000722200000| Untracked 
| 250|0x0000000722400000, 0x0000000722400000, 0x0000000722600000|  0%| F|  |TAMS 0x0000000722400000, 0x0000000722400000| Untracked 
| 251|0x0000000722600000, 0x0000000722600000, 0x0000000722800000|  0%| F|  |TAMS 0x0000000722600000, 0x0000000722600000| Untracked 
| 252|0x0000000722800000, 0x0000000722800000, 0x0000000722a00000|  0%| F|  |TAMS 0x0000000722800000, 0x0000000722800000| Untracked 
| 253|0x0000000722a00000, 0x0000000722a00000, 0x0000000722c00000|  0%| F|  |TAMS 0x0000000722a00000, 0x0000000722a00000| Untracked 
| 254|0x0000000722c00000, 0x0000000722c00000, 0x0000000722e00000|  0%| F|  |TAMS 0x0000000722c00000, 0x0000000722c00000| Untracked 
| 255|0x0000000722e00000, 0x0000000722e00000, 0x0000000723000000|  0%| F|  |TAMS 0x0000000722e00000, 0x0000000722e00000| Untracked 
| 256|0x0000000723000000, 0x0000000723000000, 0x0000000723200000|  0%| F|  |TAMS 0x0000000723000000, 0x0000000723000000| Untracked 
| 257|0x0000000723200000, 0x0000000723200000, 0x0000000723400000|  0%| F|  |TAMS 0x0000000723200000, 0x0000000723200000| Untracked 
| 258|0x0000000723400000, 0x0000000723400000, 0x0000000723600000|  0%| F|  |TAMS 0x0000000723400000, 0x0000000723400000| Untracked 
| 259|0x0000000723600000, 0x0000000723600000, 0x0000000723800000|  0%| F|  |TAMS 0x0000000723600000, 0x0000000723600000| Untracked 
| 260|0x0000000723800000, 0x0000000723800000, 0x0000000723a00000|  0%| F|  |TAMS 0x0000000723800000, 0x0000000723800000| Untracked 
| 261|0x0000000723a00000, 0x0000000723a00000, 0x0000000723c00000|  0%| F|  |TAMS 0x0000000723a00000, 0x0000000723a00000| Untracked 
| 262|0x0000000723c00000, 0x0000000723c00000, 0x0000000723e00000|  0%| F|  |TAMS 0x0000000723c00000, 0x0000000723c00000| Untracked 
| 263|0x0000000723e00000, 0x0000000723e00000, 0x0000000724000000|  0%| F|  |TAMS 0x0000000723e00000, 0x0000000723e00000| Untracked 
| 264|0x0000000724000000, 0x0000000724000000, 0x0000000724200000|  0%| F|  |TAMS 0x0000000724000000, 0x0000000724000000| Untracked 
| 265|0x0000000724200000, 0x0000000724200000, 0x0000000724400000|  0%| F|  |TAMS 0x0000000724200000, 0x0000000724200000| Untracked 
| 266|0x0000000724400000, 0x0000000724400000, 0x0000000724600000|  0%| F|  |TAMS 0x0000000724400000, 0x0000000724400000| Untracked 
| 267|0x0000000724600000, 0x0000000724600000, 0x0000000724800000|  0%| F|  |TAMS 0x0000000724600000, 0x0000000724600000| Untracked 
| 268|0x0000000724800000, 0x0000000724800000, 0x0000000724a00000|  0%| F|  |TAMS 0x0000000724800000, 0x0000000724800000| Untracked 
| 269|0x0000000724a00000, 0x0000000724a00000, 0x0000000724c00000|  0%| F|  |TAMS 0x0000000724a00000, 0x0000000724a00000| Untracked 
| 270|0x0000000724c00000, 0x0000000724c00000, 0x0000000724e00000|  0%| F|  |TAMS 0x0000000724c00000, 0x0000000724c00000| Untracked 
| 271|0x0000000724e00000, 0x0000000724e00000, 0x0000000725000000|  0%| F|  |TAMS 0x0000000724e00000, 0x0000000724e00000| Untracked 
| 272|0x0000000725000000, 0x0000000725000000, 0x0000000725200000|  0%| F|  |TAMS 0x0000000725000000, 0x0000000725000000| Untracked 
| 273|0x0000000725200000, 0x0000000725200000, 0x0000000725400000|  0%| F|  |TAMS 0x0000000725200000, 0x0000000725200000| Untracked 
| 274|0x0000000725400000, 0x0000000725400000, 0x0000000725600000|  0%| F|  |TAMS 0x0000000725400000, 0x0000000725400000| Untracked 
| 275|0x0000000725600000, 0x0000000725600000, 0x0000000725800000|  0%| F|  |TAMS 0x0000000725600000, 0x0000000725600000| Untracked 
| 276|0x0000000725800000, 0x0000000725800000, 0x0000000725a00000|  0%| F|  |TAMS 0x0000000725800000, 0x0000000725800000| Untracked 
| 277|0x0000000725a00000, 0x0000000725a00000, 0x0000000725c00000|  0%| F|  |TAMS 0x0000000725a00000, 0x0000000725a00000| Untracked 
| 278|0x0000000725c00000, 0x0000000725c00000, 0x0000000725e00000|  0%| F|  |TAMS 0x0000000725c00000, 0x0000000725c00000| Untracked 
| 279|0x0000000725e00000, 0x0000000725e00000, 0x0000000726000000|  0%| F|  |TAMS 0x0000000725e00000, 0x0000000725e00000| Untracked 
| 280|0x0000000726000000, 0x0000000726000000, 0x0000000726200000|  0%| F|  |TAMS 0x0000000726000000, 0x0000000726000000| Untracked 
| 281|0x0000000726200000, 0x0000000726200000, 0x0000000726400000|  0%| F|  |TAMS 0x0000000726200000, 0x0000000726200000| Untracked 
| 282|0x0000000726400000, 0x0000000726400000, 0x0000000726600000|  0%| F|  |TAMS 0x0000000726400000, 0x0000000726400000| Untracked 
| 283|0x0000000726600000, 0x0000000726600000, 0x0000000726800000|  0%| F|  |TAMS 0x0000000726600000, 0x0000000726600000| Untracked 
| 284|0x0000000726800000, 0x0000000726800000, 0x0000000726a00000|  0%| F|  |TAMS 0x0000000726800000, 0x0000000726800000| Untracked 
| 285|0x0000000726a00000, 0x0000000726a00000, 0x0000000726c00000|  0%| F|  |TAMS 0x0000000726a00000, 0x0000000726a00000| Untracked 
| 286|0x0000000726c00000, 0x0000000726c00000, 0x0000000726e00000|  0%| F|  |TAMS 0x0000000726c00000, 0x0000000726c00000| Untracked 
| 287|0x0000000726e00000, 0x0000000726e00000, 0x0000000727000000|  0%| F|  |TAMS 0x0000000726e00000, 0x0000000726e00000| Untracked 
| 288|0x0000000727000000, 0x0000000727000000, 0x0000000727200000|  0%| F|  |TAMS 0x0000000727000000, 0x0000000727000000| Untracked 
| 289|0x0000000727200000, 0x0000000727200000, 0x0000000727400000|  0%| F|  |TAMS 0x0000000727200000, 0x0000000727200000| Untracked 
| 290|0x0000000727400000, 0x0000000727400000, 0x0000000727600000|  0%| F|  |TAMS 0x0000000727400000, 0x0000000727400000| Untracked 
| 291|0x0000000727600000, 0x0000000727600000, 0x0000000727800000|  0%| F|  |TAMS 0x0000000727600000, 0x0000000727600000| Untracked 
| 292|0x0000000727800000, 0x0000000727800000, 0x0000000727a00000|  0%| F|  |TAMS 0x0000000727800000, 0x0000000727800000| Untracked 
| 293|0x0000000727a00000, 0x0000000727a00000, 0x0000000727c00000|  0%| F|  |TAMS 0x0000000727a00000, 0x0000000727a00000| Untracked 
| 294|0x0000000727c00000, 0x0000000727c00000, 0x0000000727e00000|  0%| F|  |TAMS 0x0000000727c00000, 0x0000000727c00000| Untracked 
| 295|0x0000000727e00000, 0x0000000727e00000, 0x0000000728000000|  0%| F|  |TAMS 0x0000000727e00000, 0x0000000727e00000| Untracked 
| 296|0x0000000728000000, 0x0000000728000000, 0x0000000728200000|  0%| F|  |TAMS 0x0000000728000000, 0x0000000728000000| Untracked 
| 297|0x0000000728200000, 0x0000000728200000, 0x0000000728400000|  0%| F|  |TAMS 0x0000000728200000, 0x0000000728200000| Untracked 
| 298|0x0000000728400000, 0x0000000728400000, 0x0000000728600000|  0%| F|  |TAMS 0x0000000728400000, 0x0000000728400000| Untracked 
| 299|0x0000000728600000, 0x0000000728600000, 0x0000000728800000|  0%| F|  |TAMS 0x0000000728600000, 0x0000000728600000| Untracked 
| 300|0x0000000728800000, 0x0000000728800000, 0x0000000728a00000|  0%| F|  |TAMS 0x0000000728800000, 0x0000000728800000| Untracked 
| 301|0x0000000728a00000, 0x0000000728a00000, 0x0000000728c00000|  0%| F|  |TAMS 0x0000000728a00000, 0x0000000728a00000| Untracked 
| 302|0x0000000728c00000, 0x0000000728c00000, 0x0000000728e00000|  0%| F|  |TAMS 0x0000000728c00000, 0x0000000728c00000| Untracked 
| 303|0x0000000728e00000, 0x0000000728e02040, 0x0000000729000000|  0%| S|CS|TAMS 0x0000000728e00000, 0x0000000728e00000| Complete 
| 304|0x0000000729000000, 0x0000000729000000, 0x0000000729200000|  0%| F|  |TAMS 0x0000000729000000, 0x0000000729000000| Untracked 
| 305|0x0000000729200000, 0x0000000729200000, 0x0000000729400000|  0%| F|  |TAMS 0x0000000729200000, 0x0000000729200000| Untracked 
| 306|0x0000000729400000, 0x0000000729400000, 0x0000000729600000|  0%| F|  |TAMS 0x0000000729400000, 0x0000000729400000| Untracked 
| 307|0x0000000729600000, 0x0000000729600000, 0x0000000729800000|  0%| F|  |TAMS 0x0000000729600000, 0x0000000729600000| Untracked 
| 308|0x0000000729800000, 0x0000000729800000, 0x0000000729a00000|  0%| F|  |TAMS 0x0000000729800000, 0x0000000729800000| Untracked 
| 309|0x0000000729a00000, 0x0000000729a00000, 0x0000000729c00000|  0%| F|  |TAMS 0x0000000729a00000, 0x0000000729a00000| Untracked 
| 310|0x0000000729c00000, 0x0000000729c00000, 0x0000000729e00000|  0%| F|  |TAMS 0x0000000729c00000, 0x0000000729c00000| Untracked 
| 311|0x0000000729e00000, 0x0000000729e00000, 0x000000072a000000|  0%| F|  |TAMS 0x0000000729e00000, 0x0000000729e00000| Untracked 
| 312|0x000000072a000000, 0x000000072a000000, 0x000000072a200000|  0%| F|  |TAMS 0x000000072a000000, 0x000000072a000000| Untracked 
| 313|0x000000072a200000, 0x000000072a200000, 0x000000072a400000|  0%| F|  |TAMS 0x000000072a200000, 0x000000072a200000| Untracked 
| 314|0x000000072a400000, 0x000000072a400000, 0x000000072a600000|  0%| F|  |TAMS 0x000000072a400000, 0x000000072a400000| Untracked 
| 315|0x000000072a600000, 0x000000072a600000, 0x000000072a800000|  0%| F|  |TAMS 0x000000072a600000, 0x000000072a600000| Untracked 
| 316|0x000000072a800000, 0x000000072a800000, 0x000000072aa00000|  0%| F|  |TAMS 0x000000072a800000, 0x000000072a800000| Untracked 
|2023|0x00000007ffe00000, 0x00000007ffe00000, 0x0000000800000000|  0%| F|  |TAMS 0x00000007ffe00000, 0x00000007ffe00000| Untracked 

Card table byte_map: [0x0000026bcec60000,0x0000026bcf450000] _byte_map_base: 0x0000026bcb448000

Marking Bits (Prev, Next): (CMBitMap*) 0x0000026bb725ad50, (CMBitMap*) 0x0000026bb725ad90
 Prev Bits: [0x0000026bcfc40000, 0x0000026bd3b80000)
 Next Bits: [0x0000026bd3b80000, 0x0000026bd7ac0000)

Polling page: 0x0000026bb69b0000

Metaspace:

Usage:
  Non-class:     34.18 MB used.
      Class:      4.95 MB used.
       Both:     39.13 MB used.

Virtual space:
  Non-class space:       64.00 MB reserved,      34.31 MB ( 54%) committed,  1 nodes.
      Class space:        1.00 GB reserved,       5.12 MB ( <1%) committed,  1 nodes.
             Both:        1.06 GB reserved,      39.44 MB (  4%) committed. 

Chunk freelists:
   Non-Class:  1.00 MB
       Class:  2.93 MB
        Both:  3.93 MB

MaxMetaspaceSize: unlimited
CompressedClassSpaceSize: 1.00 GB
Initial GC threshold: 21.00 MB
Current GC threshold: 65.75 MB
CDS: on
MetaspaceReclaimPolicy: balanced
 - commit_granule_bytes: 65536.
 - commit_granule_words: 8192.
 - virtual_space_node_default_size: 8388608.
 - enlarge_chunks_in_place: 1.
 - new_chunks_are_fully_committed: 0.
 - uncommit_free_chunks: 1.
 - use_allocation_guard: 0.


Internal statistics:

num_allocs_failed_limit: 6.
num_arena_births: 340.
num_arena_deaths: 2.
num_vsnodes_births: 2.
num_vsnodes_deaths: 0.
num_space_committed: 631.
num_space_uncommitted: 0.
num_chunks_returned_to_freelist: 9.
num_chunks_taken_from_freelist: 1471.
num_chunk_merges: 6.
num_chunk_splits: 1058.
num_chunks_enlarged: 864.
num_inconsistent_stats: 0.

CodeHeap 'non-profiled nmethods': size=120000Kb used=1741Kb max_used=1741Kb free=118258Kb
 bounds [0x0000026bc6c10000, 0x0000026bc6e80000, 0x0000026bce140000]
CodeHeap 'profiled nmethods': size=120000Kb used=7522Kb max_used=7522Kb free=112478Kb
 bounds [0x0000026bbf140000, 0x0000026bbf8a0000, 0x0000026bc6670000]
CodeHeap 'non-nmethods': size=5760Kb used=1442Kb max_used=1481Kb free=4317Kb
 bounds [0x0000026bc6670000, 0x0000026bc68e0000, 0x0000026bc6c10000]
 total_blobs=4710 nmethods=4017 adapters=603
 compilation: enabled
              stopped_count=0, restarted_count=0
 full_count=0

Compilation events (20 events):
Event: 99.989 Thread 0x0000026bda525320 4011   !   3       java.io.PrintWriter::close (63 bytes)
Event: 99.991 Thread 0x0000026bda525320 nmethod 4011 0x0000026bbf892b90 code [0x0000026bbf892e40, 0x0000026bbf894018]
Event: 99.992 Thread 0x0000026bda525320 4012   !   3       java.io.PrintWriter::implClose (29 bytes)
Event: 99.992 Thread 0x0000026bda525320 nmethod 4012 0x0000026bbf894590 code [0x0000026bbf894740, 0x0000026bbf894a08]
Event: 99.996 Thread 0x0000026bda525320 4013   !   3       sun.nio.ch.NioSocketImpl::implRead (230 bytes)
Event: 99.999 Thread 0x0000026bda525320 nmethod 4013 0x0000026bbf894b10 code [0x0000026bbf894de0, 0x0000026bbf895c68]
Event: 99.999 Thread 0x0000026bda525320 4016   !   3       sun.nio.ch.NioSocketImpl::read (96 bytes)
Event: 100.001 Thread 0x0000026bda525320 nmethod 4016 0x0000026bbf896390 code [0x0000026bbf896640, 0x0000026bbf8975f8]
Event: 100.001 Thread 0x0000026bda525320 4014   !   3       sun.nio.ch.NioSocketImpl::beginRead (30 bytes)
Event: 100.002 Thread 0x0000026bda525320 nmethod 4014 0x0000026bbf897b90 code [0x0000026bbf897d60, 0x0000026bbf8981c8]
Event: 100.002 Thread 0x0000026bda525320 4015       3       java.net.Socket$SocketInputStream::close (8 bytes)
Event: 100.003 Thread 0x0000026bda525320 nmethod 4015 0x0000026bbf898390 code [0x0000026bbf898540, 0x0000026bbf898728]
Event: 100.100 Thread 0x0000026bda5211f0 4017   !   4       java.net.Socket::isClosed (19 bytes)
Event: 100.102 Thread 0x0000026bda5211f0 nmethod 4017 0x0000026bc6dc1f90 code [0x0000026bc6dc2120, 0x0000026bc6dc22f8]
Event: 101.002 Thread 0x0000026bda5211f0 4018  s!   4       java.net.Socket::close (47 bytes)
Event: 101.007 Thread 0x0000026bda5211f0 nmethod 4018 0x0000026bc6dc2390 code [0x0000026bc6dc2520, 0x0000026bc6dc2a58]
Event: 101.071 Thread 0x0000026bda5211f0 4019       4       java.util.concurrent.locks.ReentrantLock$NonfairSync::initialTryLock (58 bytes)
Event: 101.076 Thread 0x0000026bda5211f0 nmethod 4019 0x0000026bc6dc2c10 code [0x0000026bc6dc2da0, 0x0000026bc6dc2f58]
Event: 101.219 Thread 0x0000026bda5211f0 4020  s    4       java.lang.Throwable::fillInStackTrace (29 bytes)
Event: 101.224 Thread 0x0000026bda5211f0 nmethod 4020 0x0000026bc6dc3010 code [0x0000026bc6dc31a0, 0x0000026bc6dc3528]

GC Heap History (20 events):
Event: 100.449 GC heap after
{Heap after GC invocations=49 (full 0):
 garbage-first heap   total 225280K, used 22705K [0x0000000703000000, 0x0000000800000000)
  region size 2048K, 0 young (0K), 0 survivors (0K)
 Metaspace       used 40067K, committed 40384K, reserved 1114112K
  class space    used 5069K, committed 5248K, reserved 1048576K
}
Event: 100.474 GC heap before
{Heap before GC invocations=49 (full 0):
 garbage-first heap   total 225280K, used 155825K [0x0000000703000000, 0x0000000800000000)
  region size 2048K, 66 young (135168K), 0 survivors (0K)
 Metaspace       used 40067K, committed 40384K, reserved 1114112K
  class space    used 5069K, committed 5248K, reserved 1048576K
}
Event: 100.475 GC heap after
{Heap after GC invocations=50 (full 0):
 garbage-first heap   total 225280K, used 22705K [0x0000000703000000, 0x0000000800000000)
  region size 2048K, 0 young (0K), 0 survivors (0K)
 Metaspace       used 40067K, committed 40384K, reserved 1114112K
  class space    used 5069K, committed 5248K, reserved 1048576K
}
Event: 100.504 GC heap before
{Heap before GC invocations=50 (full 0):
 garbage-first heap   total 225280K, used 155825K [0x0000000703000000, 0x0000000800000000)
  region size 2048K, 66 young (135168K), 0 survivors (0K)
 Metaspace       used 40067K, committed 40384K, reserved 1114112K
  class space    used 5069K, committed 5248K, reserved 1048576K
}
Event: 100.505 GC heap after
{Heap after GC invocations=51 (full 0):
 garbage-first heap   total 225280K, used 22705K [0x0000000703000000, 0x0000000800000000)
  region size 2048K, 0 young (0K), 0 survivors (0K)
 Metaspace       used 40067K, committed 40384K, reserved 1114112K
  class space    used 5069K, committed 5248K, reserved 1048576K
}
Event: 100.538 GC heap before
{Heap before GC invocations=52 (full 0):
 garbage-first heap   total 225280K, used 155825K [0x0000000703000000, 0x0000000800000000)
  region size 2048K, 66 young (135168K), 0 survivors (0K)
 Metaspace       used 40067K, committed 40384K, reserved 1114112K
  class space    used 5069K, committed 5248K, reserved 1048576K
}
Event: 100.539 GC heap after
{Heap after GC invocations=53 (full 0):
 garbage-first heap   total 225280K, used 22705K [0x0000000703000000, 0x0000000800000000)
  region size 2048K, 0 young (0K), 0 survivors (0K)
 Metaspace       used 40067K, committed 40384K, reserved 1114112K
  class space    used 5069K, committed 5248K, reserved 1048576K
}
Event: 100.541 GC heap before
{Heap before GC invocations=53 (full 0):
 garbage-first heap   total 225280K, used 30897K [0x0000000703000000, 0x0000000800000000)
  region size 2048K, 5 young (10240K), 0 survivors (0K)
 Metaspace       used 40067K, committed 40384K, reserved 1114112K
  class space    used 5069K, committed 5248K, reserved 1048576K
}
Event: 100.549 GC heap after
{Heap after GC invocations=54 (full 0):
 garbage-first heap   total 651264K, used 21618K [0x0000000703000000, 0x0000000800000000)
  region size 2048K, 0 young (0K), 0 survivors (0K)
 Metaspace       used 40067K, committed 40384K, reserved 1114112K
  class space    used 5069K, committed 5248K, reserved 1048576K
}
Event: 100.984 GC heap before
{Heap before GC invocations=54 (full 0):
 garbage-first heap   total 651264K, used 408690K [0x0000000703000000, 0x0000000800000000)
  region size 2048K, 190 young (389120K), 0 survivors (0K)
 Metaspace       used 40067K, committed 40384K, reserved 1114112K
  class space    used 5069K, committed 5248K, reserved 1048576K
}
Event: 100.986 GC heap after
{Heap after GC invocations=55 (full 0):
 garbage-first heap   total 651264K, used 21618K [0x0000000703000000, 0x0000000800000000)
  region size 2048K, 0 young (0K), 0 survivors (0K)
 Metaspace       used 40067K, committed 40384K, reserved 1114112K
  class space    used 5069K, committed 5248K, reserved 1048576K
}
Event: 101.066 GC heap before
{Heap before GC invocations=56 (full 0):
 garbage-first heap   total 651264K, used 408690K [0x0000000703000000, 0x0000000800000000)
  region size 2048K, 190 young (389120K), 0 survivors (0K)
 Metaspace       used 40067K, committed 40384K, reserved 1114112K
  class space    used 5069K, committed 5248K, reserved 1048576K
}
Event: 101.067 GC heap after
{Heap after GC invocations=57 (full 0):
 garbage-first heap   total 651264K, used 21618K [0x0000000703000000, 0x0000000800000000)
  region size 2048K, 0 young (0K), 0 survivors (0K)
 Metaspace       used 40067K, committed 40384K, reserved 1114112K
  class space    used 5069K, committed 5248K, reserved 1048576K
}
Event: 101.073 GC heap before
{Heap before GC invocations=57 (full 0):
 garbage-first heap   total 651264K, used 50290K [0x0000000703000000, 0x0000000800000000)
  region size 2048K, 15 young (30720K), 0 survivors (0K)
 Metaspace       used 40067K, committed 40384K, reserved 1114112K
  class space    used 5069K, committed 5248K, reserved 1048576K
}
Event: 101.075 GC heap after
{Heap after GC invocations=58 (full 0):
 garbage-first heap   total 651264K, used 20599K [0x0000000703000000, 0x0000000800000000)
  region size 2048K, 0 young (0K), 0 survivors (0K)
 Metaspace       used 40067K, committed 40384K, reserved 1114112K
  class space    used 5069K, committed 5248K, reserved 1048576K
}
Event: 101.149 GC heap before
{Heap before GC invocations=58 (full 0):
 garbage-first heap   total 651264K, used 407671K [0x0000000703000000, 0x0000000800000000)
  region size 2048K, 190 young (389120K), 0 survivors (0K)
 Metaspace       used 40067K, committed 40384K, reserved 1114112K
  class space    used 5069K, committed 5248K, reserved 1048576K
}
Event: 101.151 GC heap after
{Heap after GC invocations=59 (full 0):
 garbage-first heap   total 651264K, used 20599K [0x0000000703000000, 0x0000000800000000)
  region size 2048K, 0 young (0K), 0 survivors (0K)
 Metaspace       used 40067K, committed 40384K, reserved 1114112K
  class space    used 5069K, committed 5248K, reserved 1048576K
}
Event: 101.219 GC heap before
{Heap before GC invocations=60 (full 0):
 garbage-first heap   total 651264K, used 407671K [0x0000000703000000, 0x0000000800000000)
  region size 2048K, 190 young (389120K), 0 survivors (0K)
 Metaspace       used 40067K, committed 40384K, reserved 1114112K
  class space    used 5069K, committed 5248K, reserved 1048576K
}
Event: 101.220 GC heap after
{Heap after GC invocations=61 (full 0):
 garbage-first heap   total 651264K, used 20613K [0x0000000703000000, 0x0000000800000000)
  region size 2048K, 1 young (2048K), 1 survivors (2048K)
 Metaspace       used 40067K, committed 40384K, reserved 1114112K
  class space    used 5069K, committed 5248K, reserved 1048576K
}
Event: 101.225 GC heap before
{Heap before GC invocations=61 (full 0):
 garbage-first heap   total 651264K, used 47237K [0x0000000703000000, 0x0000000800000000)
  region size 2048K, 15 young (30720K), 1 survivors (2048K)
 Metaspace       used 40067K, committed 40384K, reserved 1114112K
  class space    used 5069K, committed 5248K, reserved 1048576K
}

Dll operation events (14 events):
Event: 0.021 Loaded shared library D:\JDK\jdk-19\bin\java.dll
Event: 0.047 Loaded shared library D:\JDK\jdk-19\bin\jsvml.dll
Event: 0.275 Loaded shared library D:\JDK\jdk-19\bin\zip.dll
Event: 0.281 Loaded shared library D:\JDK\jdk-19\bin\instrument.dll
Event: 0.296 Loaded shared library D:\JDK\jdk-19\bin\net.dll
Event: 0.300 Loaded shared library D:\JDK\jdk-19\bin\nio.dll
Event: 0.315 Loaded shared library D:\JDK\jdk-19\bin\zip.dll
Event: 0.409 Loaded shared library D:\JDK\JetBrains IntelliJ IDEA Ultimate 2022.2\IntelliJ IDEA 2022.2\bin\breakgen64.dll
Event: 0.429 Loaded shared library D:\JDK\jdk-19\bin\extnet.dll
Event: 1.128 Loaded shared library D:\JDK\jdk-19\bin\jimage.dll
Event: 12.174 Loaded shared library D:\JDK\jdk-19\bin\sunmscapi.dll
Event: 12.623 Loaded shared library D:\JDK\jdk-19\bin\verify.dll
Event: 20.435 Loaded shared library D:\JDK\jdk-19\bin\awt.dll
Event: 20.467 Loaded shared library D:\JDK\jdk-19\bin\javajpeg.dll

Deoptimization events (20 events):
Event: 18.013 Thread 0x0000026be03a0f70 Uncommon trap: trap_request=0xffffffd6 fr.pc=0x0000026bc6dac780 relative=0x0000000000001120
Event: 18.013 Thread 0x0000026be03a0f70 Uncommon trap: reason=array_check action=maybe_recompile pc=0x0000026bc6dac780 method=org.antlr.v4.runtime.misc.Array2DHashSet.getOrAddImpl(Ljava/lang/Object;)Ljava/lang/Object; @ 36 c2
Event: 18.013 Thread 0x0000026be03a0f70 DEOPT PACKING pc=0x0000026bc6dac780 sp=0x0000009f6b7fe6f0
Event: 18.013 Thread 0x0000026be03a0f70 DEOPT UNPACKING pc=0x0000026bc66d6da3 sp=0x0000009f6b7fe6b0 mode 2
Event: 18.013 Thread 0x0000026be03a0f70 Uncommon trap: trap_request=0xffffffd6 fr.pc=0x0000026bc6dac780 relative=0x0000000000001120
Event: 18.013 Thread 0x0000026be03a0f70 Uncommon trap: reason=array_check action=maybe_recompile pc=0x0000026bc6dac780 method=org.antlr.v4.runtime.misc.Array2DHashSet.getOrAddImpl(Ljava/lang/Object;)Ljava/lang/Object; @ 36 c2
Event: 18.013 Thread 0x0000026be03a0f70 DEOPT PACKING pc=0x0000026bc6dac780 sp=0x0000009f6b7fe2e0
Event: 18.013 Thread 0x0000026be03a0f70 DEOPT UNPACKING pc=0x0000026bc66d6da3 sp=0x0000009f6b7fe2a0 mode 2
Event: 20.438 Thread 0x0000026be03a0f70 Uncommon trap: trap_request=0xffffff45 fr.pc=0x0000026bc6cbee98 relative=0x00000000000001f8
Event: 20.438 Thread 0x0000026be03a0f70 Uncommon trap: reason=unstable_if action=reinterpret pc=0x0000026bc6cbee98 method=java.lang.StringUTF16.compress([CII)[B @ 13 c2
Event: 20.438 Thread 0x0000026be03a0f70 DEOPT PACKING pc=0x0000026bc6cbee98 sp=0x0000009f6b7fc820
Event: 20.438 Thread 0x0000026be03a0f70 DEOPT UNPACKING pc=0x0000026bc66d6da3 sp=0x0000009f6b7fc7a8 mode 2
Event: 20.438 Thread 0x0000026be03a0f70 Uncommon trap: trap_request=0xffffff45 fr.pc=0x0000026bc6c3a6b0 relative=0x0000000000000210
Event: 20.438 Thread 0x0000026be03a0f70 Uncommon trap: reason=unstable_if action=reinterpret pc=0x0000026bc6c3a6b0 method=java.lang.StringUTF16.compress([CI[BII)I @ 20 c2
Event: 20.438 Thread 0x0000026be03a0f70 DEOPT PACKING pc=0x0000026bc6c3a6b0 sp=0x0000009f6b7fc760
Event: 20.438 Thread 0x0000026be03a0f70 DEOPT UNPACKING pc=0x0000026bc66d6da3 sp=0x0000009f6b7fc708 mode 2
Event: 20.498 Thread 0x0000026be03a0f70 Uncommon trap: trap_request=0xffffff45 fr.pc=0x0000026bc6cae8a4 relative=0x0000000000000164
Event: 20.498 Thread 0x0000026be03a0f70 Uncommon trap: reason=unstable_if action=reinterpret pc=0x0000026bc6cae8a4 method=java.util.concurrent.locks.AbstractQueuedSynchronizer.release(I)Z @ 5 c2
Event: 20.498 Thread 0x0000026be03a0f70 DEOPT PACKING pc=0x0000026bc6cae8a4 sp=0x0000009f6b7fee20
Event: 20.498 Thread 0x0000026be03a0f70 DEOPT UNPACKING pc=0x0000026bc66d6da3 sp=0x0000009f6b7fed28 mode 2

Classes loaded (20 events):
Event: 20.481 Loading class java/awt/Image$1
Event: 20.481 Loading class sun/awt/image/SurfaceManager$ImageAccessor
Event: 20.481 Loading class sun/awt/image/SurfaceManager$ImageAccessor done
Event: 20.481 Loading class java/awt/Image$1 done
Event: 20.481 Loading class sun/awt/image/SurfaceManager
Event: 20.481 Loading class sun/awt/image/SurfaceManager done
Event: 20.481 Loading class java/awt/image/BufferedImage$1
Event: 20.481 Loading class java/awt/image/BufferedImage$1 done
Event: 20.481 Loading class sun/awt/image/IntegerComponentRaster
Event: 20.482 Loading class sun/awt/image/IntegerComponentRaster done
Event: 20.482 Loading class java/awt/image/IndexColorModel
Event: 20.482 Loading class java/awt/image/IndexColorModel done
Event: 20.482 Loading class sun/awt/image/ShortComponentRaster
Event: 20.482 Loading class sun/awt/image/ShortComponentRaster done
Event: 99.858 Loading class sun/net/ConnectionResetException
Event: 99.859 Loading class sun/net/ConnectionResetException done
Event: 99.859 Loading class java/io/InterruptedIOException
Event: 99.859 Loading class java/io/InterruptedIOException done
Event: 99.859 Loading class java/net/SocketTimeoutException
Event: 99.859 Loading class java/net/SocketTimeoutException done

Classes unloaded (1 events):
Event: 14.914 Thread 0x0000026bda4d3ef0 Unloading class 0x0000000801004400 'java/lang/invoke/LambdaForm$DMH+0x0000000801004400'

Classes redefined (0 events):
No events

Internal exceptions (20 events):
Event: 14.550 Thread 0x0000026bb71eadc0 Exception <a 'java/lang/NoSuchMethodError'{0x0000000704db5448}: 'int java.lang.invoke.DirectMethodHandle$Holder.invokeSpecial(java.lang.Object, java.lang.Object, java.lang.Object, java.lang.Object, java.lang.Object, java.lang.Object)'> (0x0000000704db5448) 
thrown [s\open\src\hotspot\share\interpreter\linkResolver.cpp, line 774]
Event: 14.561 Thread 0x0000026bb71eadc0 Exception <a 'java/lang/NoSuchMethodError'{0x0000000704a0af60}: 'java.lang.Object java.lang.invoke.DirectMethodHandle$Holder.newInvokeSpecial(java.lang.Object, java.lang.Object, java.lang.Object, java.lang.Object, java.lang.Object, java.lang.Object, java.lang.Object, int)'> (0x0000000704a0af60) 
thrown [s\open\src\hotspot\share\interpreter\linkResolver.cpp, line 774]
Event: 14.562 Thread 0x0000026bb71eadc0 Exception <a 'java/lang/NoSuchMethodError'{0x0000000704a102c8}: 'java.lang.Object java.lang.invoke.DirectMethodHandle$Holder.invokeSpecial(java.lang.Object, java.lang.Object, java.lang.Object, java.lang.Object, java.lang.Object, java.lang.Object, java.lang.Object, java.lang.Object, int)'> (0x0000000704a102c8) 
thrown [s\open\src\hotspot\share\interpreter\linkResolver.cpp, line 774]
Event: 14.607 Thread 0x0000026bb71eadc0 Exception <a 'java/lang/NoSuchMethodError'{0x0000000704bdb770}: 'void java.lang.invoke.DirectMethodHandle$Holder.invokeInterface(java.lang.Object, java.lang.Object)'> (0x0000000704bdb770) 
thrown [s\open\src\hotspot\share\interpreter\linkResolver.cpp, line 774]
Event: 14.642 Thread 0x0000026bb71eadc0 Exception <a 'java/lang/NoSuchMethodError'{0x0000000704973040}: 'java.lang.Object java.lang.invoke.DirectMethodHandle$Holder.invokeStaticInit(java.lang.Object, java.lang.Object, java.lang.Object)'> (0x0000000704973040) 
thrown [s\open\src\hotspot\share\interpreter\linkResolver.cpp, line 774]
Event: 14.769 Thread 0x0000026be03a0f70 Implicit null exception at 0x0000026bc6ccba72 to 0x0000026bc6ccc060
Event: 15.243 Thread 0x0000026be03a0f70 Exception <a 'java/lang/NoSuchMethodError'{0x0000000712d5e3a0}: 'int java.lang.invoke.DirectMethodHandle$Holder.invokeStatic(java.lang.Object)'> (0x0000000712d5e3a0) 
thrown [s\open\src\hotspot\share\interpreter\linkResolver.cpp, line 774]
Event: 15.418 Thread 0x0000026be03a0f70 Implicit null exception at 0x0000026bc6c8ceef to 0x0000026bc6c8d0dc
Event: 15.425 Thread 0x0000026be03a0f70 Exception <a 'java/lang/NoSuchMethodError'{0x000000070528ec88}: 'void java.lang.invoke.DirectMethodHandle$Holder.invokeSpecial(java.lang.Object, java.lang.Object, java.lang.Object, java.lang.Object, java.lang.Object)'> (0x000000070528ec88) 
thrown [s\open\src\hotspot\share\interpreter\linkResolver.cpp, line 774]
Event: 15.452 Thread 0x0000026be03a0f70 Exception <a 'java/lang/NoSuchMethodError'{0x00000007052e8108}: 'java.lang.Object java.lang.invoke.DirectMethodHandle$Holder.invokeInterface(java.lang.Object, java.lang.Object, java.lang.Object)'> (0x00000007052e8108) 
thrown [s\open\src\hotspot\share\interpreter\linkResolver.cpp, line 774]
Event: 15.470 Thread 0x0000026be03a0f70 Exception <a 'java/lang/NoSuchMethodError'{0x0000000705324680}: 'void java.lang.invoke.DirectMethodHandle$Holder.invokeInterface(java.lang.Object, java.lang.Object, java.lang.Object)'> (0x0000000705324680) 
thrown [s\open\src\hotspot\share\interpreter\linkResolver.cpp, line 774]
Event: 15.491 Thread 0x0000026be03a0f70 Exception <a 'java/lang/NoSuchMethodError'{0x00000007053708a8}: 'void java.lang.invoke.DirectMethodHandle$Holder.invokeStaticInit(java.lang.Object, java.lang.Object, java.lang.Object, java.lang.Object, java.lang.Object)'> (0x00000007053708a8) 
thrown [s\open\src\hotspot\share\interpreter\linkResolver.cpp, line 774]
Event: 15.517 Thread 0x0000026be03a0f70 Exception <a 'java/lang/NoSuchMethodError'{0x00000007053cc298}: 'void java.lang.invoke.DirectMethodHandle$Holder.invokeInterface(java.lang.Object, java.lang.Object, java.lang.Object, java.lang.Object)'> (0x00000007053cc298) 
thrown [s\open\src\hotspot\share\interpreter\linkResolver.cpp, line 774]
Event: 15.517 Thread 0x0000026be03a0f70 Exception <a 'java/lang/IncompatibleClassChangeError'{0x00000007053cf728}: Found class java.lang.Object, but interface was expected> (0x00000007053cf728) 
thrown [s\open\src\hotspot\share\interpreter\linkResolver.cpp, line 841]
Event: 15.597 Thread 0x0000026be03a0f70 Exception <a 'java/lang/NoSuchMethodError'{0x00000007050ccd88}: 'void java.lang.invoke.Invokers$Holder.invokeExact_MT(java.lang.Object, java.lang.Object, int, java.lang.Object)'> (0x00000007050ccd88) 
thrown [s\open\src\hotspot\share\interpreter\linkResolver.cpp, line 774]
Event: 15.606 Thread 0x0000026be03a0f70 Exception <a 'java/lang/NoSuchMethodError'{0x00000007050f2bd8}: 'void java.lang.invoke.Invokers$Holder.invokeExact_MT(java.lang.Object, java.lang.Object, java.lang.Object, java.lang.Object)'> (0x00000007050f2bd8) 
thrown [s\open\src\hotspot\share\interpreter\linkResolver.cpp, line 774]
Event: 20.430 Thread 0x0000026be03a0f70 Exception <a 'java/lang/ClassNotFoundException'{0x0000000712d25c08}: sun/awt/resources/spi/awtProvider> (0x0000000712d25c08) 
thrown [s\open\src\hotspot\share\classfile\systemDictionary.cpp, line 255]
Event: 20.438 Thread 0x0000026be03a0f70 Exception <a 'java/io/FileNotFoundException'{0x0000000712d29010}> (0x0000000712d29010) 
thrown [s\open\src\hotspot\share\prims\jni.cpp, line 517]
Event: 20.438 Thread 0x0000026be03a0f70 Exception <a 'java/io/FileNotFoundException'{0x0000000712d2a790}> (0x0000000712d2a790) 
thrown [s\open\src\hotspot\share\prims\jni.cpp, line 517]
Event: 99.859 Thread 0x0000026be03a0f70 Exception <a 'sun/net/ConnectionResetException'{0x0000000712d109d8}: Connection reset> (0x0000000712d109d8) 
thrown [s\open\src\hotspot\share\prims\jni.cpp, line 536]

VM Operations (20 events):
Event: 100.549 Executing VM operation: G1CollectForAllocation done
Event: 100.984 Executing VM operation: G1CollectForAllocation
Event: 100.987 Executing VM operation: G1CollectForAllocation done
Event: 101.027 Executing VM operation: G1PauseRemark
Event: 101.030 Executing VM operation: G1PauseRemark done
Event: 101.042 Executing VM operation: G1PauseCleanup
Event: 101.043 Executing VM operation: G1PauseCleanup done
Event: 101.066 Executing VM operation: G1CollectForAllocation
Event: 101.067 Executing VM operation: G1CollectForAllocation done
Event: 101.073 Executing VM operation: G1CollectForAllocation
Event: 101.075 Executing VM operation: G1CollectForAllocation done
Event: 101.149 Executing VM operation: G1CollectForAllocation
Event: 101.151 Executing VM operation: G1CollectForAllocation done
Event: 101.185 Executing VM operation: G1PauseRemark
Event: 101.188 Executing VM operation: G1PauseRemark done
Event: 101.201 Executing VM operation: G1PauseCleanup
Event: 101.201 Executing VM operation: G1PauseCleanup done
Event: 101.219 Executing VM operation: G1CollectForAllocation
Event: 101.220 Executing VM operation: G1CollectForAllocation done
Event: 101.224 Executing VM operation: G1CollectForAllocation

Events (20 events):
Event: 0.098 Thread 0x0000026bda5211f0 Thread added: 0x0000026bda5211f0
Event: 0.098 Thread 0x0000026bda525320 Thread added: 0x0000026bda525320
Event: 0.099 Thread 0x0000026bde808070 Thread added: 0x0000026bde808070
Event: 0.215 Thread 0x0000026bda4c67b0 Thread added: 0x0000026bda4c67b0
Event: 0.357 Thread 0x0000026bdea3f360 Thread added: 0x0000026bdea3f360
Event: 0.411 Thread 0x0000026bdeac5e90 Thread added: 0x0000026bdeac5e90
Event: 0.411 Thread 0x0000026bdeac67e0 Thread added: 0x0000026bdeac67e0
Event: 1.091 Thread 0x0000026bdea3f360 Thread exited: 0x0000026bdea3f360
Event: 1.171 Thread 0x0000026bdeb55280 Thread added: 0x0000026bdeb55280
Event: 6.226 Thread 0x0000026bdeb55280 Thread exited: 0x0000026bdeb55280
Event: 11.762 Thread 0x0000026bde9590d0 Thread added: 0x0000026bde9590d0
Event: 11.838 Thread 0x0000026bde95b040 Thread added: 0x0000026bde95b040
Event: 12.921 Thread 0x0000026bde95b040 Thread exited: 0x0000026bde95b040
Event: 13.054 Thread 0x0000026bdfa2e550 Thread added: 0x0000026bdfa2e550
Event: 13.448 Thread 0x0000026bdfae7010 Thread added: 0x0000026bdfae7010
Event: 14.318 Thread 0x0000026be07d1920 Thread added: 0x0000026be07d1920
Event: 14.763 Thread 0x0000026be03a0f70 Thread added: 0x0000026be03a0f70
Event: 17.999 Thread 0x0000026be07d1920 Thread exited: 0x0000026be07d1920
Event: 20.401 Thread 0x0000026bdfae7010 Thread exited: 0x0000026bdfae7010
Event: 20.462 Thread 0x0000026be16be7d0 Thread added: 0x0000026be16be7d0


Dynamic libraries:
0x00007ff75d9c0000 - 0x00007ff75d9d0000 	D:\JDK\jdk-19\bin\java.exe
0x00007ffed1030000 - 0x00007ffed1228000 	C:\WINDOWS\SYSTEM32\ntdll.dll
0x00007ffe88040000 - 0x00007ffe88059000 	C:\Program Files\Avast Software\Avast\aswhook.dll
0x00007ffecf300000 - 0x00007ffecf3bd000 	C:\WINDOWS\System32\KERNEL32.DLL
0x00007ffecea30000 - 0x00007ffeced26000 	C:\WINDOWS\System32\KERNELBASE.dll
0x00007ffecee90000 - 0x00007ffecef90000 	C:\WINDOWS\System32\ucrtbase.dll
0x00007ffeca210000 - 0x00007ffeca228000 	D:\JDK\jdk-19\bin\jli.dll
0x00007ffeca1f0000 - 0x00007ffeca20b000 	D:\JDK\jdk-19\bin\VCRUNTIME140.dll
0x00007ffed0740000 - 0x00007ffed07ee000 	C:\WINDOWS\System32\ADVAPI32.dll
0x00007ffed0ef0000 - 0x00007ffed0f8e000 	C:\WINDOWS\System32\msvcrt.dll
0x00007ffed08f0000 - 0x00007ffed098c000 	C:\WINDOWS\System32\sechost.dll
0x00007ffecf3c0000 - 0x00007ffecf4e6000 	C:\WINDOWS\System32\RPCRT4.dll
0x00007ffecf090000 - 0x00007ffecf22e000 	C:\WINDOWS\System32\USER32.dll
0x00007ffecee60000 - 0x00007ffecee82000 	C:\WINDOWS\System32\win32u.dll
0x00007ffec4b40000 - 0x00007ffec4dda000 	C:\WINDOWS\WinSxS\amd64_microsoft.windows.common-controls_6595b64144ccf1df_6.0.19041.1110_none_60b5254171f9507e\COMCTL32.dll
0x00007ffecf7a0000 - 0x00007ffecf7cc000 	C:\WINDOWS\System32\GDI32.dll
0x00007ffece740000 - 0x00007ffece85a000 	C:\WINDOWS\System32\gdi32full.dll
0x00007ffeced30000 - 0x00007ffecedcd000 	C:\WINDOWS\System32\msvcp_win.dll
0x00007ffec6860000 - 0x00007ffec686a000 	C:\WINDOWS\SYSTEM32\VERSION.dll
0x00007ffed0710000 - 0x00007ffed0740000 	C:\WINDOWS\System32\IMM32.DLL
0x00007ffeca250000 - 0x00007ffeca25c000 	D:\JDK\jdk-19\bin\vcruntime140_1.dll
0x00007ffebafa0000 - 0x00007ffebb02e000 	D:\JDK\jdk-19\bin\msvcp140.dll
0x00007ffe4e4c0000 - 0x00007ffe4f180000 	D:\JDK\jdk-19\bin\server\jvm.dll
0x00007ffebecc0000 - 0x00007ffebecc9000 	C:\WINDOWS\SYSTEM32\WSOCK32.dll
0x00007ffeb6710000 - 0x00007ffeb6737000 	C:\WINDOWS\SYSTEM32\WINMM.dll
0x00007ffecf940000 - 0x00007ffecf9ab000 	C:\WINDOWS\System32\WS2_32.dll
0x00007ffeccf30000 - 0x00007ffeccf42000 	C:\WINDOWS\SYSTEM32\kernel.appcore.dll
0x00007ffeca1e0000 - 0x00007ffeca1ea000 	D:\JDK\jdk-19\bin\jimage.dll
0x00007ffec3c30000 - 0x00007ffec3e14000 	C:\WINDOWS\SYSTEM32\DBGHELP.DLL
0x00007ffec3bf0000 - 0x00007ffec3c24000 	C:\WINDOWS\SYSTEM32\dbgcore.DLL
0x00007ffecedd0000 - 0x00007ffecee52000 	C:\WINDOWS\System32\bcryptPrimitives.dll
0x00007ffec8980000 - 0x00007ffec898e000 	D:\JDK\jdk-19\bin\instrument.dll
0x00007ffeca1a0000 - 0x00007ffeca1c6000 	D:\JDK\jdk-19\bin\java.dll
0x00007ffeb1110000 - 0x00007ffeb11e7000 	D:\JDK\jdk-19\bin\jsvml.dll
0x00007ffecfec0000 - 0x00007ffed0605000 	C:\WINDOWS\System32\SHELL32.dll
0x00007ffecc610000 - 0x00007ffeccdab000 	C:\WINDOWS\SYSTEM32\windows.storage.dll
0x00007ffecfb60000 - 0x00007ffecfeb4000 	C:\WINDOWS\System32\combase.dll
0x00007ffece080000 - 0x00007ffece0ae000 	C:\WINDOWS\SYSTEM32\Wldp.dll
0x00007ffecf880000 - 0x00007ffecf92d000 	C:\WINDOWS\System32\SHCORE.dll
0x00007ffed0f90000 - 0x00007ffed0fe5000 	C:\WINDOWS\System32\shlwapi.dll
0x00007ffece640000 - 0x00007ffece665000 	C:\WINDOWS\SYSTEM32\profapi.dll
0x00007ffec8960000 - 0x00007ffec8978000 	D:\JDK\jdk-19\bin\zip.dll
0x00007ffec8940000 - 0x00007ffec8953000 	D:\JDK\jdk-19\bin\net.dll
0x00007ffec6630000 - 0x00007ffec673a000 	C:\WINDOWS\SYSTEM32\WINHTTP.dll
0x00007ffecdde0000 - 0x00007ffecde4a000 	C:\WINDOWS\system32\mswsock.dll
0x00007ffec8920000 - 0x00007ffec8936000 	D:\JDK\jdk-19\bin\nio.dll
0x00007ffeb6680000 - 0x00007ffeb669a000 	D:\JDK\JetBrains IntelliJ IDEA Ultimate 2022.2\IntelliJ IDEA 2022.2\bin\breakgen64.dll
0x00007ffec88e0000 - 0x00007ffec88e8000 	D:\JDK\jdk-19\bin\extnet.dll
0x00007ffecdb10000 - 0x00007ffecdbda000 	C:\WINDOWS\SYSTEM32\DNSAPI.dll
0x00007ffecdad0000 - 0x00007ffecdb0b000 	C:\WINDOWS\SYSTEM32\IPHLPAPI.DLL
0x00007ffed0990000 - 0x00007ffed0998000 	C:\WINDOWS\System32\NSI.dll
0x00007ffec1370000 - 0x00007ffec137a000 	C:\Windows\System32\rasadhlp.dll
0x00007ffec20d0000 - 0x00007ffec2152000 	C:\WINDOWS\System32\fwpuclnt.dll
0x00007ffece710000 - 0x00007ffece737000 	C:\WINDOWS\System32\bcrypt.dll
0x00007ffecdfd0000 - 0x00007ffecdfe8000 	C:\WINDOWS\SYSTEM32\CRYPTSP.dll
0x00007ffecd6f0000 - 0x00007ffecd724000 	C:\WINDOWS\system32\rsaenh.dll
0x00007ffece600000 - 0x00007ffece62e000 	C:\WINDOWS\SYSTEM32\USERENV.dll
0x00007ffecdff0000 - 0x00007ffecdffc000 	C:\WINDOWS\SYSTEM32\CRYPTBASE.dll
0x00007ffec5d70000 - 0x00007ffec5d87000 	C:\WINDOWS\SYSTEM32\dhcpcsvc6.DLL
0x00007ffec6780000 - 0x00007ffec679d000 	C:\WINDOWS\SYSTEM32\dhcpcsvc.DLL
0x00007ffeb6660000 - 0x00007ffeb666e000 	D:\JDK\jdk-19\bin\sunmscapi.dll
0x00007ffece860000 - 0x00007ffece9be000 	C:\WINDOWS\System32\CRYPT32.dll
0x00007ffece0f0000 - 0x00007ffece118000 	C:\WINDOWS\SYSTEM32\ncrypt.dll
0x00007ffece0b0000 - 0x00007ffece0eb000 	C:\WINDOWS\SYSTEM32\NTASN1.dll
0x00007ffec85f0000 - 0x00007ffec8600000 	D:\JDK\jdk-19\bin\verify.dll
0x00007ffe84100000 - 0x00007ffe84291000 	D:\JDK\jdk-19\bin\awt.dll
0x00007ffecf230000 - 0x00007ffecf2fd000 	C:\WINDOWS\System32\OLEAUT32.dll
0x00007ffecbb70000 - 0x00007ffecbc01000 	C:\WINDOWS\SYSTEM32\apphelp.dll
0x00007ffeb0ad0000 - 0x00007ffeb0afe000 	D:\JDK\jdk-19\bin\javajpeg.dll

dbghelp: loaded successfully - version: 4.0.5 - missing functions: none
symbol engine: initialized successfully - sym options: 0x614 - pdb path: .;D:\JDK\jdk-19\bin;C:\WINDOWS\SYSTEM32;C:\Program Files\Avast Software\Avast;C:\WINDOWS\WinSxS\amd64_microsoft.windows.common-controls_6595b64144ccf1df_6.0.19041.1110_none_60b5254171f9507e;D:\JDK\jdk-19\bin\server;D:\JDK\JetBrains IntelliJ IDEA Ultimate 2022.2\IntelliJ IDEA 2022.2\bin

VM Arguments:
jvm_args: -javaagent:D:\JDK\JetBrains IntelliJ IDEA Ultimate 2022.2\IntelliJ IDEA 2022.2\lib\idea_rt.jar=49161:D:\JDK\JetBrains IntelliJ IDEA Ultimate 2022.2\IntelliJ IDEA 2022.2\bin -Dfile.encoding=UTF-8 
java_command: practise.MainServer
java_class_path (initial): D:\FCP\SEM7\CURS\Project\Server\target\classes;C:\Users\Notebook\.m2\repository\mysql\mysql-connector-java\8.0.25\mysql-connector-java-8.0.25.jar;C:\Users\Notebook\.m2\repository\com\google\protobuf\protobuf-java\3.11.4\protobuf-java-3.11.4.jar;C:\Users\Notebook\.m2\repository\jakarta\inject\jakarta.inject-api\2.0.0\jakarta.inject-api-2.0.0.jar;C:\Users\Notebook\.m2\repository\org\hibernate\orm\hibernate-core\6.0.0.Final\hibernate-core-6.0.0.Final.jar;C:\Users\Notebook\.m2\repository\jakarta\persistence\jakarta.persistence-api\3.0.0\jakarta.persistence-api-3.0.0.jar;C:\Users\Notebook\.m2\repository\jakarta\transaction\jakarta.transaction-api\2.0.0\jakarta.transaction-api-2.0.0.jar;C:\Users\Notebook\.m2\repository\org\jboss\logging\jboss-logging\3.4.3.Final\jboss-logging-3.4.3.Final.jar;C:\Users\Notebook\.m2\repository\org\jboss\jandex\2.4.2.Final\jandex-2.4.2.Final.jar;C:\Users\Notebook\.m2\repository\com\fasterxml\classmate\1.5.1\classmate-1.5.1.jar;C:\Users\Notebook\.m2\repository\org\hibernate\common\hibernate-commons-annotations\6.0.0.CR1\hibernate-commons-annotations-6.0.0.CR1.jar;C:\Users\Notebook\.m2\repository\net\bytebuddy\byte-buddy\1.12.8\byte-buddy-1.12.8.jar;C:\Users\Notebook\.m2\repository\jakarta\activation\jakarta.activation-api\2.0.1\jakarta.activation-api-2.0.1.jar;C:\Users\Notebook\.m2\repository\jakarta\xml\bind\jakarta.xml.bind-api\3.0.1\jakarta.xml.bind-api-3.0.1.jar;C:\Users\Notebook\.m2\repository\org\antlr\antlr4-runtime\4.9.1\antlr4-runtime-4.9.1.jar;C:\Users\Notebook\.m2\repository\org\glassfish\jaxb\jaxb-runtime\3.0.2\jaxb-runtime-3.0.2.jar;C:\Users\Notebook\.m2\repository\com\sun\activation\jakarta.activation\2.0.1\jakarta.activation-2.0.1.jar;C:\Users\Notebook\.m2\repository\org\glassfish\jaxb\jaxb-core\3.0.2\jaxb-core-3.0.2.jar;C:\Users\Notebook\.m2\repository\org\glassfish\jaxb\txw2\3.0.2\txw2-3.0.2.jar;C:\Users\Notebook\.m2\repository\com\sun\istack\istack-commons-runtime\4.0.1\istack-commons-runtime-4.0.1.jar;D:\FCP\SEM7\CURS\Project\DataLib\target\classes
Launcher Type: SUN_STANDARD

[Global flags]
     intx CICompilerCount                          = 4                                         {product} {ergonomic}
     uint ConcGCThreads                            = 2                                         {product} {ergonomic}
     uint G1ConcRefinementThreads                  = 8                                         {product} {ergonomic}
   size_t G1HeapRegionSize                         = 2097152                                   {product} {ergonomic}
    uintx GCDrainStackTargetSize                   = 64                                        {product} {ergonomic}
   size_t InitialHeapSize                          = 266338304                                 {product} {ergonomic}
   size_t MarkStackSize                            = 4194304                                   {product} {ergonomic}
   size_t MaxHeapSize                              = 4244635648                                {product} {ergonomic}
   size_t MaxNewSize                               = 2545942528                                {product} {ergonomic}
   size_t MinHeapDeltaBytes                        = 2097152                                   {product} {ergonomic}
   size_t MinHeapSize                              = 8388608                                   {product} {ergonomic}
    uintx NonNMethodCodeHeapSize                   = 5839372                                {pd product} {ergonomic}
    uintx NonProfiledCodeHeapSize                  = 122909434                              {pd product} {ergonomic}
    uintx ProfiledCodeHeapSize                     = 122909434                              {pd product} {ergonomic}
    uintx ReservedCodeCacheSize                    = 251658240                              {pd product} {ergonomic}
     bool SegmentedCodeCache                       = true                                      {product} {ergonomic}
   size_t SoftMaxHeapSize                          = 4244635648                             {manageable} {ergonomic}
     bool UseCompressedClassPointers               = true                           {product lp64_product} {ergonomic}
     bool UseCompressedOops                        = true                           {product lp64_product} {ergonomic}
     bool UseG1GC                                  = true                                      {product} {ergonomic}
     bool UseLargePagesIndividualAllocation        = false                                  {pd product} {ergonomic}

Logging:
Log output configuration:
 #0: stdout all=warning uptime,level,tags foldmultilines=false
 #1: stderr all=off uptime,level,tags foldmultilines=false

Environment Variables:
JAVA_HOME=C:\Program Files\Java\jdk-20
CLASSPATH=C:\Program Files\Java\jdk-20\lib;C:\Program Files\Java\jdk-20\jre\lib;
PATH=C:\Program Files\Microsoft MPI\Bin\;D:\AVR ToolChain\WinAVR\bin;D:\AVR ToolChain\WinAVR\utils\bin;D:\Proteus&Eclipse\MMVP\4.6 2012q4\bin;C:\Program Files\Microsoft SQL Server\130\Tools\Binn\;C:\Program Files\Microsoft OLE DB Provider for DB2\System\;D:\JDK\maven\apache-maven-3.8.6\bin;D:\JDK\Git\cmd;D:\JDK\RationalRose\common;C:\Program Files\Java\jdk-20\bin;C:\Program Files (x86)\Microsoft SQL Server\150\Tools\Binn\;C:\Program Files\Microsoft SQL Server\150\Tools\Binn\;C:\Program Files (x86)\Microsoft SQL Server\150\DTS\Binn\;C:\Program Files\Microsoft SQL Server\150\DTS\Binn\;C:\Program Files\Azure Data Studio\bin;C:\Program Files\Microsoft SQL Server\90\Tools\binn\;d:\Microsoft SQL Server\BOL (x86)\90\Tools\binn\;d:\Microsoft SQL Server\BOL (x86)\90\DTS\Binn\;d:\Microsoft SQL Server\BOL (x86)\90\Tools\Binn\VSShell\Common7\IDE\;C:\Program Files (x86)\Microsoft Visual Studio 8\Common7\IDE\PrivateAssemblies\;C:\Program Files\Microsoft SQL Server\Client SDK\ODBC\170\Tools\Binn\;C:\Program Files\MySQL\MySQL Shell 8.0\bin\;C:\Users\Notebook\AppData\Local\Microsoft\WindowsApps;C:\Program Files\Azure Data Studio\bin;C:\Program Files\Java\jdk-20;D:\JDK\Apache Tomcat\apache-tomcat-8.1\lib;C:\Program Files\Java\jdk-20\bin;;C:\Program Files\Azure Data Studio\bin
USERNAME=Notebook
OS=Windows_NT
PROCESSOR_IDENTIFIER=AMD64 Family 23 Model 24 Stepping 1, AuthenticAMD
TMP=C:\Users\Notebook\AppData\Local\Temp
TEMP=C:\Users\Notebook\AppData\Local\Temp



---------------  S Y S T E M  ---------------

OS:
 Windows 10 , 64 bit Build 19041 (10.0.19041.3393)
OS uptime: 1 days 4:40 hours

CPU: total 8 (initial active 8) (8 cores per cpu, 2 threads per core) family 23 model 24 stepping 1 microcode 0x0, cx8, cmov, fxsr, ht, mmx, 3dnowpref, sse, sse2, sse3, ssse3, sse4a, sse4.1, sse4.2, popcnt, lzcnt, tsc, tscinvbit, avx, avx2, aes, clmul, bmi1, bmi2, adx, sha, fma, vzeroupper, clflush, clflushopt, rdtscp

Memory: 4k page, system-wide physical 16189M (5091M free)
TotalPageFile size 18237M (AvailPageFile size 245M)
current process WorkingSet (physical memory assigned to process): 664M, peak: 664M
current process commit charge ("private bytes"): 805M, peak: 2077M

vm_info: Java HotSpot(TM) 64-Bit Server VM (19+36-2238) for windows-amd64 JRE (19+36-2238), built on 2022-08-12T20:29:01Z by "mach5one" with MS VC++ 17.1 (VS2022)

END.
