#
# There is insufficient memory for the Java Runtime Environment to continue.
# Native memory allocation (mmap) failed to map 346030080 bytes for G1 virtual space
# Possible reasons:
#   The system is out of physical RAM or swap space
#   The process is running with CompressedOops enabled, and the Java Heap may be blocking the growth of the native heap
# Possible solutions:
#   Reduce memory load on the system
#   Increase physical memory or swap space
#   Check if swap backing store is full
#   Decrease Java heap size (-Xmx/-Xms)
#   Decrease number of Java threads
#   Decrease Java thread stack sizes (-Xss)
#   Set larger code cache with -XX:ReservedCodeCacheSize=
#   JVM is running with Zero Based Compressed Oops mode in which the Java heap is
#     placed in the first 32GB address space. The Java Heap base address is the
#     maximum limit for the native heap growth. Please use -XX:HeapBaseMinAddress
#     to set the Java Heap base and to place the Java Heap above 32GB virtual address.
# This output file may be truncated or incomplete.
#
#  Out of Memory Error (os_windows.cpp:3527), pid=18160, tid=1808
#
# JRE version: Java(TM) SE Runtime Environment (19.0+36) (build 19+36-2238)
# Java VM: Java HotSpot(TM) 64-Bit Server VM (19+36-2238, mixed mode, sharing, tiered, compressed oops, compressed class ptrs, g1 gc, windows-amd64)
# No core dump will be written. Minidumps are not enabled by default on client versions of Windows
#

---------------  S U M M A R Y ------------

Command Line: -javaagent:D:\JDK\JetBrains IntelliJ IDEA Ultimate 2022.2\IntelliJ IDEA 2022.2\lib\idea_rt.jar=65525:D:\JDK\JetBrains IntelliJ IDEA Ultimate 2022.2\IntelliJ IDEA 2022.2\bin -Dfile.encoding=UTF-8 practise.MainServer

Host: AMD Ryzen 7 3750H with Radeon Vega Mobile Gfx  , 8 cores, 15G,  Windows 10 , 64 bit Build 19041 (10.0.19041.3393)
Time: Tue Oct 24 19:43:17 2023  Windows 10 , 64 bit Build 19041 (10.0.19041.3393) elapsed time: 100.858052 seconds (0d 0h 1m 40s)

---------------  T H R E A D  ---------------

Current thread (0x000001fddbcc9170):  VMThread "VM Thread" [stack: 0x000000c23d400000,0x000000c23d500000] [id=1808]

Stack: [0x000000c23d400000,0x000000c23d500000]
Native frames: (J=compiled Java code, j=interpreted, Vv=VM code, C=native code)
V  [jvm.dll+0x6ee8fa]
V  [jvm.dll+0x857a1e]
V  [jvm.dll+0x85940e]
V  [jvm.dll+0x859ac3]
V  [jvm.dll+0x28291f]
V  [jvm.dll+0x6eb6e9]
V  [jvm.dll+0x6e028a]
V  [jvm.dll+0x357136]
V  [jvm.dll+0x35eb96]
V  [jvm.dll+0x3b555e]
V  [jvm.dll+0x3b578f]
V  [jvm.dll+0x32c6ea]
V  [jvm.dll+0x32c797]
V  [jvm.dll+0x374b52]
V  [jvm.dll+0x37328f]
V  [jvm.dll+0x32bf10]
V  [jvm.dll+0x37282b]
V  [jvm.dll+0x85ef83]
V  [jvm.dll+0x85fd49]
V  [jvm.dll+0x86027d]
V  [jvm.dll+0x86070b]
V  [jvm.dll+0x8607c7]
V  [jvm.dll+0x8015fa]
V  [jvm.dll+0x6ed5eb]
C  [ucrtbase.dll+0x21bb2]
C  [KERNEL32.DLL+0x17344]
C  [ntdll.dll+0x526b1]

VM_Operation (0x000000c23e4ff4a0): G1CollectForAllocation, mode: safepoint, requested by thread 0x000001fde1b16100


---------------  P R O C E S S  ---------------

Threads class SMR info:
_java_thread_list=0x000001fde1cc8a00, length=17, elements={
0x000001fdb89b9fb0, 0x000001fddbce3c80, 0x000001fddbce47b0, 0x000001fddbce5ce0,
0x000001fddbce8720, 0x000001fddbce9190, 0x000001fddbcef110, 0x000001fddbcf2ed0,
0x000001fddbcfce70, 0x000001fddbd09440, 0x000001fddbcb97c0, 0x000001fde0347e60,
0x000001fde03483a0, 0x000001fde0086db0, 0x000001fde1426f40, 0x000001fde1b16100,
0x000001fde2628fb0
}

Java Threads: ( => current thread )
  0x000001fdb89b9fb0 JavaThread "main" [_thread_in_native, id=23648, stack(0x000000c23ce00000,0x000000c23cf00000)]
  0x000001fddbce3c80 JavaThread "Reference Handler" daemon [_thread_blocked, id=10028, stack(0x000000c23d500000,0x000000c23d600000)]
  0x000001fddbce47b0 JavaThread "Finalizer" daemon [_thread_blocked, id=24896, stack(0x000000c23d600000,0x000000c23d700000)]
  0x000001fddbce5ce0 JavaThread "Signal Dispatcher" daemon [_thread_blocked, id=24768, stack(0x000000c23d700000,0x000000c23d800000)]
  0x000001fddbce8720 JavaThread "Attach Listener" daemon [_thread_blocked, id=20124, stack(0x000000c23d800000,0x000000c23d900000)]
  0x000001fddbce9190 JavaThread "Service Thread" daemon [_thread_blocked, id=20040, stack(0x000000c23d900000,0x000000c23da00000)]
  0x000001fddbcef110 JavaThread "Monitor Deflation Thread" daemon [_thread_blocked, id=18972, stack(0x000000c23da00000,0x000000c23db00000)]
  0x000001fddbcf2ed0 JavaThread "C2 CompilerThread0" daemon [_thread_blocked, id=13004, stack(0x000000c23db00000,0x000000c23dc00000)]
  0x000001fddbcfce70 JavaThread "C1 CompilerThread0" daemon [_thread_blocked, id=24416, stack(0x000000c23dc00000,0x000000c23dd00000)]
  0x000001fddbd09440 JavaThread "Sweeper thread" daemon [_thread_blocked, id=10292, stack(0x000000c23dd00000,0x000000c23de00000)]
  0x000001fddbcb97c0 JavaThread "Common-Cleaner" daemon [_thread_blocked, id=7132, stack(0x000000c23de00000,0x000000c23df00000)]
  0x000001fde0347e60 JavaThread "Monitor Ctrl-Break" daemon [_thread_in_native, id=6384, stack(0x000000c23e000000,0x000000c23e100000)]
  0x000001fde03483a0 JavaThread "Notification Thread" daemon [_thread_blocked, id=22440, stack(0x000000c23e100000,0x000000c23e200000)]
  0x000001fde0086db0 JavaThread "mysql-cj-abandoned-connection-cleanup" daemon [_thread_blocked, id=24072, stack(0x000000c23df00000,0x000000c23e000000)]
  0x000001fde1426f40 JavaThread "Hibernate Connection Pool Validation Thread" daemon [_thread_blocked, id=24976, stack(0x000000c23ec00000,0x000000c23ed00000)]
  0x000001fde1b16100 JavaThread "Thread-0" [_thread_blocked, id=25256, stack(0x000000c23e400000,0x000000c23e500000)]
  0x000001fde2628fb0 JavaThread "Java2D Disposer" daemon [_thread_blocked, id=24508, stack(0x000000c23e300000,0x000000c23e400000)]

Other Threads:
=>0x000001fddbcc9170 VMThread "VM Thread" [stack: 0x000000c23d400000,0x000000c23d500000] [id=1808]
  0x000001fde034a540 WatcherThread "VM Periodic Task Thread" [stack: 0x000000c23e200000,0x000000c23e300000] [id=13768]
  0x000001fdb8a29880 WorkerThread "GC Thread#0" [stack: 0x000000c23cf00000,0x000000c23d000000] [id=18692]
  0x000001fde113c520 WorkerThread "GC Thread#1" [stack: 0x000000c23e500000,0x000000c23e600000] [id=19596]
  0x000001fde113d600 WorkerThread "GC Thread#2" [stack: 0x000000c23e600000,0x000000c23e700000] [id=18144]
  0x000001fde113c7f0 WorkerThread "GC Thread#3" [stack: 0x000000c23e700000,0x000000c23e800000] [id=25012]
  0x000001fde113c250 WorkerThread "GC Thread#4" [stack: 0x000000c23e800000,0x000000c23e900000] [id=23044]
  0x000001fde113bf80 WorkerThread "GC Thread#5" [stack: 0x000000c23e900000,0x000000c23ea00000] [id=11428]
  0x000001fde113b9e0 WorkerThread "GC Thread#6" [stack: 0x000000c23ea00000,0x000000c23eb00000] [id=16580]
  0x000001fde113d330 WorkerThread "GC Thread#7" [stack: 0x000000c23eb00000,0x000000c23ec00000] [id=1980]
  0x000001fdb8a3a750 ConcurrentGCThread "G1 Main Marker" [stack: 0x000000c23d000000,0x000000c23d100000] [id=21416]
  0x000001fdb8a3c930 WorkerThread "G1 Conc#0" [stack: 0x000000c23d100000,0x000000c23d200000] [id=16164]
  0x000001fde113cd90 WorkerThread "G1 Conc#1" [stack: 0x000000c23ed00000,0x000000c23ee00000] [id=24956]
  0x000001fdb8a7e890 ConcurrentGCThread "G1 Refine#0" [stack: 0x000000c23d200000,0x000000c23d300000] [id=19124]
  0x000001fddbb83560 ConcurrentGCThread "G1 Service" [stack: 0x000000c23d300000,0x000000c23d400000] [id=25168]

Threads with active compile tasks:

VM state: at safepoint (normal execution)

VM Mutex/Monitor currently owned by a thread:  ([mutex/lock_event])
[0x000001fdb89b92e0] Threads_lock - owner thread: 0x000001fddbcc9170
[0x000001fdb89b9370] Heap_lock - owner thread: 0x000001fde1b16100

Heap address: 0x0000000703000000, size: 4048 MB, Compressed Oops mode: Zero based, Oop shift amount: 3

CDS archive(s) mapped at: [0x0000000800000000-0x0000000800c40000-0x0000000800c40000), size 12845056, SharedBaseAddress: 0x0000000800000000, ArchiveRelocationMode: 0.
Compressed class space mapped at: 0x0000000801000000-0x0000000841000000, reserved size: 1073741824
Narrow klass base: 0x0000000800000000, Narrow klass shift: 0, Narrow klass range: 0x100000000

GC Precious Log:
 CardTable entry size: 512
 Card Set container configuration: InlinePtr #cards 4 size 8 Array Of Cards #cards 8 size 32 Howl #buckets 8 coarsen threshold 3686 Howl Bitmap #cards 512 size 80 coarsen threshold 460 Card regions per heap region 1 cards per card region 4096
 CPUs: 8 total, 8 available
 Memory: 16189M
 Large Page Support: Disabled
 NUMA Support: Disabled
 Compressed Oops: Enabled (Zero based)
 Heap Region Size: 2M
 Heap Min Capacity: 8M
 Heap Initial Capacity: 254M
 Heap Max Capacity: 4048M
 Pre-touch: Disabled
 Parallel Workers: 8
 Concurrent Workers: 2
 Concurrent Refinement Workers: 8
 Periodic GC: Disabled

Heap:
 garbage-first heap   total 606208K, used 25140K [0x0000000703000000, 0x0000000800000000)
  region size 2048K, 1 young (2048K), 1 survivors (2048K)
 Metaspace       used 40106K, committed 40448K, reserved 1114112K
  class space    used 5074K, committed 5248K, reserved 1048576K

Heap Regions: E=young(eden), S=young(survivor), O=old, HS=humongous(starts), HC=humongous(continues), CS=collection set, F=free, OA=open archive, CA=closed archive, TAMS=top-at-mark-start (previous, next)
|   0|0x0000000703000000, 0x0000000703200000, 0x0000000703200000|100%| O|  |TAMS 0x0000000703200000, 0x0000000703000000| Untracked 
|   1|0x0000000703200000, 0x0000000703400000, 0x0000000703400000|100%| O|  |TAMS 0x0000000703400000, 0x0000000703200000| Untracked 
|   2|0x0000000703400000, 0x0000000703600000, 0x0000000703600000|100%| O|  |TAMS 0x0000000703600000, 0x0000000703400000| Untracked 
|   3|0x0000000703600000, 0x0000000703800000, 0x0000000703800000|100%| O|  |TAMS 0x0000000703600000, 0x0000000703600000| Untracked 
|   4|0x0000000703800000, 0x0000000703a00000, 0x0000000703a00000|100%| O|  |TAMS 0x0000000703a00000, 0x0000000703800000| Untracked 
|   5|0x0000000703a00000, 0x0000000703c00000, 0x0000000703c00000|100%| O|  |TAMS 0x0000000703b34600, 0x0000000703a00000| Untracked 
|   6|0x0000000703c00000, 0x0000000703e00000, 0x0000000703e00000|100%| O|  |TAMS 0x0000000703c00000, 0x0000000703c00000| Untracked 
|   7|0x0000000703e00000, 0x0000000704000000, 0x0000000704000000|100%| O|  |TAMS 0x0000000703e00000, 0x0000000703e00000| Untracked 
|   8|0x0000000704000000, 0x0000000704149000, 0x0000000704200000| 64%| O|  |TAMS 0x0000000704000000, 0x0000000704000000| Untracked 
|   9|0x0000000704200000, 0x0000000704200000, 0x0000000704400000|  0%| F|  |TAMS 0x0000000704200000, 0x0000000704200000| Untracked 
|  10|0x0000000704400000, 0x0000000704400000, 0x0000000704600000|  0%| F|  |TAMS 0x0000000704400000, 0x0000000704400000| Untracked 
|  11|0x0000000704600000, 0x0000000704600000, 0x0000000704800000|  0%| F|  |TAMS 0x0000000704600000, 0x0000000704600000| Untracked 
|  12|0x0000000704800000, 0x0000000704800000, 0x0000000704a00000|  0%| F|  |TAMS 0x0000000704800000, 0x0000000704800000| Untracked 
|  13|0x0000000704a00000, 0x0000000704a00000, 0x0000000704c00000|  0%| F|  |TAMS 0x0000000704a00000, 0x0000000704a00000| Untracked 
|  14|0x0000000704c00000, 0x0000000704c00000, 0x0000000704e00000|  0%| F|  |TAMS 0x0000000704c00000, 0x0000000704c00000| Untracked 
|  15|0x0000000704e00000, 0x0000000705000000, 0x0000000705000000|100%|HS|  |TAMS 0x0000000704e00000, 0x0000000704e00000| Complete 
|  16|0x0000000705000000, 0x0000000705200000, 0x0000000705200000|100%|HC|  |TAMS 0x0000000705000000, 0x0000000705000000| Complete 
|  17|0x0000000705200000, 0x0000000705400000, 0x0000000705400000|100%|HS|  |TAMS 0x0000000705200000, 0x0000000705200000| Complete 
|  18|0x0000000705400000, 0x0000000705400000, 0x0000000705600000|  0%| F|  |TAMS 0x0000000705400000, 0x0000000705400000| Untracked 
|  19|0x0000000705600000, 0x0000000705600000, 0x0000000705800000|  0%| F|  |TAMS 0x0000000705600000, 0x0000000705600000| Untracked 
|  20|0x0000000705800000, 0x0000000705800000, 0x0000000705a00000|  0%| F|  |TAMS 0x0000000705800000, 0x0000000705800000| Untracked 
|  21|0x0000000705a00000, 0x0000000705a00000, 0x0000000705c00000|  0%| F|  |TAMS 0x0000000705a00000, 0x0000000705a00000| Untracked 
|  22|0x0000000705c00000, 0x0000000705c00000, 0x0000000705e00000|  0%| F|  |TAMS 0x0000000705c00000, 0x0000000705c00000| Untracked 
|  23|0x0000000705e00000, 0x0000000705e00000, 0x0000000706000000|  0%| F|  |TAMS 0x0000000705e00000, 0x0000000705e00000| Untracked 
|  24|0x0000000706000000, 0x0000000706000000, 0x0000000706200000|  0%| F|  |TAMS 0x0000000706000000, 0x0000000706000000| Untracked 
|  25|0x0000000706200000, 0x0000000706200000, 0x0000000706400000|  0%| F|  |TAMS 0x0000000706200000, 0x0000000706200000| Untracked 
|  26|0x0000000706400000, 0x0000000706400000, 0x0000000706600000|  0%| F|  |TAMS 0x0000000706400000, 0x0000000706400000| Untracked 
|  27|0x0000000706600000, 0x0000000706600000, 0x0000000706800000|  0%| F|  |TAMS 0x0000000706600000, 0x0000000706600000| Untracked 
|  28|0x0000000706800000, 0x0000000706800000, 0x0000000706a00000|  0%| F|  |TAMS 0x0000000706800000, 0x0000000706800000| Untracked 
|  29|0x0000000706a00000, 0x0000000706a00000, 0x0000000706c00000|  0%| F|  |TAMS 0x0000000706a00000, 0x0000000706a00000| Untracked 
|  30|0x0000000706c00000, 0x0000000706c00000, 0x0000000706e00000|  0%| F|  |TAMS 0x0000000706c00000, 0x0000000706c00000| Untracked 
|  31|0x0000000706e00000, 0x0000000706e00000, 0x0000000707000000|  0%| F|  |TAMS 0x0000000706e00000, 0x0000000706e00000| Untracked 
|  32|0x0000000707000000, 0x0000000707000000, 0x0000000707200000|  0%| F|  |TAMS 0x0000000707000000, 0x0000000707000000| Untracked 
|  33|0x0000000707200000, 0x0000000707200000, 0x0000000707400000|  0%| F|  |TAMS 0x0000000707200000, 0x0000000707200000| Untracked 
|  34|0x0000000707400000, 0x0000000707400000, 0x0000000707600000|  0%| F|  |TAMS 0x0000000707400000, 0x0000000707400000| Untracked 
|  35|0x0000000707600000, 0x0000000707600000, 0x0000000707800000|  0%| F|  |TAMS 0x0000000707600000, 0x0000000707600000| Untracked 
|  36|0x0000000707800000, 0x0000000707800000, 0x0000000707a00000|  0%| F|  |TAMS 0x0000000707800000, 0x0000000707800000| Untracked 
|  37|0x0000000707a00000, 0x0000000707a00000, 0x0000000707c00000|  0%| F|  |TAMS 0x0000000707a00000, 0x0000000707a00000| Untracked 
|  38|0x0000000707c00000, 0x0000000707c00000, 0x0000000707e00000|  0%| F|  |TAMS 0x0000000707c00000, 0x0000000707c00000| Untracked 
|  39|0x0000000707e00000, 0x0000000707e00000, 0x0000000708000000|  0%| F|  |TAMS 0x0000000707e00000, 0x0000000707e00000| Untracked 
|  40|0x0000000708000000, 0x0000000708000000, 0x0000000708200000|  0%| F|  |TAMS 0x0000000708000000, 0x0000000708000000| Untracked 
|  41|0x0000000708200000, 0x0000000708200000, 0x0000000708400000|  0%| F|  |TAMS 0x0000000708200000, 0x0000000708200000| Untracked 
|  42|0x0000000708400000, 0x0000000708400000, 0x0000000708600000|  0%| F|  |TAMS 0x0000000708400000, 0x0000000708400000| Untracked 
|  43|0x0000000708600000, 0x0000000708600000, 0x0000000708800000|  0%| F|  |TAMS 0x0000000708600000, 0x0000000708600000| Untracked 
|  44|0x0000000708800000, 0x0000000708800000, 0x0000000708a00000|  0%| F|  |TAMS 0x0000000708800000, 0x0000000708800000| Untracked 
|  45|0x0000000708a00000, 0x0000000708a00000, 0x0000000708c00000|  0%| F|  |TAMS 0x0000000708a00000, 0x0000000708a00000| Untracked 
|  46|0x0000000708c00000, 0x0000000708c00000, 0x0000000708e00000|  0%| F|  |TAMS 0x0000000708c00000, 0x0000000708c00000| Untracked 
|  47|0x0000000708e00000, 0x0000000708e00000, 0x0000000709000000|  0%| F|  |TAMS 0x0000000708e00000, 0x0000000708e00000| Untracked 
|  48|0x0000000709000000, 0x0000000709000000, 0x0000000709200000|  0%| F|  |TAMS 0x0000000709000000, 0x0000000709000000| Untracked 
|  49|0x0000000709200000, 0x0000000709200000, 0x0000000709400000|  0%| F|  |TAMS 0x0000000709200000, 0x0000000709200000| Untracked 
|  50|0x0000000709400000, 0x0000000709400000, 0x0000000709600000|  0%| F|  |TAMS 0x0000000709400000, 0x0000000709400000| Untracked 
|  51|0x0000000709600000, 0x0000000709600000, 0x0000000709800000|  0%| F|  |TAMS 0x0000000709600000, 0x0000000709600000| Untracked 
|  52|0x0000000709800000, 0x0000000709800000, 0x0000000709a00000|  0%| F|  |TAMS 0x0000000709800000, 0x0000000709800000| Untracked 
|  53|0x0000000709a00000, 0x0000000709a00000, 0x0000000709c00000|  0%| F|  |TAMS 0x0000000709a00000, 0x0000000709a00000| Untracked 
|  54|0x0000000709c00000, 0x0000000709c00000, 0x0000000709e00000|  0%| F|  |TAMS 0x0000000709c00000, 0x0000000709c00000| Untracked 
|  55|0x0000000709e00000, 0x0000000709e00000, 0x000000070a000000|  0%| F|  |TAMS 0x0000000709e00000, 0x0000000709e00000| Untracked 
|  56|0x000000070a000000, 0x000000070a000000, 0x000000070a200000|  0%| F|  |TAMS 0x000000070a000000, 0x000000070a000000| Untracked 
|  57|0x000000070a200000, 0x000000070a200000, 0x000000070a400000|  0%| F|  |TAMS 0x000000070a200000, 0x000000070a200000| Untracked 
|  58|0x000000070a400000, 0x000000070a400000, 0x000000070a600000|  0%| F|  |TAMS 0x000000070a400000, 0x000000070a400000| Untracked 
|  59|0x000000070a600000, 0x000000070a600000, 0x000000070a800000|  0%| F|  |TAMS 0x000000070a600000, 0x000000070a600000| Untracked 
|  60|0x000000070a800000, 0x000000070a800000, 0x000000070aa00000|  0%| F|  |TAMS 0x000000070a800000, 0x000000070a800000| Untracked 
|  61|0x000000070aa00000, 0x000000070aa00000, 0x000000070ac00000|  0%| F|  |TAMS 0x000000070aa00000, 0x000000070aa00000| Untracked 
|  62|0x000000070ac00000, 0x000000070ac00000, 0x000000070ae00000|  0%| F|  |TAMS 0x000000070ac00000, 0x000000070ac00000| Untracked 
|  63|0x000000070ae00000, 0x000000070ae00000, 0x000000070b000000|  0%| F|  |TAMS 0x000000070ae00000, 0x000000070ae00000| Untracked 
|  64|0x000000070b000000, 0x000000070b000000, 0x000000070b200000|  0%| F|  |TAMS 0x000000070b000000, 0x000000070b000000| Untracked 
|  65|0x000000070b200000, 0x000000070b200000, 0x000000070b400000|  0%| F|  |TAMS 0x000000070b200000, 0x000000070b200000| Untracked 
|  66|0x000000070b400000, 0x000000070b400000, 0x000000070b600000|  0%| F|  |TAMS 0x000000070b400000, 0x000000070b400000| Untracked 
|  67|0x000000070b600000, 0x000000070b600000, 0x000000070b800000|  0%| F|  |TAMS 0x000000070b600000, 0x000000070b600000| Untracked 
|  68|0x000000070b800000, 0x000000070b800000, 0x000000070ba00000|  0%| F|  |TAMS 0x000000070b800000, 0x000000070b800000| Untracked 
|  69|0x000000070ba00000, 0x000000070ba00000, 0x000000070bc00000|  0%| F|  |TAMS 0x000000070ba00000, 0x000000070ba00000| Untracked 
|  70|0x000000070bc00000, 0x000000070bc00000, 0x000000070be00000|  0%| F|  |TAMS 0x000000070bc00000, 0x000000070bc00000| Untracked 
|  71|0x000000070be00000, 0x000000070be00000, 0x000000070c000000|  0%| F|  |TAMS 0x000000070be00000, 0x000000070be00000| Untracked 
|  72|0x000000070c000000, 0x000000070c000000, 0x000000070c200000|  0%| F|  |TAMS 0x000000070c000000, 0x000000070c000000| Untracked 
|  73|0x000000070c200000, 0x000000070c200000, 0x000000070c400000|  0%| F|  |TAMS 0x000000070c200000, 0x000000070c200000| Untracked 
|  74|0x000000070c400000, 0x000000070c400000, 0x000000070c600000|  0%| F|  |TAMS 0x000000070c400000, 0x000000070c400000| Untracked 
|  75|0x000000070c600000, 0x000000070c600000, 0x000000070c800000|  0%| F|  |TAMS 0x000000070c600000, 0x000000070c600000| Untracked 
|  76|0x000000070c800000, 0x000000070c800000, 0x000000070ca00000|  0%| F|  |TAMS 0x000000070c800000, 0x000000070c800000| Untracked 
|  77|0x000000070ca00000, 0x000000070ca00000, 0x000000070cc00000|  0%| F|  |TAMS 0x000000070ca00000, 0x000000070ca00000| Untracked 
|  78|0x000000070cc00000, 0x000000070cc00000, 0x000000070ce00000|  0%| F|  |TAMS 0x000000070cc00000, 0x000000070cc00000| Untracked 
|  79|0x000000070ce00000, 0x000000070ce00000, 0x000000070d000000|  0%| F|  |TAMS 0x000000070ce00000, 0x000000070ce00000| Untracked 
|  80|0x000000070d000000, 0x000000070d000000, 0x000000070d200000|  0%| F|  |TAMS 0x000000070d000000, 0x000000070d000000| Untracked 
|  81|0x000000070d200000, 0x000000070d200000, 0x000000070d400000|  0%| F|  |TAMS 0x000000070d200000, 0x000000070d200000| Untracked 
|  82|0x000000070d400000, 0x000000070d400000, 0x000000070d600000|  0%| F|  |TAMS 0x000000070d400000, 0x000000070d400000| Untracked 
|  83|0x000000070d600000, 0x000000070d600000, 0x000000070d800000|  0%| F|  |TAMS 0x000000070d600000, 0x000000070d600000| Untracked 
|  84|0x000000070d800000, 0x000000070d800000, 0x000000070da00000|  0%| F|  |TAMS 0x000000070d800000, 0x000000070d800000| Untracked 
|  85|0x000000070da00000, 0x000000070da00000, 0x000000070dc00000|  0%| F|  |TAMS 0x000000070da00000, 0x000000070da00000| Untracked 
|  86|0x000000070dc00000, 0x000000070dc00000, 0x000000070de00000|  0%| F|  |TAMS 0x000000070dc00000, 0x000000070dc00000| Untracked 
|  87|0x000000070de00000, 0x000000070de00000, 0x000000070e000000|  0%| F|  |TAMS 0x000000070de00000, 0x000000070de00000| Untracked 
|  88|0x000000070e000000, 0x000000070e000000, 0x000000070e200000|  0%| F|  |TAMS 0x000000070e000000, 0x000000070e000000| Untracked 
|  89|0x000000070e200000, 0x000000070e200000, 0x000000070e400000|  0%| F|  |TAMS 0x000000070e200000, 0x000000070e200000| Untracked 
|  90|0x000000070e400000, 0x000000070e400000, 0x000000070e600000|  0%| F|  |TAMS 0x000000070e400000, 0x000000070e400000| Untracked 
|  91|0x000000070e600000, 0x000000070e600000, 0x000000070e800000|  0%| F|  |TAMS 0x000000070e600000, 0x000000070e600000| Untracked 
|  92|0x000000070e800000, 0x000000070e800000, 0x000000070ea00000|  0%| F|  |TAMS 0x000000070e800000, 0x000000070e800000| Untracked 
|  93|0x000000070ea00000, 0x000000070ea00000, 0x000000070ec00000|  0%| F|  |TAMS 0x000000070ea00000, 0x000000070ea00000| Untracked 
|  94|0x000000070ec00000, 0x000000070ec00000, 0x000000070ee00000|  0%| F|  |TAMS 0x000000070ec00000, 0x000000070ec00000| Untracked 
|  95|0x000000070ee00000, 0x000000070ee00000, 0x000000070f000000|  0%| F|  |TAMS 0x000000070ee00000, 0x000000070ee00000| Untracked 
|  96|0x000000070f000000, 0x000000070f000000, 0x000000070f200000|  0%| F|  |TAMS 0x000000070f000000, 0x000000070f000000| Untracked 
|  97|0x000000070f200000, 0x000000070f200000, 0x000000070f400000|  0%| F|  |TAMS 0x000000070f200000, 0x000000070f200000| Untracked 
|  98|0x000000070f400000, 0x000000070f400000, 0x000000070f600000|  0%| F|  |TAMS 0x000000070f400000, 0x000000070f400000| Untracked 
|  99|0x000000070f600000, 0x000000070f600000, 0x000000070f800000|  0%| F|  |TAMS 0x000000070f600000, 0x000000070f600000| Untracked 
| 100|0x000000070f800000, 0x000000070f800000, 0x000000070fa00000|  0%| F|  |TAMS 0x000000070f800000, 0x000000070f800000| Untracked 
| 101|0x000000070fa00000, 0x000000070fa00000, 0x000000070fc00000|  0%| F|  |TAMS 0x000000070fa00000, 0x000000070fa00000| Untracked 
| 102|0x000000070fc00000, 0x000000070fc00000, 0x000000070fe00000|  0%| F|  |TAMS 0x000000070fc00000, 0x000000070fc00000| Untracked 
| 103|0x000000070fe00000, 0x000000070fe00000, 0x0000000710000000|  0%| F|  |TAMS 0x000000070fe00000, 0x000000070fe00000| Untracked 
| 104|0x0000000710000000, 0x0000000710000000, 0x0000000710200000|  0%| F|  |TAMS 0x0000000710000000, 0x0000000710000000| Untracked 
| 105|0x0000000710200000, 0x0000000710200000, 0x0000000710400000|  0%| F|  |TAMS 0x0000000710200000, 0x0000000710200000| Untracked 
| 106|0x0000000710400000, 0x0000000710400000, 0x0000000710600000|  0%| F|  |TAMS 0x0000000710400000, 0x0000000710400000| Untracked 
| 107|0x0000000710600000, 0x0000000710600000, 0x0000000710800000|  0%| F|  |TAMS 0x0000000710600000, 0x0000000710600000| Untracked 
| 108|0x0000000710800000, 0x0000000710800000, 0x0000000710a00000|  0%| F|  |TAMS 0x0000000710800000, 0x0000000710800000| Untracked 
| 109|0x0000000710a00000, 0x0000000710a00000, 0x0000000710c00000|  0%| F|  |TAMS 0x0000000710a00000, 0x0000000710a00000| Untracked 
| 110|0x0000000710c00000, 0x0000000710c00000, 0x0000000710e00000|  0%| F|  |TAMS 0x0000000710c00000, 0x0000000710c00000| Untracked 
| 111|0x0000000710e00000, 0x0000000710e00000, 0x0000000711000000|  0%| F|  |TAMS 0x0000000710e00000, 0x0000000710e00000| Untracked 
| 112|0x0000000711000000, 0x0000000711000000, 0x0000000711200000|  0%| F|  |TAMS 0x0000000711000000, 0x0000000711000000| Untracked 
| 113|0x0000000711200000, 0x0000000711200000, 0x0000000711400000|  0%| F|  |TAMS 0x0000000711200000, 0x0000000711200000| Untracked 
| 114|0x0000000711400000, 0x0000000711400000, 0x0000000711600000|  0%| F|  |TAMS 0x0000000711400000, 0x0000000711400000| Untracked 
| 115|0x0000000711600000, 0x0000000711600000, 0x0000000711800000|  0%| F|  |TAMS 0x0000000711600000, 0x0000000711600000| Untracked 
| 116|0x0000000711800000, 0x0000000711800000, 0x0000000711a00000|  0%| F|  |TAMS 0x0000000711800000, 0x0000000711800000| Untracked 
| 117|0x0000000711a00000, 0x0000000711a00000, 0x0000000711c00000|  0%| F|  |TAMS 0x0000000711a00000, 0x0000000711a00000| Untracked 
| 118|0x0000000711c00000, 0x0000000711c00000, 0x0000000711e00000|  0%| F|  |TAMS 0x0000000711c00000, 0x0000000711c00000| Untracked 
| 119|0x0000000711e00000, 0x0000000711f440d8, 0x0000000712000000| 63%| S|CS|TAMS 0x0000000711e00000, 0x0000000711e00000| Complete 
| 120|0x0000000712000000, 0x0000000712000000, 0x0000000712200000|  0%| F|  |TAMS 0x0000000712000000, 0x0000000712000000| Untracked 
| 121|0x0000000712200000, 0x0000000712200000, 0x0000000712400000|  0%| F|  |TAMS 0x0000000712200000, 0x0000000712200000| Untracked 
| 122|0x0000000712400000, 0x0000000712400000, 0x0000000712600000|  0%| F|  |TAMS 0x0000000712400000, 0x0000000712400000| Untracked 
| 123|0x0000000712600000, 0x0000000712600000, 0x0000000712800000|  0%| F|  |TAMS 0x0000000712600000, 0x0000000712600000| Untracked 
| 124|0x0000000712800000, 0x0000000712800000, 0x0000000712a00000|  0%| F|  |TAMS 0x0000000712800000, 0x0000000712800000| Untracked 
| 125|0x0000000712a00000, 0x0000000712a00000, 0x0000000712c00000|  0%| F|  |TAMS 0x0000000712a00000, 0x0000000712a00000| Untracked 
| 126|0x0000000712c00000, 0x0000000712c00000, 0x0000000712e00000|  0%| F|  |TAMS 0x0000000712c00000, 0x0000000712c00000| Untracked 
| 127|0x0000000712e00000, 0x0000000712e00000, 0x0000000713000000|  0%| F|  |TAMS 0x0000000712e00000, 0x0000000712e00000| Untracked 
| 128|0x0000000713000000, 0x0000000713000000, 0x0000000713200000|  0%| F|  |TAMS 0x0000000713000000, 0x0000000713000000| Untracked 
| 129|0x0000000713200000, 0x0000000713200000, 0x0000000713400000|  0%| F|  |TAMS 0x0000000713200000, 0x0000000713200000| Untracked 
| 130|0x0000000713400000, 0x0000000713400000, 0x0000000713600000|  0%| F|  |TAMS 0x0000000713400000, 0x0000000713400000| Untracked 
| 131|0x0000000713600000, 0x0000000713600000, 0x0000000713800000|  0%| F|  |TAMS 0x0000000713600000, 0x0000000713600000| Untracked 
| 132|0x0000000713800000, 0x0000000713800000, 0x0000000713a00000|  0%| F|  |TAMS 0x0000000713800000, 0x0000000713800000| Untracked 
| 133|0x0000000713a00000, 0x0000000713a00000, 0x0000000713c00000|  0%| F|  |TAMS 0x0000000713a00000, 0x0000000713a00000| Untracked 
| 134|0x0000000713c00000, 0x0000000713c00000, 0x0000000713e00000|  0%| F|  |TAMS 0x0000000713c00000, 0x0000000713c00000| Untracked 
| 135|0x0000000713e00000, 0x0000000713e00000, 0x0000000714000000|  0%| F|  |TAMS 0x0000000713e00000, 0x0000000713e00000| Untracked 
| 136|0x0000000714000000, 0x0000000714000000, 0x0000000714200000|  0%| F|  |TAMS 0x0000000714000000, 0x0000000714000000| Untracked 
| 137|0x0000000714200000, 0x0000000714200000, 0x0000000714400000|  0%| F|  |TAMS 0x0000000714200000, 0x0000000714200000| Untracked 
| 138|0x0000000714400000, 0x0000000714400000, 0x0000000714600000|  0%| F|  |TAMS 0x0000000714400000, 0x0000000714400000| Untracked 
| 139|0x0000000714600000, 0x0000000714600000, 0x0000000714800000|  0%| F|  |TAMS 0x0000000714600000, 0x0000000714600000| Untracked 
| 140|0x0000000714800000, 0x0000000714800000, 0x0000000714a00000|  0%| F|  |TAMS 0x0000000714800000, 0x0000000714800000| Untracked 
| 141|0x0000000714a00000, 0x0000000714a00000, 0x0000000714c00000|  0%| F|  |TAMS 0x0000000714a00000, 0x0000000714a00000| Untracked 
| 142|0x0000000714c00000, 0x0000000714c00000, 0x0000000714e00000|  0%| F|  |TAMS 0x0000000714c00000, 0x0000000714c00000| Untracked 
| 143|0x0000000714e00000, 0x0000000714e00000, 0x0000000715000000|  0%| F|  |TAMS 0x0000000714e00000, 0x0000000714e00000| Untracked 
| 144|0x0000000715000000, 0x0000000715000000, 0x0000000715200000|  0%| F|  |TAMS 0x0000000715000000, 0x0000000715000000| Untracked 
| 145|0x0000000715200000, 0x0000000715200000, 0x0000000715400000|  0%| F|  |TAMS 0x0000000715200000, 0x0000000715200000| Untracked 
| 146|0x0000000715400000, 0x0000000715400000, 0x0000000715600000|  0%| F|  |TAMS 0x0000000715400000, 0x0000000715400000| Untracked 
| 147|0x0000000715600000, 0x0000000715600000, 0x0000000715800000|  0%| F|  |TAMS 0x0000000715600000, 0x0000000715600000| Untracked 
| 148|0x0000000715800000, 0x0000000715800000, 0x0000000715a00000|  0%| F|  |TAMS 0x0000000715800000, 0x0000000715800000| Untracked 
| 149|0x0000000715a00000, 0x0000000715a00000, 0x0000000715c00000|  0%| F|  |TAMS 0x0000000715a00000, 0x0000000715a00000| Untracked 
| 150|0x0000000715c00000, 0x0000000715c00000, 0x0000000715e00000|  0%| F|  |TAMS 0x0000000715c00000, 0x0000000715c00000| Untracked 
| 151|0x0000000715e00000, 0x0000000715e00000, 0x0000000716000000|  0%| F|  |TAMS 0x0000000715e00000, 0x0000000715e00000| Untracked 
| 152|0x0000000716000000, 0x0000000716000000, 0x0000000716200000|  0%| F|  |TAMS 0x0000000716000000, 0x0000000716000000| Untracked 
| 153|0x0000000716200000, 0x0000000716200000, 0x0000000716400000|  0%| F|  |TAMS 0x0000000716200000, 0x0000000716200000| Untracked 
| 154|0x0000000716400000, 0x0000000716400000, 0x0000000716600000|  0%| F|  |TAMS 0x0000000716400000, 0x0000000716400000| Untracked 
| 155|0x0000000716600000, 0x0000000716600000, 0x0000000716800000|  0%| F|  |TAMS 0x0000000716600000, 0x0000000716600000| Untracked 
| 156|0x0000000716800000, 0x0000000716800000, 0x0000000716a00000|  0%| F|  |TAMS 0x0000000716800000, 0x0000000716800000| Untracked 
| 157|0x0000000716a00000, 0x0000000716a00000, 0x0000000716c00000|  0%| F|  |TAMS 0x0000000716a00000, 0x0000000716a00000| Untracked 
| 158|0x0000000716c00000, 0x0000000716c00000, 0x0000000716e00000|  0%| F|  |TAMS 0x0000000716c00000, 0x0000000716c00000| Untracked 
| 159|0x0000000716e00000, 0x0000000716e00000, 0x0000000717000000|  0%| F|  |TAMS 0x0000000716e00000, 0x0000000716e00000| Untracked 
| 160|0x0000000717000000, 0x0000000717000000, 0x0000000717200000|  0%| F|  |TAMS 0x0000000717000000, 0x0000000717000000| Untracked 
| 161|0x0000000717200000, 0x0000000717200000, 0x0000000717400000|  0%| F|  |TAMS 0x0000000717200000, 0x0000000717200000| Untracked 
| 162|0x0000000717400000, 0x0000000717400000, 0x0000000717600000|  0%| F|  |TAMS 0x0000000717400000, 0x0000000717400000| Untracked 
| 163|0x0000000717600000, 0x0000000717600000, 0x0000000717800000|  0%| F|  |TAMS 0x0000000717600000, 0x0000000717600000| Untracked 
| 164|0x0000000717800000, 0x0000000717800000, 0x0000000717a00000|  0%| F|  |TAMS 0x0000000717800000, 0x0000000717800000| Untracked 
| 165|0x0000000717a00000, 0x0000000717a00000, 0x0000000717c00000|  0%| F|  |TAMS 0x0000000717a00000, 0x0000000717a00000| Untracked 
| 166|0x0000000717c00000, 0x0000000717c00000, 0x0000000717e00000|  0%| F|  |TAMS 0x0000000717c00000, 0x0000000717c00000| Untracked 
| 167|0x0000000717e00000, 0x0000000717e00000, 0x0000000718000000|  0%| F|  |TAMS 0x0000000717e00000, 0x0000000717e00000| Untracked 
| 168|0x0000000718000000, 0x0000000718000000, 0x0000000718200000|  0%| F|  |TAMS 0x0000000718000000, 0x0000000718000000| Untracked 
| 169|0x0000000718200000, 0x0000000718200000, 0x0000000718400000|  0%| F|  |TAMS 0x0000000718200000, 0x0000000718200000| Untracked 
| 170|0x0000000718400000, 0x0000000718400000, 0x0000000718600000|  0%| F|  |TAMS 0x0000000718400000, 0x0000000718400000| Untracked 
| 171|0x0000000718600000, 0x0000000718600000, 0x0000000718800000|  0%| F|  |TAMS 0x0000000718600000, 0x0000000718600000| Untracked 
| 172|0x0000000718800000, 0x0000000718800000, 0x0000000718a00000|  0%| F|  |TAMS 0x0000000718800000, 0x0000000718800000| Untracked 
| 173|0x0000000718a00000, 0x0000000718a00000, 0x0000000718c00000|  0%| F|  |TAMS 0x0000000718a00000, 0x0000000718a00000| Untracked 
| 174|0x0000000718c00000, 0x0000000718c00000, 0x0000000718e00000|  0%| F|  |TAMS 0x0000000718c00000, 0x0000000718c00000| Untracked 
| 175|0x0000000718e00000, 0x0000000718e00000, 0x0000000719000000|  0%| F|  |TAMS 0x0000000718e00000, 0x0000000718e00000| Untracked 
| 176|0x0000000719000000, 0x0000000719000000, 0x0000000719200000|  0%| F|  |TAMS 0x0000000719000000, 0x0000000719000000| Untracked 
| 177|0x0000000719200000, 0x0000000719200000, 0x0000000719400000|  0%| F|  |TAMS 0x0000000719200000, 0x0000000719200000| Untracked 
| 178|0x0000000719400000, 0x0000000719400000, 0x0000000719600000|  0%| F|  |TAMS 0x0000000719400000, 0x0000000719400000| Untracked 
| 179|0x0000000719600000, 0x0000000719600000, 0x0000000719800000|  0%| F|  |TAMS 0x0000000719600000, 0x0000000719600000| Untracked 
| 180|0x0000000719800000, 0x0000000719800000, 0x0000000719a00000|  0%| F|  |TAMS 0x0000000719800000, 0x0000000719800000| Untracked 
| 181|0x0000000719a00000, 0x0000000719a00000, 0x0000000719c00000|  0%| F|  |TAMS 0x0000000719a00000, 0x0000000719a00000| Untracked 
| 182|0x0000000719c00000, 0x0000000719c00000, 0x0000000719e00000|  0%| F|  |TAMS 0x0000000719c00000, 0x0000000719c00000| Untracked 
| 183|0x0000000719e00000, 0x0000000719e00000, 0x000000071a000000|  0%| F|  |TAMS 0x0000000719e00000, 0x0000000719e00000| Untracked 
| 184|0x000000071a000000, 0x000000071a000000, 0x000000071a200000|  0%| F|  |TAMS 0x000000071a000000, 0x000000071a000000| Untracked 
| 185|0x000000071a200000, 0x000000071a200000, 0x000000071a400000|  0%| F|  |TAMS 0x000000071a200000, 0x000000071a200000| Untracked 
| 186|0x000000071a400000, 0x000000071a400000, 0x000000071a600000|  0%| F|  |TAMS 0x000000071a400000, 0x000000071a400000| Untracked 
| 187|0x000000071a600000, 0x000000071a600000, 0x000000071a800000|  0%| F|  |TAMS 0x000000071a600000, 0x000000071a600000| Untracked 
| 188|0x000000071a800000, 0x000000071a800000, 0x000000071aa00000|  0%| F|  |TAMS 0x000000071a800000, 0x000000071a800000| Untracked 
| 189|0x000000071aa00000, 0x000000071aa00000, 0x000000071ac00000|  0%| F|  |TAMS 0x000000071aa00000, 0x000000071aa00000| Untracked 
| 190|0x000000071ac00000, 0x000000071ac00000, 0x000000071ae00000|  0%| F|  |TAMS 0x000000071ac00000, 0x000000071ac00000| Untracked 
| 191|0x000000071ae00000, 0x000000071ae00000, 0x000000071b000000|  0%| F|  |TAMS 0x000000071ae00000, 0x000000071ae00000| Untracked 
| 192|0x000000071b000000, 0x000000071b000000, 0x000000071b200000|  0%| F|  |TAMS 0x000000071b000000, 0x000000071b000000| Untracked 
| 193|0x000000071b200000, 0x000000071b200000, 0x000000071b400000|  0%| F|  |TAMS 0x000000071b200000, 0x000000071b200000| Untracked 
| 194|0x000000071b400000, 0x000000071b400000, 0x000000071b600000|  0%| F|  |TAMS 0x000000071b400000, 0x000000071b400000| Untracked 
| 195|0x000000071b600000, 0x000000071b600000, 0x000000071b800000|  0%| F|  |TAMS 0x000000071b600000, 0x000000071b600000| Untracked 
| 196|0x000000071b800000, 0x000000071b800000, 0x000000071ba00000|  0%| F|  |TAMS 0x000000071b800000, 0x000000071b800000| Untracked 
| 197|0x000000071ba00000, 0x000000071ba00000, 0x000000071bc00000|  0%| F|  |TAMS 0x000000071ba00000, 0x000000071ba00000| Untracked 
| 198|0x000000071bc00000, 0x000000071bc00000, 0x000000071be00000|  0%| F|  |TAMS 0x000000071bc00000, 0x000000071bc00000| Untracked 
| 199|0x000000071be00000, 0x000000071be00000, 0x000000071c000000|  0%| F|  |TAMS 0x000000071be00000, 0x000000071be00000| Untracked 
| 200|0x000000071c000000, 0x000000071c000000, 0x000000071c200000|  0%| F|  |TAMS 0x000000071c000000, 0x000000071c000000| Untracked 
| 201|0x000000071c200000, 0x000000071c200000, 0x000000071c400000|  0%| F|  |TAMS 0x000000071c200000, 0x000000071c200000| Untracked 
| 202|0x000000071c400000, 0x000000071c400000, 0x000000071c600000|  0%| F|  |TAMS 0x000000071c400000, 0x000000071c400000| Untracked 
| 203|0x000000071c600000, 0x000000071c600000, 0x000000071c800000|  0%| F|  |TAMS 0x000000071c600000, 0x000000071c600000| Untracked 
| 204|0x000000071c800000, 0x000000071c800000, 0x000000071ca00000|  0%| F|  |TAMS 0x000000071c800000, 0x000000071c800000| Untracked 
| 205|0x000000071ca00000, 0x000000071ca00000, 0x000000071cc00000|  0%| F|  |TAMS 0x000000071ca00000, 0x000000071ca00000| Untracked 
| 206|0x000000071cc00000, 0x000000071cc00000, 0x000000071ce00000|  0%| F|  |TAMS 0x000000071cc00000, 0x000000071cc00000| Untracked 
| 207|0x000000071ce00000, 0x000000071ce00000, 0x000000071d000000|  0%| F|  |TAMS 0x000000071ce00000, 0x000000071ce00000| Untracked 
| 208|0x000000071d000000, 0x000000071d000000, 0x000000071d200000|  0%| F|  |TAMS 0x000000071d000000, 0x000000071d000000| Untracked 
| 209|0x000000071d200000, 0x000000071d200000, 0x000000071d400000|  0%| F|  |TAMS 0x000000071d200000, 0x000000071d200000| Untracked 
| 210|0x000000071d400000, 0x000000071d400000, 0x000000071d600000|  0%| F|  |TAMS 0x000000071d400000, 0x000000071d400000| Untracked 
| 211|0x000000071d600000, 0x000000071d600000, 0x000000071d800000|  0%| F|  |TAMS 0x000000071d600000, 0x000000071d600000| Untracked 
| 212|0x000000071d800000, 0x000000071d800000, 0x000000071da00000|  0%| F|  |TAMS 0x000000071d800000, 0x000000071d800000| Untracked 
| 213|0x000000071da00000, 0x000000071da00000, 0x000000071dc00000|  0%| F|  |TAMS 0x000000071da00000, 0x000000071da00000| Untracked 
| 214|0x000000071dc00000, 0x000000071dc00000, 0x000000071de00000|  0%| F|  |TAMS 0x000000071dc00000, 0x000000071dc00000| Untracked 
| 215|0x000000071de00000, 0x000000071de00000, 0x000000071e000000|  0%| F|  |TAMS 0x000000071de00000, 0x000000071de00000| Untracked 
| 216|0x000000071e000000, 0x000000071e000000, 0x000000071e200000|  0%| F|  |TAMS 0x000000071e000000, 0x000000071e000000| Untracked 
| 217|0x000000071e200000, 0x000000071e200000, 0x000000071e400000|  0%| F|  |TAMS 0x000000071e200000, 0x000000071e200000| Untracked 
| 218|0x000000071e400000, 0x000000071e400000, 0x000000071e600000|  0%| F|  |TAMS 0x000000071e400000, 0x000000071e400000| Untracked 
| 219|0x000000071e600000, 0x000000071e600000, 0x000000071e800000|  0%| F|  |TAMS 0x000000071e600000, 0x000000071e600000| Untracked 
| 220|0x000000071e800000, 0x000000071e800000, 0x000000071ea00000|  0%| F|  |TAMS 0x000000071e800000, 0x000000071e800000| Untracked 
| 221|0x000000071ea00000, 0x000000071ea00000, 0x000000071ec00000|  0%| F|  |TAMS 0x000000071ea00000, 0x000000071ea00000| Untracked 
| 222|0x000000071ec00000, 0x000000071ec00000, 0x000000071ee00000|  0%| F|  |TAMS 0x000000071ec00000, 0x000000071ec00000| Untracked 
| 223|0x000000071ee00000, 0x000000071ee00000, 0x000000071f000000|  0%| F|  |TAMS 0x000000071ee00000, 0x000000071ee00000| Untracked 
| 224|0x000000071f000000, 0x000000071f000000, 0x000000071f200000|  0%| F|  |TAMS 0x000000071f000000, 0x000000071f000000| Untracked 
| 225|0x000000071f200000, 0x000000071f200000, 0x000000071f400000|  0%| F|  |TAMS 0x000000071f200000, 0x000000071f200000| Untracked 
| 226|0x000000071f400000, 0x000000071f400000, 0x000000071f600000|  0%| F|  |TAMS 0x000000071f400000, 0x000000071f400000| Untracked 
| 227|0x000000071f600000, 0x000000071f600000, 0x000000071f800000|  0%| F|  |TAMS 0x000000071f600000, 0x000000071f600000| Untracked 
| 228|0x000000071f800000, 0x000000071f800000, 0x000000071fa00000|  0%| F|  |TAMS 0x000000071f800000, 0x000000071f800000| Untracked 
| 229|0x000000071fa00000, 0x000000071fa00000, 0x000000071fc00000|  0%| F|  |TAMS 0x000000071fa00000, 0x000000071fa00000| Untracked 
| 230|0x000000071fc00000, 0x000000071fc00000, 0x000000071fe00000|  0%| F|  |TAMS 0x000000071fc00000, 0x000000071fc00000| Untracked 
| 231|0x000000071fe00000, 0x000000071fe00000, 0x0000000720000000|  0%| F|  |TAMS 0x000000071fe00000, 0x000000071fe00000| Untracked 
| 232|0x0000000720000000, 0x0000000720000000, 0x0000000720200000|  0%| F|  |TAMS 0x0000000720000000, 0x0000000720000000| Untracked 
| 233|0x0000000720200000, 0x0000000720200000, 0x0000000720400000|  0%| F|  |TAMS 0x0000000720200000, 0x0000000720200000| Untracked 
| 234|0x0000000720400000, 0x0000000720400000, 0x0000000720600000|  0%| F|  |TAMS 0x0000000720400000, 0x0000000720400000| Untracked 
| 235|0x0000000720600000, 0x0000000720600000, 0x0000000720800000|  0%| F|  |TAMS 0x0000000720600000, 0x0000000720600000| Untracked 
| 236|0x0000000720800000, 0x0000000720800000, 0x0000000720a00000|  0%| F|  |TAMS 0x0000000720800000, 0x0000000720800000| Untracked 
| 237|0x0000000720a00000, 0x0000000720a00000, 0x0000000720c00000|  0%| F|  |TAMS 0x0000000720a00000, 0x0000000720a00000| Untracked 
| 238|0x0000000720c00000, 0x0000000720c00000, 0x0000000720e00000|  0%| F|  |TAMS 0x0000000720c00000, 0x0000000720c00000| Untracked 
| 239|0x0000000720e00000, 0x0000000720e00000, 0x0000000721000000|  0%| F|  |TAMS 0x0000000720e00000, 0x0000000720e00000| Untracked 
| 240|0x0000000721000000, 0x0000000721000000, 0x0000000721200000|  0%| F|  |TAMS 0x0000000721000000, 0x0000000721000000| Untracked 
| 241|0x0000000721200000, 0x0000000721200000, 0x0000000721400000|  0%| F|  |TAMS 0x0000000721200000, 0x0000000721200000| Untracked 
| 242|0x0000000721400000, 0x0000000721400000, 0x0000000721600000|  0%| F|  |TAMS 0x0000000721400000, 0x0000000721400000| Untracked 
| 243|0x0000000721600000, 0x0000000721600000, 0x0000000721800000|  0%| F|  |TAMS 0x0000000721600000, 0x0000000721600000| Untracked 
| 244|0x0000000721800000, 0x0000000721800000, 0x0000000721a00000|  0%| F|  |TAMS 0x0000000721800000, 0x0000000721800000| Untracked 
| 245|0x0000000721a00000, 0x0000000721a00000, 0x0000000721c00000|  0%| F|  |TAMS 0x0000000721a00000, 0x0000000721a00000| Untracked 
| 246|0x0000000721c00000, 0x0000000721c00000, 0x0000000721e00000|  0%| F|  |TAMS 0x0000000721c00000, 0x0000000721c00000| Untracked 
| 247|0x0000000721e00000, 0x0000000721e00000, 0x0000000722000000|  0%| F|  |TAMS 0x0000000721e00000, 0x0000000721e00000| Untracked 
| 248|0x0000000722000000, 0x0000000722000000, 0x0000000722200000|  0%| F|  |TAMS 0x0000000722000000, 0x0000000722000000| Untracked 
| 249|0x0000000722200000, 0x0000000722200000, 0x0000000722400000|  0%| F|  |TAMS 0x0000000722200000, 0x0000000722200000| Untracked 
| 250|0x0000000722400000, 0x0000000722400000, 0x0000000722600000|  0%| F|  |TAMS 0x0000000722400000, 0x0000000722400000| Untracked 
| 251|0x0000000722600000, 0x0000000722600000, 0x0000000722800000|  0%| F|  |TAMS 0x0000000722600000, 0x0000000722600000| Untracked 
| 252|0x0000000722800000, 0x0000000722800000, 0x0000000722a00000|  0%| F|  |TAMS 0x0000000722800000, 0x0000000722800000| Untracked 
| 253|0x0000000722a00000, 0x0000000722a00000, 0x0000000722c00000|  0%| F|  |TAMS 0x0000000722a00000, 0x0000000722a00000| Untracked 
| 254|0x0000000722c00000, 0x0000000722c00000, 0x0000000722e00000|  0%| F|  |TAMS 0x0000000722c00000, 0x0000000722c00000| Untracked 
| 255|0x0000000722e00000, 0x0000000722e00000, 0x0000000723000000|  0%| F|  |TAMS 0x0000000722e00000, 0x0000000722e00000| Untracked 
| 256|0x0000000723000000, 0x0000000723000000, 0x0000000723200000|  0%| F|  |TAMS 0x0000000723000000, 0x0000000723000000| Untracked 
| 257|0x0000000723200000, 0x0000000723200000, 0x0000000723400000|  0%| F|  |TAMS 0x0000000723200000, 0x0000000723200000| Untracked 
| 258|0x0000000723400000, 0x0000000723400000, 0x0000000723600000|  0%| F|  |TAMS 0x0000000723400000, 0x0000000723400000| Untracked 
| 259|0x0000000723600000, 0x0000000723600000, 0x0000000723800000|  0%| F|  |TAMS 0x0000000723600000, 0x0000000723600000| Untracked 
| 260|0x0000000723800000, 0x0000000723800000, 0x0000000723a00000|  0%| F|  |TAMS 0x0000000723800000, 0x0000000723800000| Untracked 
| 261|0x0000000723a00000, 0x0000000723a00000, 0x0000000723c00000|  0%| F|  |TAMS 0x0000000723a00000, 0x0000000723a00000| Untracked 
| 262|0x0000000723c00000, 0x0000000723c00000, 0x0000000723e00000|  0%| F|  |TAMS 0x0000000723c00000, 0x0000000723c00000| Untracked 
| 263|0x0000000723e00000, 0x0000000723e00000, 0x0000000724000000|  0%| F|  |TAMS 0x0000000723e00000, 0x0000000723e00000| Untracked 
| 264|0x0000000724000000, 0x0000000724000000, 0x0000000724200000|  0%| F|  |TAMS 0x0000000724000000, 0x0000000724000000| Untracked 
| 265|0x0000000724200000, 0x0000000724200000, 0x0000000724400000|  0%| F|  |TAMS 0x0000000724200000, 0x0000000724200000| Untracked 
| 266|0x0000000724400000, 0x0000000724400000, 0x0000000724600000|  0%| F|  |TAMS 0x0000000724400000, 0x0000000724400000| Untracked 
| 267|0x0000000724600000, 0x0000000724600000, 0x0000000724800000|  0%| F|  |TAMS 0x0000000724600000, 0x0000000724600000| Untracked 
| 268|0x0000000724800000, 0x0000000724800000, 0x0000000724a00000|  0%| F|  |TAMS 0x0000000724800000, 0x0000000724800000| Untracked 
| 269|0x0000000724a00000, 0x0000000724a00000, 0x0000000724c00000|  0%| F|  |TAMS 0x0000000724a00000, 0x0000000724a00000| Untracked 
| 270|0x0000000724c00000, 0x0000000724c00000, 0x0000000724e00000|  0%| F|  |TAMS 0x0000000724c00000, 0x0000000724c00000| Untracked 
| 271|0x0000000724e00000, 0x0000000724e00000, 0x0000000725000000|  0%| F|  |TAMS 0x0000000724e00000, 0x0000000724e00000| Untracked 
| 272|0x0000000725000000, 0x0000000725000000, 0x0000000725200000|  0%| F|  |TAMS 0x0000000725000000, 0x0000000725000000| Untracked 
| 273|0x0000000725200000, 0x0000000725200000, 0x0000000725400000|  0%| F|  |TAMS 0x0000000725200000, 0x0000000725200000| Untracked 
| 274|0x0000000725400000, 0x0000000725400000, 0x0000000725600000|  0%| F|  |TAMS 0x0000000725400000, 0x0000000725400000| Untracked 
| 275|0x0000000725600000, 0x0000000725600000, 0x0000000725800000|  0%| F|  |TAMS 0x0000000725600000, 0x0000000725600000| Untracked 
| 276|0x0000000725800000, 0x0000000725800000, 0x0000000725a00000|  0%| F|  |TAMS 0x0000000725800000, 0x0000000725800000| Untracked 
| 277|0x0000000725a00000, 0x0000000725a00000, 0x0000000725c00000|  0%| F|  |TAMS 0x0000000725a00000, 0x0000000725a00000| Untracked 
| 278|0x0000000725c00000, 0x0000000725c00000, 0x0000000725e00000|  0%| F|  |TAMS 0x0000000725c00000, 0x0000000725c00000| Untracked 
| 279|0x0000000725e00000, 0x0000000725e00000, 0x0000000726000000|  0%| F|  |TAMS 0x0000000725e00000, 0x0000000725e00000| Untracked 
| 280|0x0000000726000000, 0x0000000726000000, 0x0000000726200000|  0%| F|  |TAMS 0x0000000726000000, 0x0000000726000000| Untracked 
| 281|0x0000000726200000, 0x0000000726200000, 0x0000000726400000|  0%| F|  |TAMS 0x0000000726200000, 0x0000000726200000| Untracked 
| 282|0x0000000726400000, 0x0000000726400000, 0x0000000726600000|  0%| F|  |TAMS 0x0000000726400000, 0x0000000726400000| Untracked 
| 283|0x0000000726600000, 0x0000000726600000, 0x0000000726800000|  0%| F|  |TAMS 0x0000000726600000, 0x0000000726600000| Untracked 
| 284|0x0000000726800000, 0x0000000726800000, 0x0000000726a00000|  0%| F|  |TAMS 0x0000000726800000, 0x0000000726800000| Untracked 
| 285|0x0000000726a00000, 0x0000000726a00000, 0x0000000726c00000|  0%| F|  |TAMS 0x0000000726a00000, 0x0000000726a00000| Untracked 
| 286|0x0000000726c00000, 0x0000000726c00000, 0x0000000726e00000|  0%| F|  |TAMS 0x0000000726c00000, 0x0000000726c00000| Untracked 
| 287|0x0000000726e00000, 0x0000000726e00000, 0x0000000727000000|  0%| F|  |TAMS 0x0000000726e00000, 0x0000000726e00000| Untracked 
| 288|0x0000000727000000, 0x0000000727000000, 0x0000000727200000|  0%| F|  |TAMS 0x0000000727000000, 0x0000000727000000| Untracked 
| 289|0x0000000727200000, 0x0000000727200000, 0x0000000727400000|  0%| F|  |TAMS 0x0000000727200000, 0x0000000727200000| Untracked 
| 290|0x0000000727400000, 0x0000000727400000, 0x0000000727600000|  0%| F|  |TAMS 0x0000000727400000, 0x0000000727400000| Untracked 
| 291|0x0000000727600000, 0x0000000727600000, 0x0000000727800000|  0%| F|  |TAMS 0x0000000727600000, 0x0000000727600000| Untracked 
| 292|0x0000000727800000, 0x0000000727800000, 0x0000000727a00000|  0%| F|  |TAMS 0x0000000727800000, 0x0000000727800000| Untracked 
| 293|0x0000000727a00000, 0x0000000727a00000, 0x0000000727c00000|  0%| F|  |TAMS 0x0000000727a00000, 0x0000000727a00000| Untracked 
| 294|0x0000000727c00000, 0x0000000727c00000, 0x0000000727e00000|  0%| F|  |TAMS 0x0000000727c00000, 0x0000000727c00000| Untracked 
| 295|0x0000000727e00000, 0x0000000727e00000, 0x0000000728000000|  0%| F|  |TAMS 0x0000000727e00000, 0x0000000727e00000| Untracked 

Card table byte_map: [0x000001fdd0440000,0x000001fdd0c30000] _byte_map_base: 0x000001fdccc28000

Marking Bits (Prev, Next): (CMBitMap*) 0x000001fdb8a29eb0, (CMBitMap*) 0x000001fdb8a29ef0
 Prev Bits: [0x000001fdd1420000, 0x000001fdd5360000)
 Next Bits: [0x000001fdd5360000, 0x000001fdd92a0000)

Polling page: 0x000001fdb69c0000

Metaspace:

Usage:
  Non-class:     34.21 MB used.
      Class:      4.96 MB used.
       Both:     39.17 MB used.

Virtual space:
  Non-class space:       64.00 MB reserved,      34.38 MB ( 54%) committed,  1 nodes.
      Class space:        1.00 GB reserved,       5.12 MB ( <1%) committed,  1 nodes.
             Both:        1.06 GB reserved,      39.50 MB (  4%) committed. 

Chunk freelists:
   Non-Class:  1.00 MB
       Class:  2.93 MB
        Both:  3.93 MB

MaxMetaspaceSize: unlimited
CompressedClassSpaceSize: 1.00 GB
Initial GC threshold: 21.00 MB
Current GC threshold: 59.00 MB
CDS: on
MetaspaceReclaimPolicy: balanced
 - commit_granule_bytes: 65536.
 - commit_granule_words: 8192.
 - virtual_space_node_default_size: 8388608.
 - enlarge_chunks_in_place: 1.
 - new_chunks_are_fully_committed: 0.
 - uncommit_free_chunks: 1.
 - use_allocation_guard: 0.


Internal statistics:

num_allocs_failed_limit: 6.
num_arena_births: 344.
num_arena_deaths: 2.
num_vsnodes_births: 2.
num_vsnodes_deaths: 0.
num_space_committed: 632.
num_space_uncommitted: 0.
num_chunks_returned_to_freelist: 9.
num_chunks_taken_from_freelist: 1477.
num_chunk_merges: 6.
num_chunk_splits: 1063.
num_chunks_enlarged: 864.
num_inconsistent_stats: 0.

CodeHeap 'non-profiled nmethods': size=120000Kb used=1754Kb max_used=1754Kb free=118245Kb
 bounds [0x000001fdc83e0000, 0x000001fdc8650000, 0x000001fdcf910000]
CodeHeap 'profiled nmethods': size=120000Kb used=7596Kb max_used=7596Kb free=112403Kb
 bounds [0x000001fdc0910000, 0x000001fdc1080000, 0x000001fdc7e40000]
CodeHeap 'non-nmethods': size=5760Kb used=1443Kb max_used=1530Kb free=4316Kb
 bounds [0x000001fdc7e40000, 0x000001fdc80b0000, 0x000001fdc83e0000]
 total_blobs=4765 nmethods=4072 adapters=603
 compilation: enabled
              stopped_count=0, restarted_count=0
 full_count=0

Compilation events (20 events):
Event: 100.306 Thread 0x000001fddbcfce70 4065       3       java.io.InputStream::read (9 bytes)
Event: 100.306 Thread 0x000001fddbcfce70 nmethod 4065 0x000001fdc1075010 code [0x000001fdc10751c0, 0x000001fdc10753a8]
Event: 100.306 Thread 0x000001fddbcfce70 4066   !   3       java.io.PrintWriter::close (63 bytes)
Event: 100.308 Thread 0x000001fddbcfce70 nmethod 4066 0x000001fdc1075490 code [0x000001fdc1075740, 0x000001fdc1076918]
Event: 100.308 Thread 0x000001fddbcfce70 4067   !   3       java.io.PrintWriter::implClose (29 bytes)
Event: 100.308 Thread 0x000001fddbcfce70 nmethod 4067 0x000001fdc1076e90 code [0x000001fdc1077040, 0x000001fdc1077308]
Event: 100.310 Thread 0x000001fddbcfce70 4068   !   3       sun.nio.ch.NioSocketImpl::implRead (230 bytes)
Event: 100.312 Thread 0x000001fddbcfce70 nmethod 4068 0x000001fdc1077410 code [0x000001fdc10776e0, 0x000001fdc1078568]
Event: 100.312 Thread 0x000001fddbcfce70 4069   !   3       sun.nio.ch.NioSocketImpl::beginRead (30 bytes)
Event: 100.313 Thread 0x000001fddbcfce70 nmethod 4069 0x000001fdc1078c90 code [0x000001fdc1078e60, 0x000001fdc10792c8]
Event: 100.313 Thread 0x000001fddbcfce70 4071   !   3       sun.nio.ch.NioSocketImpl::read (96 bytes)
Event: 100.315 Thread 0x000001fddbcfce70 nmethod 4071 0x000001fdc1079490 code [0x000001fdc1079740, 0x000001fdc107a6f8]
Event: 100.315 Thread 0x000001fddbcfce70 4070       3       java.net.Socket$SocketInputStream::close (8 bytes)
Event: 100.316 Thread 0x000001fddbcfce70 nmethod 4070 0x000001fdc107ac90 code [0x000001fdc107ae40, 0x000001fdc107b028]
Event: 100.423 Thread 0x000001fddbcf2ed0 4072   !   4       java.net.Socket::isClosed (19 bytes)
Event: 100.424 Thread 0x000001fddbcf2ed0 nmethod 4072 0x000001fdc8595b10 code [0x000001fdc8595ca0, 0x000001fdc8595e78]
Event: 100.828 Thread 0x000001fddbcf2ed0 4073  s!   4       java.net.Socket::close (47 bytes)
Event: 100.832 Thread 0x000001fddbcf2ed0 nmethod 4073 0x000001fdc8595f10 code [0x000001fdc85960a0, 0x000001fdc85965d8]
Event: 100.842 Thread 0x000001fddbcf2ed0 4074       4       java.util.concurrent.locks.ReentrantLock$Sync::tryRelease (51 bytes)
Event: 100.845 Thread 0x000001fddbcf2ed0 nmethod 4074 0x000001fdc8596790 code [0x000001fdc8596920, 0x000001fdc8596a38]

GC Heap History (20 events):
Event: 100.321 GC heap after
{Heap after GC invocations=14 (full 0):
 garbage-first heap   total 151552K, used 25129K [0x0000000703000000, 0x0000000800000000)
  region size 2048K, 1 young (2048K), 1 survivors (2048K)
 Metaspace       used 40106K, committed 40448K, reserved 1114112K
  class space    used 5074K, committed 5248K, reserved 1048576K
}
Event: 100.334 GC heap before
{Heap before GC invocations=14 (full 0):
 garbage-first heap   total 151552K, used 111145K [0x0000000703000000, 0x0000000800000000)
  region size 2048K, 44 young (90112K), 1 survivors (2048K)
 Metaspace       used 40106K, committed 40448K, reserved 1114112K
  class space    used 5074K, committed 5248K, reserved 1048576K
}
Event: 100.338 GC heap after
{Heap after GC invocations=15 (full 0):
 garbage-first heap   total 303104K, used 25142K [0x0000000703000000, 0x0000000800000000)
  region size 2048K, 1 young (2048K), 1 survivors (2048K)
 Metaspace       used 40106K, committed 40448K, reserved 1114112K
  class space    used 5074K, committed 5248K, reserved 1048576K
}
Event: 100.415 GC heap before
{Heap before GC invocations=15 (full 0):
 garbage-first heap   total 303104K, used 201270K [0x0000000703000000, 0x0000000800000000)
  region size 2048K, 88 young (180224K), 1 survivors (2048K)
 Metaspace       used 40106K, committed 40448K, reserved 1114112K
  class space    used 5074K, committed 5248K, reserved 1048576K
}
Event: 100.416 GC heap after
{Heap after GC invocations=16 (full 0):
 garbage-first heap   total 303104K, used 25125K [0x0000000703000000, 0x0000000800000000)
  region size 2048K, 1 young (2048K), 1 survivors (2048K)
 Metaspace       used 40106K, committed 40448K, reserved 1114112K
  class space    used 5074K, committed 5248K, reserved 1048576K
}
Event: 100.440 GC heap before
{Heap before GC invocations=16 (full 0):
 garbage-first heap   total 303104K, used 201253K [0x0000000703000000, 0x0000000800000000)
  region size 2048K, 88 young (180224K), 1 survivors (2048K)
 Metaspace       used 40106K, committed 40448K, reserved 1114112K
  class space    used 5074K, committed 5248K, reserved 1048576K
}
Event: 100.442 GC heap after
{Heap after GC invocations=17 (full 0):
 garbage-first heap   total 303104K, used 25082K [0x0000000703000000, 0x0000000800000000)
  region size 2048K, 1 young (2048K), 1 survivors (2048K)
 Metaspace       used 40106K, committed 40448K, reserved 1114112K
  class space    used 5074K, committed 5248K, reserved 1048576K
}
Event: 100.466 GC heap before
{Heap before GC invocations=17 (full 0):
 garbage-first heap   total 303104K, used 201210K [0x0000000703000000, 0x0000000800000000)
  region size 2048K, 88 young (180224K), 1 survivors (2048K)
 Metaspace       used 40106K, committed 40448K, reserved 1114112K
  class space    used 5074K, committed 5248K, reserved 1048576K
}
Event: 100.468 GC heap after
{Heap after GC invocations=18 (full 0):
 garbage-first heap   total 303104K, used 25138K [0x0000000703000000, 0x0000000800000000)
  region size 2048K, 1 young (2048K), 1 survivors (2048K)
 Metaspace       used 40106K, committed 40448K, reserved 1114112K
  class space    used 5074K, committed 5248K, reserved 1048576K
}
Event: 100.492 GC heap before
{Heap before GC invocations=18 (full 0):
 garbage-first heap   total 303104K, used 201266K [0x0000000703000000, 0x0000000800000000)
  region size 2048K, 88 young (180224K), 1 survivors (2048K)
 Metaspace       used 40106K, committed 40448K, reserved 1114112K
  class space    used 5074K, committed 5248K, reserved 1048576K
}
Event: 100.496 GC heap after
{Heap after GC invocations=19 (full 0):
 garbage-first heap   total 606208K, used 25118K [0x0000000703000000, 0x0000000800000000)
  region size 2048K, 1 young (2048K), 1 survivors (2048K)
 Metaspace       used 40106K, committed 40448K, reserved 1114112K
  class space    used 5074K, committed 5248K, reserved 1048576K
}
Event: 100.652 GC heap before
{Heap before GC invocations=19 (full 0):
 garbage-first heap   total 606208K, used 383518K [0x0000000703000000, 0x0000000800000000)
  region size 2048K, 177 young (362496K), 1 survivors (2048K)
 Metaspace       used 40106K, committed 40448K, reserved 1114112K
  class space    used 5074K, committed 5248K, reserved 1048576K
}
Event: 100.654 GC heap after
{Heap after GC invocations=20 (full 0):
 garbage-first heap   total 606208K, used 25129K [0x0000000703000000, 0x0000000800000000)
  region size 2048K, 1 young (2048K), 1 survivors (2048K)
 Metaspace       used 40106K, committed 40448K, reserved 1114112K
  class space    used 5074K, committed 5248K, reserved 1048576K
}
Event: 100.698 GC heap before
{Heap before GC invocations=20 (full 0):
 garbage-first heap   total 606208K, used 383529K [0x0000000703000000, 0x0000000800000000)
  region size 2048K, 177 young (362496K), 1 survivors (2048K)
 Metaspace       used 40106K, committed 40448K, reserved 1114112K
  class space    used 5074K, committed 5248K, reserved 1048576K
}
Event: 100.700 GC heap after
{Heap after GC invocations=21 (full 0):
 garbage-first heap   total 606208K, used 25124K [0x0000000703000000, 0x0000000800000000)
  region size 2048K, 1 young (2048K), 1 survivors (2048K)
 Metaspace       used 40106K, committed 40448K, reserved 1114112K
  class space    used 5074K, committed 5248K, reserved 1048576K
}
Event: 100.753 GC heap before
{Heap before GC invocations=21 (full 0):
 garbage-first heap   total 606208K, used 383524K [0x0000000703000000, 0x0000000800000000)
  region size 2048K, 177 young (362496K), 1 survivors (2048K)
 Metaspace       used 40106K, committed 40448K, reserved 1114112K
  class space    used 5074K, committed 5248K, reserved 1048576K
}
Event: 100.755 GC heap after
{Heap after GC invocations=22 (full 0):
 garbage-first heap   total 606208K, used 25141K [0x0000000703000000, 0x0000000800000000)
  region size 2048K, 1 young (2048K), 1 survivors (2048K)
 Metaspace       used 40106K, committed 40448K, reserved 1114112K
  class space    used 5074K, committed 5248K, reserved 1048576K
}
Event: 100.804 GC heap before
{Heap before GC invocations=22 (full 0):
 garbage-first heap   total 606208K, used 383541K [0x0000000703000000, 0x0000000800000000)
  region size 2048K, 177 young (362496K), 1 survivors (2048K)
 Metaspace       used 40106K, committed 40448K, reserved 1114112K
  class space    used 5074K, committed 5248K, reserved 1048576K
}
Event: 100.806 GC heap after
{Heap after GC invocations=23 (full 0):
 garbage-first heap   total 606208K, used 25153K [0x0000000703000000, 0x0000000800000000)
  region size 2048K, 1 young (2048K), 1 survivors (2048K)
 Metaspace       used 40106K, committed 40448K, reserved 1114112K
  class space    used 5074K, committed 5248K, reserved 1048576K
}
Event: 100.849 GC heap before
{Heap before GC invocations=23 (full 0):
 garbage-first heap   total 606208K, used 383553K [0x0000000703000000, 0x0000000800000000)
  region size 2048K, 177 young (362496K), 1 survivors (2048K)
 Metaspace       used 40106K, committed 40448K, reserved 1114112K
  class space    used 5074K, committed 5248K, reserved 1048576K
}

Dll operation events (14 events):
Event: 0.018 Loaded shared library D:\JDK\jdk-19\bin\java.dll
Event: 0.037 Loaded shared library D:\JDK\jdk-19\bin\jsvml.dll
Event: 0.178 Loaded shared library D:\JDK\jdk-19\bin\zip.dll
Event: 0.182 Loaded shared library D:\JDK\jdk-19\bin\instrument.dll
Event: 0.190 Loaded shared library D:\JDK\jdk-19\bin\net.dll
Event: 0.193 Loaded shared library D:\JDK\jdk-19\bin\nio.dll
Event: 0.200 Loaded shared library D:\JDK\jdk-19\bin\zip.dll
Event: 0.257 Loaded shared library D:\JDK\JetBrains IntelliJ IDEA Ultimate 2022.2\IntelliJ IDEA 2022.2\bin\breakgen64.dll
Event: 0.269 Loaded shared library D:\JDK\jdk-19\bin\extnet.dll
Event: 1.072 Loaded shared library D:\JDK\jdk-19\bin\jimage.dll
Event: 8.757 Loaded shared library D:\JDK\jdk-19\bin\sunmscapi.dll
Event: 9.513 Loaded shared library D:\JDK\jdk-19\bin\verify.dll
Event: 17.633 Loaded shared library D:\JDK\jdk-19\bin\awt.dll
Event: 17.656 Loaded shared library D:\JDK\jdk-19\bin\javajpeg.dll

Deoptimization events (20 events):
Event: 15.005 Thread 0x000001fde1b16100 Uncommon trap: trap_request=0xffffffd6 fr.pc=0x000001fdc858543c relative=0x0000000000001f5c
Event: 15.005 Thread 0x000001fde1b16100 Uncommon trap: reason=array_check action=maybe_recompile pc=0x000001fdc858543c method=org.antlr.v4.runtime.misc.Array2DHashSet.getOrAddImpl(Ljava/lang/Object;)Ljava/lang/Object; @ 36 c2
Event: 15.005 Thread 0x000001fde1b16100 DEOPT PACKING pc=0x000001fdc858543c sp=0x000000c23e4fea10
Event: 15.005 Thread 0x000001fde1b16100 DEOPT UNPACKING pc=0x000001fdc7ea6da3 sp=0x000000c23e4fe928 mode 2
Event: 15.005 Thread 0x000001fde1b16100 Uncommon trap: trap_request=0xffffffd6 fr.pc=0x000001fdc858543c relative=0x0000000000001f5c
Event: 15.005 Thread 0x000001fde1b16100 Uncommon trap: reason=array_check action=maybe_recompile pc=0x000001fdc858543c method=org.antlr.v4.runtime.misc.Array2DHashSet.getOrAddImpl(Ljava/lang/Object;)Ljava/lang/Object; @ 36 c2
Event: 15.005 Thread 0x000001fde1b16100 DEOPT PACKING pc=0x000001fdc858543c sp=0x000000c23e4fe600
Event: 15.005 Thread 0x000001fde1b16100 DEOPT UNPACKING pc=0x000001fdc7ea6da3 sp=0x000000c23e4fe500 mode 2
Event: 17.618 Thread 0x000001fde1b16100 Uncommon trap: trap_request=0xffffff45 fr.pc=0x000001fdc846f670 relative=0x0000000000000630
Event: 17.618 Thread 0x000001fde1b16100 Uncommon trap: reason=unstable_if action=reinterpret pc=0x000001fdc846f670 method=java.lang.AbstractStringBuilder.append(Ljava/lang/String;)Ljava/lang/AbstractStringBuilder; @ 1 c2
Event: 17.618 Thread 0x000001fde1b16100 DEOPT PACKING pc=0x000001fdc846f670 sp=0x000000c23e4ff480
Event: 17.618 Thread 0x000001fde1b16100 DEOPT UNPACKING pc=0x000001fdc7ea6da3 sp=0x000000c23e4ff458 mode 2
Event: 17.635 Thread 0x000001fde1b16100 Uncommon trap: trap_request=0xffffff45 fr.pc=0x000001fdc8496218 relative=0x00000000000001f8
Event: 17.635 Thread 0x000001fde1b16100 Uncommon trap: reason=unstable_if action=reinterpret pc=0x000001fdc8496218 method=java.lang.StringUTF16.compress([CII)[B @ 13 c2
Event: 17.635 Thread 0x000001fde1b16100 DEOPT PACKING pc=0x000001fdc8496218 sp=0x000000c23e4fcae0
Event: 17.635 Thread 0x000001fde1b16100 DEOPT UNPACKING pc=0x000001fdc7ea6da3 sp=0x000000c23e4fca68 mode 2
Event: 17.636 Thread 0x000001fde1b16100 Uncommon trap: trap_request=0xffffff45 fr.pc=0x000001fdc840b5b0 relative=0x0000000000000210
Event: 17.636 Thread 0x000001fde1b16100 Uncommon trap: reason=unstable_if action=reinterpret pc=0x000001fdc840b5b0 method=java.lang.StringUTF16.compress([CI[BII)I @ 20 c2
Event: 17.636 Thread 0x000001fde1b16100 DEOPT PACKING pc=0x000001fdc840b5b0 sp=0x000000c23e4fca20
Event: 17.636 Thread 0x000001fde1b16100 DEOPT UNPACKING pc=0x000001fdc7ea6da3 sp=0x000000c23e4fc9c8 mode 2

Classes loaded (20 events):
Event: 17.665 Loading class java/awt/Image$1
Event: 17.665 Loading class sun/awt/image/SurfaceManager$ImageAccessor
Event: 17.665 Loading class sun/awt/image/SurfaceManager$ImageAccessor done
Event: 17.665 Loading class java/awt/Image$1 done
Event: 17.666 Loading class sun/awt/image/SurfaceManager
Event: 17.666 Loading class sun/awt/image/SurfaceManager done
Event: 17.666 Loading class java/awt/image/BufferedImage$1
Event: 17.666 Loading class java/awt/image/BufferedImage$1 done
Event: 17.666 Loading class sun/awt/image/IntegerComponentRaster
Event: 17.666 Loading class sun/awt/image/IntegerComponentRaster done
Event: 17.666 Loading class java/awt/image/IndexColorModel
Event: 17.666 Loading class java/awt/image/IndexColorModel done
Event: 17.666 Loading class sun/awt/image/ShortComponentRaster
Event: 17.666 Loading class sun/awt/image/ShortComponentRaster done
Event: 100.223 Loading class sun/net/ConnectionResetException
Event: 100.223 Loading class sun/net/ConnectionResetException done
Event: 100.224 Loading class java/io/InterruptedIOException
Event: 100.224 Loading class java/io/InterruptedIOException done
Event: 100.224 Loading class java/net/SocketTimeoutException
Event: 100.224 Loading class java/net/SocketTimeoutException done

Classes unloaded (1 events):
Event: 12.241 Thread 0x000001fddbcc9170 Unloading class 0x0000000801004000 'java/lang/invoke/LambdaForm$DMH+0x0000000801004000'

Classes redefined (0 events):
No events

Internal exceptions (20 events):
Event: 11.878 Thread 0x000001fdb89b9fb0 Exception <a 'java/lang/NoSuchMethodError'{0x0000000704a69be8}: 'java.lang.Object java.lang.invoke.DirectMethodHandle$Holder.newInvokeSpecial(java.lang.Object, java.lang.Object, java.lang.Object, java.lang.Object, java.lang.Object, java.lang.Object, java.lang.Object, int)'> (0x0000000704a69be8) 
thrown [s\open\src\hotspot\share\interpreter\linkResolver.cpp, line 774]
Event: 11.878 Thread 0x000001fdb89b9fb0 Exception <a 'java/lang/NoSuchMethodError'{0x0000000704a6ef50}: 'java.lang.Object java.lang.invoke.DirectMethodHandle$Holder.invokeSpecial(java.lang.Object, java.lang.Object, java.lang.Object, java.lang.Object, java.lang.Object, java.lang.Object, java.lang.Object, java.lang.Object, int)'> (0x0000000704a6ef50) 
thrown [s\open\src\hotspot\share\interpreter\linkResolver.cpp, line 774]
Event: 11.926 Thread 0x000001fdb89b9fb0 Exception <a 'java/lang/NoSuchMethodError'{0x000000070483a530}: 'void java.lang.invoke.DirectMethodHandle$Holder.invokeInterface(java.lang.Object, java.lang.Object)'> (0x000000070483a530) 
thrown [s\open\src\hotspot\share\interpreter\linkResolver.cpp, line 774]
Event: 11.967 Thread 0x000001fdb89b9fb0 Exception <a 'java/lang/NoSuchMethodError'{0x00000007049d3218}: 'java.lang.Object java.lang.invoke.DirectMethodHandle$Holder.invokeStaticInit(java.lang.Object, java.lang.Object, java.lang.Object)'> (0x00000007049d3218) 
thrown [s\open\src\hotspot\share\interpreter\linkResolver.cpp, line 774]
Event: 12.090 Thread 0x000001fde1b16100 Implicit null exception at 0x000001fdc8495472 to 0x000001fdc8495a60
Event: 12.483 Thread 0x000001fde1b16100 Exception <a 'java/lang/NoSuchMethodError'{0x0000000712d2c4c0}: 'int java.lang.invoke.DirectMethodHandle$Holder.invokeStatic(java.lang.Object)'> (0x0000000712d2c4c0) 
thrown [s\open\src\hotspot\share\interpreter\linkResolver.cpp, line 774]
Event: 12.635 Thread 0x000001fde1b16100 Implicit null exception at 0x000001fdc845fe6f to 0x000001fdc846005c
Event: 12.640 Thread 0x000001fde1b16100 Exception <a 'java/lang/NoSuchMethodError'{0x000000070be596f8}: 'void java.lang.invoke.DirectMethodHandle$Holder.invokeSpecial(java.lang.Object, java.lang.Object, java.lang.Object, java.lang.Object, java.lang.Object)'> (0x000000070be596f8) 
thrown [s\open\src\hotspot\share\interpreter\linkResolver.cpp, line 774]
Event: 12.659 Thread 0x000001fde1b16100 Exception <a 'java/lang/NoSuchMethodError'{0x000000070beb6570}: 'java.lang.Object java.lang.invoke.DirectMethodHandle$Holder.invokeInterface(java.lang.Object, java.lang.Object, java.lang.Object)'> (0x000000070beb6570) 
thrown [s\open\src\hotspot\share\interpreter\linkResolver.cpp, line 774]
Event: 12.677 Thread 0x000001fde1b16100 Exception <a 'java/lang/NoSuchMethodError'{0x000000070bef1fd8}: 'void java.lang.invoke.DirectMethodHandle$Holder.invokeInterface(java.lang.Object, java.lang.Object, java.lang.Object)'> (0x000000070bef1fd8) 
thrown [s\open\src\hotspot\share\interpreter\linkResolver.cpp, line 774]
Event: 12.697 Thread 0x000001fde1b16100 Exception <a 'java/lang/NoSuchMethodError'{0x000000070bf3de68}: 'void java.lang.invoke.DirectMethodHandle$Holder.invokeStaticInit(java.lang.Object, java.lang.Object, java.lang.Object, java.lang.Object, java.lang.Object)'> (0x000000070bf3de68) 
thrown [s\open\src\hotspot\share\interpreter\linkResolver.cpp, line 774]
Event: 12.726 Thread 0x000001fde1b16100 Exception <a 'java/lang/NoSuchMethodError'{0x000000070bf995c0}: 'void java.lang.invoke.DirectMethodHandle$Holder.invokeInterface(java.lang.Object, java.lang.Object, java.lang.Object, java.lang.Object)'> (0x000000070bf995c0) 
thrown [s\open\src\hotspot\share\interpreter\linkResolver.cpp, line 774]
Event: 12.727 Thread 0x000001fde1b16100 Exception <a 'java/lang/IncompatibleClassChangeError'{0x000000070bf9ca50}: Found class java.lang.Object, but interface was expected> (0x000000070bf9ca50) 
thrown [s\open\src\hotspot\share\interpreter\linkResolver.cpp, line 841]
Event: 12.840 Thread 0x000001fde1b16100 Exception <a 'java/lang/NoSuchMethodError'{0x000000070bc99fb0}: 'void java.lang.invoke.Invokers$Holder.invokeExact_MT(java.lang.Object, java.lang.Object, int, java.lang.Object)'> (0x000000070bc99fb0) 
thrown [s\open\src\hotspot\share\interpreter\linkResolver.cpp, line 774]
Event: 12.850 Thread 0x000001fde1b16100 Exception <a 'java/lang/NoSuchMethodError'{0x000000070bcbfdf8}: 'void java.lang.invoke.Invokers$Holder.invokeExact_MT(java.lang.Object, java.lang.Object, java.lang.Object, java.lang.Object)'> (0x000000070bcbfdf8) 
thrown [s\open\src\hotspot\share\interpreter\linkResolver.cpp, line 774]
Event: 17.618 Thread 0x000001fde1b16100 Implicit null exception at 0x000001fdc846f072 to 0x000001fdc846f658
Event: 17.626 Thread 0x000001fde1b16100 Exception <a 'java/lang/ClassNotFoundException'{0x000000070bded388}: sun/awt/resources/spi/awtProvider> (0x000000070bded388) 
thrown [s\open\src\hotspot\share\classfile\systemDictionary.cpp, line 255]
Event: 17.635 Thread 0x000001fde1b16100 Exception <a 'java/io/FileNotFoundException'{0x000000070bdf0790}> (0x000000070bdf0790) 
thrown [s\open\src\hotspot\share\prims\jni.cpp, line 517]
Event: 17.636 Thread 0x000001fde1b16100 Exception <a 'java/io/FileNotFoundException'{0x000000070bdf1f10}> (0x000000070bdf1f10) 
thrown [s\open\src\hotspot\share\prims\jni.cpp, line 517]
Event: 100.223 Thread 0x000001fde1b16100 Exception <a 'sun/net/ConnectionResetException'{0x000000070b2ef030}: Connection reset> (0x000000070b2ef030) 
thrown [s\open\src\hotspot\share\prims\jni.cpp, line 536]

VM Operations (20 events):
Event: 100.321 Executing VM operation: G1CollectForAllocation done
Event: 100.334 Executing VM operation: G1CollectForAllocation
Event: 100.338 Executing VM operation: G1CollectForAllocation done
Event: 100.415 Executing VM operation: G1CollectForAllocation
Event: 100.417 Executing VM operation: G1CollectForAllocation done
Event: 100.440 Executing VM operation: G1CollectForAllocation
Event: 100.442 Executing VM operation: G1CollectForAllocation done
Event: 100.466 Executing VM operation: G1CollectForAllocation
Event: 100.468 Executing VM operation: G1CollectForAllocation done
Event: 100.492 Executing VM operation: G1CollectForAllocation
Event: 100.496 Executing VM operation: G1CollectForAllocation done
Event: 100.652 Executing VM operation: G1CollectForAllocation
Event: 100.654 Executing VM operation: G1CollectForAllocation done
Event: 100.698 Executing VM operation: G1CollectForAllocation
Event: 100.700 Executing VM operation: G1CollectForAllocation done
Event: 100.753 Executing VM operation: G1CollectForAllocation
Event: 100.755 Executing VM operation: G1CollectForAllocation done
Event: 100.803 Executing VM operation: G1CollectForAllocation
Event: 100.806 Executing VM operation: G1CollectForAllocation done
Event: 100.849 Executing VM operation: G1CollectForAllocation

Events (20 events):
Event: 0.258 Thread 0x000001fde03483a0 Thread added: 0x000001fde03483a0
Event: 1.047 Thread 0x000001fde0276ee0 Thread exited: 0x000001fde0276ee0
Event: 1.101 Thread 0x000001fde03dffc0 Thread added: 0x000001fde03dffc0
Event: 1.101 Thread 0x000001fde03ed2a0 Thread added: 0x000001fde03ed2a0
Event: 6.131 Thread 0x000001fde03ed2a0 Thread exited: 0x000001fde03ed2a0
Event: 6.131 Thread 0x000001fde03dffc0 Thread exited: 0x000001fde03dffc0
Event: 8.467 Thread 0x000001fde0086db0 Thread added: 0x000001fde0086db0
Event: 8.527 Thread 0x000001fde0136aa0 Thread added: 0x000001fde0136aa0
Event: 8.545 Thread 0x000001fde05e6f00 Thread added: 0x000001fde05e6f00
Event: 9.920 Thread 0x000001fde05e6f00 Thread exited: 0x000001fde05e6f00
Event: 9.920 Thread 0x000001fde0136aa0 Thread exited: 0x000001fde0136aa0
Event: 10.179 Thread 0x000001fde0778c30 Thread added: 0x000001fde0778c30
Event: 10.193 Thread 0x000001fde13e1860 Thread added: 0x000001fde13e1860
Event: 10.217 Thread 0x000001fde1426f40 Thread added: 0x000001fde1426f40
Event: 11.305 Thread 0x000001fde13e1860 Thread exited: 0x000001fde13e1860
Event: 12.085 Thread 0x000001fde1b16100 Thread added: 0x000001fde1b16100
Event: 12.377 Thread 0x000001fde2aeef30 Thread added: 0x000001fde2aeef30
Event: 14.987 Thread 0x000001fde2aeef30 Thread exited: 0x000001fde2aeef30
Event: 17.608 Thread 0x000001fde0778c30 Thread exited: 0x000001fde0778c30
Event: 17.653 Thread 0x000001fde2628fb0 Thread added: 0x000001fde2628fb0


Dynamic libraries:
0x00007ff75d9c0000 - 0x00007ff75d9d0000 	D:\JDK\jdk-19\bin\java.exe
0x00007ffed1030000 - 0x00007ffed1228000 	C:\WINDOWS\SYSTEM32\ntdll.dll
0x00007ffe88040000 - 0x00007ffe88059000 	C:\Program Files\Avast Software\Avast\aswhook.dll
0x00007ffecf300000 - 0x00007ffecf3bd000 	C:\WINDOWS\System32\KERNEL32.DLL
0x00007ffecea30000 - 0x00007ffeced26000 	C:\WINDOWS\System32\KERNELBASE.dll
0x00007ffecee90000 - 0x00007ffecef90000 	C:\WINDOWS\System32\ucrtbase.dll
0x00007ffeca1f0000 - 0x00007ffeca20b000 	D:\JDK\jdk-19\bin\VCRUNTIME140.dll
0x00007ffeca210000 - 0x00007ffeca228000 	D:\JDK\jdk-19\bin\jli.dll
0x00007ffed0740000 - 0x00007ffed07ee000 	C:\WINDOWS\System32\ADVAPI32.dll
0x00007ffed0ef0000 - 0x00007ffed0f8e000 	C:\WINDOWS\System32\msvcrt.dll
0x00007ffed08f0000 - 0x00007ffed098c000 	C:\WINDOWS\System32\sechost.dll
0x00007ffecf3c0000 - 0x00007ffecf4e6000 	C:\WINDOWS\System32\RPCRT4.dll
0x00007ffecf090000 - 0x00007ffecf22e000 	C:\WINDOWS\System32\USER32.dll
0x00007ffecee60000 - 0x00007ffecee82000 	C:\WINDOWS\System32\win32u.dll
0x00007ffec4b40000 - 0x00007ffec4dda000 	C:\WINDOWS\WinSxS\amd64_microsoft.windows.common-controls_6595b64144ccf1df_6.0.19041.1110_none_60b5254171f9507e\COMCTL32.dll
0x00007ffecf7a0000 - 0x00007ffecf7cc000 	C:\WINDOWS\System32\GDI32.dll
0x00007ffece740000 - 0x00007ffece85a000 	C:\WINDOWS\System32\gdi32full.dll
0x00007ffeced30000 - 0x00007ffecedcd000 	C:\WINDOWS\System32\msvcp_win.dll
0x00007ffec6860000 - 0x00007ffec686a000 	C:\WINDOWS\SYSTEM32\VERSION.dll
0x00007ffed0710000 - 0x00007ffed0740000 	C:\WINDOWS\System32\IMM32.DLL
0x00007ffeca250000 - 0x00007ffeca25c000 	D:\JDK\jdk-19\bin\vcruntime140_1.dll
0x00007ffebafa0000 - 0x00007ffebb02e000 	D:\JDK\jdk-19\bin\msvcp140.dll
0x00007ffe4e4c0000 - 0x00007ffe4f180000 	D:\JDK\jdk-19\bin\server\jvm.dll
0x00007ffeb6710000 - 0x00007ffeb6737000 	C:\WINDOWS\SYSTEM32\WINMM.dll
0x00007ffebecc0000 - 0x00007ffebecc9000 	C:\WINDOWS\SYSTEM32\WSOCK32.dll
0x00007ffecf940000 - 0x00007ffecf9ab000 	C:\WINDOWS\System32\WS2_32.dll
0x00007ffeccf30000 - 0x00007ffeccf42000 	C:\WINDOWS\SYSTEM32\kernel.appcore.dll
0x00007ffeca1e0000 - 0x00007ffeca1ea000 	D:\JDK\jdk-19\bin\jimage.dll
0x00007ffec3c30000 - 0x00007ffec3e14000 	C:\WINDOWS\SYSTEM32\DBGHELP.DLL
0x00007ffec3bf0000 - 0x00007ffec3c24000 	C:\WINDOWS\SYSTEM32\dbgcore.DLL
0x00007ffecedd0000 - 0x00007ffecee52000 	C:\WINDOWS\System32\bcryptPrimitives.dll
0x00007ffec8980000 - 0x00007ffec898e000 	D:\JDK\jdk-19\bin\instrument.dll
0x00007ffeca1a0000 - 0x00007ffeca1c6000 	D:\JDK\jdk-19\bin\java.dll
0x00007ffeb1110000 - 0x00007ffeb11e7000 	D:\JDK\jdk-19\bin\jsvml.dll
0x00007ffecfec0000 - 0x00007ffed0605000 	C:\WINDOWS\System32\SHELL32.dll
0x00007ffecc610000 - 0x00007ffeccdab000 	C:\WINDOWS\SYSTEM32\windows.storage.dll
0x00007ffecfb60000 - 0x00007ffecfeb4000 	C:\WINDOWS\System32\combase.dll
0x00007ffece080000 - 0x00007ffece0ae000 	C:\WINDOWS\SYSTEM32\Wldp.dll
0x00007ffecf880000 - 0x00007ffecf92d000 	C:\WINDOWS\System32\SHCORE.dll
0x00007ffed0f90000 - 0x00007ffed0fe5000 	C:\WINDOWS\System32\shlwapi.dll
0x00007ffece640000 - 0x00007ffece665000 	C:\WINDOWS\SYSTEM32\profapi.dll
0x00007ffec8920000 - 0x00007ffec8938000 	D:\JDK\jdk-19\bin\zip.dll
0x00007ffec8960000 - 0x00007ffec8973000 	D:\JDK\jdk-19\bin\net.dll
0x00007ffec6630000 - 0x00007ffec673a000 	C:\WINDOWS\SYSTEM32\WINHTTP.dll
0x00007ffecdde0000 - 0x00007ffecde4a000 	C:\WINDOWS\system32\mswsock.dll
0x00007ffec8940000 - 0x00007ffec8956000 	D:\JDK\jdk-19\bin\nio.dll
0x00007ffeb6660000 - 0x00007ffeb667a000 	D:\JDK\JetBrains IntelliJ IDEA Ultimate 2022.2\IntelliJ IDEA 2022.2\bin\breakgen64.dll
0x00007ffec88e0000 - 0x00007ffec88e8000 	D:\JDK\jdk-19\bin\extnet.dll
0x00007ffecdb10000 - 0x00007ffecdbda000 	C:\WINDOWS\SYSTEM32\DNSAPI.dll
0x00007ffecdad0000 - 0x00007ffecdb0b000 	C:\WINDOWS\SYSTEM32\IPHLPAPI.DLL
0x00007ffed0990000 - 0x00007ffed0998000 	C:\WINDOWS\System32\NSI.dll
0x00007ffec1370000 - 0x00007ffec137a000 	C:\Windows\System32\rasadhlp.dll
0x00007ffec20d0000 - 0x00007ffec2152000 	C:\WINDOWS\System32\fwpuclnt.dll
0x00007ffece710000 - 0x00007ffece737000 	C:\WINDOWS\System32\bcrypt.dll
0x00007ffeb57f0000 - 0x00007ffeb57fe000 	D:\JDK\jdk-19\bin\sunmscapi.dll
0x00007ffece860000 - 0x00007ffece9be000 	C:\WINDOWS\System32\CRYPT32.dll
0x00007ffece0f0000 - 0x00007ffece118000 	C:\WINDOWS\SYSTEM32\ncrypt.dll
0x00007ffece0b0000 - 0x00007ffece0eb000 	C:\WINDOWS\SYSTEM32\NTASN1.dll
0x00007ffecdfd0000 - 0x00007ffecdfe8000 	C:\WINDOWS\SYSTEM32\CRYPTSP.dll
0x00007ffecd6f0000 - 0x00007ffecd724000 	C:\WINDOWS\system32\rsaenh.dll
0x00007ffece600000 - 0x00007ffece62e000 	C:\WINDOWS\SYSTEM32\USERENV.dll
0x00007ffecdff0000 - 0x00007ffecdffc000 	C:\WINDOWS\SYSTEM32\CRYPTBASE.dll
0x00007ffec5d70000 - 0x00007ffec5d87000 	C:\WINDOWS\SYSTEM32\dhcpcsvc6.DLL
0x00007ffec6780000 - 0x00007ffec679d000 	C:\WINDOWS\SYSTEM32\dhcpcsvc.DLL
0x00007ffeb5850000 - 0x00007ffeb5860000 	D:\JDK\jdk-19\bin\verify.dll
0x00007ffe83d30000 - 0x00007ffe83ec1000 	D:\JDK\jdk-19\bin\awt.dll
0x00007ffecf230000 - 0x00007ffecf2fd000 	C:\WINDOWS\System32\OLEAUT32.dll
0x00007ffecbb70000 - 0x00007ffecbc01000 	C:\WINDOWS\SYSTEM32\apphelp.dll
0x00007ffeaf240000 - 0x00007ffeaf26e000 	D:\JDK\jdk-19\bin\javajpeg.dll

dbghelp: loaded successfully - version: 4.0.5 - missing functions: none
symbol engine: initialized successfully - sym options: 0x614 - pdb path: .;D:\JDK\jdk-19\bin;C:\WINDOWS\SYSTEM32;C:\Program Files\Avast Software\Avast;C:\WINDOWS\WinSxS\amd64_microsoft.windows.common-controls_6595b64144ccf1df_6.0.19041.1110_none_60b5254171f9507e;D:\JDK\jdk-19\bin\server;D:\JDK\JetBrains IntelliJ IDEA Ultimate 2022.2\IntelliJ IDEA 2022.2\bin

VM Arguments:
jvm_args: -javaagent:D:\JDK\JetBrains IntelliJ IDEA Ultimate 2022.2\IntelliJ IDEA 2022.2\lib\idea_rt.jar=65525:D:\JDK\JetBrains IntelliJ IDEA Ultimate 2022.2\IntelliJ IDEA 2022.2\bin -Dfile.encoding=UTF-8 
java_command: practise.MainServer
java_class_path (initial): D:\FCP\SEM7\CURS\Project\Server\target\classes;C:\Users\Notebook\.m2\repository\mysql\mysql-connector-java\8.0.25\mysql-connector-java-8.0.25.jar;C:\Users\Notebook\.m2\repository\com\google\protobuf\protobuf-java\3.11.4\protobuf-java-3.11.4.jar;C:\Users\Notebook\.m2\repository\jakarta\inject\jakarta.inject-api\2.0.0\jakarta.inject-api-2.0.0.jar;C:\Users\Notebook\.m2\repository\org\hibernate\orm\hibernate-core\6.0.0.Final\hibernate-core-6.0.0.Final.jar;C:\Users\Notebook\.m2\repository\jakarta\persistence\jakarta.persistence-api\3.0.0\jakarta.persistence-api-3.0.0.jar;C:\Users\Notebook\.m2\repository\jakarta\transaction\jakarta.transaction-api\2.0.0\jakarta.transaction-api-2.0.0.jar;C:\Users\Notebook\.m2\repository\org\jboss\logging\jboss-logging\3.4.3.Final\jboss-logging-3.4.3.Final.jar;C:\Users\Notebook\.m2\repository\org\jboss\jandex\2.4.2.Final\jandex-2.4.2.Final.jar;C:\Users\Notebook\.m2\repository\com\fasterxml\classmate\1.5.1\classmate-1.5.1.jar;C:\Users\Notebook\.m2\repository\org\hibernate\common\hibernate-commons-annotations\6.0.0.CR1\hibernate-commons-annotations-6.0.0.CR1.jar;C:\Users\Notebook\.m2\repository\net\bytebuddy\byte-buddy\1.12.8\byte-buddy-1.12.8.jar;C:\Users\Notebook\.m2\repository\jakarta\activation\jakarta.activation-api\2.0.1\jakarta.activation-api-2.0.1.jar;C:\Users\Notebook\.m2\repository\jakarta\xml\bind\jakarta.xml.bind-api\3.0.1\jakarta.xml.bind-api-3.0.1.jar;C:\Users\Notebook\.m2\repository\org\antlr\antlr4-runtime\4.9.1\antlr4-runtime-4.9.1.jar;C:\Users\Notebook\.m2\repository\org\glassfish\jaxb\jaxb-runtime\3.0.2\jaxb-runtime-3.0.2.jar;C:\Users\Notebook\.m2\repository\com\sun\activation\jakarta.activation\2.0.1\jakarta.activation-2.0.1.jar;C:\Users\Notebook\.m2\repository\org\glassfish\jaxb\jaxb-core\3.0.2\jaxb-core-3.0.2.jar;C:\Users\Notebook\.m2\repository\org\glassfish\jaxb\txw2\3.0.2\txw2-3.0.2.jar;C:\Users\Notebook\.m2\repository\com\sun\istack\istack-commons-runtime\4.0.1\istack-commons-runtime-4.0.1.jar;D:\FCP\SEM7\CURS\Project\DataLib\target\classes
Launcher Type: SUN_STANDARD

[Global flags]
     intx CICompilerCount                          = 4                                         {product} {ergonomic}
     uint ConcGCThreads                            = 2                                         {product} {ergonomic}
     uint G1ConcRefinementThreads                  = 8                                         {product} {ergonomic}
   size_t G1HeapRegionSize                         = 2097152                                   {product} {ergonomic}
    uintx GCDrainStackTargetSize                   = 64                                        {product} {ergonomic}
   size_t InitialHeapSize                          = 266338304                                 {product} {ergonomic}
   size_t MarkStackSize                            = 4194304                                   {product} {ergonomic}
   size_t MaxHeapSize                              = 4244635648                                {product} {ergonomic}
   size_t MaxNewSize                               = 2545942528                                {product} {ergonomic}
   size_t MinHeapDeltaBytes                        = 2097152                                   {product} {ergonomic}
   size_t MinHeapSize                              = 8388608                                   {product} {ergonomic}
    uintx NonNMethodCodeHeapSize                   = 5839372                                {pd product} {ergonomic}
    uintx NonProfiledCodeHeapSize                  = 122909434                              {pd product} {ergonomic}
    uintx ProfiledCodeHeapSize                     = 122909434                              {pd product} {ergonomic}
    uintx ReservedCodeCacheSize                    = 251658240                              {pd product} {ergonomic}
     bool SegmentedCodeCache                       = true                                      {product} {ergonomic}
   size_t SoftMaxHeapSize                          = 4244635648                             {manageable} {ergonomic}
     bool UseCompressedClassPointers               = true                           {product lp64_product} {ergonomic}
     bool UseCompressedOops                        = true                           {product lp64_product} {ergonomic}
     bool UseG1GC                                  = true                                      {product} {ergonomic}
     bool UseLargePagesIndividualAllocation        = false                                  {pd product} {ergonomic}

Logging:
Log output configuration:
 #0: stdout all=warning uptime,level,tags foldmultilines=false
 #1: stderr all=off uptime,level,tags foldmultilines=false

Environment Variables:
JAVA_HOME=C:\Program Files\Java\jdk-20
CLASSPATH=C:\Program Files\Java\jdk-20\lib;C:\Program Files\Java\jdk-20\jre\lib;
PATH=C:\Program Files\Microsoft MPI\Bin\;D:\AVR ToolChain\WinAVR\bin;D:\AVR ToolChain\WinAVR\utils\bin;D:\Proteus&Eclipse\MMVP\4.6 2012q4\bin;C:\Program Files\Microsoft SQL Server\130\Tools\Binn\;C:\Program Files\Microsoft OLE DB Provider for DB2\System\;D:\JDK\maven\apache-maven-3.8.6\bin;D:\JDK\Git\cmd;D:\JDK\RationalRose\common;C:\Program Files\Java\jdk-20\bin;C:\Program Files (x86)\Microsoft SQL Server\150\Tools\Binn\;C:\Program Files\Microsoft SQL Server\150\Tools\Binn\;C:\Program Files (x86)\Microsoft SQL Server\150\DTS\Binn\;C:\Program Files\Microsoft SQL Server\150\DTS\Binn\;C:\Program Files\Azure Data Studio\bin;C:\Program Files\Microsoft SQL Server\90\Tools\binn\;d:\Microsoft SQL Server\BOL (x86)\90\Tools\binn\;d:\Microsoft SQL Server\BOL (x86)\90\DTS\Binn\;d:\Microsoft SQL Server\BOL (x86)\90\Tools\Binn\VSShell\Common7\IDE\;C:\Program Files (x86)\Microsoft Visual Studio 8\Common7\IDE\PrivateAssemblies\;C:\Program Files\Microsoft SQL Server\Client SDK\ODBC\170\Tools\Binn\;C:\Program Files\MySQL\MySQL Shell 8.0\bin\;C:\Users\Notebook\AppData\Local\Microsoft\WindowsApps;C:\Program Files\Azure Data Studio\bin;C:\Program Files\Java\jdk-20;D:\JDK\Apache Tomcat\apache-tomcat-8.1\lib;C:\Program Files\Java\jdk-20\bin;;C:\Program Files\Azure Data Studio\bin
USERNAME=Notebook
OS=Windows_NT
PROCESSOR_IDENTIFIER=AMD64 Family 23 Model 24 Stepping 1, AuthenticAMD
TMP=C:\Users\Notebook\AppData\Local\Temp
TEMP=C:\Users\Notebook\AppData\Local\Temp



---------------  S Y S T E M  ---------------

OS:
 Windows 10 , 64 bit Build 19041 (10.0.19041.3393)
OS uptime: 1 days 4:35 hours

CPU: total 8 (initial active 8) (8 cores per cpu, 2 threads per core) family 23 model 24 stepping 1 microcode 0x0, cx8, cmov, fxsr, ht, mmx, 3dnowpref, sse, sse2, sse3, ssse3, sse4a, sse4.1, sse4.2, popcnt, lzcnt, tsc, tscinvbit, avx, avx2, aes, clmul, bmi1, bmi2, adx, sha, fma, vzeroupper, clflush, clflushopt, rdtscp

Memory: 4k page, system-wide physical 16189M (5129M free)
TotalPageFile size 18237M (AvailPageFile size 234M)
current process WorkingSet (physical memory assigned to process): 654M, peak: 654M
current process commit charge ("private bytes"): 758M, peak: 1088M

vm_info: Java HotSpot(TM) 64-Bit Server VM (19+36-2238) for windows-amd64 JRE (19+36-2238), built on 2022-08-12T20:29:01Z by "mach5one" with MS VC++ 17.1 (VS2022)

END.
