#
# There is insufficient memory for the Java Runtime Environment to continue.
# Native memory allocation (mmap) failed to map 312475648 bytes for G1 virtual space
# Possible reasons:
#   The system is out of physical RAM or swap space
#   The process is running with CompressedOops enabled, and the Java Heap may be blocking the growth of the native heap
# Possible solutions:
#   Reduce memory load on the system
#   Increase physical memory or swap space
#   Check if swap backing store is full
#   Decrease Java heap size (-Xmx/-Xms)
#   Decrease number of Java threads
#   Decrease Java thread stack sizes (-Xss)
#   Set larger code cache with -XX:ReservedCodeCacheSize=
#   JVM is running with Zero Based Compressed Oops mode in which the Java heap is
#     placed in the first 32GB address space. The Java Heap base address is the
#     maximum limit for the native heap growth. Please use -XX:HeapBaseMinAddress
#     to set the Java Heap base and to place the Java Heap above 32GB virtual address.
# This output file may be truncated or incomplete.
#
#  Out of Memory Error (os_windows.cpp:3527), pid=20468, tid=18048
#
# JRE version: Java(TM) SE Runtime Environment (19.0+36) (build 19+36-2238)
# Java VM: Java HotSpot(TM) 64-Bit Server VM (19+36-2238, mixed mode, sharing, tiered, compressed oops, compressed class ptrs, g1 gc, windows-amd64)
# No core dump will be written. Minidumps are not enabled by default on client versions of Windows
#

---------------  S U M M A R Y ------------

Command Line: -agentlib:jdwp=transport=dt_socket,address=127.0.0.1:49255,suspend=y,server=n -javaagent:C:\Users\Notebook\AppData\Local\JetBrains\IntelliJIdea2022.2\captureAgent\debugger-agent.jar -Dfile.encoding=UTF-8 practise.Lab5_Server1

Host: AMD Ryzen 7 3750H with Radeon Vega Mobile Gfx  , 8 cores, 15G,  Windows 10 , 64 bit Build 19041 (10.0.19041.3393)
Time: Wed Oct 25 16:27:58 2023  Windows 10 , 64 bit Build 19041 (10.0.19041.3393) elapsed time: 54.724639 seconds (0d 0h 0m 54s)

---------------  T H R E A D  ---------------

Current thread (0x000001eef2838b10):  VMThread "VM Thread" [stack: 0x0000004cf5f00000,0x0000004cf6000000] [id=18048]

Stack: [0x0000004cf5f00000,0x0000004cf6000000]
Native frames: (J=compiled Java code, j=interpreted, Vv=VM code, C=native code)
V  [jvm.dll+0x6ee8fa]
V  [jvm.dll+0x857a1e]
V  [jvm.dll+0x85940e]
V  [jvm.dll+0x859ac3]
V  [jvm.dll+0x28291f]
V  [jvm.dll+0x6eb6e9]
V  [jvm.dll+0x6e028a]
V  [jvm.dll+0x357136]
V  [jvm.dll+0x35eb96]
V  [jvm.dll+0x3b555e]
V  [jvm.dll+0x3b578f]
V  [jvm.dll+0x32c6ea]
V  [jvm.dll+0x32c797]
V  [jvm.dll+0x374b52]
V  [jvm.dll+0x37328f]
V  [jvm.dll+0x32bf10]
V  [jvm.dll+0x37282b]
V  [jvm.dll+0x85ef83]
V  [jvm.dll+0x85fd49]
V  [jvm.dll+0x86027d]
V  [jvm.dll+0x86070b]
V  [jvm.dll+0x8607c7]
V  [jvm.dll+0x8015fa]
V  [jvm.dll+0x6ed5eb]
C  [ucrtbase.dll+0x21bb2]
C  [KERNEL32.DLL+0x17344]
C  [ntdll.dll+0x526b1]

VM_Operation (0x0000004cf70ff000): G1CollectForAllocation, mode: safepoint, requested by thread 0x000001eef2877360


---------------  P R O C E S S  ---------------

Threads class SMR info:
_java_thread_list=0x000001eefab0fb80, length=19, elements={
0x000001eecf529dc0, 0x000001eef2855b90, 0x000001eef2856d90, 0x000001eef285a1d0,
0x000001eef285bf20, 0x000001eef285cff0, 0x000001eef285fc80, 0x000001eef2868110,
0x000001eef2869a40, 0x000001eef28768c0, 0x000001eef2876370, 0x000001eef6d38f00,
0x000001eef6d3df20, 0x000001eef6d39450, 0x000001eef28788a0, 0x000001eef2875380,
0x000001eef2875e20, 0x000001eef2877360, 0x000001eef2878350
}

Java Threads: ( => current thread )
  0x000001eecf529dc0 JavaThread "main" [_thread_in_native, id=18132, stack(0x0000004cf5900000,0x0000004cf5a00000)]
  0x000001eef2855b90 JavaThread "Reference Handler" daemon [_thread_blocked, id=13500, stack(0x0000004cf6000000,0x0000004cf6100000)]
  0x000001eef2856d90 JavaThread "Finalizer" daemon [_thread_blocked, id=24216, stack(0x0000004cf6100000,0x0000004cf6200000)]
  0x000001eef285a1d0 JavaThread "Signal Dispatcher" daemon [_thread_blocked, id=4924, stack(0x0000004cf6200000,0x0000004cf6300000)]
  0x000001eef285bf20 JavaThread "Attach Listener" daemon [_thread_blocked, id=6420, stack(0x0000004cf6300000,0x0000004cf6400000)]
  0x000001eef285cff0 JavaThread "Service Thread" daemon [_thread_blocked, id=11184, stack(0x0000004cf6400000,0x0000004cf6500000)]
  0x000001eef285fc80 JavaThread "Monitor Deflation Thread" daemon [_thread_blocked, id=12208, stack(0x0000004cf6500000,0x0000004cf6600000)]
  0x000001eef2868110 JavaThread "C2 CompilerThread0" daemon [_thread_blocked, id=1960, stack(0x0000004cf6600000,0x0000004cf6700000)]
  0x000001eef2869a40 JavaThread "C1 CompilerThread0" daemon [_thread_blocked, id=13168, stack(0x0000004cf6700000,0x0000004cf6800000)]
  0x000001eef28768c0 JavaThread "Sweeper thread" daemon [_thread_blocked, id=22000, stack(0x0000004cf6800000,0x0000004cf6900000)]
  0x000001eef2876370 JavaThread "Common-Cleaner" daemon [_thread_blocked, id=17052, stack(0x0000004cf6900000,0x0000004cf6a00000)]
  0x000001eef6d38f00 JavaThread "JDWP Transport Listener: dt_socket" daemon [_thread_blocked, id=21308, stack(0x0000004cf6a00000,0x0000004cf6b00000)]
  0x000001eef6d3df20 JavaThread "JDWP Event Helper Thread" daemon [_thread_blocked, id=24232, stack(0x0000004cf6b00000,0x0000004cf6c00000)]
  0x000001eef6d39450 JavaThread "JDWP Command Reader" daemon [_thread_in_native, id=8244, stack(0x0000004cf6c00000,0x0000004cf6d00000)]
  0x000001eef28788a0 JavaThread "Notification Thread" daemon [_thread_blocked, id=21988, stack(0x0000004cf6d00000,0x0000004cf6e00000)]
  0x000001eef2875380 JavaThread "mysql-cj-abandoned-connection-cleanup" daemon [_thread_blocked, id=21652, stack(0x0000004cf6f00000,0x0000004cf7000000)]
  0x000001eef2875e20 JavaThread "Hibernate Connection Pool Validation Thread" daemon [_thread_blocked, id=21992, stack(0x0000004cf7900000,0x0000004cf7a00000)]
  0x000001eef2877360 JavaThread "Thread-0" [_thread_blocked, id=9956, stack(0x0000004cf7000000,0x0000004cf7100000)]
  0x000001eef2878350 JavaThread "Java2D Disposer" daemon [_thread_blocked, id=18868, stack(0x0000004cf7b00000,0x0000004cf7c00000)]

Other Threads:
=>0x000001eef2838b10 VMThread "VM Thread" [stack: 0x0000004cf5f00000,0x0000004cf6000000] [id=18048]
  0x000001eef6e82140 WatcherThread "VM Periodic Task Thread" [stack: 0x0000004cf6e00000,0x0000004cf6f00000] [id=20088]
  0x000001eecf59b7e0 WorkerThread "GC Thread#0" [stack: 0x0000004cf5a00000,0x0000004cf5b00000] [id=14156]
  0x000001eef7212880 WorkerThread "GC Thread#1" [stack: 0x0000004cf7200000,0x0000004cf7300000] [id=6888]
  0x000001eef7212b50 WorkerThread "GC Thread#2" [stack: 0x0000004cf7300000,0x0000004cf7400000] [id=1856]
  0x000001eef7213230 WorkerThread "GC Thread#3" [stack: 0x0000004cf7400000,0x0000004cf7500000] [id=21008]
  0x000001eef7213500 WorkerThread "GC Thread#4" [stack: 0x0000004cf7500000,0x0000004cf7600000] [id=9780]
  0x000001eef72004b0 WorkerThread "GC Thread#5" [stack: 0x0000004cf7600000,0x0000004cf7700000] [id=25328]
  0x000001eef741a2c0 WorkerThread "GC Thread#6" [stack: 0x0000004cf7700000,0x0000004cf7800000] [id=6552]
  0x000001eef741a590 WorkerThread "GC Thread#7" [stack: 0x0000004cf7800000,0x0000004cf7900000] [id=14844]
  0x000001eecf5ac6b0 ConcurrentGCThread "G1 Main Marker" [stack: 0x0000004cf5b00000,0x0000004cf5c00000] [id=11580]
  0x000001eecf5ad880 WorkerThread "G1 Conc#0" [stack: 0x0000004cf5c00000,0x0000004cf5d00000] [id=20544]
  0x000001eef741ae00 WorkerThread "G1 Conc#1" [stack: 0x0000004cf7a00000,0x0000004cf7b00000] [id=20720]
  0x000001eecf5ed430 ConcurrentGCThread "G1 Refine#0" [stack: 0x0000004cf5d00000,0x0000004cf5e00000] [id=21080]
  0x000001eef26f66e0 ConcurrentGCThread "G1 Service" [stack: 0x0000004cf5e00000,0x0000004cf5f00000] [id=16580]

Threads with active compile tasks:

VM state: at safepoint (normal execution)

VM Mutex/Monitor currently owned by a thread:  ([mutex/lock_event])
[0x000001eecf528d00] Threads_lock - owner thread: 0x000001eef2838b10
[0x000001eecf5279e0] Heap_lock - owner thread: 0x000001eef2877360

Heap address: 0x0000000703000000, size: 4048 MB, Compressed Oops mode: Zero based, Oop shift amount: 3

CDS archive(s) mapped at: [0x0000000800000000-0x0000000800c40000-0x0000000800c40000), size 12845056, SharedBaseAddress: 0x0000000800000000, ArchiveRelocationMode: 0.
Compressed class space mapped at: 0x0000000801000000-0x0000000841000000, reserved size: 1073741824
Narrow klass base: 0x0000000800000000, Narrow klass shift: 0, Narrow klass range: 0x100000000

GC Precious Log:
 CardTable entry size: 512
 Card Set container configuration: InlinePtr #cards 4 size 8 Array Of Cards #cards 8 size 32 Howl #buckets 8 coarsen threshold 3686 Howl Bitmap #cards 512 size 80 coarsen threshold 460 Card regions per heap region 1 cards per card region 4096
 CPUs: 8 total, 8 available
 Memory: 16189M
 Large Page Support: Disabled
 NUMA Support: Disabled
 Compressed Oops: Enabled (Zero based)
 Heap Region Size: 2M
 Heap Min Capacity: 8M
 Heap Initial Capacity: 254M
 Heap Max Capacity: 4048M
 Pre-touch: Disabled
 Parallel Workers: 8
 Concurrent Workers: 2
 Concurrent Refinement Workers: 8
 Periodic GC: Disabled

Heap:
 garbage-first heap   total 475136K, used 22688K [0x0000000703000000, 0x0000000800000000)
  region size 2048K, 1 young (2048K), 1 survivors (2048K)
 Metaspace       used 40723K, committed 41024K, reserved 1114112K
  class space    used 5098K, committed 5248K, reserved 1048576K

Heap Regions: E=young(eden), S=young(survivor), O=old, HS=humongous(starts), HC=humongous(continues), CS=collection set, F=free, OA=open archive, CA=closed archive, TAMS=top-at-mark-start (previous, next)
|   0|0x0000000703000000, 0x0000000703200000, 0x0000000703200000|100%| O|  |TAMS 0x0000000703200000, 0x0000000703000000| Untracked 
|   1|0x0000000703200000, 0x0000000703400000, 0x0000000703400000|100%| O|  |TAMS 0x0000000703400000, 0x0000000703200000| Untracked 
|   2|0x0000000703400000, 0x0000000703600000, 0x0000000703600000|100%| O|  |TAMS 0x0000000703600000, 0x0000000703400000| Untracked 
|   3|0x0000000703600000, 0x0000000703800000, 0x0000000703800000|100%| O|  |TAMS 0x0000000703800000, 0x0000000703600000| Untracked 
|   4|0x0000000703800000, 0x0000000703a00000, 0x0000000703a00000|100%| O|  |TAMS 0x0000000703a00000, 0x0000000703800000| Untracked 
|   5|0x0000000703a00000, 0x0000000703c00000, 0x0000000703c00000|100%| O|  |TAMS 0x0000000703c00000, 0x0000000703a00000| Untracked 
|   6|0x0000000703c00000, 0x0000000703c26200, 0x0000000703e00000|  7%| O|  |TAMS 0x0000000703c00000, 0x0000000703c00000| Untracked 
|   7|0x0000000703e00000, 0x0000000703e00000, 0x0000000704000000|  0%| F|  |TAMS 0x0000000703e00000, 0x0000000703e00000| Untracked 
|   8|0x0000000704000000, 0x0000000704200000, 0x0000000704200000|100%| O|  |TAMS 0x0000000704200000, 0x0000000704000000| Untracked 
|   9|0x0000000704200000, 0x0000000704200000, 0x0000000704400000|  0%| F|  |TAMS 0x0000000704200000, 0x0000000704200000| Untracked 
|  10|0x0000000704400000, 0x0000000704400000, 0x0000000704600000|  0%| F|  |TAMS 0x0000000704400000, 0x0000000704400000| Untracked 
|  11|0x0000000704600000, 0x0000000704600000, 0x0000000704800000|  0%| F|  |TAMS 0x0000000704600000, 0x0000000704600000| Untracked 
|  12|0x0000000704800000, 0x0000000704800000, 0x0000000704a00000|  0%| F|  |TAMS 0x0000000704800000, 0x0000000704800000| Untracked 
|  13|0x0000000704a00000, 0x0000000704a00000, 0x0000000704c00000|  0%| F|  |TAMS 0x0000000704a00000, 0x0000000704a00000| Untracked 
|  14|0x0000000704c00000, 0x0000000704c00000, 0x0000000704e00000|  0%| F|  |TAMS 0x0000000704c00000, 0x0000000704c00000| Untracked 
|  15|0x0000000704e00000, 0x0000000705000000, 0x0000000705000000|100%|HS|  |TAMS 0x0000000705000000, 0x0000000704e00000| Complete 
|  16|0x0000000705000000, 0x0000000705200000, 0x0000000705200000|100%|HC|  |TAMS 0x0000000705200000, 0x0000000705000000| Complete 
|  17|0x0000000705200000, 0x0000000705400000, 0x0000000705400000|100%|HS|  |TAMS 0x0000000705400000, 0x0000000705200000| Complete 
|  18|0x0000000705400000, 0x0000000705400000, 0x0000000705600000|  0%| F|  |TAMS 0x0000000705400000, 0x0000000705400000| Untracked 
|  19|0x0000000705600000, 0x0000000705600000, 0x0000000705800000|  0%| F|  |TAMS 0x0000000705600000, 0x0000000705600000| Untracked 
|  20|0x0000000705800000, 0x0000000705800000, 0x0000000705a00000|  0%| F|  |TAMS 0x0000000705800000, 0x0000000705800000| Untracked 
|  21|0x0000000705a00000, 0x0000000705a00000, 0x0000000705c00000|  0%| F|  |TAMS 0x0000000705a00000, 0x0000000705a00000| Untracked 
|  22|0x0000000705c00000, 0x0000000705c00000, 0x0000000705e00000|  0%| F|  |TAMS 0x0000000705c00000, 0x0000000705c00000| Untracked 
|  23|0x0000000705e00000, 0x0000000705e00000, 0x0000000706000000|  0%| F|  |TAMS 0x0000000705e00000, 0x0000000705e00000| Untracked 
|  24|0x0000000706000000, 0x0000000706000000, 0x0000000706200000|  0%| F|  |TAMS 0x0000000706000000, 0x0000000706000000| Untracked 
|  25|0x0000000706200000, 0x0000000706200000, 0x0000000706400000|  0%| F|  |TAMS 0x0000000706200000, 0x0000000706200000| Untracked 
|  26|0x0000000706400000, 0x0000000706400000, 0x0000000706600000|  0%| F|  |TAMS 0x0000000706400000, 0x0000000706400000| Untracked 
|  27|0x0000000706600000, 0x0000000706600000, 0x0000000706800000|  0%| F|  |TAMS 0x0000000706600000, 0x0000000706600000| Untracked 
|  28|0x0000000706800000, 0x0000000706800000, 0x0000000706a00000|  0%| F|  |TAMS 0x0000000706800000, 0x0000000706800000| Untracked 
|  29|0x0000000706a00000, 0x0000000706a00000, 0x0000000706c00000|  0%| F|  |TAMS 0x0000000706a00000, 0x0000000706a00000| Untracked 
|  30|0x0000000706c00000, 0x0000000706c00000, 0x0000000706e00000|  0%| F|  |TAMS 0x0000000706c00000, 0x0000000706c00000| Untracked 
|  31|0x0000000706e00000, 0x0000000706e00000, 0x0000000707000000|  0%| F|  |TAMS 0x0000000706e00000, 0x0000000706e00000| Untracked 
|  32|0x0000000707000000, 0x0000000707000000, 0x0000000707200000|  0%| F|  |TAMS 0x0000000707000000, 0x0000000707000000| Untracked 
|  33|0x0000000707200000, 0x0000000707200000, 0x0000000707400000|  0%| F|  |TAMS 0x0000000707200000, 0x0000000707200000| Untracked 
|  34|0x0000000707400000, 0x0000000707400000, 0x0000000707600000|  0%| F|  |TAMS 0x0000000707400000, 0x0000000707400000| Untracked 
|  35|0x0000000707600000, 0x0000000707600000, 0x0000000707800000|  0%| F|  |TAMS 0x0000000707600000, 0x0000000707600000| Untracked 
|  36|0x0000000707800000, 0x0000000707800000, 0x0000000707a00000|  0%| F|  |TAMS 0x0000000707800000, 0x0000000707800000| Untracked 
|  37|0x0000000707a00000, 0x0000000707a00000, 0x0000000707c00000|  0%| F|  |TAMS 0x0000000707a00000, 0x0000000707a00000| Untracked 
|  38|0x0000000707c00000, 0x0000000707c00000, 0x0000000707e00000|  0%| F|  |TAMS 0x0000000707c00000, 0x0000000707c00000| Untracked 
|  39|0x0000000707e00000, 0x0000000707e00000, 0x0000000708000000|  0%| F|  |TAMS 0x0000000707e00000, 0x0000000707e00000| Untracked 
|  40|0x0000000708000000, 0x0000000708000000, 0x0000000708200000|  0%| F|  |TAMS 0x0000000708000000, 0x0000000708000000| Untracked 
|  41|0x0000000708200000, 0x0000000708200000, 0x0000000708400000|  0%| F|  |TAMS 0x0000000708200000, 0x0000000708200000| Untracked 
|  42|0x0000000708400000, 0x0000000708400000, 0x0000000708600000|  0%| F|  |TAMS 0x0000000708400000, 0x0000000708400000| Untracked 
|  43|0x0000000708600000, 0x0000000708600000, 0x0000000708800000|  0%| F|  |TAMS 0x0000000708600000, 0x0000000708600000| Untracked 
|  44|0x0000000708800000, 0x0000000708800000, 0x0000000708a00000|  0%| F|  |TAMS 0x0000000708800000, 0x0000000708800000| Untracked 
|  45|0x0000000708a00000, 0x0000000708a00000, 0x0000000708c00000|  0%| F|  |TAMS 0x0000000708a00000, 0x0000000708a00000| Untracked 
|  46|0x0000000708c00000, 0x0000000708c00000, 0x0000000708e00000|  0%| F|  |TAMS 0x0000000708c00000, 0x0000000708c00000| Untracked 
|  47|0x0000000708e00000, 0x0000000708e00000, 0x0000000709000000|  0%| F|  |TAMS 0x0000000708e00000, 0x0000000708e00000| Untracked 
|  48|0x0000000709000000, 0x0000000709000000, 0x0000000709200000|  0%| F|  |TAMS 0x0000000709000000, 0x0000000709000000| Untracked 
|  49|0x0000000709200000, 0x0000000709200000, 0x0000000709400000|  0%| F|  |TAMS 0x0000000709200000, 0x0000000709200000| Untracked 
|  50|0x0000000709400000, 0x0000000709400000, 0x0000000709600000|  0%| F|  |TAMS 0x0000000709400000, 0x0000000709400000| Untracked 
|  51|0x0000000709600000, 0x0000000709600000, 0x0000000709800000|  0%| F|  |TAMS 0x0000000709600000, 0x0000000709600000| Untracked 
|  52|0x0000000709800000, 0x0000000709800000, 0x0000000709a00000|  0%| F|  |TAMS 0x0000000709800000, 0x0000000709800000| Untracked 
|  53|0x0000000709a00000, 0x0000000709a00000, 0x0000000709c00000|  0%| F|  |TAMS 0x0000000709a00000, 0x0000000709a00000| Untracked 
|  54|0x0000000709c00000, 0x0000000709c00000, 0x0000000709e00000|  0%| F|  |TAMS 0x0000000709c00000, 0x0000000709c00000| Untracked 
|  55|0x0000000709e00000, 0x0000000709e00000, 0x000000070a000000|  0%| F|  |TAMS 0x0000000709e00000, 0x0000000709e00000| Untracked 
|  56|0x000000070a000000, 0x000000070a000000, 0x000000070a200000|  0%| F|  |TAMS 0x000000070a000000, 0x000000070a000000| Untracked 
|  57|0x000000070a200000, 0x000000070a200000, 0x000000070a400000|  0%| F|  |TAMS 0x000000070a200000, 0x000000070a200000| Untracked 
|  58|0x000000070a400000, 0x000000070a400000, 0x000000070a600000|  0%| F|  |TAMS 0x000000070a400000, 0x000000070a400000| Untracked 
|  59|0x000000070a600000, 0x000000070a600000, 0x000000070a800000|  0%| F|  |TAMS 0x000000070a600000, 0x000000070a600000| Untracked 
|  60|0x000000070a800000, 0x000000070a800000, 0x000000070aa00000|  0%| F|  |TAMS 0x000000070a800000, 0x000000070a800000| Untracked 
|  61|0x000000070aa00000, 0x000000070aa00000, 0x000000070ac00000|  0%| F|  |TAMS 0x000000070aa00000, 0x000000070aa00000| Untracked 
|  62|0x000000070ac00000, 0x000000070ac00000, 0x000000070ae00000|  0%| F|  |TAMS 0x000000070ac00000, 0x000000070ac00000| Untracked 
|  63|0x000000070ae00000, 0x000000070ae00000, 0x000000070b000000|  0%| F|  |TAMS 0x000000070ae00000, 0x000000070ae00000| Untracked 
|  64|0x000000070b000000, 0x000000070b000000, 0x000000070b200000|  0%| F|  |TAMS 0x000000070b000000, 0x000000070b000000| Untracked 
|  65|0x000000070b200000, 0x000000070b200000, 0x000000070b400000|  0%| F|  |TAMS 0x000000070b200000, 0x000000070b200000| Untracked 
|  66|0x000000070b400000, 0x000000070b400000, 0x000000070b600000|  0%| F|  |TAMS 0x000000070b400000, 0x000000070b400000| Untracked 
|  67|0x000000070b600000, 0x000000070b600000, 0x000000070b800000|  0%| F|  |TAMS 0x000000070b600000, 0x000000070b600000| Untracked 
|  68|0x000000070b800000, 0x000000070b800000, 0x000000070ba00000|  0%| F|  |TAMS 0x000000070b800000, 0x000000070b800000| Untracked 
|  69|0x000000070ba00000, 0x000000070ba00000, 0x000000070bc00000|  0%| F|  |TAMS 0x000000070ba00000, 0x000000070ba00000| Untracked 
|  70|0x000000070bc00000, 0x000000070bc00000, 0x000000070be00000|  0%| F|  |TAMS 0x000000070bc00000, 0x000000070bc00000| Untracked 
|  71|0x000000070be00000, 0x000000070be00000, 0x000000070c000000|  0%| F|  |TAMS 0x000000070be00000, 0x000000070be00000| Untracked 
|  72|0x000000070c000000, 0x000000070c000000, 0x000000070c200000|  0%| F|  |TAMS 0x000000070c000000, 0x000000070c000000| Untracked 
|  73|0x000000070c200000, 0x000000070c200000, 0x000000070c400000|  0%| F|  |TAMS 0x000000070c200000, 0x000000070c200000| Untracked 
|  74|0x000000070c400000, 0x000000070c400000, 0x000000070c600000|  0%| F|  |TAMS 0x000000070c400000, 0x000000070c400000| Untracked 
|  75|0x000000070c600000, 0x000000070c600000, 0x000000070c800000|  0%| F|  |TAMS 0x000000070c600000, 0x000000070c600000| Untracked 
|  76|0x000000070c800000, 0x000000070c800000, 0x000000070ca00000|  0%| F|  |TAMS 0x000000070c800000, 0x000000070c800000| Untracked 
|  77|0x000000070ca00000, 0x000000070ca00000, 0x000000070cc00000|  0%| F|  |TAMS 0x000000070ca00000, 0x000000070ca00000| Untracked 
|  78|0x000000070cc00000, 0x000000070cc00000, 0x000000070ce00000|  0%| F|  |TAMS 0x000000070cc00000, 0x000000070cc00000| Untracked 
|  79|0x000000070ce00000, 0x000000070ce00000, 0x000000070d000000|  0%| F|  |TAMS 0x000000070ce00000, 0x000000070ce00000| Untracked 
|  80|0x000000070d000000, 0x000000070d000000, 0x000000070d200000|  0%| F|  |TAMS 0x000000070d000000, 0x000000070d000000| Untracked 
|  81|0x000000070d200000, 0x000000070d200000, 0x000000070d400000|  0%| F|  |TAMS 0x000000070d200000, 0x000000070d200000| Untracked 
|  82|0x000000070d400000, 0x000000070d400000, 0x000000070d600000|  0%| F|  |TAMS 0x000000070d400000, 0x000000070d400000| Untracked 
|  83|0x000000070d600000, 0x000000070d600000, 0x000000070d800000|  0%| F|  |TAMS 0x000000070d600000, 0x000000070d600000| Untracked 
|  84|0x000000070d800000, 0x000000070d800000, 0x000000070da00000|  0%| F|  |TAMS 0x000000070d800000, 0x000000070d800000| Untracked 
|  85|0x000000070da00000, 0x000000070da00000, 0x000000070dc00000|  0%| F|  |TAMS 0x000000070da00000, 0x000000070da00000| Untracked 
|  86|0x000000070dc00000, 0x000000070dc00000, 0x000000070de00000|  0%| F|  |TAMS 0x000000070dc00000, 0x000000070dc00000| Untracked 
|  87|0x000000070de00000, 0x000000070de00000, 0x000000070e000000|  0%| F|  |TAMS 0x000000070de00000, 0x000000070de00000| Untracked 
|  88|0x000000070e000000, 0x000000070e000000, 0x000000070e200000|  0%| F|  |TAMS 0x000000070e000000, 0x000000070e000000| Untracked 
|  89|0x000000070e200000, 0x000000070e200000, 0x000000070e400000|  0%| F|  |TAMS 0x000000070e200000, 0x000000070e200000| Untracked 
|  90|0x000000070e400000, 0x000000070e400000, 0x000000070e600000|  0%| F|  |TAMS 0x000000070e400000, 0x000000070e400000| Untracked 
|  91|0x000000070e600000, 0x000000070e600000, 0x000000070e800000|  0%| F|  |TAMS 0x000000070e600000, 0x000000070e600000| Untracked 
|  92|0x000000070e800000, 0x000000070e800000, 0x000000070ea00000|  0%| F|  |TAMS 0x000000070e800000, 0x000000070e800000| Untracked 
|  93|0x000000070ea00000, 0x000000070ea00000, 0x000000070ec00000|  0%| F|  |TAMS 0x000000070ea00000, 0x000000070ea00000| Untracked 
|  94|0x000000070ec00000, 0x000000070ec00000, 0x000000070ee00000|  0%| F|  |TAMS 0x000000070ec00000, 0x000000070ec00000| Untracked 
|  95|0x000000070ee00000, 0x000000070ee00000, 0x000000070f000000|  0%| F|  |TAMS 0x000000070ee00000, 0x000000070ee00000| Untracked 
|  96|0x000000070f000000, 0x000000070f000000, 0x000000070f200000|  0%| F|  |TAMS 0x000000070f000000, 0x000000070f000000| Untracked 
|  97|0x000000070f200000, 0x000000070f200000, 0x000000070f400000|  0%| F|  |TAMS 0x000000070f200000, 0x000000070f200000| Untracked 
|  98|0x000000070f400000, 0x000000070f400000, 0x000000070f600000|  0%| F|  |TAMS 0x000000070f400000, 0x000000070f400000| Untracked 
|  99|0x000000070f600000, 0x000000070f600000, 0x000000070f800000|  0%| F|  |TAMS 0x000000070f600000, 0x000000070f600000| Untracked 
| 100|0x000000070f800000, 0x000000070f800000, 0x000000070fa00000|  0%| F|  |TAMS 0x000000070f800000, 0x000000070f800000| Untracked 
| 101|0x000000070fa00000, 0x000000070fa00000, 0x000000070fc00000|  0%| F|  |TAMS 0x000000070fa00000, 0x000000070fa00000| Untracked 
| 102|0x000000070fc00000, 0x000000070fc00000, 0x000000070fe00000|  0%| F|  |TAMS 0x000000070fc00000, 0x000000070fc00000| Untracked 
| 103|0x000000070fe00000, 0x000000070fe00000, 0x0000000710000000|  0%| F|  |TAMS 0x000000070fe00000, 0x000000070fe00000| Untracked 
| 104|0x0000000710000000, 0x0000000710000000, 0x0000000710200000|  0%| F|  |TAMS 0x0000000710000000, 0x0000000710000000| Untracked 
| 105|0x0000000710200000, 0x0000000710200000, 0x0000000710400000|  0%| F|  |TAMS 0x0000000710200000, 0x0000000710200000| Untracked 
| 106|0x0000000710400000, 0x0000000710400000, 0x0000000710600000|  0%| F|  |TAMS 0x0000000710400000, 0x0000000710400000| Untracked 
| 107|0x0000000710600000, 0x0000000710600000, 0x0000000710800000|  0%| F|  |TAMS 0x0000000710600000, 0x0000000710600000| Untracked 
| 108|0x0000000710800000, 0x0000000710800000, 0x0000000710a00000|  0%| F|  |TAMS 0x0000000710800000, 0x0000000710800000| Untracked 
| 109|0x0000000710a00000, 0x0000000710a00000, 0x0000000710c00000|  0%| F|  |TAMS 0x0000000710a00000, 0x0000000710a00000| Untracked 
| 110|0x0000000710c00000, 0x0000000710c00000, 0x0000000710e00000|  0%| F|  |TAMS 0x0000000710c00000, 0x0000000710c00000| Untracked 
| 111|0x0000000710e00000, 0x0000000710e00000, 0x0000000711000000|  0%| F|  |TAMS 0x0000000710e00000, 0x0000000710e00000| Untracked 
| 112|0x0000000711000000, 0x0000000711000000, 0x0000000711200000|  0%| F|  |TAMS 0x0000000711000000, 0x0000000711000000| Untracked 
| 113|0x0000000711200000, 0x0000000711200000, 0x0000000711400000|  0%| F|  |TAMS 0x0000000711200000, 0x0000000711200000| Untracked 
| 114|0x0000000711400000, 0x0000000711400000, 0x0000000711600000|  0%| F|  |TAMS 0x0000000711400000, 0x0000000711400000| Untracked 
| 115|0x0000000711600000, 0x0000000711600000, 0x0000000711800000|  0%| F|  |TAMS 0x0000000711600000, 0x0000000711600000| Untracked 
| 116|0x0000000711800000, 0x0000000711800000, 0x0000000711a00000|  0%| F|  |TAMS 0x0000000711800000, 0x0000000711800000| Untracked 
| 117|0x0000000711a00000, 0x0000000711a00000, 0x0000000711c00000|  0%| F|  |TAMS 0x0000000711a00000, 0x0000000711a00000| Untracked 
| 118|0x0000000711c00000, 0x0000000711c00000, 0x0000000711e00000|  0%| F|  |TAMS 0x0000000711c00000, 0x0000000711c00000| Untracked 
| 119|0x0000000711e00000, 0x0000000711e00000, 0x0000000712000000|  0%| F|  |TAMS 0x0000000711e00000, 0x0000000711e00000| Untracked 
| 120|0x0000000712000000, 0x0000000712000000, 0x0000000712200000|  0%| F|  |TAMS 0x0000000712000000, 0x0000000712000000| Untracked 
| 121|0x0000000712200000, 0x0000000712200000, 0x0000000712400000|  0%| F|  |TAMS 0x0000000712200000, 0x0000000712200000| Untracked 
| 122|0x0000000712400000, 0x0000000712400000, 0x0000000712600000|  0%| F|  |TAMS 0x0000000712400000, 0x0000000712400000| Untracked 
| 123|0x0000000712600000, 0x0000000712600000, 0x0000000712800000|  0%| F|  |TAMS 0x0000000712600000, 0x0000000712600000| Untracked 
| 124|0x0000000712800000, 0x0000000712800000, 0x0000000712a00000|  0%| F|  |TAMS 0x0000000712800000, 0x0000000712800000| Untracked 
| 125|0x0000000712a00000, 0x0000000712a00000, 0x0000000712c00000|  0%| F|  |TAMS 0x0000000712a00000, 0x0000000712a00000| Untracked 
| 126|0x0000000712c00000, 0x0000000712c00000, 0x0000000712e00000|  0%| F|  |TAMS 0x0000000712c00000, 0x0000000712c00000| Untracked 
| 127|0x0000000712e00000, 0x0000000712e00000, 0x0000000713000000|  0%| F|  |TAMS 0x0000000712e00000, 0x0000000712e00000| Untracked 
| 128|0x0000000713000000, 0x0000000713000000, 0x0000000713200000|  0%| F|  |TAMS 0x0000000713000000, 0x0000000713000000| Untracked 
| 129|0x0000000713200000, 0x0000000713200000, 0x0000000713400000|  0%| F|  |TAMS 0x0000000713200000, 0x0000000713200000| Untracked 
| 130|0x0000000713400000, 0x0000000713400000, 0x0000000713600000|  0%| F|  |TAMS 0x0000000713400000, 0x0000000713400000| Untracked 
| 131|0x0000000713600000, 0x0000000713600000, 0x0000000713800000|  0%| F|  |TAMS 0x0000000713600000, 0x0000000713600000| Untracked 
| 132|0x0000000713800000, 0x0000000713800000, 0x0000000713a00000|  0%| F|  |TAMS 0x0000000713800000, 0x0000000713800000| Untracked 
| 133|0x0000000713a00000, 0x0000000713a00000, 0x0000000713c00000|  0%| F|  |TAMS 0x0000000713a00000, 0x0000000713a00000| Untracked 
| 134|0x0000000713c00000, 0x0000000713c00000, 0x0000000713e00000|  0%| F|  |TAMS 0x0000000713c00000, 0x0000000713c00000| Untracked 
| 135|0x0000000713e00000, 0x0000000713e00000, 0x0000000714000000|  0%| F|  |TAMS 0x0000000713e00000, 0x0000000713e00000| Untracked 
| 136|0x0000000714000000, 0x0000000714000000, 0x0000000714200000|  0%| F|  |TAMS 0x0000000714000000, 0x0000000714000000| Untracked 
| 137|0x0000000714200000, 0x0000000714200000, 0x0000000714400000|  0%| F|  |TAMS 0x0000000714200000, 0x0000000714200000| Untracked 
| 138|0x0000000714400000, 0x0000000714400000, 0x0000000714600000|  0%| F|  |TAMS 0x0000000714400000, 0x0000000714400000| Untracked 
| 139|0x0000000714600000, 0x0000000714600000, 0x0000000714800000|  0%| F|  |TAMS 0x0000000714600000, 0x0000000714600000| Untracked 
| 140|0x0000000714800000, 0x0000000714800000, 0x0000000714a00000|  0%| F|  |TAMS 0x0000000714800000, 0x0000000714800000| Untracked 
| 141|0x0000000714a00000, 0x0000000714a00000, 0x0000000714c00000|  0%| F|  |TAMS 0x0000000714a00000, 0x0000000714a00000| Untracked 
| 142|0x0000000714c00000, 0x0000000714c00000, 0x0000000714e00000|  0%| F|  |TAMS 0x0000000714c00000, 0x0000000714c00000| Untracked 
| 143|0x0000000714e00000, 0x0000000714e00000, 0x0000000715000000|  0%| F|  |TAMS 0x0000000714e00000, 0x0000000714e00000| Untracked 
| 144|0x0000000715000000, 0x0000000715000000, 0x0000000715200000|  0%| F|  |TAMS 0x0000000715000000, 0x0000000715000000| Untracked 
| 145|0x0000000715200000, 0x0000000715200000, 0x0000000715400000|  0%| F|  |TAMS 0x0000000715200000, 0x0000000715200000| Untracked 
| 146|0x0000000715400000, 0x0000000715400000, 0x0000000715600000|  0%| F|  |TAMS 0x0000000715400000, 0x0000000715400000| Untracked 
| 147|0x0000000715600000, 0x0000000715600000, 0x0000000715800000|  0%| F|  |TAMS 0x0000000715600000, 0x0000000715600000| Untracked 
| 148|0x0000000715800000, 0x0000000715800000, 0x0000000715a00000|  0%| F|  |TAMS 0x0000000715800000, 0x0000000715800000| Untracked 
| 149|0x0000000715a00000, 0x0000000715a00000, 0x0000000715c00000|  0%| F|  |TAMS 0x0000000715a00000, 0x0000000715a00000| Untracked 
| 150|0x0000000715c00000, 0x0000000715c00000, 0x0000000715e00000|  0%| F|  |TAMS 0x0000000715c00000, 0x0000000715c00000| Untracked 
| 151|0x0000000715e00000, 0x0000000715e00000, 0x0000000716000000|  0%| F|  |TAMS 0x0000000715e00000, 0x0000000715e00000| Untracked 
| 152|0x0000000716000000, 0x0000000716000000, 0x0000000716200000|  0%| F|  |TAMS 0x0000000716000000, 0x0000000716000000| Untracked 
| 153|0x0000000716200000, 0x0000000716200000, 0x0000000716400000|  0%| F|  |TAMS 0x0000000716200000, 0x0000000716200000| Untracked 
| 154|0x0000000716400000, 0x0000000716400000, 0x0000000716600000|  0%| F|  |TAMS 0x0000000716400000, 0x0000000716400000| Untracked 
| 155|0x0000000716600000, 0x0000000716600000, 0x0000000716800000|  0%| F|  |TAMS 0x0000000716600000, 0x0000000716600000| Untracked 
| 156|0x0000000716800000, 0x0000000716800000, 0x0000000716a00000|  0%| F|  |TAMS 0x0000000716800000, 0x0000000716800000| Untracked 
| 157|0x0000000716a00000, 0x0000000716a00000, 0x0000000716c00000|  0%| F|  |TAMS 0x0000000716a00000, 0x0000000716a00000| Untracked 
| 158|0x0000000716c00000, 0x0000000716c00000, 0x0000000716e00000|  0%| F|  |TAMS 0x0000000716c00000, 0x0000000716c00000| Untracked 
| 159|0x0000000716e00000, 0x0000000716e00000, 0x0000000717000000|  0%| F|  |TAMS 0x0000000716e00000, 0x0000000716e00000| Untracked 
| 160|0x0000000717000000, 0x0000000717000000, 0x0000000717200000|  0%| F|  |TAMS 0x0000000717000000, 0x0000000717000000| Untracked 
| 161|0x0000000717200000, 0x0000000717200000, 0x0000000717400000|  0%| F|  |TAMS 0x0000000717200000, 0x0000000717200000| Untracked 
| 162|0x0000000717400000, 0x0000000717400000, 0x0000000717600000|  0%| F|  |TAMS 0x0000000717400000, 0x0000000717400000| Untracked 
| 163|0x0000000717600000, 0x0000000717600000, 0x0000000717800000|  0%| F|  |TAMS 0x0000000717600000, 0x0000000717600000| Untracked 
| 164|0x0000000717800000, 0x0000000717800000, 0x0000000717a00000|  0%| F|  |TAMS 0x0000000717800000, 0x0000000717800000| Untracked 
| 165|0x0000000717a00000, 0x0000000717a00000, 0x0000000717c00000|  0%| F|  |TAMS 0x0000000717a00000, 0x0000000717a00000| Untracked 
| 166|0x0000000717c00000, 0x0000000717c00000, 0x0000000717e00000|  0%| F|  |TAMS 0x0000000717c00000, 0x0000000717c00000| Untracked 
| 167|0x0000000717e00000, 0x0000000717e00000, 0x0000000718000000|  0%| F|  |TAMS 0x0000000717e00000, 0x0000000717e00000| Untracked 
| 168|0x0000000718000000, 0x0000000718000000, 0x0000000718200000|  0%| F|  |TAMS 0x0000000718000000, 0x0000000718000000| Untracked 
| 169|0x0000000718200000, 0x0000000718200000, 0x0000000718400000|  0%| F|  |TAMS 0x0000000718200000, 0x0000000718200000| Untracked 
| 170|0x0000000718400000, 0x0000000718400000, 0x0000000718600000|  0%| F|  |TAMS 0x0000000718400000, 0x0000000718400000| Untracked 
| 171|0x0000000718600000, 0x0000000718600000, 0x0000000718800000|  0%| F|  |TAMS 0x0000000718600000, 0x0000000718600000| Untracked 
| 172|0x0000000718800000, 0x0000000718800000, 0x0000000718a00000|  0%| F|  |TAMS 0x0000000718800000, 0x0000000718800000| Untracked 
| 173|0x0000000718a00000, 0x0000000718a00000, 0x0000000718c00000|  0%| F|  |TAMS 0x0000000718a00000, 0x0000000718a00000| Untracked 
| 174|0x0000000718c00000, 0x0000000718c00000, 0x0000000718e00000|  0%| F|  |TAMS 0x0000000718c00000, 0x0000000718c00000| Untracked 
| 175|0x0000000718e00000, 0x0000000718e00000, 0x0000000719000000|  0%| F|  |TAMS 0x0000000718e00000, 0x0000000718e00000| Untracked 
| 176|0x0000000719000000, 0x0000000719000000, 0x0000000719200000|  0%| F|  |TAMS 0x0000000719000000, 0x0000000719000000| Untracked 
| 177|0x0000000719200000, 0x0000000719200000, 0x0000000719400000|  0%| F|  |TAMS 0x0000000719200000, 0x0000000719200000| Untracked 
| 178|0x0000000719400000, 0x0000000719400000, 0x0000000719600000|  0%| F|  |TAMS 0x0000000719400000, 0x0000000719400000| Untracked 
| 179|0x0000000719600000, 0x0000000719600000, 0x0000000719800000|  0%| F|  |TAMS 0x0000000719600000, 0x0000000719600000| Untracked 
| 180|0x0000000719800000, 0x0000000719800000, 0x0000000719a00000|  0%| F|  |TAMS 0x0000000719800000, 0x0000000719800000| Untracked 
| 181|0x0000000719a00000, 0x0000000719a00000, 0x0000000719c00000|  0%| F|  |TAMS 0x0000000719a00000, 0x0000000719a00000| Untracked 
| 182|0x0000000719c00000, 0x0000000719c00000, 0x0000000719e00000|  0%| F|  |TAMS 0x0000000719c00000, 0x0000000719c00000| Untracked 
| 183|0x0000000719e00000, 0x0000000719e00000, 0x000000071a000000|  0%| F|  |TAMS 0x0000000719e00000, 0x0000000719e00000| Untracked 
| 184|0x000000071a000000, 0x000000071a000000, 0x000000071a200000|  0%| F|  |TAMS 0x000000071a000000, 0x000000071a000000| Untracked 
| 185|0x000000071a200000, 0x000000071a200000, 0x000000071a400000|  0%| F|  |TAMS 0x000000071a200000, 0x000000071a200000| Untracked 
| 186|0x000000071a400000, 0x000000071a400000, 0x000000071a600000|  0%| F|  |TAMS 0x000000071a400000, 0x000000071a400000| Untracked 
| 187|0x000000071a600000, 0x000000071a600000, 0x000000071a800000|  0%| F|  |TAMS 0x000000071a600000, 0x000000071a600000| Untracked 
| 188|0x000000071a800000, 0x000000071a800000, 0x000000071aa00000|  0%| F|  |TAMS 0x000000071a800000, 0x000000071a800000| Untracked 
| 189|0x000000071aa00000, 0x000000071aa00000, 0x000000071ac00000|  0%| F|  |TAMS 0x000000071aa00000, 0x000000071aa00000| Untracked 
| 190|0x000000071ac00000, 0x000000071ac00000, 0x000000071ae00000|  0%| F|  |TAMS 0x000000071ac00000, 0x000000071ac00000| Untracked 
| 191|0x000000071ae00000, 0x000000071ae00000, 0x000000071b000000|  0%| F|  |TAMS 0x000000071ae00000, 0x000000071ae00000| Untracked 
| 192|0x000000071b000000, 0x000000071b000000, 0x000000071b200000|  0%| F|  |TAMS 0x000000071b000000, 0x000000071b000000| Untracked 
| 193|0x000000071b200000, 0x000000071b200000, 0x000000071b400000|  0%| F|  |TAMS 0x000000071b200000, 0x000000071b200000| Untracked 
| 194|0x000000071b400000, 0x000000071b400000, 0x000000071b600000|  0%| F|  |TAMS 0x000000071b400000, 0x000000071b400000| Untracked 
| 195|0x000000071b600000, 0x000000071b600000, 0x000000071b800000|  0%| F|  |TAMS 0x000000071b600000, 0x000000071b600000| Untracked 
| 196|0x000000071b800000, 0x000000071b800000, 0x000000071ba00000|  0%| F|  |TAMS 0x000000071b800000, 0x000000071b800000| Untracked 
| 197|0x000000071ba00000, 0x000000071ba00000, 0x000000071bc00000|  0%| F|  |TAMS 0x000000071ba00000, 0x000000071ba00000| Untracked 
| 198|0x000000071bc00000, 0x000000071bc00000, 0x000000071be00000|  0%| F|  |TAMS 0x000000071bc00000, 0x000000071bc00000| Untracked 
| 199|0x000000071be00000, 0x000000071be00000, 0x000000071c000000|  0%| F|  |TAMS 0x000000071be00000, 0x000000071be00000| Untracked 
| 200|0x000000071c000000, 0x000000071c000000, 0x000000071c200000|  0%| F|  |TAMS 0x000000071c000000, 0x000000071c000000| Untracked 
| 201|0x000000071c200000, 0x000000071c200000, 0x000000071c400000|  0%| F|  |TAMS 0x000000071c200000, 0x000000071c200000| Untracked 
| 202|0x000000071c400000, 0x000000071c400000, 0x000000071c600000|  0%| F|  |TAMS 0x000000071c400000, 0x000000071c400000| Untracked 
| 203|0x000000071c600000, 0x000000071c600000, 0x000000071c800000|  0%| F|  |TAMS 0x000000071c600000, 0x000000071c600000| Untracked 
| 204|0x000000071c800000, 0x000000071c800000, 0x000000071ca00000|  0%| F|  |TAMS 0x000000071c800000, 0x000000071c800000| Untracked 
| 205|0x000000071ca00000, 0x000000071ca00000, 0x000000071cc00000|  0%| F|  |TAMS 0x000000071ca00000, 0x000000071ca00000| Untracked 
| 206|0x000000071cc00000, 0x000000071cc00000, 0x000000071ce00000|  0%| F|  |TAMS 0x000000071cc00000, 0x000000071cc00000| Untracked 
| 207|0x000000071ce00000, 0x000000071ce00000, 0x000000071d000000|  0%| F|  |TAMS 0x000000071ce00000, 0x000000071ce00000| Untracked 
| 208|0x000000071d000000, 0x000000071d000000, 0x000000071d200000|  0%| F|  |TAMS 0x000000071d000000, 0x000000071d000000| Untracked 
| 209|0x000000071d200000, 0x000000071d200000, 0x000000071d400000|  0%| F|  |TAMS 0x000000071d200000, 0x000000071d200000| Untracked 
| 210|0x000000071d400000, 0x000000071d400000, 0x000000071d600000|  0%| F|  |TAMS 0x000000071d400000, 0x000000071d400000| Untracked 
| 211|0x000000071d600000, 0x000000071d600000, 0x000000071d800000|  0%| F|  |TAMS 0x000000071d600000, 0x000000071d600000| Untracked 
| 212|0x000000071d800000, 0x000000071d800000, 0x000000071da00000|  0%| F|  |TAMS 0x000000071d800000, 0x000000071d800000| Untracked 
| 213|0x000000071da00000, 0x000000071da00000, 0x000000071dc00000|  0%| F|  |TAMS 0x000000071da00000, 0x000000071da00000| Untracked 
| 214|0x000000071dc00000, 0x000000071dc00000, 0x000000071de00000|  0%| F|  |TAMS 0x000000071dc00000, 0x000000071dc00000| Untracked 
| 215|0x000000071de00000, 0x000000071de00000, 0x000000071e000000|  0%| F|  |TAMS 0x000000071de00000, 0x000000071de00000| Untracked 
| 216|0x000000071e000000, 0x000000071e000000, 0x000000071e200000|  0%| F|  |TAMS 0x000000071e000000, 0x000000071e000000| Untracked 
| 217|0x000000071e200000, 0x000000071e200000, 0x000000071e400000|  0%| F|  |TAMS 0x000000071e200000, 0x000000071e200000| Untracked 
| 218|0x000000071e400000, 0x000000071e400000, 0x000000071e600000|  0%| F|  |TAMS 0x000000071e400000, 0x000000071e400000| Untracked 
| 219|0x000000071e600000, 0x000000071e600000, 0x000000071e800000|  0%| F|  |TAMS 0x000000071e600000, 0x000000071e600000| Untracked 
| 220|0x000000071e800000, 0x000000071e800000, 0x000000071ea00000|  0%| F|  |TAMS 0x000000071e800000, 0x000000071e800000| Untracked 
| 221|0x000000071ea00000, 0x000000071ea00000, 0x000000071ec00000|  0%| F|  |TAMS 0x000000071ea00000, 0x000000071ea00000| Untracked 
| 222|0x000000071ec00000, 0x000000071ec00000, 0x000000071ee00000|  0%| F|  |TAMS 0x000000071ec00000, 0x000000071ec00000| Untracked 
| 223|0x000000071ee00000, 0x000000071ee02040, 0x000000071f000000|  0%| S|CS|TAMS 0x000000071ee00000, 0x000000071ee00000| Complete 
| 224|0x000000071f000000, 0x000000071f000000, 0x000000071f200000|  0%| F|  |TAMS 0x000000071f000000, 0x000000071f000000| Untracked 
| 225|0x000000071f200000, 0x000000071f200000, 0x000000071f400000|  0%| F|  |TAMS 0x000000071f200000, 0x000000071f200000| Untracked 
| 226|0x000000071f400000, 0x000000071f400000, 0x000000071f600000|  0%| F|  |TAMS 0x000000071f400000, 0x000000071f400000| Untracked 
| 227|0x000000071f600000, 0x000000071f600000, 0x000000071f800000|  0%| F|  |TAMS 0x000000071f600000, 0x000000071f600000| Untracked 
| 228|0x000000071f800000, 0x000000071f800000, 0x000000071fa00000|  0%| F|  |TAMS 0x000000071f800000, 0x000000071f800000| Untracked 
| 229|0x000000071fa00000, 0x000000071fa00000, 0x000000071fc00000|  0%| F|  |TAMS 0x000000071fa00000, 0x000000071fa00000| Untracked 
|2022|0x00000007ffc00000, 0x00000007ffc00000, 0x00000007ffe00000|  0%| F|  |TAMS 0x00000007ffc00000, 0x00000007ffc00000| Untracked 
|2023|0x00000007ffe00000, 0x0000000800000000, 0x0000000800000000|100%| O|  |TAMS 0x0000000800000000, 0x00000007ffe00000| Untracked 

Card table byte_map: [0x000001eee6fb0000,0x000001eee77a0000] _byte_map_base: 0x000001eee3798000

Marking Bits (Prev, Next): (CMBitMap*) 0x000001eecf59be50, (CMBitMap*) 0x000001eecf59be10
 Prev Bits: [0x000001eeebed0000, 0x000001eeefe10000)
 Next Bits: [0x000001eee7f90000, 0x000001eeebed0000)

Polling page: 0x000001eececf0000

Metaspace:

Usage:
  Non-class:     34.79 MB used.
      Class:      4.98 MB used.
       Both:     39.77 MB used.

Virtual space:
  Non-class space:       64.00 MB reserved,      34.94 MB ( 55%) committed,  1 nodes.
      Class space:        1.00 GB reserved,       5.12 MB ( <1%) committed,  1 nodes.
             Both:        1.06 GB reserved,      40.06 MB (  4%) committed. 

Chunk freelists:
   Non-Class:  484.00 KB
       Class:  2.92 MB
        Both:  3.39 MB

MaxMetaspaceSize: unlimited
CompressedClassSpaceSize: 1.00 GB
Initial GC threshold: 21.00 MB
Current GC threshold: 66.81 MB
CDS: on
MetaspaceReclaimPolicy: balanced
 - commit_granule_bytes: 65536.
 - commit_granule_words: 8192.
 - virtual_space_node_default_size: 8388608.
 - enlarge_chunks_in_place: 1.
 - new_chunks_are_fully_committed: 0.
 - uncommit_free_chunks: 1.
 - use_allocation_guard: 0.


Internal statistics:

num_allocs_failed_limit: 6.
num_arena_births: 346.
num_arena_deaths: 0.
num_vsnodes_births: 2.
num_vsnodes_deaths: 0.
num_space_committed: 641.
num_space_uncommitted: 0.
num_chunks_returned_to_freelist: 6.
num_chunks_taken_from_freelist: 1473.
num_chunk_merges: 6.
num_chunk_splits: 1073.
num_chunks_enlarged: 876.
num_inconsistent_stats: 0.

CodeHeap 'non-profiled nmethods': size=120000Kb used=1924Kb max_used=1924Kb free=118075Kb
 bounds [0x000001eedef50000, 0x000001eedf1c0000, 0x000001eee6480000]
CodeHeap 'profiled nmethods': size=120000Kb used=8144Kb max_used=8144Kb free=111855Kb
 bounds [0x000001eed7480000, 0x000001eed7c80000, 0x000001eede9b0000]
CodeHeap 'non-nmethods': size=5760Kb used=1511Kb max_used=1574Kb free=4248Kb
 bounds [0x000001eede9b0000, 0x000001eedec20000, 0x000001eedef50000]
 total_blobs=4866 nmethods=4170 adapters=605
 compilation: enabled
              stopped_count=0, restarted_count=0
 full_count=0

Compilation events (20 events):
Event: 53.789 Thread 0x000001eef2869a40 4164       3       java.net.SocketException::<init> (6 bytes)
Event: 53.789 Thread 0x000001eef2869a40 nmethod 4164 0x000001eed7c6d390 code [0x000001eed7c6d540, 0x000001eed7c6d748]
Event: 53.793 Thread 0x000001eef2869a40 4165       3       java.io.InputStream::read (9 bytes)
Event: 53.794 Thread 0x000001eef2869a40 nmethod 4165 0x000001eed7c6d890 code [0x000001eed7c6da40, 0x000001eed7c6dc28]
Event: 53.794 Thread 0x000001eef2869a40 4166   !   3       java.io.PrintWriter::close (63 bytes)
Event: 53.796 Thread 0x000001eef2869a40 nmethod 4166 0x000001eed7c6dd10 code [0x000001eed7c6dfe0, 0x000001eed7c6f1f8]
Event: 53.796 Thread 0x000001eef2869a40 4167   !   3       java.io.PrintWriter::implClose (29 bytes)
Event: 53.796 Thread 0x000001eef2869a40 nmethod 4167 0x000001eed7c6f810 code [0x000001eed7c6f9c0, 0x000001eed7c6fc88]
Event: 53.800 Thread 0x000001eef2869a40 4168   !   3       sun.nio.ch.NioSocketImpl::implRead (230 bytes)
Event: 53.802 Thread 0x000001eef2869a40 nmethod 4168 0x000001eed7c6fd90 code [0x000001eed7c70060, 0x000001eed7c70f08]
Event: 53.803 Thread 0x000001eef2869a40 4171   !   3       sun.nio.ch.NioSocketImpl::read (96 bytes)
Event: 53.805 Thread 0x000001eef2869a40 nmethod 4171 0x000001eed7c71690 code [0x000001eed7c71960, 0x000001eed7c72978]
Event: 53.805 Thread 0x000001eef2869a40 4169   !   3       sun.nio.ch.NioSocketImpl::beginRead (30 bytes)
Event: 53.805 Thread 0x000001eef2869a40 nmethod 4169 0x000001eed7c72f90 code [0x000001eed7c73160, 0x000001eed7c735e8]
Event: 53.805 Thread 0x000001eef2869a40 4170       3       java.net.Socket$SocketInputStream::close (8 bytes)
Event: 53.806 Thread 0x000001eef2869a40 nmethod 4170 0x000001eed7c73790 code [0x000001eed7c73940, 0x000001eed7c73b28]
Event: 53.841 Thread 0x000001eef2869a40 4172       3       java.util.concurrent.locks.ReentrantLock::unlock (10 bytes)
Event: 53.842 Thread 0x000001eef2869a40 nmethod 4172 0x000001eed7c73c10 code [0x000001eed7c73de0, 0x000001eed7c740b8]
Event: 54.102 Thread 0x000001eef2868110 4173   !   4       java.net.Socket::isClosed (19 bytes)
Event: 54.104 Thread 0x000001eef2868110 nmethod 4173 0x000001eedf130d90 code [0x000001eedf130f20, 0x000001eedf1310f8]

GC Heap History (20 events):
Event: 53.852 GC heap after
{Heap after GC invocations=31 (full 0):
 garbage-first heap   total 473088K, used 22684K [0x0000000703000000, 0x0000000800000000)
  region size 2048K, 1 young (2048K), 1 survivors (2048K)
 Metaspace       used 40723K, committed 41024K, reserved 1114112K
  class space    used 5098K, committed 5248K, reserved 1048576K
}
Event: 54.130 GC heap before
{Heap before GC invocations=31 (full 0):
 garbage-first heap   total 473088K, used 301212K [0x0000000703000000, 0x0000000800000000)
  region size 2048K, 138 young (282624K), 1 survivors (2048K)
 Metaspace       used 40723K, committed 41024K, reserved 1114112K
  class space    used 5098K, committed 5248K, reserved 1048576K
}
Event: 54.131 GC heap after
{Heap after GC invocations=32 (full 0):
 garbage-first heap   total 473088K, used 22688K [0x0000000703000000, 0x0000000800000000)
  region size 2048K, 1 young (2048K), 1 survivors (2048K)
 Metaspace       used 40723K, committed 41024K, reserved 1114112K
  class space    used 5098K, committed 5248K, reserved 1048576K
}
Event: 54.235 GC heap before
{Heap before GC invocations=32 (full 0):
 garbage-first heap   total 473088K, used 301216K [0x0000000703000000, 0x0000000800000000)
  region size 2048K, 138 young (282624K), 1 survivors (2048K)
 Metaspace       used 40723K, committed 41024K, reserved 1114112K
  class space    used 5098K, committed 5248K, reserved 1048576K
}
Event: 54.236 GC heap after
{Heap after GC invocations=33 (full 0):
 garbage-first heap   total 473088K, used 22692K [0x0000000703000000, 0x0000000800000000)
  region size 2048K, 1 young (2048K), 1 survivors (2048K)
 Metaspace       used 40723K, committed 41024K, reserved 1114112K
  class space    used 5098K, committed 5248K, reserved 1048576K
}
Event: 54.324 GC heap before
{Heap before GC invocations=33 (full 0):
 garbage-first heap   total 473088K, used 301220K [0x0000000703000000, 0x0000000800000000)
  region size 2048K, 138 young (282624K), 1 survivors (2048K)
 Metaspace       used 40723K, committed 41024K, reserved 1114112K
  class space    used 5098K, committed 5248K, reserved 1048576K
}
Event: 54.325 GC heap after
{Heap after GC invocations=34 (full 0):
 garbage-first heap   total 473088K, used 22690K [0x0000000703000000, 0x0000000800000000)
  region size 2048K, 1 young (2048K), 1 survivors (2048K)
 Metaspace       used 40723K, committed 41024K, reserved 1114112K
  class space    used 5098K, committed 5248K, reserved 1048576K
}
Event: 54.486 GC heap before
{Heap before GC invocations=35 (full 0):
 garbage-first heap   total 307200K, used 301218K [0x0000000703000000, 0x0000000800000000)
  region size 2048K, 138 young (282624K), 1 survivors (2048K)
 Metaspace       used 40723K, committed 41024K, reserved 1114112K
  class space    used 5098K, committed 5248K, reserved 1048576K
}
Event: 54.487 GC heap after
{Heap after GC invocations=36 (full 0):
 garbage-first heap   total 311296K, used 22701K [0x0000000703000000, 0x0000000800000000)
  region size 2048K, 1 young (2048K), 1 survivors (2048K)
 Metaspace       used 40723K, committed 41024K, reserved 1114112K
  class space    used 5098K, committed 5248K, reserved 1048576K
}
Event: 54.492 GC heap before
{Heap before GC invocations=36 (full 0):
 garbage-first heap   total 311296K, used 32941K [0x0000000703000000, 0x0000000800000000)
  region size 2048K, 7 young (14336K), 1 survivors (2048K)
 Metaspace       used 40723K, committed 41024K, reserved 1114112K
  class space    used 5098K, committed 5248K, reserved 1048576K
}
Event: 54.493 GC heap after
{Heap after GC invocations=37 (full 0):
 garbage-first heap   total 311296K, used 22698K [0x0000000703000000, 0x0000000800000000)
  region size 2048K, 1 young (2048K), 1 survivors (2048K)
 Metaspace       used 40723K, committed 41024K, reserved 1114112K
  class space    used 5098K, committed 5248K, reserved 1048576K
}
Event: 54.554 GC heap before
{Heap before GC invocations=37 (full 0):
 garbage-first heap   total 311296K, used 204970K [0x0000000703000000, 0x0000000800000000)
  region size 2048K, 91 young (186368K), 1 survivors (2048K)
 Metaspace       used 40723K, committed 41024K, reserved 1114112K
  class space    used 5098K, committed 5248K, reserved 1048576K
}
Event: 54.554 GC heap after
{Heap after GC invocations=38 (full 0):
 garbage-first heap   total 311296K, used 22706K [0x0000000703000000, 0x0000000800000000)
  region size 2048K, 1 young (2048K), 1 survivors (2048K)
 Metaspace       used 40723K, committed 41024K, reserved 1114112K
  class space    used 5098K, committed 5248K, reserved 1048576K
}
Event: 54.612 GC heap before
{Heap before GC invocations=38 (full 0):
 garbage-first heap   total 311296K, used 204978K [0x0000000703000000, 0x0000000800000000)
  region size 2048K, 91 young (186368K), 1 survivors (2048K)
 Metaspace       used 40723K, committed 41024K, reserved 1114112K
  class space    used 5098K, committed 5248K, reserved 1048576K
}
Event: 54.612 GC heap after
{Heap after GC invocations=39 (full 0):
 garbage-first heap   total 311296K, used 22706K [0x0000000703000000, 0x0000000800000000)
  region size 2048K, 1 young (2048K), 1 survivors (2048K)
 Metaspace       used 40723K, committed 41024K, reserved 1114112K
  class space    used 5098K, committed 5248K, reserved 1048576K
}
Event: 54.663 GC heap before
{Heap before GC invocations=39 (full 0):
 garbage-first heap   total 311296K, used 204978K [0x0000000703000000, 0x0000000800000000)
  region size 2048K, 91 young (186368K), 1 survivors (2048K)
 Metaspace       used 40723K, committed 41024K, reserved 1114112K
  class space    used 5098K, committed 5248K, reserved 1048576K
}
Event: 54.664 GC heap after
{Heap after GC invocations=40 (full 0):
 garbage-first heap   total 311296K, used 22704K [0x0000000703000000, 0x0000000800000000)
  region size 2048K, 1 young (2048K), 1 survivors (2048K)
 Metaspace       used 40723K, committed 41024K, reserved 1114112K
  class space    used 5098K, committed 5248K, reserved 1048576K
}
Event: 54.717 GC heap before
{Heap before GC invocations=41 (full 0):
 garbage-first heap   total 294912K, used 204976K [0x0000000703000000, 0x0000000800000000)
  region size 2048K, 91 young (186368K), 1 survivors (2048K)
 Metaspace       used 40723K, committed 41024K, reserved 1114112K
  class space    used 5098K, committed 5248K, reserved 1048576K
}
Event: 54.718 GC heap after
{Heap after GC invocations=42 (full 0):
 garbage-first heap   total 294912K, used 22704K [0x0000000703000000, 0x0000000800000000)
  region size 2048K, 1 young (2048K), 1 survivors (2048K)
 Metaspace       used 40723K, committed 41024K, reserved 1114112K
  class space    used 5098K, committed 5248K, reserved 1048576K
}
Event: 54.721 GC heap before
{Heap before GC invocations=42 (full 0):
 garbage-first heap   total 294912K, used 32944K [0x0000000703000000, 0x0000000800000000)
  region size 2048K, 7 young (14336K), 1 survivors (2048K)
 Metaspace       used 40723K, committed 41024K, reserved 1114112K
  class space    used 5098K, committed 5248K, reserved 1048576K
}

Dll operation events (13 events):
Event: 0.025 Loaded shared library D:\JDK\jdk-19\bin\java.dll
Event: 0.027 Loaded shared library D:\JDK\jdk-19\bin\zip.dll
Event: 0.040 Loaded shared library D:\JDK\jdk-19\bin\jsvml.dll
Event: 0.835 Loaded shared library D:\JDK\jdk-19\bin\instrument.dll
Event: 0.901 Loaded shared library D:\JDK\jdk-19\bin\net.dll
Event: 0.904 Loaded shared library D:\JDK\jdk-19\bin\nio.dll
Event: 0.930 Loaded shared library D:\JDK\jdk-19\bin\extnet.dll
Event: 20.819 Loaded shared library D:\JDK\jdk-19\bin\jimage.dll
Event: 20.848 Loaded shared library D:\JDK\jdk-19\bin\zip.dll
Event: 21.250 Loaded shared library D:\JDK\jdk-19\bin\sunmscapi.dll
Event: 22.092 Loaded shared library D:\JDK\jdk-19\bin\verify.dll
Event: 31.088 Loaded shared library D:\JDK\jdk-19\bin\awt.dll
Event: 31.117 Loaded shared library D:\JDK\jdk-19\bin\javajpeg.dll

Deoptimization events (20 events):
Event: 54.721 Thread 0x000001eef2877360 DEOPT PACKING pc=0x000001eed7c6d1e4 sp=0x0000004cf70ff0f0
Event: 54.721 Thread 0x000001eef2877360 DEOPT UNPACKING pc=0x000001eedea17543 sp=0x0000004cf70fe598 mode 1
Event: 54.721 Thread 0x000001eef2877360 DEOPT PACKING pc=0x000001eed7c6c654 sp=0x0000004cf70ff150
Event: 54.721 Thread 0x000001eef2877360 DEOPT UNPACKING pc=0x000001eedea17543 sp=0x0000004cf70fe608 mode 1
Event: 54.721 Thread 0x000001eef2877360 DEOPT PACKING pc=0x000001eed7c6db64 sp=0x0000004cf70ff1d0
Event: 54.721 Thread 0x000001eef2877360 DEOPT UNPACKING pc=0x000001eedea17543 sp=0x0000004cf70fe688 mode 1
Event: 54.721 Thread 0x000001eef2877360 DEOPT PACKING pc=0x000001eed7c6b2d1 sp=0x0000004cf70fee20
Event: 54.721 Thread 0x000001eef2877360 DEOPT UNPACKING pc=0x000001eedea17543 sp=0x0000004cf70fe2d8 mode 1
Event: 54.721 Thread 0x000001eef2877360 DEOPT PACKING pc=0x000001eed7c7321c sp=0x0000004cf70fee80
Event: 54.721 Thread 0x000001eef2877360 DEOPT UNPACKING pc=0x000001eedea17543 sp=0x0000004cf70fe340 mode 1
Event: 54.721 Thread 0x000001eef2877360 DEOPT PACKING pc=0x000001eed7c700f4 sp=0x0000004cf70fef00
Event: 54.721 Thread 0x000001eef2877360 DEOPT UNPACKING pc=0x000001eedea17543 sp=0x0000004cf70fe410 mode 1
Event: 54.721 Thread 0x000001eef2877360 DEOPT PACKING pc=0x000001eed7c720ac sp=0x0000004cf70feff0
Event: 54.721 Thread 0x000001eef2877360 DEOPT UNPACKING pc=0x000001eedea17543 sp=0x0000004cf70fe518 mode 1
Event: 54.721 Thread 0x000001eef2877360 DEOPT PACKING pc=0x000001eed7c6d1e4 sp=0x0000004cf70ff0f0
Event: 54.721 Thread 0x000001eef2877360 DEOPT UNPACKING pc=0x000001eedea17543 sp=0x0000004cf70fe598 mode 1
Event: 54.721 Thread 0x000001eef2877360 DEOPT PACKING pc=0x000001eed7c6c654 sp=0x0000004cf70ff150
Event: 54.721 Thread 0x000001eef2877360 DEOPT UNPACKING pc=0x000001eedea17543 sp=0x0000004cf70fe608 mode 1
Event: 54.721 Thread 0x000001eef2877360 DEOPT PACKING pc=0x000001eed7c6db64 sp=0x0000004cf70ff1d0
Event: 54.721 Thread 0x000001eef2877360 DEOPT UNPACKING pc=0x000001eedea17543 sp=0x0000004cf70fe688 mode 1

Classes loaded (20 events):
Event: 31.128 Loading class sun/awt/image/SurfaceManager$ImageAccessor done
Event: 31.128 Loading class java/awt/Image$1 done
Event: 31.128 Loading class sun/awt/image/SurfaceManager
Event: 31.128 Loading class sun/awt/image/SurfaceManager done
Event: 31.128 Loading class java/awt/image/BufferedImage$1
Event: 31.129 Loading class java/awt/image/BufferedImage$1 done
Event: 31.129 Loading class sun/awt/image/IntegerComponentRaster
Event: 31.129 Loading class sun/awt/image/IntegerComponentRaster done
Event: 31.129 Loading class java/awt/image/IndexColorModel
Event: 31.129 Loading class java/awt/image/IndexColorModel done
Event: 31.129 Loading class sun/awt/image/ShortComponentRaster
Event: 31.129 Loading class sun/awt/image/ShortComponentRaster done
Event: 52.811 Loading class com/intellij/rt/debugger/agent/CaptureStorage$HardKey
Event: 52.811 Loading class com/intellij/rt/debugger/agent/CaptureStorage$HardKey done
Event: 53.668 Loading class sun/net/ConnectionResetException
Event: 53.668 Loading class sun/net/ConnectionResetException done
Event: 53.668 Loading class java/io/InterruptedIOException
Event: 53.669 Loading class java/io/InterruptedIOException done
Event: 53.669 Loading class java/net/SocketTimeoutException
Event: 53.669 Loading class java/net/SocketTimeoutException done

Classes unloaded (0 events):
No events

Classes redefined (0 events):
No events

Internal exceptions (20 events):
Event: 24.922 Thread 0x000001eecf529dc0 Exception <a 'java/lang/NoSuchMethodError'{0x000000071217b1f0}: 'int java.lang.invoke.DirectMethodHandle$Holder.invokeSpecial(java.lang.Object, java.lang.Object, java.lang.Object, java.lang.Object, java.lang.Object, java.lang.Object)'> (0x000000071217b1f0) 
thrown [s\open\src\hotspot\share\interpreter\linkResolver.cpp, line 774]
Event: 24.937 Thread 0x000001eecf529dc0 Exception <a 'java/lang/NoSuchMethodError'{0x00000007121d7f68}: 'java.lang.Object java.lang.invoke.DirectMethodHandle$Holder.newInvokeSpecial(java.lang.Object, java.lang.Object, java.lang.Object, java.lang.Object, java.lang.Object, java.lang.Object, java.lang.Object, int)'> (0x00000007121d7f68) 
thrown [s\open\src\hotspot\share\interpreter\linkResolver.cpp, line 774]
Event: 24.937 Thread 0x000001eecf529dc0 Exception <a 'java/lang/NoSuchMethodError'{0x00000007121dd2d0}: 'java.lang.Object java.lang.invoke.DirectMethodHandle$Holder.invokeSpecial(java.lang.Object, java.lang.Object, java.lang.Object, java.lang.Object, java.lang.Object, java.lang.Object, java.lang.Object, java.lang.Object, int)'> (0x00000007121dd2d0) 
thrown [s\open\src\hotspot\share\interpreter\linkResolver.cpp, line 774]
Event: 25.030 Thread 0x000001eecf529dc0 Exception <a 'java/lang/NoSuchMethodError'{0x0000000711ff1ce8}: 'void java.lang.invoke.DirectMethodHandle$Holder.invokeInterface(java.lang.Object, java.lang.Object)'> (0x0000000711ff1ce8) 
thrown [s\open\src\hotspot\share\interpreter\linkResolver.cpp, line 774]
Event: 25.098 Thread 0x000001eecf529dc0 Exception <a 'java/lang/NoSuchMethodError'{0x00000007051b0d20}: 'java.lang.Object java.lang.invoke.DirectMethodHandle$Holder.invokeStaticInit(java.lang.Object, java.lang.Object, java.lang.Object)'> (0x00000007051b0d20) 
thrown [s\open\src\hotspot\share\interpreter\linkResolver.cpp, line 774]
Event: 25.332 Thread 0x000001eef2877360 Implicit null exception at 0x000001eedefecf72 to 0x000001eedefed540
Event: 25.802 Thread 0x000001eef2877360 Exception <a 'java/lang/NoSuchMethodError'{0x00000007050ff168}: 'int java.lang.invoke.DirectMethodHandle$Holder.invokeStatic(java.lang.Object)'> (0x00000007050ff168) 
thrown [s\open\src\hotspot\share\interpreter\linkResolver.cpp, line 774]
Event: 25.984 Thread 0x000001eef2877360 Exception <a 'java/lang/NoSuchMethodError'{0x000000071211c8a8}: 'void java.lang.invoke.DirectMethodHandle$Holder.invokeSpecial(java.lang.Object, java.lang.Object, java.lang.Object, java.lang.Object, java.lang.Object)'> (0x000000071211c8a8) 
thrown [s\open\src\hotspot\share\interpreter\linkResolver.cpp, line 774]
Event: 26.011 Thread 0x000001eef2877360 Exception <a 'java/lang/NoSuchMethodError'{0x000000071217d678}: 'java.lang.Object java.lang.invoke.DirectMethodHandle$Holder.invokeInterface(java.lang.Object, java.lang.Object, java.lang.Object)'> (0x000000071217d678) 
thrown [s\open\src\hotspot\share\interpreter\linkResolver.cpp, line 774]
Event: 26.029 Thread 0x000001eef2877360 Exception <a 'java/lang/NoSuchMethodError'{0x00000007121c46c8}: 'void java.lang.invoke.DirectMethodHandle$Holder.invokeInterface(java.lang.Object, java.lang.Object, java.lang.Object)'> (0x00000007121c46c8) 
thrown [s\open\src\hotspot\share\interpreter\linkResolver.cpp, line 774]
Event: 26.048 Thread 0x000001eef2877360 Exception <a 'java/lang/NoSuchMethodError'{0x0000000711e22fb0}: 'void java.lang.invoke.DirectMethodHandle$Holder.invokeStaticInit(java.lang.Object, java.lang.Object, java.lang.Object, java.lang.Object, java.lang.Object)'> (0x0000000711e22fb0) 
thrown [s\open\src\hotspot\share\interpreter\linkResolver.cpp, line 774]
Event: 26.075 Thread 0x000001eef2877360 Exception <a 'java/lang/NoSuchMethodError'{0x0000000711e90218}: 'void java.lang.invoke.DirectMethodHandle$Holder.invokeInterface(java.lang.Object, java.lang.Object, java.lang.Object, java.lang.Object)'> (0x0000000711e90218) 
thrown [s\open\src\hotspot\share\interpreter\linkResolver.cpp, line 774]
Event: 26.076 Thread 0x000001eef2877360 Exception <a 'java/lang/IncompatibleClassChangeError'{0x0000000711e936a8}: Found class java.lang.Object, but interface was expected> (0x0000000711e936a8) 
thrown [s\open\src\hotspot\share\interpreter\linkResolver.cpp, line 841]
Event: 26.147 Thread 0x000001eef2877360 Exception <a 'java/lang/NoSuchMethodError'{0x0000000711fc7620}: 'void java.lang.invoke.Invokers$Holder.invokeExact_MT(java.lang.Object, java.lang.Object, int, java.lang.Object)'> (0x0000000711fc7620) 
thrown [s\open\src\hotspot\share\interpreter\linkResolver.cpp, line 774]
Event: 26.155 Thread 0x000001eef2877360 Exception <a 'java/lang/NoSuchMethodError'{0x0000000711fe7640}: 'void java.lang.invoke.Invokers$Holder.invokeExact_MT(java.lang.Object, java.lang.Object, java.lang.Object, java.lang.Object)'> (0x0000000711fe7640) 
thrown [s\open\src\hotspot\share\interpreter\linkResolver.cpp, line 774]
Event: 31.076 Thread 0x000001eef2877360 Implicit null exception at 0x000001eedefe92f2 to 0x000001eedefe98a0
Event: 31.083 Thread 0x000001eef2877360 Exception <a 'java/lang/ClassNotFoundException'{0x0000000712d55aa8}: sun/awt/resources/spi/awtProvider> (0x0000000712d55aa8) 
thrown [s\open\src\hotspot\share\classfile\systemDictionary.cpp, line 255]
Event: 31.090 Thread 0x000001eef2877360 Exception <a 'java/io/FileNotFoundException'{0x0000000712d65a40}> (0x0000000712d65a40) 
thrown [s\open\src\hotspot\share\prims\jni.cpp, line 517]
Event: 31.090 Thread 0x000001eef2877360 Exception <a 'java/io/FileNotFoundException'{0x0000000712d671c0}> (0x0000000712d671c0) 
thrown [s\open\src\hotspot\share\prims\jni.cpp, line 517]
Event: 53.668 Thread 0x000001eef2877360 Exception <a 'sun/net/ConnectionResetException'{0x0000000712c606a0}: Connection reset> (0x0000000712c606a0) 
thrown [s\open\src\hotspot\share\prims\jni.cpp, line 536]

VM Operations (20 events):
Event: 54.354 Executing VM operation: G1PauseRemark done
Event: 54.369 Executing VM operation: G1PauseCleanup
Event: 54.369 Executing VM operation: G1PauseCleanup done
Event: 54.486 Executing VM operation: G1CollectForAllocation
Event: 54.487 Executing VM operation: G1CollectForAllocation done
Event: 54.492 Executing VM operation: G1CollectForAllocation
Event: 54.493 Executing VM operation: G1CollectForAllocation done
Event: 54.553 Executing VM operation: G1CollectForAllocation
Event: 54.554 Executing VM operation: G1CollectForAllocation done
Event: 54.612 Executing VM operation: G1CollectForAllocation
Event: 54.613 Executing VM operation: G1CollectForAllocation done
Event: 54.663 Executing VM operation: G1CollectForAllocation
Event: 54.664 Executing VM operation: G1CollectForAllocation done
Event: 54.682 Executing VM operation: G1PauseRemark
Event: 54.684 Executing VM operation: G1PauseRemark done
Event: 54.692 Executing VM operation: G1PauseCleanup
Event: 54.692 Executing VM operation: G1PauseCleanup done
Event: 54.717 Executing VM operation: G1CollectForAllocation
Event: 54.718 Executing VM operation: G1CollectForAllocation done
Event: 54.721 Executing VM operation: G1CollectForAllocation

Events (20 events):
Event: 20.904 Thread 0x000001eef2875380 Thread added: 0x000001eef2875380
Event: 20.991 Thread 0x000001eef703d7c0 Thread added: 0x000001eef703d7c0
Event: 20.995 Thread 0x000001eef6f52950 Thread added: 0x000001eef6f52950
Event: 22.548 Thread 0x000001eef6f52950 Thread exited: 0x000001eef6f52950
Event: 22.566 Thread 0x000001eef703d7c0 Thread exited: 0x000001eef703d7c0
Event: 22.753 Thread 0x000001eef80bc830 Thread added: 0x000001eef80bc830
Event: 22.754 Thread 0x000001eef8192330 Thread added: 0x000001eef8192330
Event: 22.804 Thread 0x000001eef2875e20 Thread added: 0x000001eef2875e20
Event: 23.034 Thread 0x000001eef8192330 Thread exited: 0x000001eef8192330
Event: 24.521 Thread 0x000001eef87d0760 Thread added: 0x000001eef87d0760
Event: 25.170 Thread 0x000001eef87d0760 Thread exited: 0x000001eef87d0760
Event: 25.320 Thread 0x000001eef80bc830 Thread exited: 0x000001eef80bc830
Event: 25.327 Thread 0x000001eef2877360 Thread added: 0x000001eef2877360
Event: 25.623 Thread 0x000001eef9025ea0 Thread added: 0x000001eef9025ea0
Event: 25.694 Thread 0x000001eef907a030 Thread added: 0x000001eef907a030
Event: 28.821 Thread 0x000001eef9025ea0 Thread exited: 0x000001eef9025ea0
Event: 28.821 Thread 0x000001eef907a030 Thread exited: 0x000001eef907a030
Event: 31.106 Thread 0x000001eef907a030 Thread added: 0x000001eef907a030
Event: 31.113 Thread 0x000001eef2878350 Thread added: 0x000001eef2878350
Event: 36.162 Thread 0x000001eef907a030 Thread exited: 0x000001eef907a030


Dynamic libraries:
0x00007ff75d9c0000 - 0x00007ff75d9d0000 	D:\JDK\jdk-19\bin\java.exe
0x00007ffed1030000 - 0x00007ffed1228000 	C:\WINDOWS\SYSTEM32\ntdll.dll
0x00007ffe88040000 - 0x00007ffe88059000 	C:\Program Files\Avast Software\Avast\aswhook.dll
0x00007ffecf300000 - 0x00007ffecf3bd000 	C:\WINDOWS\System32\KERNEL32.DLL
0x00007ffecea30000 - 0x00007ffeced26000 	C:\WINDOWS\System32\KERNELBASE.dll
0x00007ffecee90000 - 0x00007ffecef90000 	C:\WINDOWS\System32\ucrtbase.dll
0x00007ffeca210000 - 0x00007ffeca228000 	D:\JDK\jdk-19\bin\jli.dll
0x00007ffeca1f0000 - 0x00007ffeca20b000 	D:\JDK\jdk-19\bin\VCRUNTIME140.dll
0x00007ffed0740000 - 0x00007ffed07ee000 	C:\WINDOWS\System32\ADVAPI32.dll
0x00007ffed0ef0000 - 0x00007ffed0f8e000 	C:\WINDOWS\System32\msvcrt.dll
0x00007ffed08f0000 - 0x00007ffed098c000 	C:\WINDOWS\System32\sechost.dll
0x00007ffecf3c0000 - 0x00007ffecf4e6000 	C:\WINDOWS\System32\RPCRT4.dll
0x00007ffecf090000 - 0x00007ffecf22e000 	C:\WINDOWS\System32\USER32.dll
0x00007ffecee60000 - 0x00007ffecee82000 	C:\WINDOWS\System32\win32u.dll
0x00007ffec4b40000 - 0x00007ffec4dda000 	C:\WINDOWS\WinSxS\amd64_microsoft.windows.common-controls_6595b64144ccf1df_6.0.19041.1110_none_60b5254171f9507e\COMCTL32.dll
0x00007ffecf7a0000 - 0x00007ffecf7cc000 	C:\WINDOWS\System32\GDI32.dll
0x00007ffece740000 - 0x00007ffece85a000 	C:\WINDOWS\System32\gdi32full.dll
0x00007ffeced30000 - 0x00007ffecedcd000 	C:\WINDOWS\System32\msvcp_win.dll
0x00007ffec6860000 - 0x00007ffec686a000 	C:\WINDOWS\SYSTEM32\VERSION.dll
0x00007ffed0710000 - 0x00007ffed0740000 	C:\WINDOWS\System32\IMM32.DLL
0x00007ffeca250000 - 0x00007ffeca25c000 	D:\JDK\jdk-19\bin\vcruntime140_1.dll
0x00007ffebafa0000 - 0x00007ffebb02e000 	D:\JDK\jdk-19\bin\msvcp140.dll
0x00007ffe4e4c0000 - 0x00007ffe4f180000 	D:\JDK\jdk-19\bin\server\jvm.dll
0x00007ffeb6710000 - 0x00007ffeb6737000 	C:\WINDOWS\SYSTEM32\WINMM.dll
0x00007ffebecc0000 - 0x00007ffebecc9000 	C:\WINDOWS\SYSTEM32\WSOCK32.dll
0x00007ffecf940000 - 0x00007ffecf9ab000 	C:\WINDOWS\System32\WS2_32.dll
0x00007ffeccf30000 - 0x00007ffeccf42000 	C:\WINDOWS\SYSTEM32\kernel.appcore.dll
0x00007ffeca1e0000 - 0x00007ffeca1ea000 	D:\JDK\jdk-19\bin\jimage.dll
0x00007ffec3c30000 - 0x00007ffec3e14000 	C:\WINDOWS\SYSTEM32\DBGHELP.DLL
0x00007ffec3bf0000 - 0x00007ffec3c24000 	C:\WINDOWS\SYSTEM32\dbgcore.DLL
0x00007ffecedd0000 - 0x00007ffecee52000 	C:\WINDOWS\System32\bcryptPrimitives.dll
0x00007ffeafd00000 - 0x00007ffeafd3c000 	D:\JDK\jdk-19\bin\jdwp.dll
0x00007ffec85f0000 - 0x00007ffec85fe000 	D:\JDK\jdk-19\bin\instrument.dll
0x00007ffec8960000 - 0x00007ffec8986000 	D:\JDK\jdk-19\bin\java.dll
0x00007ffec8920000 - 0x00007ffec8938000 	D:\JDK\jdk-19\bin\zip.dll
0x00007ffeb1110000 - 0x00007ffeb11e7000 	D:\JDK\jdk-19\bin\jsvml.dll
0x00007ffecfec0000 - 0x00007ffed0605000 	C:\WINDOWS\System32\SHELL32.dll
0x00007ffecc610000 - 0x00007ffeccdab000 	C:\WINDOWS\SYSTEM32\windows.storage.dll
0x00007ffecfb60000 - 0x00007ffecfeb4000 	C:\WINDOWS\System32\combase.dll
0x00007ffece080000 - 0x00007ffece0ae000 	C:\WINDOWS\SYSTEM32\Wldp.dll
0x00007ffecf880000 - 0x00007ffecf92d000 	C:\WINDOWS\System32\SHCORE.dll
0x00007ffed0f90000 - 0x00007ffed0fe5000 	C:\WINDOWS\System32\shlwapi.dll
0x00007ffece640000 - 0x00007ffece665000 	C:\WINDOWS\SYSTEM32\profapi.dll
0x00007ffebb130000 - 0x00007ffebb13c000 	D:\JDK\jdk-19\bin\dt_socket.dll
0x00007ffecdad0000 - 0x00007ffecdb0b000 	C:\WINDOWS\SYSTEM32\IPHLPAPI.DLL
0x00007ffecdde0000 - 0x00007ffecde4a000 	C:\WINDOWS\system32\mswsock.dll
0x00007ffeca1a0000 - 0x00007ffeca1b3000 	D:\JDK\jdk-19\bin\net.dll
0x00007ffec6630000 - 0x00007ffec673a000 	C:\WINDOWS\SYSTEM32\WINHTTP.dll
0x00007ffec8940000 - 0x00007ffec8956000 	D:\JDK\jdk-19\bin\nio.dll
0x00007ffeb6670000 - 0x00007ffeb6678000 	D:\JDK\jdk-19\bin\extnet.dll
0x00007ffecdb10000 - 0x00007ffecdbda000 	C:\WINDOWS\SYSTEM32\DNSAPI.dll
0x00007ffed0990000 - 0x00007ffed0998000 	C:\WINDOWS\System32\NSI.dll
0x00007ffec1370000 - 0x00007ffec137a000 	C:\Windows\System32\rasadhlp.dll
0x00007ffec20d0000 - 0x00007ffec2152000 	C:\WINDOWS\System32\fwpuclnt.dll
0x00007ffece710000 - 0x00007ffece737000 	C:\WINDOWS\System32\bcrypt.dll
0x00007ffeb6680000 - 0x00007ffeb668e000 	D:\JDK\jdk-19\bin\sunmscapi.dll
0x00007ffece860000 - 0x00007ffece9be000 	C:\WINDOWS\System32\CRYPT32.dll
0x00007ffece0f0000 - 0x00007ffece118000 	C:\WINDOWS\SYSTEM32\ncrypt.dll
0x00007ffece0b0000 - 0x00007ffece0eb000 	C:\WINDOWS\SYSTEM32\NTASN1.dll
0x00007ffecdfd0000 - 0x00007ffecdfe8000 	C:\WINDOWS\SYSTEM32\CRYPTSP.dll
0x00007ffecd6f0000 - 0x00007ffecd724000 	C:\WINDOWS\system32\rsaenh.dll
0x00007ffece600000 - 0x00007ffece62e000 	C:\WINDOWS\SYSTEM32\USERENV.dll
0x00007ffecdff0000 - 0x00007ffecdffc000 	C:\WINDOWS\SYSTEM32\CRYPTBASE.dll
0x00007ffec5d70000 - 0x00007ffec5d87000 	C:\WINDOWS\SYSTEM32\dhcpcsvc6.DLL
0x00007ffec6780000 - 0x00007ffec679d000 	C:\WINDOWS\SYSTEM32\dhcpcsvc.DLL
0x00007ffec67a0000 - 0x00007ffec67b0000 	D:\JDK\jdk-19\bin\verify.dll
0x00007ffe543e0000 - 0x00007ffe54571000 	D:\JDK\jdk-19\bin\awt.dll
0x00007ffecf230000 - 0x00007ffecf2fd000 	C:\WINDOWS\System32\OLEAUT32.dll
0x00007ffecbb70000 - 0x00007ffecbc01000 	C:\WINDOWS\SYSTEM32\apphelp.dll
0x00007ffeac940000 - 0x00007ffeac96e000 	D:\JDK\jdk-19\bin\javajpeg.dll

dbghelp: loaded successfully - version: 4.0.5 - missing functions: none
symbol engine: initialized successfully - sym options: 0x614 - pdb path: .;D:\JDK\jdk-19\bin;C:\WINDOWS\SYSTEM32;C:\Program Files\Avast Software\Avast;C:\WINDOWS\WinSxS\amd64_microsoft.windows.common-controls_6595b64144ccf1df_6.0.19041.1110_none_60b5254171f9507e;D:\JDK\jdk-19\bin\server

VM Arguments:
jvm_args: -agentlib:jdwp=transport=dt_socket,address=127.0.0.1:49255,suspend=y,server=n -javaagent:C:\Users\Notebook\AppData\Local\JetBrains\IntelliJIdea2022.2\captureAgent\debugger-agent.jar -Dfile.encoding=UTF-8 
java_command: practise.Lab5_Server1
java_class_path (initial): D:\FCP\SEM7\CURS\Project\Server\target\classes;C:\Users\Notebook\.m2\repository\mysql\mysql-connector-java\8.0.25\mysql-connector-java-8.0.25.jar;C:\Users\Notebook\.m2\repository\com\google\protobuf\protobuf-java\3.11.4\protobuf-java-3.11.4.jar;C:\Users\Notebook\.m2\repository\jakarta\inject\jakarta.inject-api\2.0.0\jakarta.inject-api-2.0.0.jar;C:\Users\Notebook\.m2\repository\org\hibernate\orm\hibernate-core\6.0.0.Final\hibernate-core-6.0.0.Final.jar;C:\Users\Notebook\.m2\repository\jakarta\persistence\jakarta.persistence-api\3.0.0\jakarta.persistence-api-3.0.0.jar;C:\Users\Notebook\.m2\repository\jakarta\transaction\jakarta.transaction-api\2.0.0\jakarta.transaction-api-2.0.0.jar;C:\Users\Notebook\.m2\repository\org\jboss\logging\jboss-logging\3.4.3.Final\jboss-logging-3.4.3.Final.jar;C:\Users\Notebook\.m2\repository\org\jboss\jandex\2.4.2.Final\jandex-2.4.2.Final.jar;C:\Users\Notebook\.m2\repository\com\fasterxml\classmate\1.5.1\classmate-1.5.1.jar;C:\Users\Notebook\.m2\repository\org\hibernate\common\hibernate-commons-annotations\6.0.0.CR1\hibernate-commons-annotations-6.0.0.CR1.jar;C:\Users\Notebook\.m2\repository\net\bytebuddy\byte-buddy\1.12.8\byte-buddy-1.12.8.jar;C:\Users\Notebook\.m2\repository\jakarta\activation\jakarta.activation-api\2.0.1\jakarta.activation-api-2.0.1.jar;C:\Users\Notebook\.m2\repository\jakarta\xml\bind\jakarta.xml.bind-api\3.0.1\jakarta.xml.bind-api-3.0.1.jar;C:\Users\Notebook\.m2\repository\org\antlr\antlr4-runtime\4.9.1\antlr4-runtime-4.9.1.jar;C:\Users\Notebook\.m2\repository\org\glassfish\jaxb\jaxb-runtime\3.0.2\jaxb-runtime-3.0.2.jar;C:\Users\Notebook\.m2\repository\com\sun\activation\jakarta.activation\2.0.1\jakarta.activation-2.0.1.jar;C:\Users\Notebook\.m2\repository\org\glassfish\jaxb\jaxb-core\3.0.2\jaxb-core-3.0.2.jar;C:\Users\Notebook\.m2\repository\org\glassfish\jaxb\txw2\3.0.2\txw2-3.0.2.jar;C:\Users\Notebook\.m2\repository\com\sun\istack\istack-commons-runtime\4.0.1\istack-commons-runtime-4.0.1.jar;D:\FCP\SEM7\CURS\Project\DataLib\target\classes;D:\JDK\JetBrains IntelliJ IDEA Ultimate 2022.2\IntelliJ IDEA 2022.2\lib\idea_rt.jar
Launcher Type: SUN_STANDARD

[Global flags]
     intx CICompilerCount                          = 4                                         {product} {ergonomic}
     uint ConcGCThreads                            = 2                                         {product} {ergonomic}
     uint G1ConcRefinementThreads                  = 8                                         {product} {ergonomic}
   size_t G1HeapRegionSize                         = 2097152                                   {product} {ergonomic}
    uintx GCDrainStackTargetSize                   = 64                                        {product} {ergonomic}
   size_t InitialHeapSize                          = 266338304                                 {product} {ergonomic}
   size_t MarkStackSize                            = 4194304                                   {product} {ergonomic}
   size_t MaxHeapSize                              = 4244635648                                {product} {ergonomic}
   size_t MaxNewSize                               = 2545942528                                {product} {ergonomic}
   size_t MinHeapDeltaBytes                        = 2097152                                   {product} {ergonomic}
   size_t MinHeapSize                              = 8388608                                   {product} {ergonomic}
    uintx NonNMethodCodeHeapSize                   = 5839372                                {pd product} {ergonomic}
    uintx NonProfiledCodeHeapSize                  = 122909434                              {pd product} {ergonomic}
    uintx ProfiledCodeHeapSize                     = 122909434                              {pd product} {ergonomic}
    uintx ReservedCodeCacheSize                    = 251658240                              {pd product} {ergonomic}
     bool SegmentedCodeCache                       = true                                      {product} {ergonomic}
   size_t SoftMaxHeapSize                          = 4244635648                             {manageable} {ergonomic}
     bool UseCompressedClassPointers               = true                           {product lp64_product} {ergonomic}
     bool UseCompressedOops                        = true                           {product lp64_product} {ergonomic}
     bool UseG1GC                                  = true                                      {product} {ergonomic}
     bool UseLargePagesIndividualAllocation        = false                                  {pd product} {ergonomic}

Logging:
Log output configuration:
 #0: stdout all=warning uptime,level,tags foldmultilines=false
 #1: stderr all=off uptime,level,tags foldmultilines=false

Environment Variables:
JAVA_HOME=C:\Program Files\Java\jdk-20
CLASSPATH=C:\Program Files\Java\jdk-20\lib;C:\Program Files\Java\jdk-20\jre\lib;
PATH=C:\Program Files\Microsoft MPI\Bin\;D:\AVR ToolChain\WinAVR\bin;D:\AVR ToolChain\WinAVR\utils\bin;D:\Proteus&Eclipse\MMVP\4.6 2012q4\bin;C:\Program Files\Microsoft SQL Server\130\Tools\Binn\;C:\Program Files\Microsoft OLE DB Provider for DB2\System\;D:\JDK\maven\apache-maven-3.8.6\bin;D:\JDK\Git\cmd;D:\JDK\RationalRose\common;C:\Program Files\Java\jdk-20\bin;C:\Program Files (x86)\Microsoft SQL Server\150\Tools\Binn\;C:\Program Files\Microsoft SQL Server\150\Tools\Binn\;C:\Program Files (x86)\Microsoft SQL Server\150\DTS\Binn\;C:\Program Files\Microsoft SQL Server\150\DTS\Binn\;C:\Program Files\Azure Data Studio\bin;C:\Program Files\Microsoft SQL Server\90\Tools\binn\;d:\Microsoft SQL Server\BOL (x86)\90\Tools\binn\;d:\Microsoft SQL Server\BOL (x86)\90\DTS\Binn\;d:\Microsoft SQL Server\BOL (x86)\90\Tools\Binn\VSShell\Common7\IDE\;C:\Program Files (x86)\Microsoft Visual Studio 8\Common7\IDE\PrivateAssemblies\;C:\Program Files\Microsoft SQL Server\Client SDK\ODBC\170\Tools\Binn\;C:\Program Files\MySQL\MySQL Shell 8.0\bin\;C:\Users\Notebook\AppData\Local\Microsoft\WindowsApps;C:\Program Files\Azure Data Studio\bin;C:\Program Files\Java\jdk-20;D:\JDK\Apache Tomcat\apache-tomcat-8.1\lib;C:\Program Files\Java\jdk-20\bin;;C:\Program Files\Azure Data Studio\bin
USERNAME=Notebook
OS=Windows_NT
PROCESSOR_IDENTIFIER=AMD64 Family 23 Model 24 Stepping 1, AuthenticAMD
TMP=C:\Users\Notebook\AppData\Local\Temp
TEMP=C:\Users\Notebook\AppData\Local\Temp



---------------  S Y S T E M  ---------------

OS:
 Windows 10 , 64 bit Build 19041 (10.0.19041.3393)
OS uptime: 2 days 1:20 hours

CPU: total 8 (initial active 8) (8 cores per cpu, 2 threads per core) family 23 model 24 stepping 1 microcode 0x0, cx8, cmov, fxsr, ht, mmx, 3dnowpref, sse, sse2, sse3, ssse3, sse4a, sse4.1, sse4.2, popcnt, lzcnt, tsc, tscinvbit, avx, avx2, aes, clmul, bmi1, bmi2, adx, sha, fma, vzeroupper, clflush, clflushopt, rdtscp

Memory: 4k page, system-wide physical 16189M (5196M free)
TotalPageFile size 18237M (AvailPageFile size 179M)
current process WorkingSet (physical memory assigned to process): 412M, peak: 550M
current process commit charge ("private bytes"): 630M, peak: 928M

vm_info: Java HotSpot(TM) 64-Bit Server VM (19+36-2238) for windows-amd64 JRE (19+36-2238), built on 2022-08-12T20:29:01Z by "mach5one" with MS VC++ 17.1 (VS2022)

END.
