#
# There is insufficient memory for the Java Runtime Environment to continue.
# Native memory allocation (mmap) failed to map 574619648 bytes for G1 virtual space
# Possible reasons:
#   The system is out of physical RAM or swap space
#   The process is running with CompressedOops enabled, and the Java Heap may be blocking the growth of the native heap
# Possible solutions:
#   Reduce memory load on the system
#   Increase physical memory or swap space
#   Check if swap backing store is full
#   Decrease Java heap size (-Xmx/-Xms)
#   Decrease number of Java threads
#   Decrease Java thread stack sizes (-Xss)
#   Set larger code cache with -XX:ReservedCodeCacheSize=
#   JVM is running with Zero Based Compressed Oops mode in which the Java heap is
#     placed in the first 32GB address space. The Java Heap base address is the
#     maximum limit for the native heap growth. Please use -XX:HeapBaseMinAddress
#     to set the Java Heap base and to place the Java Heap above 32GB virtual address.
# This output file may be truncated or incomplete.
#
#  Out of Memory Error (os_windows.cpp:3527), pid=19964, tid=17804
#
# JRE version: Java(TM) SE Runtime Environment (19.0+36) (build 19+36-2238)
# Java VM: Java HotSpot(TM) 64-Bit Server VM (19+36-2238, mixed mode, sharing, tiered, compressed oops, compressed class ptrs, g1 gc, windows-amd64)
# No core dump will be written. Minidumps are not enabled by default on client versions of Windows
#

---------------  S U M M A R Y ------------

Command Line: -javaagent:D:\JDK\JetBrains IntelliJ IDEA Ultimate 2022.2\IntelliJ IDEA 2022.2\lib\idea_rt.jar=50769:D:\JDK\JetBrains IntelliJ IDEA Ultimate 2022.2\IntelliJ IDEA 2022.2\bin -Dfile.encoding=windows-1251 practise.MainServer

Host: AMD Ryzen 7 3750H with Radeon Vega Mobile Gfx  , 8 cores, 15G,  Windows 10 , 64 bit Build 19041 (10.0.19041.3636)
Time: Sun Nov 26 22:04:47 2023  Windows 10 , 64 bit Build 19041 (10.0.19041.3636) elapsed time: 127.902778 seconds (0d 0h 2m 7s)

---------------  T H R E A D  ---------------

Current thread (0x000001957e4faf00):  VMThread "VM Thread" [stack: 0x00000008dd100000,0x00000008dd200000] [id=17804]

Stack: [0x00000008dd100000,0x00000008dd200000]
Native frames: (J=compiled Java code, j=interpreted, Vv=VM code, C=native code)
V  [jvm.dll+0x6ee8fa]
V  [jvm.dll+0x857a1e]
V  [jvm.dll+0x85940e]
V  [jvm.dll+0x859ac3]
V  [jvm.dll+0x28291f]
V  [jvm.dll+0x6eb6e9]
V  [jvm.dll+0x6e028a]
V  [jvm.dll+0x357136]
V  [jvm.dll+0x35eb96]
V  [jvm.dll+0x3b555e]
V  [jvm.dll+0x3b578f]
V  [jvm.dll+0x32c6ea]
V  [jvm.dll+0x32c797]
V  [jvm.dll+0x374b52]
V  [jvm.dll+0x37328f]
V  [jvm.dll+0x32bf10]
V  [jvm.dll+0x37282b]
V  [jvm.dll+0x85ef83]
V  [jvm.dll+0x85fd49]
V  [jvm.dll+0x86027d]
V  [jvm.dll+0x86070b]
V  [jvm.dll+0x8607c7]
V  [jvm.dll+0x8015fa]
V  [jvm.dll+0x6ed5eb]
C  [ucrtbase.dll+0x21bb2]
C  [KERNEL32.DLL+0x17344]
C  [ntdll.dll+0x526b1]

VM_Operation (0x00000008debff4d0): G1CollectForAllocation, mode: safepoint, requested by thread 0x00000195138e5050


---------------  P R O C E S S  ---------------

Threads class SMR info:
_java_thread_list=0x000001957ee12a10, length=17, elements={
0x000001956a84ac00, 0x000001957e517280, 0x000001957e518810, 0x000001957e51a160,
0x000001957e520240, 0x000001957e521450, 0x000001957e51e710, 0x000001957e526770,
0x000001957e52a8a0, 0x000001957ecb8810, 0x000001957ed9a250, 0x000001957efa1070,
0x000001957efa15b0, 0x000001957ed603c0, 0x0000019513561010, 0x00000195138e5050,
0x00000195138e55a0
}

Java Threads: ( => current thread )
  0x000001956a84ac00 JavaThread "main" [_thread_in_native, id=18996, stack(0x00000008dcb00000,0x00000008dcc00000)]
  0x000001957e517280 JavaThread "Reference Handler" daemon [_thread_blocked, id=17772, stack(0x00000008dd200000,0x00000008dd300000)]
  0x000001957e518810 JavaThread "Finalizer" daemon [_thread_blocked, id=21972, stack(0x00000008dd300000,0x00000008dd400000)]
  0x000001957e51a160 JavaThread "Signal Dispatcher" daemon [_thread_blocked, id=20560, stack(0x00000008dd400000,0x00000008dd500000)]
  0x000001957e520240 JavaThread "Attach Listener" daemon [_thread_blocked, id=21032, stack(0x00000008dd500000,0x00000008dd600000)]
  0x000001957e521450 JavaThread "Service Thread" daemon [_thread_blocked, id=21156, stack(0x00000008dd600000,0x00000008dd700000)]
  0x000001957e51e710 JavaThread "Monitor Deflation Thread" daemon [_thread_blocked, id=17420, stack(0x00000008dd700000,0x00000008dd800000)]
  0x000001957e526770 JavaThread "C2 CompilerThread0" daemon [_thread_blocked, id=1384, stack(0x00000008dd800000,0x00000008dd900000)]
  0x000001957e52a8a0 JavaThread "C1 CompilerThread0" daemon [_thread_blocked, id=4192, stack(0x00000008dd900000,0x00000008dda00000)]
  0x000001957ecb8810 JavaThread "Sweeper thread" daemon [_thread_blocked, id=3844, stack(0x00000008dda00000,0x00000008ddb00000)]
  0x000001957ed9a250 JavaThread "Common-Cleaner" daemon [_thread_blocked, id=7948, stack(0x00000008ddb00000,0x00000008ddc00000)]
  0x000001957efa1070 JavaThread "Monitor Ctrl-Break" daemon [_thread_in_native, id=11392, stack(0x00000008ddd00000,0x00000008dde00000)]
  0x000001957efa15b0 JavaThread "Notification Thread" daemon [_thread_blocked, id=17620, stack(0x00000008dde00000,0x00000008ddf00000)]
  0x000001957ed603c0 JavaThread "mysql-cj-abandoned-connection-cleanup" daemon [_thread_blocked, id=15232, stack(0x00000008ddc00000,0x00000008ddd00000)]
  0x0000019513561010 JavaThread "Hibernate Connection Pool Validation Thread" daemon [_thread_blocked, id=21884, stack(0x00000008de800000,0x00000008de900000)]
  0x00000195138e5050 JavaThread "Thread-0" [_thread_blocked, id=3452, stack(0x00000008deb00000,0x00000008dec00000)]
  0x00000195138e55a0 JavaThread "Java2D Disposer" daemon [_thread_blocked, id=15456, stack(0x00000008dec00000,0x00000008ded00000)]

Other Threads:
=>0x000001957e4faf00 VMThread "VM Thread" [stack: 0x00000008dd100000,0x00000008dd200000] [id=17804]
  0x000001957efa2780 WatcherThread "VM Periodic Task Thread" [stack: 0x00000008ddf00000,0x00000008de000000] [id=18440]
  0x000001956a8ba3e0 WorkerThread "GC Thread#0" [stack: 0x00000008dcc00000,0x00000008dcd00000] [id=17892]
  0x000001957f5bcd50 WorkerThread "GC Thread#1" [stack: 0x00000008de100000,0x00000008de200000] [id=21204]
  0x000001957f825090 WorkerThread "GC Thread#2" [stack: 0x00000008de200000,0x00000008de300000] [id=21944]
  0x000001957f825ea0 WorkerThread "GC Thread#3" [stack: 0x00000008de300000,0x00000008de400000] [id=20920]
  0x000001957f825630 WorkerThread "GC Thread#4" [stack: 0x00000008de400000,0x00000008de500000] [id=4768]
  0x000001957f824550 WorkerThread "GC Thread#5" [stack: 0x00000008de500000,0x00000008de600000] [id=3788]
  0x000001957f826170 WorkerThread "GC Thread#6" [stack: 0x00000008de600000,0x00000008de700000] [id=17388]
  0x000001957f824820 WorkerThread "GC Thread#7" [stack: 0x00000008de700000,0x00000008de800000] [id=22436]
  0x000001956a8cb1c0 ConcurrentGCThread "G1 Main Marker" [stack: 0x00000008dcd00000,0x00000008dce00000] [id=12516]
  0x000001956a8cd2b0 WorkerThread "G1 Conc#0" [stack: 0x00000008dce00000,0x00000008dcf00000] [id=7228]
  0x000001957f824af0 WorkerThread "G1 Conc#1" [stack: 0x00000008de900000,0x00000008dea00000] [id=4036]
  0x000001956a90e090 ConcurrentGCThread "G1 Refine#0" [stack: 0x00000008dcf00000,0x00000008dd000000] [id=22128]
  0x000001956a90eae0 ConcurrentGCThread "G1 Service" [stack: 0x00000008dd000000,0x00000008dd100000] [id=7632]

Threads with active compile tasks:

VM state: at safepoint (normal execution)

VM Mutex/Monitor currently owned by a thread:  ([mutex/lock_event])
[0x000001956a8484c0] Threads_lock - owner thread: 0x000001957e4faf00
[0x000001956a848550] Heap_lock - owner thread: 0x00000195138e5050

Heap address: 0x0000000703000000, size: 4048 MB, Compressed Oops mode: Zero based, Oop shift amount: 3

CDS archive(s) mapped at: [0x0000000800000000-0x0000000800c40000-0x0000000800c40000), size 12845056, SharedBaseAddress: 0x0000000800000000, ArchiveRelocationMode: 0.
Compressed class space mapped at: 0x0000000801000000-0x0000000841000000, reserved size: 1073741824
Narrow klass base: 0x0000000800000000, Narrow klass shift: 0, Narrow klass range: 0x100000000

GC Precious Log:
 CardTable entry size: 512
 Card Set container configuration: InlinePtr #cards 4 size 8 Array Of Cards #cards 8 size 32 Howl #buckets 8 coarsen threshold 3686 Howl Bitmap #cards 512 size 80 coarsen threshold 460 Card regions per heap region 1 cards per card region 4096
 CPUs: 8 total, 8 available
 Memory: 16189M
 Large Page Support: Disabled
 NUMA Support: Disabled
 Compressed Oops: Enabled (Zero based)
 Heap Region Size: 2M
 Heap Min Capacity: 8M
 Heap Initial Capacity: 254M
 Heap Max Capacity: 4048M
 Pre-touch: Disabled
 Parallel Workers: 8
 Concurrent Workers: 2
 Concurrent Refinement Workers: 8
 Periodic GC: Disabled

Heap:
 garbage-first heap   total 561152K, used 40958K [0x0000000703000000, 0x0000000800000000)
  region size 2048K, 1 young (2048K), 1 survivors (2048K)
 Metaspace       used 41798K, committed 42112K, reserved 1114112K
  class space    used 5209K, committed 5376K, reserved 1048576K

Heap Regions: E=young(eden), S=young(survivor), O=old, HS=humongous(starts), HC=humongous(continues), CS=collection set, F=free, OA=open archive, CA=closed archive, TAMS=top-at-mark-start (previous, next)
|   0|0x0000000703000000, 0x0000000703200000, 0x0000000703200000|100%| O|  |TAMS 0x0000000703200000, 0x0000000703200000| Untracked 
|   1|0x0000000703200000, 0x0000000703400000, 0x0000000703400000|100%| O|  |TAMS 0x0000000703400000, 0x0000000703400000| Untracked 
|   2|0x0000000703400000, 0x0000000703600000, 0x0000000703600000|100%| O|  |TAMS 0x0000000703600000, 0x0000000703600000| Untracked 
|   3|0x0000000703600000, 0x0000000703800000, 0x0000000703800000|100%| O|  |TAMS 0x0000000703800000, 0x0000000703800000| Untracked 
|   4|0x0000000703800000, 0x0000000703a00000, 0x0000000703a00000|100%| O|  |TAMS 0x0000000703a00000, 0x0000000703a00000| Untracked 
|   5|0x0000000703a00000, 0x0000000703c00000, 0x0000000703c00000|100%| O|  |TAMS 0x0000000703c00000, 0x0000000703c00000| Untracked 
|   6|0x0000000703c00000, 0x0000000703e00000, 0x0000000703e00000|100%| O|  |TAMS 0x0000000703c8c600, 0x0000000703e00000| Untracked 
|   7|0x0000000703e00000, 0x0000000704000000, 0x0000000704000000|100%| O|  |TAMS 0x0000000704000000, 0x0000000704000000| Untracked 
|   8|0x0000000704000000, 0x0000000704000000, 0x0000000704200000|  0%| F|  |TAMS 0x0000000704000000, 0x0000000704000000| Untracked 
|   9|0x0000000704200000, 0x0000000704267600, 0x0000000704400000| 20%| O|  |TAMS 0x0000000704200000, 0x0000000704267600| Untracked 
|  10|0x0000000704400000, 0x0000000704400000, 0x0000000704600000|  0%| F|  |TAMS 0x0000000704400000, 0x0000000704400000| Untracked 
|  11|0x0000000704600000, 0x0000000704600000, 0x0000000704800000|  0%| F|  |TAMS 0x0000000704600000, 0x0000000704600000| Untracked 
|  12|0x0000000704800000, 0x0000000704800000, 0x0000000704a00000|  0%| F|  |TAMS 0x0000000704800000, 0x0000000704800000| Untracked 
|  13|0x0000000704a00000, 0x0000000704a00000, 0x0000000704c00000|  0%| F|  |TAMS 0x0000000704a00000, 0x0000000704a00000| Untracked 
|  14|0x0000000704c00000, 0x0000000704c00000, 0x0000000704e00000|  0%| F|  |TAMS 0x0000000704c00000, 0x0000000704c00000| Untracked 
|  15|0x0000000704e00000, 0x0000000704e00000, 0x0000000705000000|  0%| F|  |TAMS 0x0000000704e00000, 0x0000000704e00000| Untracked 
|  16|0x0000000705000000, 0x0000000705000000, 0x0000000705200000|  0%| F|  |TAMS 0x0000000705000000, 0x0000000705000000| Untracked 
|  17|0x0000000705200000, 0x0000000705200000, 0x0000000705400000|  0%| F|  |TAMS 0x0000000705200000, 0x0000000705200000| Untracked 
|  18|0x0000000705400000, 0x0000000705400000, 0x0000000705600000|  0%| F|  |TAMS 0x0000000705400000, 0x0000000705400000| Untracked 
|  19|0x0000000705600000, 0x0000000705800000, 0x0000000705800000|100%| O|  |TAMS 0x0000000705800000, 0x0000000705800000| Untracked 
|  20|0x0000000705800000, 0x0000000705a00000, 0x0000000705a00000|100%| O|  |TAMS 0x0000000705a00000, 0x0000000705a00000| Untracked 
|  21|0x0000000705a00000, 0x0000000705a00000, 0x0000000705c00000|  0%| F|  |TAMS 0x0000000705a00000, 0x0000000705a00000| Untracked 
|  22|0x0000000705c00000, 0x0000000705c00000, 0x0000000705e00000|  0%| F|  |TAMS 0x0000000705c00000, 0x0000000705c00000| Untracked 
|  23|0x0000000705e00000, 0x0000000705e00000, 0x0000000706000000|  0%| F|  |TAMS 0x0000000705e00000, 0x0000000705e00000| Untracked 
|  24|0x0000000706000000, 0x0000000706000000, 0x0000000706200000|  0%| F|  |TAMS 0x0000000706000000, 0x0000000706000000| Untracked 
|  25|0x0000000706200000, 0x0000000706200000, 0x0000000706400000|  0%| F|  |TAMS 0x0000000706200000, 0x0000000706200000| Untracked 
|  26|0x0000000706400000, 0x0000000706400000, 0x0000000706600000|  0%| F|  |TAMS 0x0000000706400000, 0x0000000706400000| Untracked 
|  27|0x0000000706600000, 0x0000000706600000, 0x0000000706800000|  0%| F|  |TAMS 0x0000000706600000, 0x0000000706600000| Untracked 
|  28|0x0000000706800000, 0x0000000706800000, 0x0000000706a00000|  0%| F|  |TAMS 0x0000000706800000, 0x0000000706800000| Untracked 
|  29|0x0000000706a00000, 0x0000000706a00000, 0x0000000706c00000|  0%| F|  |TAMS 0x0000000706a00000, 0x0000000706a00000| Untracked 
|  30|0x0000000706c00000, 0x0000000706c00000, 0x0000000706e00000|  0%| F|  |TAMS 0x0000000706c00000, 0x0000000706c00000| Untracked 
|  31|0x0000000706e00000, 0x0000000706e00000, 0x0000000707000000|  0%| F|  |TAMS 0x0000000706e00000, 0x0000000706e00000| Untracked 
|  32|0x0000000707000000, 0x0000000707000000, 0x0000000707200000|  0%| F|  |TAMS 0x0000000707000000, 0x0000000707000000| Untracked 
|  33|0x0000000707200000, 0x0000000707200000, 0x0000000707400000|  0%| F|  |TAMS 0x0000000707200000, 0x0000000707200000| Untracked 
|  34|0x0000000707400000, 0x0000000707400000, 0x0000000707600000|  0%| F|  |TAMS 0x0000000707400000, 0x0000000707400000| Untracked 
|  35|0x0000000707600000, 0x0000000707600000, 0x0000000707800000|  0%| F|  |TAMS 0x0000000707600000, 0x0000000707600000| Untracked 
|  36|0x0000000707800000, 0x0000000707800000, 0x0000000707a00000|  0%| F|  |TAMS 0x0000000707800000, 0x0000000707800000| Untracked 
|  37|0x0000000707a00000, 0x0000000707a00000, 0x0000000707c00000|  0%| F|  |TAMS 0x0000000707a00000, 0x0000000707a00000| Untracked 
|  38|0x0000000707c00000, 0x0000000707c00000, 0x0000000707e00000|  0%| F|  |TAMS 0x0000000707c00000, 0x0000000707c00000| Untracked 
|  39|0x0000000707e00000, 0x0000000707e00000, 0x0000000708000000|  0%| F|  |TAMS 0x0000000707e00000, 0x0000000707e00000| Untracked 
|  40|0x0000000708000000, 0x0000000708000000, 0x0000000708200000|  0%| F|  |TAMS 0x0000000708000000, 0x0000000708000000| Untracked 
|  41|0x0000000708200000, 0x0000000708200000, 0x0000000708400000|  0%| F|  |TAMS 0x0000000708200000, 0x0000000708200000| Untracked 
|  42|0x0000000708400000, 0x0000000708400000, 0x0000000708600000|  0%| F|  |TAMS 0x0000000708400000, 0x0000000708400000| Untracked 
|  43|0x0000000708600000, 0x0000000708600000, 0x0000000708800000|  0%| F|  |TAMS 0x0000000708600000, 0x0000000708600000| Untracked 
|  44|0x0000000708800000, 0x0000000708800000, 0x0000000708a00000|  0%| F|  |TAMS 0x0000000708800000, 0x0000000708800000| Untracked 
|  45|0x0000000708a00000, 0x0000000708a00000, 0x0000000708c00000|  0%| F|  |TAMS 0x0000000708a00000, 0x0000000708a00000| Untracked 
|  46|0x0000000708c00000, 0x0000000708c00000, 0x0000000708e00000|  0%| F|  |TAMS 0x0000000708c00000, 0x0000000708c00000| Untracked 
|  47|0x0000000708e00000, 0x0000000708e00000, 0x0000000709000000|  0%| F|  |TAMS 0x0000000708e00000, 0x0000000708e00000| Untracked 
|  48|0x0000000709000000, 0x0000000709000000, 0x0000000709200000|  0%| F|  |TAMS 0x0000000709000000, 0x0000000709000000| Untracked 
|  49|0x0000000709200000, 0x0000000709200000, 0x0000000709400000|  0%| F|  |TAMS 0x0000000709200000, 0x0000000709200000| Untracked 
|  50|0x0000000709400000, 0x0000000709400000, 0x0000000709600000|  0%| F|  |TAMS 0x0000000709400000, 0x0000000709400000| Untracked 
|  51|0x0000000709600000, 0x0000000709600000, 0x0000000709800000|  0%| F|  |TAMS 0x0000000709600000, 0x0000000709600000| Untracked 
|  52|0x0000000709800000, 0x0000000709800000, 0x0000000709a00000|  0%| F|  |TAMS 0x0000000709800000, 0x0000000709800000| Untracked 
|  53|0x0000000709a00000, 0x0000000709a00000, 0x0000000709c00000|  0%| F|  |TAMS 0x0000000709a00000, 0x0000000709a00000| Untracked 
|  54|0x0000000709c00000, 0x0000000709c00000, 0x0000000709e00000|  0%| F|  |TAMS 0x0000000709c00000, 0x0000000709c00000| Untracked 
|  55|0x0000000709e00000, 0x0000000709e00000, 0x000000070a000000|  0%| F|  |TAMS 0x0000000709e00000, 0x0000000709e00000| Untracked 
|  56|0x000000070a000000, 0x000000070a000000, 0x000000070a200000|  0%| F|  |TAMS 0x000000070a000000, 0x000000070a000000| Untracked 
|  57|0x000000070a200000, 0x000000070a200000, 0x000000070a400000|  0%| F|  |TAMS 0x000000070a200000, 0x000000070a200000| Untracked 
|  58|0x000000070a400000, 0x000000070a400000, 0x000000070a600000|  0%| F|  |TAMS 0x000000070a400000, 0x000000070a400000| Untracked 
|  59|0x000000070a600000, 0x000000070a600000, 0x000000070a800000|  0%| F|  |TAMS 0x000000070a600000, 0x000000070a600000| Untracked 
|  60|0x000000070a800000, 0x000000070a800000, 0x000000070aa00000|  0%| F|  |TAMS 0x000000070a800000, 0x000000070a800000| Untracked 
|  61|0x000000070aa00000, 0x000000070aa00000, 0x000000070ac00000|  0%| F|  |TAMS 0x000000070aa00000, 0x000000070aa00000| Untracked 
|  62|0x000000070ac00000, 0x000000070ac00000, 0x000000070ae00000|  0%| F|  |TAMS 0x000000070ac00000, 0x000000070ac00000| Untracked 
|  63|0x000000070ae00000, 0x000000070ae00000, 0x000000070b000000|  0%| F|  |TAMS 0x000000070ae00000, 0x000000070ae00000| Untracked 
|  64|0x000000070b000000, 0x000000070b000000, 0x000000070b200000|  0%| F|  |TAMS 0x000000070b000000, 0x000000070b000000| Untracked 
|  65|0x000000070b200000, 0x000000070b200000, 0x000000070b400000|  0%| F|  |TAMS 0x000000070b200000, 0x000000070b200000| Untracked 
|  66|0x000000070b400000, 0x000000070b400000, 0x000000070b600000|  0%| F|  |TAMS 0x000000070b400000, 0x000000070b400000| Untracked 
|  67|0x000000070b600000, 0x000000070b600000, 0x000000070b800000|  0%| F|  |TAMS 0x000000070b600000, 0x000000070b600000| Untracked 
|  68|0x000000070b800000, 0x000000070b800000, 0x000000070ba00000|  0%| F|  |TAMS 0x000000070b800000, 0x000000070b800000| Untracked 
|  69|0x000000070ba00000, 0x000000070ba00000, 0x000000070bc00000|  0%| F|  |TAMS 0x000000070ba00000, 0x000000070ba00000| Untracked 
|  70|0x000000070bc00000, 0x000000070bc00000, 0x000000070be00000|  0%| F|  |TAMS 0x000000070bc00000, 0x000000070bc00000| Untracked 
|  71|0x000000070be00000, 0x000000070be00000, 0x000000070c000000|  0%| F|  |TAMS 0x000000070be00000, 0x000000070be00000| Untracked 
|  72|0x000000070c000000, 0x000000070c000000, 0x000000070c200000|  0%| F|  |TAMS 0x000000070c000000, 0x000000070c000000| Untracked 
|  73|0x000000070c200000, 0x000000070c200000, 0x000000070c400000|  0%| F|  |TAMS 0x000000070c200000, 0x000000070c200000| Untracked 
|  74|0x000000070c400000, 0x000000070c400000, 0x000000070c600000|  0%| F|  |TAMS 0x000000070c400000, 0x000000070c400000| Untracked 
|  75|0x000000070c600000, 0x000000070c600000, 0x000000070c800000|  0%| F|  |TAMS 0x000000070c600000, 0x000000070c600000| Untracked 
|  76|0x000000070c800000, 0x000000070c800000, 0x000000070ca00000|  0%| F|  |TAMS 0x000000070c800000, 0x000000070c800000| Untracked 
|  77|0x000000070ca00000, 0x000000070ca00000, 0x000000070cc00000|  0%| F|  |TAMS 0x000000070ca00000, 0x000000070ca00000| Untracked 
|  78|0x000000070cc00000, 0x000000070cc00000, 0x000000070ce00000|  0%| F|  |TAMS 0x000000070cc00000, 0x000000070cc00000| Untracked 
|  79|0x000000070ce00000, 0x000000070ce00000, 0x000000070d000000|  0%| F|  |TAMS 0x000000070ce00000, 0x000000070ce00000| Untracked 
|  80|0x000000070d000000, 0x000000070d000000, 0x000000070d200000|  0%| F|  |TAMS 0x000000070d000000, 0x000000070d000000| Untracked 
|  81|0x000000070d200000, 0x000000070d200000, 0x000000070d400000|  0%| F|  |TAMS 0x000000070d200000, 0x000000070d200000| Untracked 
|  82|0x000000070d400000, 0x000000070d400000, 0x000000070d600000|  0%| F|  |TAMS 0x000000070d400000, 0x000000070d400000| Untracked 
|  83|0x000000070d600000, 0x000000070d600000, 0x000000070d800000|  0%| F|  |TAMS 0x000000070d600000, 0x000000070d600000| Untracked 
|  84|0x000000070d800000, 0x000000070d800000, 0x000000070da00000|  0%| F|  |TAMS 0x000000070d800000, 0x000000070d800000| Untracked 
|  85|0x000000070da00000, 0x000000070da00000, 0x000000070dc00000|  0%| F|  |TAMS 0x000000070da00000, 0x000000070da00000| Untracked 
|  86|0x000000070dc00000, 0x000000070dc00000, 0x000000070de00000|  0%| F|  |TAMS 0x000000070dc00000, 0x000000070dc00000| Untracked 
|  87|0x000000070de00000, 0x000000070de00000, 0x000000070e000000|  0%| F|  |TAMS 0x000000070de00000, 0x000000070de00000| Untracked 
|  88|0x000000070e000000, 0x000000070e000000, 0x000000070e200000|  0%| F|  |TAMS 0x000000070e000000, 0x000000070e000000| Untracked 
|  89|0x000000070e200000, 0x000000070e200000, 0x000000070e400000|  0%| F|  |TAMS 0x000000070e200000, 0x000000070e200000| Untracked 
|  90|0x000000070e400000, 0x000000070e400000, 0x000000070e600000|  0%| F|  |TAMS 0x000000070e400000, 0x000000070e400000| Untracked 
|  91|0x000000070e600000, 0x000000070e600000, 0x000000070e800000|  0%| F|  |TAMS 0x000000070e600000, 0x000000070e600000| Untracked 
|  92|0x000000070e800000, 0x000000070e800000, 0x000000070ea00000|  0%| F|  |TAMS 0x000000070e800000, 0x000000070e800000| Untracked 
|  93|0x000000070ea00000, 0x000000070ea00000, 0x000000070ec00000|  0%| F|  |TAMS 0x000000070ea00000, 0x000000070ea00000| Untracked 
|  94|0x000000070ec00000, 0x000000070ec00000, 0x000000070ee00000|  0%| F|  |TAMS 0x000000070ec00000, 0x000000070ec00000| Untracked 
|  95|0x000000070ee00000, 0x000000070ee00000, 0x000000070f000000|  0%| F|  |TAMS 0x000000070ee00000, 0x000000070ee00000| Untracked 
|  96|0x000000070f000000, 0x000000070f000000, 0x000000070f200000|  0%| F|  |TAMS 0x000000070f000000, 0x000000070f000000| Untracked 
|  97|0x000000070f200000, 0x000000070f200000, 0x000000070f400000|  0%| F|  |TAMS 0x000000070f200000, 0x000000070f200000| Untracked 
|  98|0x000000070f400000, 0x000000070f400000, 0x000000070f600000|  0%| F|  |TAMS 0x000000070f400000, 0x000000070f400000| Untracked 
|  99|0x000000070f600000, 0x000000070f600000, 0x000000070f800000|  0%| F|  |TAMS 0x000000070f600000, 0x000000070f600000| Untracked 
| 100|0x000000070f800000, 0x000000070f9983b8, 0x000000070fa00000| 79%| S|CS|TAMS 0x000000070f800000, 0x000000070f800000| Complete 
| 101|0x000000070fa00000, 0x000000070fa00000, 0x000000070fc00000|  0%| F|  |TAMS 0x000000070fa00000, 0x000000070fa00000| Untracked 
| 102|0x000000070fc00000, 0x000000070fe00000, 0x000000070fe00000|100%|HS|  |TAMS 0x000000070fe00000, 0x000000070fe00000| Complete 
| 103|0x000000070fe00000, 0x0000000710000000, 0x0000000710000000|100%|HC|  |TAMS 0x0000000710000000, 0x0000000710000000| Complete 
| 104|0x0000000710000000, 0x0000000710200000, 0x0000000710200000|100%|HC|  |TAMS 0x0000000710200000, 0x0000000710200000| Complete 
| 105|0x0000000710200000, 0x0000000710400000, 0x0000000710400000|100%|HC|  |TAMS 0x0000000710400000, 0x0000000710400000| Complete 
| 106|0x0000000710400000, 0x0000000710600000, 0x0000000710600000|100%|HC|  |TAMS 0x0000000710600000, 0x0000000710600000| Complete 
| 107|0x0000000710600000, 0x0000000710800000, 0x0000000710800000|100%|HC|  |TAMS 0x0000000710800000, 0x0000000710800000| Complete 
| 108|0x0000000710800000, 0x0000000710a00000, 0x0000000710a00000|100%|HC|  |TAMS 0x0000000710a00000, 0x0000000710a00000| Complete 
| 109|0x0000000710a00000, 0x0000000710c00000, 0x0000000710c00000|100%|HC|  |TAMS 0x0000000710c00000, 0x0000000710c00000| Complete 
| 110|0x0000000710c00000, 0x0000000710e00000, 0x0000000710e00000|100%|HC|  |TAMS 0x0000000710e00000, 0x0000000710e00000| Complete 
| 111|0x0000000710e00000, 0x0000000710e00000, 0x0000000711000000|  0%| F|  |TAMS 0x0000000710e00000, 0x0000000710e00000| Untracked 
| 112|0x0000000711000000, 0x0000000711000000, 0x0000000711200000|  0%| F|  |TAMS 0x0000000711000000, 0x0000000711000000| Untracked 
| 113|0x0000000711200000, 0x0000000711200000, 0x0000000711400000|  0%| F|  |TAMS 0x0000000711200000, 0x0000000711200000| Untracked 
| 114|0x0000000711400000, 0x0000000711400000, 0x0000000711600000|  0%| F|  |TAMS 0x0000000711400000, 0x0000000711400000| Untracked 
| 115|0x0000000711600000, 0x0000000711600000, 0x0000000711800000|  0%| F|  |TAMS 0x0000000711600000, 0x0000000711600000| Untracked 
| 116|0x0000000711800000, 0x0000000711800000, 0x0000000711a00000|  0%| F|  |TAMS 0x0000000711800000, 0x0000000711800000| Untracked 
| 117|0x0000000711a00000, 0x0000000711a00000, 0x0000000711c00000|  0%| F|  |TAMS 0x0000000711a00000, 0x0000000711a00000| Untracked 
| 118|0x0000000711c00000, 0x0000000711c00000, 0x0000000711e00000|  0%| F|  |TAMS 0x0000000711c00000, 0x0000000711c00000| Untracked 
| 119|0x0000000711e00000, 0x0000000711e00000, 0x0000000712000000|  0%| F|  |TAMS 0x0000000711e00000, 0x0000000711e00000| Untracked 
| 120|0x0000000712000000, 0x0000000712000000, 0x0000000712200000|  0%| F|  |TAMS 0x0000000712000000, 0x0000000712000000| Untracked 
| 121|0x0000000712200000, 0x0000000712200000, 0x0000000712400000|  0%| F|  |TAMS 0x0000000712200000, 0x0000000712200000| Untracked 
| 122|0x0000000712400000, 0x0000000712400000, 0x0000000712600000|  0%| F|  |TAMS 0x0000000712400000, 0x0000000712400000| Untracked 
| 123|0x0000000712600000, 0x0000000712600000, 0x0000000712800000|  0%| F|  |TAMS 0x0000000712600000, 0x0000000712600000| Untracked 
| 124|0x0000000712800000, 0x0000000712800000, 0x0000000712a00000|  0%| F|  |TAMS 0x0000000712800000, 0x0000000712800000| Untracked 
| 125|0x0000000712a00000, 0x0000000712a00000, 0x0000000712c00000|  0%| F|  |TAMS 0x0000000712a00000, 0x0000000712a00000| Untracked 
| 126|0x0000000712c00000, 0x0000000712c00000, 0x0000000712e00000|  0%| F|  |TAMS 0x0000000712c00000, 0x0000000712c00000| Untracked 
| 127|0x0000000712e00000, 0x0000000712e00000, 0x0000000713000000|  0%| F|  |TAMS 0x0000000712e00000, 0x0000000712e00000| Untracked 
| 128|0x0000000713000000, 0x0000000713000000, 0x0000000713200000|  0%| F|  |TAMS 0x0000000713000000, 0x0000000713000000| Untracked 
| 129|0x0000000713200000, 0x0000000713200000, 0x0000000713400000|  0%| F|  |TAMS 0x0000000713200000, 0x0000000713200000| Untracked 
| 130|0x0000000713400000, 0x0000000713400000, 0x0000000713600000|  0%| F|  |TAMS 0x0000000713400000, 0x0000000713400000| Untracked 
| 131|0x0000000713600000, 0x0000000713600000, 0x0000000713800000|  0%| F|  |TAMS 0x0000000713600000, 0x0000000713600000| Untracked 
| 132|0x0000000713800000, 0x0000000713800000, 0x0000000713a00000|  0%| F|  |TAMS 0x0000000713800000, 0x0000000713800000| Untracked 
| 133|0x0000000713a00000, 0x0000000713a00000, 0x0000000713c00000|  0%| F|  |TAMS 0x0000000713a00000, 0x0000000713a00000| Untracked 
| 134|0x0000000713c00000, 0x0000000713c00000, 0x0000000713e00000|  0%| F|  |TAMS 0x0000000713c00000, 0x0000000713c00000| Untracked 
| 135|0x0000000713e00000, 0x0000000713e00000, 0x0000000714000000|  0%| F|  |TAMS 0x0000000713e00000, 0x0000000713e00000| Untracked 
| 136|0x0000000714000000, 0x0000000714000000, 0x0000000714200000|  0%| F|  |TAMS 0x0000000714000000, 0x0000000714000000| Untracked 
| 137|0x0000000714200000, 0x0000000714200000, 0x0000000714400000|  0%| F|  |TAMS 0x0000000714200000, 0x0000000714200000| Untracked 
| 138|0x0000000714400000, 0x0000000714400000, 0x0000000714600000|  0%| F|  |TAMS 0x0000000714400000, 0x0000000714400000| Untracked 
| 139|0x0000000714600000, 0x0000000714600000, 0x0000000714800000|  0%| F|  |TAMS 0x0000000714600000, 0x0000000714600000| Untracked 
| 140|0x0000000714800000, 0x0000000714800000, 0x0000000714a00000|  0%| F|  |TAMS 0x0000000714800000, 0x0000000714800000| Untracked 
| 141|0x0000000714a00000, 0x0000000714a00000, 0x0000000714c00000|  0%| F|  |TAMS 0x0000000714a00000, 0x0000000714a00000| Untracked 
| 142|0x0000000714c00000, 0x0000000714c00000, 0x0000000714e00000|  0%| F|  |TAMS 0x0000000714c00000, 0x0000000714c00000| Untracked 
| 143|0x0000000714e00000, 0x0000000714e00000, 0x0000000715000000|  0%| F|  |TAMS 0x0000000714e00000, 0x0000000714e00000| Untracked 
| 144|0x0000000715000000, 0x0000000715000000, 0x0000000715200000|  0%| F|  |TAMS 0x0000000715000000, 0x0000000715000000| Untracked 
| 145|0x0000000715200000, 0x0000000715200000, 0x0000000715400000|  0%| F|  |TAMS 0x0000000715200000, 0x0000000715200000| Untracked 
| 146|0x0000000715400000, 0x0000000715400000, 0x0000000715600000|  0%| F|  |TAMS 0x0000000715400000, 0x0000000715400000| Untracked 
| 147|0x0000000715600000, 0x0000000715600000, 0x0000000715800000|  0%| F|  |TAMS 0x0000000715600000, 0x0000000715600000| Untracked 
| 148|0x0000000715800000, 0x0000000715800000, 0x0000000715a00000|  0%| F|  |TAMS 0x0000000715800000, 0x0000000715800000| Untracked 
| 149|0x0000000715a00000, 0x0000000715a00000, 0x0000000715c00000|  0%| F|  |TAMS 0x0000000715a00000, 0x0000000715a00000| Untracked 
| 150|0x0000000715c00000, 0x0000000715c00000, 0x0000000715e00000|  0%| F|  |TAMS 0x0000000715c00000, 0x0000000715c00000| Untracked 
| 151|0x0000000715e00000, 0x0000000715e00000, 0x0000000716000000|  0%| F|  |TAMS 0x0000000715e00000, 0x0000000715e00000| Untracked 
| 152|0x0000000716000000, 0x0000000716000000, 0x0000000716200000|  0%| F|  |TAMS 0x0000000716000000, 0x0000000716000000| Untracked 
| 153|0x0000000716200000, 0x0000000716200000, 0x0000000716400000|  0%| F|  |TAMS 0x0000000716200000, 0x0000000716200000| Untracked 
| 154|0x0000000716400000, 0x0000000716400000, 0x0000000716600000|  0%| F|  |TAMS 0x0000000716400000, 0x0000000716400000| Untracked 
| 155|0x0000000716600000, 0x0000000716600000, 0x0000000716800000|  0%| F|  |TAMS 0x0000000716600000, 0x0000000716600000| Untracked 
| 156|0x0000000716800000, 0x0000000716800000, 0x0000000716a00000|  0%| F|  |TAMS 0x0000000716800000, 0x0000000716800000| Untracked 
| 157|0x0000000716a00000, 0x0000000716a00000, 0x0000000716c00000|  0%| F|  |TAMS 0x0000000716a00000, 0x0000000716a00000| Untracked 
| 158|0x0000000716c00000, 0x0000000716c00000, 0x0000000716e00000|  0%| F|  |TAMS 0x0000000716c00000, 0x0000000716c00000| Untracked 
| 159|0x0000000716e00000, 0x0000000716e00000, 0x0000000717000000|  0%| F|  |TAMS 0x0000000716e00000, 0x0000000716e00000| Untracked 
| 160|0x0000000717000000, 0x0000000717000000, 0x0000000717200000|  0%| F|  |TAMS 0x0000000717000000, 0x0000000717000000| Untracked 
| 161|0x0000000717200000, 0x0000000717200000, 0x0000000717400000|  0%| F|  |TAMS 0x0000000717200000, 0x0000000717200000| Untracked 
| 162|0x0000000717400000, 0x0000000717400000, 0x0000000717600000|  0%| F|  |TAMS 0x0000000717400000, 0x0000000717400000| Untracked 
| 163|0x0000000717600000, 0x0000000717600000, 0x0000000717800000|  0%| F|  |TAMS 0x0000000717600000, 0x0000000717600000| Untracked 
| 164|0x0000000717800000, 0x0000000717800000, 0x0000000717a00000|  0%| F|  |TAMS 0x0000000717800000, 0x0000000717800000| Untracked 
| 165|0x0000000717a00000, 0x0000000717a00000, 0x0000000717c00000|  0%| F|  |TAMS 0x0000000717a00000, 0x0000000717a00000| Untracked 
| 166|0x0000000717c00000, 0x0000000717c00000, 0x0000000717e00000|  0%| F|  |TAMS 0x0000000717c00000, 0x0000000717c00000| Untracked 
| 167|0x0000000717e00000, 0x0000000717e00000, 0x0000000718000000|  0%| F|  |TAMS 0x0000000717e00000, 0x0000000717e00000| Untracked 
| 168|0x0000000718000000, 0x0000000718000000, 0x0000000718200000|  0%| F|  |TAMS 0x0000000718000000, 0x0000000718000000| Untracked 
| 169|0x0000000718200000, 0x0000000718200000, 0x0000000718400000|  0%| F|  |TAMS 0x0000000718200000, 0x0000000718200000| Untracked 
| 170|0x0000000718400000, 0x0000000718400000, 0x0000000718600000|  0%| F|  |TAMS 0x0000000718400000, 0x0000000718400000| Untracked 
| 171|0x0000000718600000, 0x0000000718600000, 0x0000000718800000|  0%| F|  |TAMS 0x0000000718600000, 0x0000000718600000| Untracked 
| 172|0x0000000718800000, 0x0000000718800000, 0x0000000718a00000|  0%| F|  |TAMS 0x0000000718800000, 0x0000000718800000| Untracked 
| 173|0x0000000718a00000, 0x0000000718a00000, 0x0000000718c00000|  0%| F|  |TAMS 0x0000000718a00000, 0x0000000718a00000| Untracked 
| 174|0x0000000718c00000, 0x0000000718c00000, 0x0000000718e00000|  0%| F|  |TAMS 0x0000000718c00000, 0x0000000718c00000| Untracked 
| 175|0x0000000718e00000, 0x0000000718e00000, 0x0000000719000000|  0%| F|  |TAMS 0x0000000718e00000, 0x0000000718e00000| Untracked 
| 176|0x0000000719000000, 0x0000000719000000, 0x0000000719200000|  0%| F|  |TAMS 0x0000000719000000, 0x0000000719000000| Untracked 
| 177|0x0000000719200000, 0x0000000719200000, 0x0000000719400000|  0%| F|  |TAMS 0x0000000719200000, 0x0000000719200000| Untracked 
| 178|0x0000000719400000, 0x0000000719400000, 0x0000000719600000|  0%| F|  |TAMS 0x0000000719400000, 0x0000000719400000| Untracked 
| 179|0x0000000719600000, 0x0000000719600000, 0x0000000719800000|  0%| F|  |TAMS 0x0000000719600000, 0x0000000719600000| Untracked 
| 180|0x0000000719800000, 0x0000000719800000, 0x0000000719a00000|  0%| F|  |TAMS 0x0000000719800000, 0x0000000719800000| Untracked 
| 181|0x0000000719a00000, 0x0000000719a00000, 0x0000000719c00000|  0%| F|  |TAMS 0x0000000719a00000, 0x0000000719a00000| Untracked 
| 182|0x0000000719c00000, 0x0000000719c00000, 0x0000000719e00000|  0%| F|  |TAMS 0x0000000719c00000, 0x0000000719c00000| Untracked 
| 183|0x0000000719e00000, 0x0000000719e00000, 0x000000071a000000|  0%| F|  |TAMS 0x0000000719e00000, 0x0000000719e00000| Untracked 
| 184|0x000000071a000000, 0x000000071a000000, 0x000000071a200000|  0%| F|  |TAMS 0x000000071a000000, 0x000000071a000000| Untracked 
| 185|0x000000071a200000, 0x000000071a200000, 0x000000071a400000|  0%| F|  |TAMS 0x000000071a200000, 0x000000071a200000| Untracked 
| 186|0x000000071a400000, 0x000000071a400000, 0x000000071a600000|  0%| F|  |TAMS 0x000000071a400000, 0x000000071a400000| Untracked 
| 187|0x000000071a600000, 0x000000071a600000, 0x000000071a800000|  0%| F|  |TAMS 0x000000071a600000, 0x000000071a600000| Untracked 
| 188|0x000000071a800000, 0x000000071a800000, 0x000000071aa00000|  0%| F|  |TAMS 0x000000071a800000, 0x000000071a800000| Untracked 
| 189|0x000000071aa00000, 0x000000071aa00000, 0x000000071ac00000|  0%| F|  |TAMS 0x000000071aa00000, 0x000000071aa00000| Untracked 
| 190|0x000000071ac00000, 0x000000071ac00000, 0x000000071ae00000|  0%| F|  |TAMS 0x000000071ac00000, 0x000000071ac00000| Untracked 
| 191|0x000000071ae00000, 0x000000071ae00000, 0x000000071b000000|  0%| F|  |TAMS 0x000000071ae00000, 0x000000071ae00000| Untracked 
| 192|0x000000071b000000, 0x000000071b000000, 0x000000071b200000|  0%| F|  |TAMS 0x000000071b000000, 0x000000071b000000| Untracked 
| 193|0x000000071b200000, 0x000000071b200000, 0x000000071b400000|  0%| F|  |TAMS 0x000000071b200000, 0x000000071b200000| Untracked 
| 194|0x000000071b400000, 0x000000071b400000, 0x000000071b600000|  0%| F|  |TAMS 0x000000071b400000, 0x000000071b400000| Untracked 
| 195|0x000000071b600000, 0x000000071b600000, 0x000000071b800000|  0%| F|  |TAMS 0x000000071b600000, 0x000000071b600000| Untracked 
| 196|0x000000071b800000, 0x000000071b800000, 0x000000071ba00000|  0%| F|  |TAMS 0x000000071b800000, 0x000000071b800000| Untracked 
| 197|0x000000071ba00000, 0x000000071ba00000, 0x000000071bc00000|  0%| F|  |TAMS 0x000000071ba00000, 0x000000071ba00000| Untracked 
| 198|0x000000071bc00000, 0x000000071bc00000, 0x000000071be00000|  0%| F|  |TAMS 0x000000071bc00000, 0x000000071bc00000| Untracked 
| 199|0x000000071be00000, 0x000000071be00000, 0x000000071c000000|  0%| F|  |TAMS 0x000000071be00000, 0x000000071be00000| Untracked 
| 200|0x000000071c000000, 0x000000071c000000, 0x000000071c200000|  0%| F|  |TAMS 0x000000071c000000, 0x000000071c000000| Untracked 
| 201|0x000000071c200000, 0x000000071c200000, 0x000000071c400000|  0%| F|  |TAMS 0x000000071c200000, 0x000000071c200000| Untracked 
| 202|0x000000071c400000, 0x000000071c400000, 0x000000071c600000|  0%| F|  |TAMS 0x000000071c400000, 0x000000071c400000| Untracked 
| 203|0x000000071c600000, 0x000000071c600000, 0x000000071c800000|  0%| F|  |TAMS 0x000000071c600000, 0x000000071c600000| Untracked 
| 204|0x000000071c800000, 0x000000071c800000, 0x000000071ca00000|  0%| F|  |TAMS 0x000000071c800000, 0x000000071c800000| Untracked 
| 205|0x000000071ca00000, 0x000000071ca00000, 0x000000071cc00000|  0%| F|  |TAMS 0x000000071ca00000, 0x000000071ca00000| Untracked 
| 206|0x000000071cc00000, 0x000000071cc00000, 0x000000071ce00000|  0%| F|  |TAMS 0x000000071cc00000, 0x000000071cc00000| Untracked 
| 207|0x000000071ce00000, 0x000000071ce00000, 0x000000071d000000|  0%| F|  |TAMS 0x000000071ce00000, 0x000000071ce00000| Untracked 
| 208|0x000000071d000000, 0x000000071d000000, 0x000000071d200000|  0%| F|  |TAMS 0x000000071d000000, 0x000000071d000000| Untracked 
| 209|0x000000071d200000, 0x000000071d200000, 0x000000071d400000|  0%| F|  |TAMS 0x000000071d200000, 0x000000071d200000| Untracked 
| 210|0x000000071d400000, 0x000000071d400000, 0x000000071d600000|  0%| F|  |TAMS 0x000000071d400000, 0x000000071d400000| Untracked 
| 211|0x000000071d600000, 0x000000071d600000, 0x000000071d800000|  0%| F|  |TAMS 0x000000071d600000, 0x000000071d600000| Untracked 
| 212|0x000000071d800000, 0x000000071d800000, 0x000000071da00000|  0%| F|  |TAMS 0x000000071d800000, 0x000000071d800000| Untracked 
| 213|0x000000071da00000, 0x000000071da00000, 0x000000071dc00000|  0%| F|  |TAMS 0x000000071da00000, 0x000000071da00000| Untracked 
| 214|0x000000071dc00000, 0x000000071dc00000, 0x000000071de00000|  0%| F|  |TAMS 0x000000071dc00000, 0x000000071dc00000| Untracked 
| 215|0x000000071de00000, 0x000000071de00000, 0x000000071e000000|  0%| F|  |TAMS 0x000000071de00000, 0x000000071de00000| Untracked 
| 216|0x000000071e000000, 0x000000071e000000, 0x000000071e200000|  0%| F|  |TAMS 0x000000071e000000, 0x000000071e000000| Untracked 
| 217|0x000000071e200000, 0x000000071e200000, 0x000000071e400000|  0%| F|  |TAMS 0x000000071e200000, 0x000000071e200000| Untracked 
| 218|0x000000071e400000, 0x000000071e400000, 0x000000071e600000|  0%| F|  |TAMS 0x000000071e400000, 0x000000071e400000| Untracked 
| 219|0x000000071e600000, 0x000000071e600000, 0x000000071e800000|  0%| F|  |TAMS 0x000000071e600000, 0x000000071e600000| Untracked 
| 220|0x000000071e800000, 0x000000071e800000, 0x000000071ea00000|  0%| F|  |TAMS 0x000000071e800000, 0x000000071e800000| Untracked 
| 221|0x000000071ea00000, 0x000000071ea00000, 0x000000071ec00000|  0%| F|  |TAMS 0x000000071ea00000, 0x000000071ea00000| Untracked 
| 222|0x000000071ec00000, 0x000000071ec00000, 0x000000071ee00000|  0%| F|  |TAMS 0x000000071ec00000, 0x000000071ec00000| Untracked 
| 223|0x000000071ee00000, 0x000000071ee00000, 0x000000071f000000|  0%| F|  |TAMS 0x000000071ee00000, 0x000000071ee00000| Untracked 
| 224|0x000000071f000000, 0x000000071f000000, 0x000000071f200000|  0%| F|  |TAMS 0x000000071f000000, 0x000000071f000000| Untracked 
| 225|0x000000071f200000, 0x000000071f200000, 0x000000071f400000|  0%| F|  |TAMS 0x000000071f200000, 0x000000071f200000| Untracked 
| 226|0x000000071f400000, 0x000000071f400000, 0x000000071f600000|  0%| F|  |TAMS 0x000000071f400000, 0x000000071f400000| Untracked 
| 227|0x000000071f600000, 0x000000071f600000, 0x000000071f800000|  0%| F|  |TAMS 0x000000071f600000, 0x000000071f600000| Untracked 
| 228|0x000000071f800000, 0x000000071f800000, 0x000000071fa00000|  0%| F|  |TAMS 0x000000071f800000, 0x000000071f800000| Untracked 
| 229|0x000000071fa00000, 0x000000071fa00000, 0x000000071fc00000|  0%| F|  |TAMS 0x000000071fa00000, 0x000000071fa00000| Untracked 
| 230|0x000000071fc00000, 0x000000071fc00000, 0x000000071fe00000|  0%| F|  |TAMS 0x000000071fc00000, 0x000000071fc00000| Untracked 
| 231|0x000000071fe00000, 0x000000071fe00000, 0x0000000720000000|  0%| F|  |TAMS 0x000000071fe00000, 0x000000071fe00000| Untracked 
| 232|0x0000000720000000, 0x0000000720000000, 0x0000000720200000|  0%| F|  |TAMS 0x0000000720000000, 0x0000000720000000| Untracked 
| 233|0x0000000720200000, 0x0000000720200000, 0x0000000720400000|  0%| F|  |TAMS 0x0000000720200000, 0x0000000720200000| Untracked 
| 234|0x0000000720400000, 0x0000000720400000, 0x0000000720600000|  0%| F|  |TAMS 0x0000000720400000, 0x0000000720400000| Untracked 
| 235|0x0000000720600000, 0x0000000720600000, 0x0000000720800000|  0%| F|  |TAMS 0x0000000720600000, 0x0000000720600000| Untracked 
| 236|0x0000000720800000, 0x0000000720800000, 0x0000000720a00000|  0%| F|  |TAMS 0x0000000720800000, 0x0000000720800000| Untracked 
| 237|0x0000000720a00000, 0x0000000720a00000, 0x0000000720c00000|  0%| F|  |TAMS 0x0000000720a00000, 0x0000000720a00000| Untracked 
| 238|0x0000000720c00000, 0x0000000720c00000, 0x0000000720e00000|  0%| F|  |TAMS 0x0000000720c00000, 0x0000000720c00000| Untracked 
| 239|0x0000000720e00000, 0x0000000720e00000, 0x0000000721000000|  0%| F|  |TAMS 0x0000000720e00000, 0x0000000720e00000| Untracked 
| 240|0x0000000721000000, 0x0000000721000000, 0x0000000721200000|  0%| F|  |TAMS 0x0000000721000000, 0x0000000721000000| Untracked 
| 241|0x0000000721200000, 0x0000000721200000, 0x0000000721400000|  0%| F|  |TAMS 0x0000000721200000, 0x0000000721200000| Untracked 
| 242|0x0000000721400000, 0x0000000721400000, 0x0000000721600000|  0%| F|  |TAMS 0x0000000721400000, 0x0000000721400000| Untracked 
| 243|0x0000000721600000, 0x0000000721600000, 0x0000000721800000|  0%| F|  |TAMS 0x0000000721600000, 0x0000000721600000| Untracked 
| 244|0x0000000721800000, 0x0000000721800000, 0x0000000721a00000|  0%| F|  |TAMS 0x0000000721800000, 0x0000000721800000| Untracked 
| 245|0x0000000721a00000, 0x0000000721a00000, 0x0000000721c00000|  0%| F|  |TAMS 0x0000000721a00000, 0x0000000721a00000| Untracked 
| 246|0x0000000721c00000, 0x0000000721c00000, 0x0000000721e00000|  0%| F|  |TAMS 0x0000000721c00000, 0x0000000721c00000| Untracked 
| 247|0x0000000721e00000, 0x0000000721e00000, 0x0000000722000000|  0%| F|  |TAMS 0x0000000721e00000, 0x0000000721e00000| Untracked 
| 248|0x0000000722000000, 0x0000000722000000, 0x0000000722200000|  0%| F|  |TAMS 0x0000000722000000, 0x0000000722000000| Untracked 
| 249|0x0000000722200000, 0x0000000722200000, 0x0000000722400000|  0%| F|  |TAMS 0x0000000722200000, 0x0000000722200000| Untracked 
| 250|0x0000000722400000, 0x0000000722400000, 0x0000000722600000|  0%| F|  |TAMS 0x0000000722400000, 0x0000000722400000| Untracked 
| 251|0x0000000722600000, 0x0000000722600000, 0x0000000722800000|  0%| F|  |TAMS 0x0000000722600000, 0x0000000722600000| Untracked 
| 252|0x0000000722800000, 0x0000000722800000, 0x0000000722a00000|  0%| F|  |TAMS 0x0000000722800000, 0x0000000722800000| Untracked 
| 253|0x0000000722a00000, 0x0000000722a00000, 0x0000000722c00000|  0%| F|  |TAMS 0x0000000722a00000, 0x0000000722a00000| Untracked 
| 254|0x0000000722c00000, 0x0000000722c00000, 0x0000000722e00000|  0%| F|  |TAMS 0x0000000722c00000, 0x0000000722c00000| Untracked 
| 255|0x0000000722e00000, 0x0000000722e00000, 0x0000000723000000|  0%| F|  |TAMS 0x0000000722e00000, 0x0000000722e00000| Untracked 
| 256|0x0000000723000000, 0x0000000723000000, 0x0000000723200000|  0%| F|  |TAMS 0x0000000723000000, 0x0000000723000000| Untracked 
| 257|0x0000000723200000, 0x0000000723200000, 0x0000000723400000|  0%| F|  |TAMS 0x0000000723200000, 0x0000000723200000| Untracked 
| 258|0x0000000723400000, 0x0000000723400000, 0x0000000723600000|  0%| F|  |TAMS 0x0000000723400000, 0x0000000723400000| Untracked 
| 259|0x0000000723600000, 0x0000000723600000, 0x0000000723800000|  0%| F|  |TAMS 0x0000000723600000, 0x0000000723600000| Untracked 
| 260|0x0000000723800000, 0x0000000723800000, 0x0000000723a00000|  0%| F|  |TAMS 0x0000000723800000, 0x0000000723800000| Untracked 
| 261|0x0000000723a00000, 0x0000000723a00000, 0x0000000723c00000|  0%| F|  |TAMS 0x0000000723a00000, 0x0000000723a00000| Untracked 
| 262|0x0000000723c00000, 0x0000000723c00000, 0x0000000723e00000|  0%| F|  |TAMS 0x0000000723c00000, 0x0000000723c00000| Untracked 
| 263|0x0000000723e00000, 0x0000000723e00000, 0x0000000724000000|  0%| F|  |TAMS 0x0000000723e00000, 0x0000000723e00000| Untracked 
| 264|0x0000000724000000, 0x0000000724000000, 0x0000000724200000|  0%| F|  |TAMS 0x0000000724000000, 0x0000000724000000| Untracked 
| 265|0x0000000724200000, 0x0000000724200000, 0x0000000724400000|  0%| F|  |TAMS 0x0000000724200000, 0x0000000724200000| Untracked 
| 266|0x0000000724400000, 0x0000000724400000, 0x0000000724600000|  0%| F|  |TAMS 0x0000000724400000, 0x0000000724400000| Untracked 
| 267|0x0000000724600000, 0x0000000724600000, 0x0000000724800000|  0%| F|  |TAMS 0x0000000724600000, 0x0000000724600000| Untracked 
| 268|0x0000000724800000, 0x0000000724800000, 0x0000000724a00000|  0%| F|  |TAMS 0x0000000724800000, 0x0000000724800000| Untracked 
| 269|0x0000000724a00000, 0x0000000724a00000, 0x0000000724c00000|  0%| F|  |TAMS 0x0000000724a00000, 0x0000000724a00000| Untracked 
| 270|0x0000000724c00000, 0x0000000724c00000, 0x0000000724e00000|  0%| F|  |TAMS 0x0000000724c00000, 0x0000000724c00000| Untracked 
| 271|0x0000000724e00000, 0x0000000724e00000, 0x0000000725000000|  0%| F|  |TAMS 0x0000000724e00000, 0x0000000724e00000| Untracked 
| 272|0x0000000725000000, 0x0000000725000000, 0x0000000725200000|  0%| F|  |TAMS 0x0000000725000000, 0x0000000725000000| Untracked 
|2023|0x00000007ffe00000, 0x00000007ffe00000, 0x0000000800000000|  0%| F|  |TAMS 0x00000007ffe00000, 0x00000007ffe00000| Untracked 

Card table byte_map: [0x00000195732c0000,0x0000019573ab0000] _byte_map_base: 0x000001956faa8000

Marking Bits (Prev, Next): (CMBitMap*) 0x000001956a8ba960, (CMBitMap*) 0x000001956a8ba920
 Prev Bits: [0x00000195781e0000, 0x000001957c120000)
 Next Bits: [0x00000195742a0000, 0x00000195781e0000)

Polling page: 0x0000019568650000

Metaspace:

Usage:
  Non-class:     35.73 MB used.
      Class:      5.09 MB used.
       Both:     40.82 MB used.

Virtual space:
  Non-class space:       64.00 MB reserved,      35.88 MB ( 56%) committed,  1 nodes.
      Class space:        1.00 GB reserved,       5.25 MB ( <1%) committed,  1 nodes.
             Both:        1.06 GB reserved,      41.12 MB (  4%) committed. 

Chunk freelists:
   Non-Class:  67.00 KB
       Class:  2.57 MB
        Both:  2.64 MB

MaxMetaspaceSize: unlimited
CompressedClassSpaceSize: 1.00 GB
Initial GC threshold: 21.00 MB
Current GC threshold: 68.56 MB
CDS: on
MetaspaceReclaimPolicy: balanced
 - commit_granule_bytes: 65536.
 - commit_granule_words: 8192.
 - virtual_space_node_default_size: 8388608.
 - enlarge_chunks_in_place: 1.
 - new_chunks_are_fully_committed: 0.
 - uncommit_free_chunks: 1.
 - use_allocation_guard: 0.


Internal statistics:

num_allocs_failed_limit: 6.
num_arena_births: 346.
num_arena_deaths: 2.
num_vsnodes_births: 2.
num_vsnodes_deaths: 0.
num_space_committed: 658.
num_space_uncommitted: 0.
num_chunks_returned_to_freelist: 9.
num_chunks_taken_from_freelist: 1553.
num_chunk_merges: 6.
num_chunk_splits: 1103.
num_chunks_enlarged: 879.
num_inconsistent_stats: 0.

CodeHeap 'non-profiled nmethods': size=120000Kb used=2530Kb max_used=2530Kb free=117470Kb
 bounds [0x0000019507ad0000, 0x0000019507d50000, 0x000001950f000000]
CodeHeap 'profiled nmethods': size=120000Kb used=9614Kb max_used=9614Kb free=110385Kb
 bounds [0x0000019500000000, 0x0000019500970000, 0x0000019507530000]
CodeHeap 'non-nmethods': size=5760Kb used=1456Kb max_used=1504Kb free=4304Kb
 bounds [0x0000019507530000, 0x00000195077a0000, 0x0000019507ad0000]
 total_blobs=5816 nmethods=5104 adapters=622
 compilation: enabled
              stopped_count=0, restarted_count=0
 full_count=0

Compilation events (20 events):
Event: 127.525 Thread 0x000001957e52a8a0 5098  s!   3       java.net.Socket::close (47 bytes)
Event: 127.526 Thread 0x000001957e52a8a0 nmethod 5098 0x000001950095de10 code [0x000001950095dfe0, 0x000001950095e538]
Event: 127.531 Thread 0x000001957e52a8a0 5099   !   3       sun.nio.ch.NioSocketImpl::beginRead (30 bytes)
Event: 127.531 Thread 0x000001957e52a8a0 nmethod 5099 0x000001950095e710 code [0x000001950095e8e0, 0x000001950095ed48]
Event: 127.532 Thread 0x000001957e52a8a0 5100   !   3       sun.nio.ch.NioSocketImpl::implRead (230 bytes)
Event: 127.533 Thread 0x000001957e52a8a0 nmethod 5100 0x000001950095ef10 code [0x000001950095f1e0, 0x0000019500960068]
Event: 127.546 Thread 0x000001957e52a8a0 5101       3       java.io.InputStream::read (9 bytes)
Event: 127.546 Thread 0x000001957e52a8a0 nmethod 5101 0x0000019500960790 code [0x0000019500960940, 0x0000019500960b28]
Event: 127.546 Thread 0x000001957e52a8a0 5102       3       java.io.IOException::<init> (6 bytes)
Event: 127.547 Thread 0x000001957e52a8a0 nmethod 5102 0x0000019500960c10 code [0x0000019500960dc0, 0x0000019500960f48]
Event: 127.547 Thread 0x000001957e52a8a0 5103   !   3       java.io.PrintWriter::close (63 bytes)
Event: 127.549 Thread 0x000001957e52a8a0 nmethod 5103 0x0000019500961010 code [0x00000195009612c0, 0x0000019500962498]
Event: 127.549 Thread 0x000001957e52a8a0 5104   !   3       java.io.PrintWriter::implClose (29 bytes)
Event: 127.549 Thread 0x000001957e52a8a0 nmethod 5104 0x0000019500962a10 code [0x0000019500962bc0, 0x0000019500962e88]
Event: 127.577 Thread 0x000001957e52a8a0 5105       3       java.net.SocketException::<init> (6 bytes)
Event: 127.577 Thread 0x000001957e52a8a0 nmethod 5105 0x0000019500962f90 code [0x0000019500963140, 0x0000019500963328]
Event: 127.577 Thread 0x000001957e52a8a0 5106       3       java.net.Socket$SocketInputStream::close (8 bytes)
Event: 127.577 Thread 0x000001957e52a8a0 nmethod 5106 0x0000019500963410 code [0x00000195009635c0, 0x00000195009637a8]
Event: 127.666 Thread 0x000001957e526770 5107   !   4       java.net.Socket::isClosed (19 bytes)
Event: 127.667 Thread 0x000001957e526770 nmethod 5107 0x0000019507d48410 code [0x0000019507d485a0, 0x0000019507d48778]

GC Heap History (20 events):
Event: 98.673 GC heap after
{Heap after GC invocations=16 (full 0):
 garbage-first heap   total 235520K, used 41937K [0x0000000703000000, 0x0000000800000000)
  region size 2048K, 2 young (4096K), 2 survivors (4096K)
 Metaspace       used 41535K, committed 41856K, reserved 1114112K
  class space    used 5190K, committed 5312K, reserved 1048576K
}
Event: 98.847 GC heap before
{Heap before GC invocations=16 (full 0):
 garbage-first heap   total 235520K, used 48081K [0x0000000703000000, 0x0000000800000000)
  region size 2048K, 5 young (10240K), 2 survivors (4096K)
 Metaspace       used 41770K, committed 42112K, reserved 1114112K
  class space    used 5208K, committed 5376K, reserved 1048576K
}
Event: 98.849 GC heap after
{Heap after GC invocations=17 (full 0):
 garbage-first heap   total 235520K, used 42639K [0x0000000703000000, 0x0000000800000000)
  region size 2048K, 1 young (2048K), 1 survivors (2048K)
 Metaspace       used 41770K, committed 42112K, reserved 1114112K
  class space    used 5208K, committed 5376K, reserved 1048576K
}
Event: 127.522 GC heap before
{Heap before GC invocations=17 (full 0):
 garbage-first heap   total 235520K, used 169615K [0x0000000703000000, 0x0000000800000000)
  region size 2048K, 64 young (131072K), 1 survivors (2048K)
 Metaspace       used 41792K, committed 42112K, reserved 1114112K
  class space    used 5209K, committed 5376K, reserved 1048576K
}
Event: 127.524 GC heap after
{Heap after GC invocations=18 (full 0):
 garbage-first heap   total 235520K, used 43018K [0x0000000703000000, 0x0000000800000000)
  region size 2048K, 1 young (2048K), 1 survivors (2048K)
 Metaspace       used 41792K, committed 42112K, reserved 1114112K
  class space    used 5209K, committed 5376K, reserved 1048576K
}
Event: 127.567 GC heap before
{Heap before GC invocations=18 (full 0):
 garbage-first heap   total 235520K, used 180234K [0x0000000703000000, 0x0000000800000000)
  region size 2048K, 69 young (141312K), 1 survivors (2048K)
 Metaspace       used 41798K, committed 42112K, reserved 1114112K
  class space    used 5209K, committed 5376K, reserved 1048576K
}
Event: 127.569 GC heap after
{Heap after GC invocations=19 (full 0):
 garbage-first heap   total 235520K, used 43000K [0x0000000703000000, 0x0000000800000000)
  region size 2048K, 1 young (2048K), 1 survivors (2048K)
 Metaspace       used 41798K, committed 42112K, reserved 1114112K
  class space    used 5209K, committed 5376K, reserved 1048576K
}
Event: 127.602 GC heap before
{Heap before GC invocations=19 (full 0):
 garbage-first heap   total 294912K, used 179802K [0x0000000703000000, 0x0000000800000000)
  region size 2048K, 69 young (141312K), 1 survivors (2048K)
 Metaspace       used 41798K, committed 42112K, reserved 1114112K
  class space    used 5209K, committed 5376K, reserved 1048576K
}
Event: 127.603 GC heap after
{Heap after GC invocations=20 (full 0):
 garbage-first heap   total 294912K, used 42915K [0x0000000703000000, 0x0000000800000000)
  region size 2048K, 1 young (2048K), 1 survivors (2048K)
 Metaspace       used 41798K, committed 42112K, reserved 1114112K
  class space    used 5209K, committed 5376K, reserved 1048576K
}
Event: 127.644 GC heap before
{Heap before GC invocations=21 (full 0):
 garbage-first heap   total 294912K, used 214947K [0x0000000703000000, 0x0000000800000000)
  region size 2048K, 86 young (176128K), 1 survivors (2048K)
 Metaspace       used 41798K, committed 42112K, reserved 1114112K
  class space    used 5209K, committed 5376K, reserved 1048576K
}
Event: 127.646 GC heap after
{Heap after GC invocations=22 (full 0):
 garbage-first heap   total 561152K, used 42590K [0x0000000703000000, 0x0000000800000000)
  region size 2048K, 1 young (2048K), 1 survivors (2048K)
 Metaspace       used 41798K, committed 42112K, reserved 1114112K
  class space    used 5209K, committed 5376K, reserved 1048576K
}
Event: 127.657 GC heap before
{Heap before GC invocations=22 (full 0):
 garbage-first heap   total 561152K, used 65118K [0x0000000703000000, 0x0000000800000000)
  region size 2048K, 13 young (26624K), 1 survivors (2048K)
 Metaspace       used 41798K, committed 42112K, reserved 1114112K
  class space    used 5209K, committed 5376K, reserved 1048576K
}
Event: 127.659 GC heap after
{Heap after GC invocations=23 (full 0):
 garbage-first heap   total 561152K, used 41432K [0x0000000703000000, 0x0000000800000000)
  region size 2048K, 1 young (2048K), 1 survivors (2048K)
 Metaspace       used 41798K, committed 42112K, reserved 1114112K
  class space    used 5209K, committed 5376K, reserved 1048576K
}
Event: 127.783 GC heap before
{Heap before GC invocations=23 (full 0):
 garbage-first heap   total 561152K, used 373208K [0x0000000703000000, 0x0000000800000000)
  region size 2048K, 164 young (335872K), 1 survivors (2048K)
 Metaspace       used 41798K, committed 42112K, reserved 1114112K
  class space    used 5209K, committed 5376K, reserved 1048576K
}
Event: 127.784 GC heap after
{Heap after GC invocations=24 (full 0):
 garbage-first heap   total 561152K, used 41266K [0x0000000703000000, 0x0000000800000000)
  region size 2048K, 1 young (2048K), 1 survivors (2048K)
 Metaspace       used 41798K, committed 42112K, reserved 1114112K
  class space    used 5209K, committed 5376K, reserved 1048576K
}
Event: 127.837 GC heap before
{Heap before GC invocations=25 (full 0):
 garbage-first heap   total 561152K, used 373042K [0x0000000703000000, 0x0000000800000000)
  region size 2048K, 164 young (335872K), 1 survivors (2048K)
 Metaspace       used 41798K, committed 42112K, reserved 1114112K
  class space    used 5209K, committed 5376K, reserved 1048576K
}
Event: 127.838 GC heap after
{Heap after GC invocations=26 (full 0):
 garbage-first heap   total 561152K, used 41106K [0x0000000703000000, 0x0000000800000000)
  region size 2048K, 1 young (2048K), 1 survivors (2048K)
 Metaspace       used 41798K, committed 42112K, reserved 1114112K
  class space    used 5209K, committed 5376K, reserved 1048576K
}
Event: 127.841 GC heap before
{Heap before GC invocations=26 (full 0):
 garbage-first heap   total 561152K, used 63634K [0x0000000703000000, 0x0000000800000000)
  region size 2048K, 13 young (26624K), 1 survivors (2048K)
 Metaspace       used 41798K, committed 42112K, reserved 1114112K
  class space    used 5209K, committed 5376K, reserved 1048576K
}
Event: 127.843 GC heap after
{Heap after GC invocations=27 (full 0):
 garbage-first heap   total 561152K, used 40476K [0x0000000703000000, 0x0000000800000000)
  region size 2048K, 1 young (2048K), 1 survivors (2048K)
 Metaspace       used 41798K, committed 42112K, reserved 1114112K
  class space    used 5209K, committed 5376K, reserved 1048576K
}
Event: 127.897 GC heap before
{Heap before GC invocations=27 (full 0):
 garbage-first heap   total 561152K, used 372252K [0x0000000703000000, 0x0000000800000000)
  region size 2048K, 164 young (335872K), 1 survivors (2048K)
 Metaspace       used 41798K, committed 42112K, reserved 1114112K
  class space    used 5209K, committed 5376K, reserved 1048576K
}

Dll operation events (13 events):
Event: 0.011 Loaded shared library D:\JDK\jdk-19\bin\java.dll
Event: 0.023 Loaded shared library D:\JDK\jdk-19\bin\jsvml.dll
Event: 0.137 Loaded shared library D:\JDK\jdk-19\bin\zip.dll
Event: 0.141 Loaded shared library D:\JDK\jdk-19\bin\instrument.dll
Event: 0.149 Loaded shared library D:\JDK\jdk-19\bin\net.dll
Event: 0.151 Loaded shared library D:\JDK\jdk-19\bin\nio.dll
Event: 0.158 Loaded shared library D:\JDK\jdk-19\bin\zip.dll
Event: 0.204 Loaded shared library D:\JDK\JetBrains IntelliJ IDEA Ultimate 2022.2\IntelliJ IDEA 2022.2\bin\breakgen64.dll
Event: 0.213 Loaded shared library D:\JDK\jdk-19\bin\extnet.dll
Event: 1.096 Loaded shared library D:\JDK\jdk-19\bin\jimage.dll
Event: 16.770 Loaded shared library D:\JDK\jdk-19\bin\sunmscapi.dll
Event: 17.351 Loaded shared library D:\JDK\jdk-19\bin\verify.dll
Event: 98.556 Loaded shared library D:\JDK\jdk-19\bin\awt.dll

Deoptimization events (20 events):
Event: 98.856 Thread 0x00000195138e5050 DEOPT PACKING pc=0x0000019500947e4f sp=0x00000008debff0b0
Event: 98.856 Thread 0x00000195138e5050 DEOPT UNPACKING pc=0x0000019507597543 sp=0x00000008debfe538 mode 0
Event: 98.856 Thread 0x00000195138e5050 DEOPT PACKING pc=0x0000019500947e4f sp=0x00000008debff0b0
Event: 98.856 Thread 0x00000195138e5050 DEOPT UNPACKING pc=0x0000019507597543 sp=0x00000008debfe538 mode 0
Event: 98.857 Thread 0x00000195138e5050 DEOPT PACKING pc=0x0000019500913150 sp=0x00000008debff020
Event: 98.857 Thread 0x00000195138e5050 DEOPT UNPACKING pc=0x0000019507597543 sp=0x00000008debfe4d8 mode 0
Event: 98.859 Thread 0x00000195138e5050 DEOPT PACKING pc=0x0000019500913150 sp=0x00000008debff020
Event: 98.859 Thread 0x00000195138e5050 DEOPT UNPACKING pc=0x0000019507597543 sp=0x00000008debfe4d8 mode 0
Event: 98.861 Thread 0x00000195138e5050 DEOPT PACKING pc=0x0000019500913150 sp=0x00000008debff020
Event: 98.861 Thread 0x00000195138e5050 DEOPT UNPACKING pc=0x0000019507597543 sp=0x00000008debfe4d8 mode 0
Event: 98.863 Thread 0x00000195138e5050 DEOPT PACKING pc=0x0000019500913150 sp=0x00000008debff020
Event: 98.863 Thread 0x00000195138e5050 DEOPT UNPACKING pc=0x0000019507597543 sp=0x00000008debfe4d8 mode 0
Event: 98.866 Thread 0x00000195138e5050 DEOPT PACKING pc=0x000001950094a295 sp=0x00000008debff180
Event: 98.867 Thread 0x00000195138e5050 DEOPT UNPACKING pc=0x0000019507597543 sp=0x00000008debfe608 mode 0
Event: 98.869 Thread 0x00000195138e5050 DEOPT PACKING pc=0x000001950094a295 sp=0x00000008debff180
Event: 98.869 Thread 0x00000195138e5050 DEOPT UNPACKING pc=0x0000019507597543 sp=0x00000008debfe608 mode 0
Event: 98.870 Thread 0x00000195138e5050 DEOPT PACKING pc=0x000001950094a295 sp=0x00000008debff180
Event: 98.870 Thread 0x00000195138e5050 DEOPT UNPACKING pc=0x0000019507597543 sp=0x00000008debfe608 mode 0
Event: 98.872 Thread 0x00000195138e5050 DEOPT PACKING pc=0x000001950094a295 sp=0x00000008debff180
Event: 98.872 Thread 0x00000195138e5050 DEOPT UNPACKING pc=0x0000019507597543 sp=0x00000008debfe608 mode 0

Classes loaded (20 events):
Event: 98.706 Loading class com/sun/imageio/plugins/png/RowFilter
Event: 98.706 Loading class com/sun/imageio/plugins/png/RowFilter done
Event: 98.706 Loading class javax/imageio/IIOImage
Event: 98.706 Loading class javax/imageio/IIOImage done
Event: 98.706 Loading class com/sun/imageio/plugins/png/ChunkStream
Event: 98.706 Loading class com/sun/imageio/plugins/png/ChunkStream done
Event: 98.706 Loading class com/sun/imageio/plugins/png/CRC
Event: 98.706 Loading class com/sun/imageio/plugins/png/CRC done
Event: 98.707 Loading class com/sun/imageio/plugins/png/IDATOutputStream
Event: 98.708 Loading class com/sun/imageio/plugins/png/IDATOutputStream done
Event: 98.708 Loading class java/util/zip/Deflater
Event: 98.708 Loading class java/util/zip/Deflater done
Event: 98.708 Loading class java/util/zip/Deflater$DeflaterZStreamRef
Event: 98.708 Loading class java/util/zip/Deflater$DeflaterZStreamRef done
Event: 127.492 Loading class sun/net/ConnectionResetException
Event: 127.493 Loading class sun/net/ConnectionResetException done
Event: 127.493 Loading class java/io/InterruptedIOException
Event: 127.493 Loading class java/io/InterruptedIOException done
Event: 127.493 Loading class java/net/SocketTimeoutException
Event: 127.493 Loading class java/net/SocketTimeoutException done

Classes unloaded (1 events):
Event: 19.412 Thread 0x000001957e4faf00 Unloading class 0x0000000801004400 'java/lang/invoke/LambdaForm$DMH+0x0000000801004400'

Classes redefined (0 events):
No events

Internal exceptions (20 events):
Event: 19.139 Thread 0x000001956a84ac00 Exception <a 'java/lang/NoSuchMethodError'{0x00000007052daf18}: 'java.lang.Object java.lang.invoke.DirectMethodHandle$Holder.invokeSpecial(java.lang.Object, java.lang.Object, java.lang.Object, java.lang.Object, java.lang.Object, java.lang.Object, java.lang.Object, java.lang.Object, int)'> (0x00000007052daf18) 
thrown [s\open\src\hotspot\share\interpreter\linkResolver.cpp, line 774]
Event: 19.204 Thread 0x000001956a84ac00 Exception <a 'java/lang/NoSuchMethodError'{0x000000070513c848}: 'void java.lang.invoke.DirectMethodHandle$Holder.invokeInterface(java.lang.Object, java.lang.Object)'> (0x000000070513c848) 
thrown [s\open\src\hotspot\share\interpreter\linkResolver.cpp, line 774]
Event: 19.254 Thread 0x000001956a84ac00 Exception <a 'java/lang/NoSuchMethodError'{0x0000000704cce640}: 'java.lang.Object java.lang.invoke.DirectMethodHandle$Holder.invokeStaticInit(java.lang.Object, java.lang.Object, java.lang.Object)'> (0x0000000704cce640) 
thrown [s\open\src\hotspot\share\interpreter\linkResolver.cpp, line 774]
Event: 19.359 Thread 0x00000195138e5050 Implicit null exception at 0x0000019507b663f2 to 0x0000019507b669e0
Event: 19.595 Thread 0x00000195138e5050 Exception <a 'java/lang/NoSuchMethodError'{0x0000000706d05240}: 'int java.lang.invoke.DirectMethodHandle$Holder.invokeStatic(java.lang.Object)'> (0x0000000706d05240) 
thrown [s\open\src\hotspot\share\interpreter\linkResolver.cpp, line 774]
Event: 19.678 Thread 0x00000195138e5050 Implicit null exception at 0x0000019507b543f4 to 0x0000019507b545dc
Event: 19.682 Thread 0x00000195138e5050 Exception <a 'java/lang/NoSuchMethodError'{0x0000000706833740}: 'void java.lang.invoke.DirectMethodHandle$Holder.invokeSpecial(java.lang.Object, java.lang.Object, java.lang.Object, java.lang.Object, java.lang.Object)'> (0x0000000706833740) 
thrown [s\open\src\hotspot\share\interpreter\linkResolver.cpp, line 774]
Event: 19.694 Thread 0x00000195138e5050 Exception <a 'java/lang/NoSuchMethodError'{0x0000000706891f68}: 'java.lang.Object java.lang.invoke.DirectMethodHandle$Holder.invokeInterface(java.lang.Object, java.lang.Object, java.lang.Object)'> (0x0000000706891f68) 
thrown [s\open\src\hotspot\share\interpreter\linkResolver.cpp, line 774]
Event: 19.702 Thread 0x00000195138e5050 Exception <a 'java/lang/NoSuchMethodError'{0x00000007068cde58}: 'void java.lang.invoke.DirectMethodHandle$Holder.invokeInterface(java.lang.Object, java.lang.Object, java.lang.Object)'> (0x00000007068cde58) 
thrown [s\open\src\hotspot\share\interpreter\linkResolver.cpp, line 774]
Event: 19.709 Thread 0x00000195138e5050 Exception <a 'java/lang/NoSuchMethodError'{0x000000070691a070}: 'void java.lang.invoke.DirectMethodHandle$Holder.invokeStaticInit(java.lang.Object, java.lang.Object, java.lang.Object, java.lang.Object, java.lang.Object)'> (0x000000070691a070) 
thrown [s\open\src\hotspot\share\interpreter\linkResolver.cpp, line 774]
Event: 19.718 Thread 0x00000195138e5050 Exception <a 'java/lang/NoSuchMethodError'{0x0000000706975d90}: 'void java.lang.invoke.DirectMethodHandle$Holder.invokeInterface(java.lang.Object, java.lang.Object, java.lang.Object, java.lang.Object)'> (0x0000000706975d90) 
thrown [s\open\src\hotspot\share\interpreter\linkResolver.cpp, line 774]
Event: 19.718 Thread 0x00000195138e5050 Exception <a 'java/lang/IncompatibleClassChangeError'{0x0000000706979220}: Found class java.lang.Object, but interface was expected> (0x0000000706979220) 
thrown [s\open\src\hotspot\share\interpreter\linkResolver.cpp, line 841]
Event: 19.759 Thread 0x00000195138e5050 Exception <a 'java/lang/NoSuchMethodError'{0x00000007066f1940}: 'void java.lang.invoke.Invokers$Holder.invokeExact_MT(java.lang.Object, java.lang.Object, int, java.lang.Object)'> (0x00000007066f1940) 
thrown [s\open\src\hotspot\share\interpreter\linkResolver.cpp, line 774]
Event: 19.763 Thread 0x00000195138e5050 Exception <a 'java/lang/NoSuchMethodError'{0x0000000706713610}: 'void java.lang.invoke.Invokers$Holder.invokeExact_MT(java.lang.Object, java.lang.Object, java.lang.Object, java.lang.Object)'> (0x0000000706713610) 
thrown [s\open\src\hotspot\share\interpreter\linkResolver.cpp, line 774]
Event: 98.526 Thread 0x00000195138e5050 Exception <a 'java/lang/NoSuchMethodError'{0x00000007095c9230}: 'java.lang.Object java.lang.invoke.DirectMethodHandle$Holder.newInvokeSpecial(java.lang.Object, java.lang.Object, int)'> (0x00000007095c9230) 
thrown [s\open\src\hotspot\share\interpreter\linkResolver.cpp, line 774]
Event: 98.545 Thread 0x00000195138e5050 Exception <a 'java/lang/ClassNotFoundException'{0x0000000706415e70}: sun/awt/resources/spi/awtProvider> (0x0000000706415e70) 
thrown [s\open\src\hotspot\share\classfile\systemDictionary.cpp, line 255]
Event: 98.557 Thread 0x00000195138e5050 Exception <a 'java/io/FileNotFoundException'{0x0000000706419278}> (0x0000000706419278) 
thrown [s\open\src\hotspot\share\prims\jni.cpp, line 517]
Event: 98.558 Thread 0x00000195138e5050 Exception <a 'java/io/FileNotFoundException'{0x000000070641a9f8}> (0x000000070641a9f8) 
thrown [s\open\src\hotspot\share\prims\jni.cpp, line 517]
Event: 98.640 Thread 0x00000195138e5050 Implicit null exception at 0x0000019507d0ca20 to 0x0000019507d0cbd0
Event: 127.493 Thread 0x00000195138e5050 Exception <a 'sun/net/ConnectionResetException'{0x00000007110835f0}: Connection reset> (0x00000007110835f0) 
thrown [s\open\src\hotspot\share\prims\jni.cpp, line 536]

VM Operations (20 events):
Event: 127.599 Executing VM operation: G1PauseRemark done
Event: 127.602 Executing VM operation: G1CollectForAllocation
Event: 127.603 Executing VM operation: G1CollectForAllocation done
Event: 127.606 Executing VM operation: G1PauseCleanup
Event: 127.606 Executing VM operation: G1PauseCleanup done
Event: 127.644 Executing VM operation: G1CollectForAllocation
Event: 127.646 Executing VM operation: G1CollectForAllocation done
Event: 127.657 Executing VM operation: G1CollectForAllocation
Event: 127.659 Executing VM operation: G1CollectForAllocation done
Event: 127.783 Executing VM operation: G1CollectForAllocation
Event: 127.784 Executing VM operation: G1CollectForAllocation done
Event: 127.804 Executing VM operation: G1PauseRemark
Event: 127.807 Executing VM operation: G1PauseRemark done
Event: 127.814 Executing VM operation: G1PauseCleanup
Event: 127.814 Executing VM operation: G1PauseCleanup done
Event: 127.837 Executing VM operation: G1CollectForAllocation
Event: 127.838 Executing VM operation: G1CollectForAllocation done
Event: 127.841 Executing VM operation: G1CollectForAllocation
Event: 127.843 Executing VM operation: G1CollectForAllocation done
Event: 127.897 Executing VM operation: G1CollectForAllocation

Events (20 events):
Event: 0.205 Thread 0x000001957efa15b0 Thread added: 0x000001957efa15b0
Event: 1.081 Thread 0x000001957eeedc90 Thread exited: 0x000001957eeedc90
Event: 1.112 Thread 0x000001957f01d9e0 Thread added: 0x000001957f01d9e0
Event: 6.132 Thread 0x000001957f01d9e0 Thread exited: 0x000001957f01d9e0
Event: 16.557 Thread 0x000001957ed603c0 Thread added: 0x000001957ed603c0
Event: 16.603 Thread 0x000001957f0a6710 Thread added: 0x000001957f0a6710
Event: 17.612 Thread 0x000001957f0a6710 Thread exited: 0x000001957f0a6710
Event: 17.735 Thread 0x00000195132172f0 Thread added: 0x00000195132172f0
Event: 17.810 Thread 0x0000019513561010 Thread added: 0x0000019513561010
Event: 18.943 Thread 0x00000195140b8990 Thread added: 0x00000195140b8990
Event: 19.350 Thread 0x00000195138e5050 Thread added: 0x00000195138e5050
Event: 25.911 Thread 0x00000195140b8990 Thread exited: 0x00000195140b8990
Event: 31.021 Thread 0x00000195132172f0 Thread exited: 0x00000195132172f0
Event: 63.652 Thread 0x000001957ed128a0 Thread added: 0x000001957ed128a0
Event: 64.251 Thread 0x000001957ed128a0 Thread exited: 0x000001957ed128a0
Event: 98.504 Thread 0x000001957f1c1360 Thread added: 0x000001957f1c1360
Event: 98.511 Thread 0x000001957f1c1e80 Thread added: 0x000001957f1c1e80
Event: 98.573 Thread 0x00000195138e55a0 Thread added: 0x00000195138e55a0
Event: 103.899 Thread 0x000001957f1c1e80 Thread exited: 0x000001957f1c1e80
Event: 108.910 Thread 0x000001957f1c1360 Thread exited: 0x000001957f1c1360


Dynamic libraries:
0x00007ff726200000 - 0x00007ff726210000 	D:\JDK\jdk-19\bin\java.exe
0x00007ffe7e4b0000 - 0x00007ffe7e6a8000 	C:\WINDOWS\SYSTEM32\ntdll.dll
0x00007ffe75fa0000 - 0x00007ffe75fb9000 	C:\Program Files\Avast Software\Avast\aswhook.dll
0x00007ffe7daf0000 - 0x00007ffe7dbad000 	C:\WINDOWS\System32\KERNEL32.DLL
0x00007ffe7bbc0000 - 0x00007ffe7beb6000 	C:\WINDOWS\System32\KERNELBASE.dll
0x00007ffe7c2b0000 - 0x00007ffe7c3b0000 	C:\WINDOWS\System32\ucrtbase.dll
0x00007ffe33420000 - 0x00007ffe33438000 	D:\JDK\jdk-19\bin\jli.dll
0x00007ffe33c90000 - 0x00007ffe33cab000 	D:\JDK\jdk-19\bin\VCRUNTIME140.dll
0x00007ffe7dd10000 - 0x00007ffe7ddbf000 	C:\WINDOWS\System32\ADVAPI32.dll
0x00007ffe7e3d0000 - 0x00007ffe7e46e000 	C:\WINDOWS\System32\msvcrt.dll
0x00007ffe7dc40000 - 0x00007ffe7dcdc000 	C:\WINDOWS\System32\sechost.dll
0x00007ffe7ddd0000 - 0x00007ffe7def6000 	C:\WINDOWS\System32\RPCRT4.dll
0x00007ffe7d720000 - 0x00007ffe7d8be000 	C:\WINDOWS\System32\USER32.dll
0x00007ffe7bb90000 - 0x00007ffe7bbb2000 	C:\WINDOWS\System32\win32u.dll
0x00007ffe7dce0000 - 0x00007ffe7dd0c000 	C:\WINDOWS\System32\GDI32.dll
0x00007ffe7c0f0000 - 0x00007ffe7c20a000 	C:\WINDOWS\System32\gdi32full.dll
0x00007ffe71190000 - 0x00007ffe7142a000 	C:\WINDOWS\WinSxS\amd64_microsoft.windows.common-controls_6595b64144ccf1df_6.0.19041.3636_none_60b6a03d71f818d5\COMCTL32.dll
0x00007ffe7c050000 - 0x00007ffe7c0ed000 	C:\WINDOWS\System32\msvcp_win.dll
0x00007ffe734c0000 - 0x00007ffe734ca000 	C:\WINDOWS\SYSTEM32\VERSION.dll
0x00007ffe7cd40000 - 0x00007ffe7cd70000 	C:\WINDOWS\System32\IMM32.DLL
0x00007ffe4eee0000 - 0x00007ffe4eeec000 	D:\JDK\jdk-19\bin\vcruntime140_1.dll
0x00007ffe06fe0000 - 0x00007ffe0706e000 	D:\JDK\jdk-19\bin\msvcp140.dll
0x00007ffddf2c0000 - 0x00007ffddff80000 	D:\JDK\jdk-19\bin\server\jvm.dll
0x00007ffe64fa0000 - 0x00007ffe64fa9000 	C:\WINDOWS\SYSTEM32\WSOCK32.dll
0x00007ffe71670000 - 0x00007ffe71697000 	C:\WINDOWS\SYSTEM32\WINMM.dll
0x00007ffe7da80000 - 0x00007ffe7daeb000 	C:\WINDOWS\System32\WS2_32.dll
0x00007ffe7a3e0000 - 0x00007ffe7a3f2000 	C:\WINDOWS\SYSTEM32\kernel.appcore.dll
0x00007ffe4db60000 - 0x00007ffe4db6a000 	D:\JDK\jdk-19\bin\jimage.dll
0x00007ffe6ff00000 - 0x00007ffe700e4000 	C:\WINDOWS\SYSTEM32\DBGHELP.DLL
0x00007ffe6fdf0000 - 0x00007ffe6fe24000 	C:\WINDOWS\SYSTEM32\dbgcore.DLL
0x00007ffe7bf70000 - 0x00007ffe7bff2000 	C:\WINDOWS\System32\bcryptPrimitives.dll
0x00007ffe3d520000 - 0x00007ffe3d52e000 	D:\JDK\jdk-19\bin\instrument.dll
0x00007ffe333f0000 - 0x00007ffe33416000 	D:\JDK\jdk-19\bin\java.dll
0x00007ffdef690000 - 0x00007ffdef767000 	D:\JDK\jdk-19\bin\jsvml.dll
0x00007ffe7cfd0000 - 0x00007ffe7d714000 	C:\WINDOWS\System32\SHELL32.dll
0x00007ffe79ac0000 - 0x00007ffe7a25b000 	C:\WINDOWS\SYSTEM32\windows.storage.dll
0x00007ffe7c510000 - 0x00007ffe7c864000 	C:\WINDOWS\System32\combase.dll
0x00007ffe7b500000 - 0x00007ffe7b52d000 	C:\WINDOWS\SYSTEM32\Wldp.dll
0x00007ffe7cf20000 - 0x00007ffe7cfcd000 	C:\WINDOWS\System32\SHCORE.dll
0x00007ffe7cb60000 - 0x00007ffe7cbb5000 	C:\WINDOWS\System32\shlwapi.dll
0x00007ffe7bac0000 - 0x00007ffe7bae5000 	C:\WINDOWS\SYSTEM32\profapi.dll
0x00007ffe32450000 - 0x00007ffe32468000 	D:\JDK\jdk-19\bin\zip.dll
0x00007ffe32ab0000 - 0x00007ffe32ac3000 	D:\JDK\jdk-19\bin\net.dll
0x00007ffe6fb50000 - 0x00007ffe6fc5a000 	C:\WINDOWS\SYSTEM32\WINHTTP.dll
0x00007ffe7b260000 - 0x00007ffe7b2ca000 	C:\WINDOWS\system32\mswsock.dll
0x00007ffe32a90000 - 0x00007ffe32aa6000 	D:\JDK\jdk-19\bin\nio.dll
0x00007ffe3d500000 - 0x00007ffe3d51a000 	D:\JDK\JetBrains IntelliJ IDEA Ultimate 2022.2\IntelliJ IDEA 2022.2\bin\breakgen64.dll
0x00007ffe4ab80000 - 0x00007ffe4ab88000 	D:\JDK\jdk-19\bin\extnet.dll
0x00007ffe7af90000 - 0x00007ffe7b05a000 	C:\WINDOWS\SYSTEM32\DNSAPI.dll
0x00007ffe7af50000 - 0x00007ffe7af8b000 	C:\WINDOWS\SYSTEM32\IPHLPAPI.DLL
0x00007ffe7da70000 - 0x00007ffe7da78000 	C:\WINDOWS\System32\NSI.dll
0x00007ffe666a0000 - 0x00007ffe666aa000 	C:\Windows\System32\rasadhlp.dll
0x00007ffe66e20000 - 0x00007ffe66ea0000 	C:\WINDOWS\System32\fwpuclnt.dll
0x00007ffe7c280000 - 0x00007ffe7c2a7000 	C:\WINDOWS\System32\bcrypt.dll
0x00007ffe39e50000 - 0x00007ffe39e5e000 	D:\JDK\jdk-19\bin\sunmscapi.dll
0x00007ffe7c3b0000 - 0x00007ffe7c50d000 	C:\WINDOWS\System32\CRYPT32.dll
0x00007ffe7b570000 - 0x00007ffe7b597000 	C:\WINDOWS\SYSTEM32\ncrypt.dll
0x00007ffe7b530000 - 0x00007ffe7b56b000 	C:\WINDOWS\SYSTEM32\NTASN1.dll
0x00007ffe7b450000 - 0x00007ffe7b468000 	C:\WINDOWS\SYSTEM32\CRYPTSP.dll
0x00007ffe7ab90000 - 0x00007ffe7abc4000 	C:\WINDOWS\system32\rsaenh.dll
0x00007ffe7ba80000 - 0x00007ffe7baae000 	C:\WINDOWS\SYSTEM32\USERENV.dll
0x00007ffe7b470000 - 0x00007ffe7b47c000 	C:\WINDOWS\SYSTEM32\CRYPTBASE.dll
0x00007ffe71990000 - 0x00007ffe719a7000 	C:\WINDOWS\SYSTEM32\dhcpcsvc6.DLL
0x00007ffe72a40000 - 0x00007ffe72a5d000 	C:\WINDOWS\SYSTEM32\dhcpcsvc.DLL
0x00007ffe3f250000 - 0x00007ffe3f260000 	D:\JDK\jdk-19\bin\verify.dll
0x00007ffde1380000 - 0x00007ffde1511000 	D:\JDK\jdk-19\bin\awt.dll
0x00007ffe7c8d0000 - 0x00007ffe7c99d000 	C:\WINDOWS\System32\OLEAUT32.dll
0x00007ffe79050000 - 0x00007ffe790e0000 	C:\WINDOWS\SYSTEM32\apphelp.dll

dbghelp: loaded successfully - version: 4.0.5 - missing functions: none
symbol engine: initialized successfully - sym options: 0x614 - pdb path: .;D:\JDK\jdk-19\bin;C:\WINDOWS\SYSTEM32;C:\Program Files\Avast Software\Avast;C:\WINDOWS\WinSxS\amd64_microsoft.windows.common-controls_6595b64144ccf1df_6.0.19041.3636_none_60b6a03d71f818d5;D:\JDK\jdk-19\bin\server;D:\JDK\JetBrains IntelliJ IDEA Ultimate 2022.2\IntelliJ IDEA 2022.2\bin

VM Arguments:
jvm_args: -javaagent:D:\JDK\JetBrains IntelliJ IDEA Ultimate 2022.2\IntelliJ IDEA 2022.2\lib\idea_rt.jar=50769:D:\JDK\JetBrains IntelliJ IDEA Ultimate 2022.2\IntelliJ IDEA 2022.2\bin -Dfile.encoding=windows-1251 
java_command: practise.MainServer
java_class_path (initial): D:\FCP\SEM7\CURS\Project\Server\target\classes;C:\Users\Notebook\.m2\repository\mysql\mysql-connector-java\8.0.25\mysql-connector-java-8.0.25.jar;C:\Users\Notebook\.m2\repository\com\google\protobuf\protobuf-java\3.11.4\protobuf-java-3.11.4.jar;C:\Users\Notebook\.m2\repository\jakarta\inject\jakarta.inject-api\2.0.0\jakarta.inject-api-2.0.0.jar;C:\Users\Notebook\.m2\repository\org\hibernate\orm\hibernate-core\6.0.0.Final\hibernate-core-6.0.0.Final.jar;C:\Users\Notebook\.m2\repository\jakarta\persistence\jakarta.persistence-api\3.0.0\jakarta.persistence-api-3.0.0.jar;C:\Users\Notebook\.m2\repository\jakarta\transaction\jakarta.transaction-api\2.0.0\jakarta.transaction-api-2.0.0.jar;C:\Users\Notebook\.m2\repository\org\jboss\logging\jboss-logging\3.4.3.Final\jboss-logging-3.4.3.Final.jar;C:\Users\Notebook\.m2\repository\org\jboss\jandex\2.4.2.Final\jandex-2.4.2.Final.jar;C:\Users\Notebook\.m2\repository\com\fasterxml\classmate\1.5.1\classmate-1.5.1.jar;C:\Users\Notebook\.m2\repository\org\hibernate\common\hibernate-commons-annotations\6.0.0.CR1\hibernate-commons-annotations-6.0.0.CR1.jar;C:\Users\Notebook\.m2\repository\net\bytebuddy\byte-buddy\1.12.8\byte-buddy-1.12.8.jar;C:\Users\Notebook\.m2\repository\jakarta\activation\jakarta.activation-api\2.0.1\jakarta.activation-api-2.0.1.jar;C:\Users\Notebook\.m2\repository\jakarta\xml\bind\jakarta.xml.bind-api\3.0.1\jakarta.xml.bind-api-3.0.1.jar;C:\Users\Notebook\.m2\repository\org\antlr\antlr4-runtime\4.9.1\antlr4-runtime-4.9.1.jar;C:\Users\Notebook\.m2\repository\org\glassfish\jaxb\jaxb-runtime\3.0.2\jaxb-runtime-3.0.2.jar;C:\Users\Notebook\.m2\repository\com\sun\activation\jakarta.activation\2.0.1\jakarta.activation-2.0.1.jar;C:\Users\Notebook\.m2\repository\org\glassfish\jaxb\jaxb-core\3.0.2\jaxb-core-3.0.2.jar;C:\Users\Notebook\.m2\repository\org\glassfish\jaxb\txw2\3.0.2\txw2-3.0.2.jar;C:\Users\Notebook\.m2\repository\com\sun\istack\istack-commons-runtime\4.0.1\istack-commons-runtime-4.0.1.jar;D:\FCP\SEM7\CURS\Project\DataLib\target\classes
Launcher Type: SUN_STANDARD

[Global flags]
     intx CICompilerCount                          = 4                                         {product} {ergonomic}
     uint ConcGCThreads                            = 2                                         {product} {ergonomic}
     uint G1ConcRefinementThreads                  = 8                                         {product} {ergonomic}
   size_t G1HeapRegionSize                         = 2097152                                   {product} {ergonomic}
    uintx GCDrainStackTargetSize                   = 64                                        {product} {ergonomic}
   size_t InitialHeapSize                          = 266338304                                 {product} {ergonomic}
   size_t MarkStackSize                            = 4194304                                   {product} {ergonomic}
   size_t MaxHeapSize                              = 4244635648                                {product} {ergonomic}
   size_t MaxNewSize                               = 2545942528                                {product} {ergonomic}
   size_t MinHeapDeltaBytes                        = 2097152                                   {product} {ergonomic}
   size_t MinHeapSize                              = 8388608                                   {product} {ergonomic}
    uintx NonNMethodCodeHeapSize                   = 5839372                                {pd product} {ergonomic}
    uintx NonProfiledCodeHeapSize                  = 122909434                              {pd product} {ergonomic}
    uintx ProfiledCodeHeapSize                     = 122909434                              {pd product} {ergonomic}
    uintx ReservedCodeCacheSize                    = 251658240                              {pd product} {ergonomic}
     bool SegmentedCodeCache                       = true                                      {product} {ergonomic}
   size_t SoftMaxHeapSize                          = 4244635648                             {manageable} {ergonomic}
     bool UseCompressedClassPointers               = true                           {product lp64_product} {ergonomic}
     bool UseCompressedOops                        = true                           {product lp64_product} {ergonomic}
     bool UseG1GC                                  = true                                      {product} {ergonomic}
     bool UseLargePagesIndividualAllocation        = false                                  {pd product} {ergonomic}

Logging:
Log output configuration:
 #0: stdout all=warning uptime,level,tags foldmultilines=false
 #1: stderr all=off uptime,level,tags foldmultilines=false

Environment Variables:
JAVA_HOME=C:\Program Files\Java\jdk-20
CLASSPATH=C:\Program Files\Java\jdk-20\lib;C:\Program Files\Java\jdk-20\jre\lib;
PATH=C:\Program Files\Microsoft MPI\Bin\;D:\AVR ToolChain\WinAVR\bin;D:\AVR ToolChain\WinAVR\utils\bin;D:\Proteus&Eclipse\MMVP\4.6 2012q4\bin;C:\Program Files\Microsoft SQL Server\130\Tools\Binn\;C:\Program Files\Microsoft OLE DB Provider for DB2\System\;D:\JDK\maven\apache-maven-3.8.6\bin;D:\JDK\Git\cmd;D:\JDK\RationalRose\common;C:\Program Files\Java\jdk-20\bin;C:\Program Files (x86)\Microsoft SQL Server\150\Tools\Binn\;C:\Program Files\Microsoft SQL Server\150\Tools\Binn\;C:\Program Files (x86)\Microsoft SQL Server\150\DTS\Binn\;C:\Program Files\Microsoft SQL Server\150\DTS\Binn\;C:\Program Files\Azure Data Studio\bin;C:\Program Files\Microsoft SQL Server\90\Tools\binn\;d:\Microsoft SQL Server\BOL (x86)\90\Tools\binn\;d:\Microsoft SQL Server\BOL (x86)\90\DTS\Binn\;d:\Microsoft SQL Server\BOL (x86)\90\Tools\Binn\VSShell\Common7\IDE\;C:\Program Files (x86)\Microsoft Visual Studio 8\Common7\IDE\PrivateAssemblies\;C:\Program Files\Microsoft SQL Server\Client SDK\ODBC\170\Tools\Binn\;C:\Program Files\dotnet\;C:\Program Files\MySQL\MySQL Shell 8.0\bin\;C:\Users\Notebook\AppData\Local\Microsoft\WindowsApps;C:\Program Files\Azure Data Studio\bin;C:\Program Files\Java\jdk-20;D:\JDK\Apache Tomcat\apache-tomcat-8.1\lib;C:\Program Files\Java\jdk-20\bin;;C:\Program Files\Azure Data Studio\bin;C:\Users\Notebook\.dotnet\tools
USERNAME=Notebook
OS=Windows_NT
PROCESSOR_IDENTIFIER=AMD64 Family 23 Model 24 Stepping 1, AuthenticAMD
TMP=C:\Users\Notebook\AppData\Local\Temp
TEMP=C:\Users\Notebook\AppData\Local\Temp



---------------  S Y S T E M  ---------------

OS:
 Windows 10 , 64 bit Build 19041 (10.0.19041.3636)
OS uptime: 1 days 9:41 hours

CPU: total 8 (initial active 8) (8 cores per cpu, 2 threads per core) family 23 model 24 stepping 1 microcode 0x0, cx8, cmov, fxsr, ht, mmx, 3dnowpref, sse, sse2, sse3, ssse3, sse4a, sse4.1, sse4.2, popcnt, lzcnt, tsc, tscinvbit, avx, avx2, aes, clmul, bmi1, bmi2, adx, sha, fma, vzeroupper, clflush, clflushopt, rdtscp

Memory: 4k page, system-wide physical 16189M (5657M free)
TotalPageFile size 18237M (AvailPageFile size 69M)
current process WorkingSet (physical memory assigned to process): 659M, peak: 659M
current process commit charge ("private bytes"): 717M, peak: 1265M

vm_info: Java HotSpot(TM) 64-Bit Server VM (19+36-2238) for windows-amd64 JRE (19+36-2238), built on 2022-08-12T20:29:01Z by "mach5one" with MS VC++ 17.1 (VS2022)

END.
