#
# There is insufficient memory for the Java Runtime Environment to continue.
# Native memory allocation (mmap) failed to map 2097152 bytes for G1 virtual space
# Possible reasons:
#   The system is out of physical RAM or swap space
#   The process is running with CompressedOops enabled, and the Java Heap may be blocking the growth of the native heap
# Possible solutions:
#   Reduce memory load on the system
#   Increase physical memory or swap space
#   Check if swap backing store is full
#   Decrease Java heap size (-Xmx/-Xms)
#   Decrease number of Java threads
#   Decrease Java thread stack sizes (-Xss)
#   Set larger code cache with -XX:ReservedCodeCacheSize=
#   JVM is running with Zero Based Compressed Oops mode in which the Java heap is
#     placed in the first 32GB address space. The Java Heap base address is the
#     maximum limit for the native heap growth. Please use -XX:HeapBaseMinAddress
#     to set the Java Heap base and to place the Java Heap above 32GB virtual address.
# This output file may be truncated or incomplete.
#
#  Out of Memory Error (os_windows.cpp:3527), pid=8948, tid=3628
#
# JRE version: Java(TM) SE Runtime Environment (19.0+36) (build 19+36-2238)
# Java VM: Java HotSpot(TM) 64-Bit Server VM (19+36-2238, mixed mode, sharing, tiered, compressed oops, compressed class ptrs, g1 gc, windows-amd64)
# No core dump will be written. Minidumps are not enabled by default on client versions of Windows
#

---------------  S U M M A R Y ------------

Command Line: -javaagent:D:\JDK\JetBrains IntelliJ IDEA Ultimate 2022.2\IntelliJ IDEA 2022.2\lib\idea_rt.jar=50735:D:\JDK\JetBrains IntelliJ IDEA Ultimate 2022.2\IntelliJ IDEA 2022.2\bin -Dfile.encoding=windows-1251 practise.MainServer

Host: AMD Ryzen 7 3750H with Radeon Vega Mobile Gfx  , 8 cores, 15G,  Windows 10 , 64 bit Build 19041 (10.0.19041.3636)
Time: Sun Nov 26 22:02:14 2023  Windows 10 , 64 bit Build 19041 (10.0.19041.3636) elapsed time: 201.583451 seconds (0d 0h 3m 21s)

---------------  T H R E A D  ---------------

Current thread (0x000002007ebc3470):  JavaThread "Thread-0" [_thread_in_vm, id=3628, stack(0x000000a12b500000,0x000000a12b600000)]

Stack: [0x000000a12b500000,0x000000a12b600000]
Native frames: (J=compiled Java code, j=interpreted, Vv=VM code, C=native code)
V  [jvm.dll+0x6ee8fa]
V  [jvm.dll+0x857a1e]
V  [jvm.dll+0x85940e]
V  [jvm.dll+0x859ac3]
V  [jvm.dll+0x28291f]
V  [jvm.dll+0x6eb6e9]
V  [jvm.dll+0x6e028a]
V  [jvm.dll+0x357136]
V  [jvm.dll+0x35eb96]
V  [jvm.dll+0x3b524b]
V  [jvm.dll+0x3b5874]
V  [jvm.dll+0x3b5426]
V  [jvm.dll+0x32cb34]
V  [jvm.dll+0x32ac26]
V  [jvm.dll+0x681ed3]
V  [jvm.dll+0x243ca2]
V  [jvm.dll+0x81e637]
V  [jvm.dll+0x749359]
C  0x00000200687026a9

Java frames: (J=compiled Java code, j=interpreted, Vv=VM code)
v  ~RuntimeStub::_new_array_nozero_Java 0x00000200687026a9
J 2149 c2 java.lang.StringBuilder.toString()Ljava/lang/String; java.base@19 (9 bytes) @ 0x0000020068c67818 [0x0000020068c67440+0x00000000000003d8]
j  practise.MiniServer.run()V+133
v  ~StubRoutines::call_stub 0x00000200685f100e
--------------------------------------------------------------------------------
Decoding CodeBlob, name: _new_array_nozero_Java, at  [0x0000020068702680, 0x00000200687026e8]  104 bytes
[MachCode]
  0x0000020068702680: 4881 ec28 | 0000 0048 | 896c 2420 | 4989 a7c0 | 0200 0048 | 8bca 418b | d04d 8bc7 | 49ba 1093 
  0x00000200687026a0: a0df fd7f | 0000 41ff | d24d 89a7 | c002 0000 | 4d89 a7c8 | 0200 0049 | 8b87 1803 | 0000 4d89 
  0x00000200687026c0: a718 0300 | 004d 3b67 | 0875 0648 | 83c4 205d | c333 db49 | ba00 0f5f | 6800 0200 | 0048 83c4 
  0x00000200687026e0: 205d 41ff | e2f4 f4f4 
[/MachCode]
--------------------------------------------------------------------------------


Compiled method (c2)  201612 2149       4       java.lang.StringBuilder::toString (9 bytes)
 total in heap  [0x0000020068c67290,0x0000020068c67cf0] = 2656
 relocation     [0x0000020068c673f0,0x0000020068c67438] = 72
 main code      [0x0000020068c67440,0x0000020068c67aa0] = 1632
 stub code      [0x0000020068c67aa0,0x0000020068c67ad8] = 56
 metadata       [0x0000020068c67ad8,0x0000020068c67b08] = 48
 scopes data    [0x0000020068c67b08,0x0000020068c67be8] = 224
 scopes pcs     [0x0000020068c67be8,0x0000020068c67c78] = 144
 dependencies   [0x0000020068c67c78,0x0000020068c67c80] = 8
 handler table  [0x0000020068c67c80,0x0000020068c67ce0] = 96
 nul chk table  [0x0000020068c67ce0,0x0000020068c67cf0] = 16

[Constant Pool (empty)]

[MachCode]
[Entry Point]
  # {method} {0x000000080005bd80} 'toString' '()Ljava/lang/String;' in 'java/lang/StringBuilder'
  #           [sp+0x70]  (sp of caller)
  0x0000020068c67440: 448b 5208 | 49bb 0000 | 0000 0800 | 0000 4d03 | d349 3bc2 

  0x0000020068c67454: ;   {runtime_call ic_miss_stub}
  0x0000020068c67454: 0f85 26a3 | 9eff 6690 | 0f1f 4000 
[Verified Entry Point]
  0x0000020068c67460: 8984 2400 | 90ff ff55 | 4883 ec60 | 488b ea4d | 8b9f f800 | 0000 4d8b | d349 83c2 | 184d 3b97 
  0x0000020068c67480: 0801 0000 | 0f83 3e03 | 0000 4d89 | 97f8 0000 | 0041 0f18 | 8200 0100 | 0049 c703 | 0100 0000 
  0x0000020068c674a0: ;   {metadata('java/lang/String')}
  0x0000020068c674a0: 41c7 4308 | a089 0000 | 4589 630c | 4d89 6310 | 4c89 5c24 | 4044 8b55 | 0c8b 4d14 | 807d 1000 
  0x0000020068c674c0: 0f85 2302 | 0000 4585 | d20f 8cf8 | 0400 0041 | 81fa 0000 | 1000 0f87 | 2704 0000 | 4d63 ca45 
  0x0000020068c674e0: 8b5c cc0c | 453b da41 | 8bea 410f | 4ceb 443b | dd0f 8280 | 0400 0044 | 3bd5 0f82 | 7704 0000 
  0x0000020068c67500: 4983 c117 | 4d8b c149 | 83e0 f841 | 81fa 0000 | 1000 0f87 | cc02 0000 | 498b 9ff8 | 0000 004c 
  0x0000020068c67520: 8bdb 4d03 | d84d 3b9f | 0801 0000 | 0f83 b202 | 0000 4d89 | 9ff8 0000 | 0041 0f18 | 8300 0100 
  0x0000020068c67540: 0048 c703 | 0100 0000 | 410f 1883 | 4001 0000 

  0x0000020068c67550: ;   {metadata({type array byte})}
  0x0000020068c67550: c743 08f0 | 2100 0044 | 8953 0c41 | 0f18 8380 | 0100 004c | 8bdb 4983 | c310 49c1 | e903 488b 
  0x0000020068c67570: f348 c1ee | 0385 ed0f | 848e 0300 | 0049 8d3c | cc49 8d54 | cc10 413b | ea7c 7849 | 83c0 f049 
  0x0000020068c67590: c1e8 0348 | 8bca 498b | d3c5 f877 | 49ba 6052 | 6368 0002 | 0000 41ff | d241 807f | 4000 7400 
  0x0000020068c675b0: 4c8b 5424 | 4041 8972 | 144c 8bd3 | 4c8b 5c24 | 404d 33d3 | 49c1 ea15 | 4d85 d274 | 1b49 c1eb 
  0x0000020068c675d0: 0949 b800 | 803c 6d00 | 0200 004d | 03c3 4180 | 3804 0f85 | b400 0000 | 488b 4424 | 40c5 f877 
  0x0000020068c675f0: 4883 c460 

  0x0000020068c675f4: ;   {poll_return}
  0x0000020068c675f4: 5d49 3ba7 | 7803 0000 | 0f87 7504 | 0000 c34c | 63c5 4d8b | d049 83c2 | 1049 8bca | 4883 e1f8 
  0x0000020068c67614: 488b fb48 | 03f9 49c1 | ea03 4d2b | ca49 8bc9 | 4833 c048 | 83f9 087f | 1048 ffc9 | 784f 4889 
  0x0000020068c67634: 04cf 48ff | c97d f7eb | 44c5 fdef | c0e9 0d00 | 0000 c5fe | 7f07 c5fe | 7f47 2048 | 83c7 4048 
  0x0000020068c67654: 83e9 087d | ed48 83c1 | 047c 0cc5 | fe7f 0748 | 83c7 2048 | 83e9 0448 | 83c1 047e | 1048 ffc9 
  0x0000020068c67674: c5f9 d607 | 4883 c708 | 48ff c97d | f348 8bca | 498b d3c5 | f877 49ba | c04b 6368 | 0002 0000 
  0x0000020068c67694: 41ff d2e9 | 0dff ffff | 4d8b 5748 | 4d8b 5f58 | f083 4424 | c000 4180 | 3800 0f84 | 34ff ffff 
  0x0000020068c676b4: 4588 204d | 85d2 751b | 498b c849 | 8bd7 c5f8 | 7749 ba90 | 1b5e dffd | 7f00 0041 | ffd2 e911 
  0x0000020068c676d4: ffff ff4f | 8944 13f8 | 4983 c2f8 | 4d89 5748 | e9ff feff | ff44 0fb6 | 4511 4c8b | d949 c1e3 
  0x0000020068c676f4: 0345 85c0 | 0f84 3f01 | 0000 4c89 | 5c24 2844 | 8954 2420 | 488b 6c24 | 4049 8bd3 | 4533 c045 
  0x0000020068c67714: 8bca 894c | 2424 6690 

  0x0000020068c6771c: ;   {static_call}
  0x0000020068c6771c: c5f8 77e8 

  0x0000020068c67720: ; ImmutableOopMap {rbp=Oop [36]=NarrowOop [40]=Oop [64]=Oop }
                      ;*invokestatic compress {reexecute=0 rethrow=0 return_oop=1}
                      ; - java.lang.String::<init>@58 (line 4530)
                      ; - java.lang.String::<init>@3 (line 1479)
                      ; - java.lang.StringBuilder::toString@5 (line 453)
  0x0000020068c67720: 5ca9 9eff | 488b d848 | 85c0 0f84 | 0301 0000 | 4180 7f40 | 000f 8559 | 0200 0044 | 8865 104c 
  0x0000020068c67740: 8bdb 49c1 | eb03 4489 | 5d14 4c8b | d34c 8bdd | 4d33 d349 | c1ea 154d | 85d2 0f84 | 88fe ffff 
  0x0000020068c67760: 49c1 eb09 | 49b8 0080 | 3c6d 0002 | 0000 4d03 | c341 8038 | 040f 846d | feff ff4d | 8b57 584d 
  0x0000020068c67780: 8b5f 48f0 | 8344 24c0 | 0041 8038 | 000f 8455 | feff ff45 | 8820 4d85 | db75 1b49 | 8bc8 498b 
  0x0000020068c677a0: d7c5 f877 | 49ba 901b | 5edf fd7f | 0000 41ff | d2e9 32fe | ffff 4f89 | 441a f849 | 83c3 f84d 
  0x0000020068c677c0: 895f 48e9 | 20fe ffff 

  0x0000020068c677c8: ;   {metadata('java/lang/String')}
  0x0000020068c677c8: 48ba a089 | 0000 0800 | 0000 6690 

  0x0000020068c677d4: ;   {runtime_call _new_instance_Java}
  0x0000020068c677d4: c5f8 77e8 

  0x0000020068c677d8: ; ImmutableOopMap {rbp=Oop }
                      ;*new {reexecute=0 rethrow=0 return_oop=1}
                      ; - java.lang.StringBuilder::toString@0 (line 453)
  0x0000020068c677d8: a4dc a9ff | 4c8b d8e9 | ccfc ffff | 894c 242c | 4c89 4424 | 384c 894c | 2430 4489 | 5424 2848 
  0x0000020068c677f8: ff74 2440 | 488f 4424 

  0x0000020068c67800: ;   {metadata({type array byte})}
  0x0000020068c67800: 2048 baf0 | 2100 0008 | 0000 0045 | 8bc2 6690 

  0x0000020068c67810: ;   {runtime_call _new_array_nozero_Java}
  0x0000020068c67810: c5f8 77e8 

  0x0000020068c67814: ; ImmutableOopMap {[32]=Oop [44]=NarrowOop [64]=Oop }
                      ;*newarray {reexecute=0 rethrow=0 return_oop=1}
                      ; - java.util.Arrays::copyOfRange@41 (line 3822)
                      ; - java.lang.String::<init>@32 (line 4526)
                      ; - java.lang.String::<init>@3 (line 1479)
                      ; - java.lang.StringBuilder::toString@5 (line 453)
  0x0000020068c67814: 68ae a9ff | 448b 5424 | 284c 8b4c | 2430 4c8b | 4424 3848 | 8bd8 8b4c | 242c e930 | fdff ff44 
  0x0000020068c67834: 8b54 2420 | 4c8b 5c24 | 284c 8b44 | 2440 41c6 | 4010 0141 | d1e2 498b | d345 33c0 | 458b ca48 
  0x0000020068c67854: 8b6c 2440 

  0x0000020068c67858: ;   {static_call}
  0x0000020068c67858: c5f8 77e8 

  0x0000020068c6785c: ; ImmutableOopMap {rbp=Oop [64]=Oop }
                      ;*invokestatic copyOfRange {reexecute=0 rethrow=0 return_oop=1}
                      ; - java.lang.String::<init>@92 (line 4538)
                      ; - java.lang.String::<init>@3 (line 1479)
                      ; - java.lang.StringBuilder::toString@5 (line 453)
  0x0000020068c6785c: 4076 f6ff | 488b d841 | 807f 4000 | 0f85 7a01 | 0000 4c8b | d54c 8bc3 | 4d8b d84d | 33da 4d8b 
  0x0000020068c6787c: c849 c1e9 | 0344 894d | 1449 c1eb | 154d 85db | 0f84 56fd | ffff 4d85 | c00f 844d | fdff ff49 
  0x0000020068c6789c: c1ea 0949 | b800 803c | 6d00 0200 | 004d 03c2 | 4180 3804 | 0f84 32fd | ffff 4d8b | 5758 4d8b 
  0x0000020068c678bc: 5f48 f083 | 4424 c000 | 4180 3800 | 0f84 1afd | ffff 4588 | 204d 85db | 751b 498b | c849 8bd7 
  0x0000020068c678dc: c5f8 7749 | ba90 1b5e | dffd 7f00 | 0041 ffd2 | e9f7 fcff | ff4f 8944 | 1af8 4983 | c3f8 4d89 
  0x0000020068c678fc: 5f48 e9e5 | fcff ff4d | 63ca e9d4 | fbff ff49 | 83c1 fe49 | 8bc9 498b | fb48 33c0 | 4883 f908 
  0x0000020068c6791c: 7f10 48ff | c978 4f48 | 8904 cf48 | ffc9 7df7 | eb44 c5fd | efc0 e90d | 0000 00c5 | fe7f 07c5 
  0x0000020068c6793c: fe7f 4720 | 4883 c740 | 4883 e908 | 7ded 4883 | c104 7c0c | c5fe 7f07 | 4883 c720 | 4883 e904 
  0x0000020068c6795c: 4883 c104 | 7e10 48ff | c9c5 f9d6 | 0748 83c7 | 0848 ffc9 | 7df3 e932 | fcff ffba | ccff ffff 
  0x0000020068c6797c: 488b 6c24 | 4044 8954 | 242c 894c | 2430 6690 

  0x0000020068c6798c: ;   {runtime_call UncommonTrapBlob}
  0x0000020068c6798c: c5f8 77e8 

  0x0000020068c67990: ; ImmutableOopMap {rbp=Oop [48]=NarrowOop }
                      ;*newarray {reexecute=1 rethrow=0 return_oop=0}
                      ; - (reexecute) java.util.Arrays::copyOfRange@41 (line 3822)
                      ; - java.lang.String::<init>@32 (line 4526)
                      ; - java.lang.String::<init>@3 (line 1479)
                      ; - java.lang.StringBuilder::toString@5 (line 453)
  0x0000020068c67990: 6cf3 9eff | 448b 5514 | 4585 d20f | 849a fdff | ff4d 8b5f | 2849 8bca | 48c1 e103 | 4d85 db74 
  0x0000020068c679b0: 6a4d 8b57 | 384b 894c | 1af8 4983 | c3f8 4d89 | 5f28 e974 | fdff ffba | 45ff ffff | 4c89 5c24 
  0x0000020068c679d0: 2044 8954 | 242c 4489 | 5424 3089 | 4c24 3490 

  0x0000020068c679e0: ;   {runtime_call UncommonTrapBlob}
  0x0000020068c679e0: c5f8 77e8 

  0x0000020068c679e4: ; ImmutableOopMap {[32]=Oop [52]=NarrowOop [64]=Oop }
                      ;*ifge {reexecute=1 rethrow=0 return_oop=0}
                      ; - (reexecute) java.util.Arrays::copyOfRange@5 (line 3820)
                      ; - java.lang.String::<init>@32 (line 4526)
                      ; - java.lang.String::<init>@3 (line 1479)
                      ; - java.lang.StringBuilder::toString@5 (line 453)
  0x0000020068c679e4: 18f3 9eff | 448b 5d14 | 4585 db0f | 8479 feff | ff4d 8b57 | 2849 8bcb | 48c1 e103 | 4d85 d274 
  0x0000020068c67a04: 2e4d 8b5f | 384b 894c | 13f8 4983 | c2f8 4d89 | 5728 e953 | feff ff49 | 8bd7 c5f8 | 7749 bab0 
  0x0000020068c67a24: 1b5e dffd | 7f00 0041 | ffd2 e908 | fdff ff49 | 8bd7 c5f8 | 7749 bab0 | 1b5e dffd | 7f00 0041 
  0x0000020068c67a44: ffd2 e923 | feff ffba | f6ff ffff 

  0x0000020068c67a50: ;   {runtime_call UncommonTrapBlob}
  0x0000020068c67a50: c5f8 77e8 

  0x0000020068c67a54: ; ImmutableOopMap {}
                      ;*arraylength {reexecute=0 rethrow=0 return_oop=0}
                      ; - java.util.Arrays::copyOfRange@51 (line 3823)
                      ; - java.lang.String::<init>@32 (line 4526)
                      ; - java.lang.String::<init>@3 (line 1479)
                      ; - java.lang.StringBuilder::toString@5 (line 453)
  0x0000020068c67a54: a8f2 9eff | 488b d0eb | 0d48 8bd0 | eb08 488b | d0eb 0348 | 8bd0 c5f8 | 7748 83c4 

  0x0000020068c67a70: ;   {runtime_call _rethrow_Java}
  0x0000020068c67a70: 605d e909 

  0x0000020068c67a74: ;   {internal_word}
  0x0000020068c67a74: eba9 ff49 | baf5 75c6 | 6800 0200 | 004d 8997 | 9003 0000 

  0x0000020068c67a88: ;   {runtime_call SafepointBlob}
  0x0000020068c67a88: e973 039f | fff4 f4f4 | f4f4 f4f4 | f4f4 f4f4 | f4f4 f4f4 | f4f4 f4f4 
[Stub Code]
  0x0000020068c67aa0: ;   {no_reloc}
  0x0000020068c67aa0: 48bb 0000 | 0000 0000 

  0x0000020068c67aa8: ;   {runtime_call}
  0x0000020068c67aa8: 0000 e9fb 

  0x0000020068c67aac: ;   {static_stub}
  0x0000020068c67aac: ffff ff48 | bb00 0000 | 0000 0000 

  0x0000020068c67ab8: ;   {runtime_call}
  0x0000020068c67ab8: 00e9 fbff 

  0x0000020068c67abc: ;   {runtime_call ExceptionBlob}
  0x0000020068c67abc: ffff e93d | 10a9 ffe8 | 0000 0000 | 4883 2c24 

  0x0000020068c67acc: ;   {runtime_call DeoptimizationBlob}
  0x0000020068c67acc: 05e9 cef5 | 9eff f4f4 | f4f4 f4f4 
[/MachCode]


---------------  P R O C E S S  ---------------

Threads class SMR info:
_java_thread_list=0x000002007dc2b2a0, length=16, elements={
0x000002005916a180, 0x000002007be35d70, 0x000002007be36b60, 0x000002007be39290,
0x000002007be3cce0, 0x000002007be3ddb0, 0x000002007be42a50, 0x000002007be46bf0,
0x000002007be4ad20, 0x000002007be58270, 0x000002007be0bb80, 0x000002007c8aa8d0,
0x000002007c8aae10, 0x000002007c93bcc0, 0x000002007d7aff50, 0x000002007ebc3470
}

Java Threads: ( => current thread )
  0x000002005916a180 JavaThread "main" [_thread_in_native, id=19840, stack(0x000000a129500000,0x000000a129600000)]
  0x000002007be35d70 JavaThread "Reference Handler" daemon [_thread_blocked, id=10876, stack(0x000000a129c00000,0x000000a129d00000)]
  0x000002007be36b60 JavaThread "Finalizer" daemon [_thread_blocked, id=20512, stack(0x000000a129d00000,0x000000a129e00000)]
  0x000002007be39290 JavaThread "Signal Dispatcher" daemon [_thread_blocked, id=22512, stack(0x000000a129e00000,0x000000a129f00000)]
  0x000002007be3cce0 JavaThread "Attach Listener" daemon [_thread_blocked, id=21964, stack(0x000000a129f00000,0x000000a12a000000)]
  0x000002007be3ddb0 JavaThread "Service Thread" daemon [_thread_blocked, id=17424, stack(0x000000a12a000000,0x000000a12a100000)]
  0x000002007be42a50 JavaThread "Monitor Deflation Thread" daemon [_thread_blocked, id=3552, stack(0x000000a12a100000,0x000000a12a200000)]
  0x000002007be46bf0 JavaThread "C2 CompilerThread0" daemon [_thread_blocked, id=7416, stack(0x000000a12a200000,0x000000a12a300000)]
  0x000002007be4ad20 JavaThread "C1 CompilerThread0" daemon [_thread_blocked, id=13360, stack(0x000000a12a300000,0x000000a12a400000)]
  0x000002007be58270 JavaThread "Sweeper thread" daemon [_thread_blocked, id=11108, stack(0x000000a12a400000,0x000000a12a500000)]
  0x000002007be0bb80 JavaThread "Common-Cleaner" daemon [_thread_blocked, id=21120, stack(0x000000a12a500000,0x000000a12a600000)]
  0x000002007c8aa8d0 JavaThread "Monitor Ctrl-Break" daemon [_thread_in_native, id=12540, stack(0x000000a12a600000,0x000000a12a700000)]
  0x000002007c8aae10 JavaThread "Notification Thread" daemon [_thread_blocked, id=6756, stack(0x000000a12a700000,0x000000a12a800000)]
  0x000002007c93bcc0 JavaThread "mysql-cj-abandoned-connection-cleanup" daemon [_thread_blocked, id=268, stack(0x000000a12a900000,0x000000a12aa00000)]
  0x000002007d7aff50 JavaThread "Hibernate Connection Pool Validation Thread" daemon [_thread_blocked, id=18480, stack(0x000000a12b200000,0x000000a12b300000)]
=>0x000002007ebc3470 JavaThread "Thread-0" [_thread_in_vm, id=3628, stack(0x000000a12b500000,0x000000a12b600000)]

Other Threads:
  0x000002007be1ba00 VMThread "VM Thread" [stack: 0x000000a129b00000,0x000000a129c00000] [id=20164]
  0x000002007c7b51e0 WatcherThread "VM Periodic Task Thread" [stack: 0x000000a12a800000,0x000000a12a900000] [id=20544]
  0x00000200591d9a50 WorkerThread "GC Thread#0" [stack: 0x000000a129600000,0x000000a129700000] [id=15328]
  0x000002007d5d1c70 WorkerThread "GC Thread#1" [stack: 0x000000a12ab00000,0x000000a12ac00000] [id=20192]
  0x000002007d5b4610 WorkerThread "GC Thread#2" [stack: 0x000000a12ac00000,0x000000a12ad00000] [id=8460]
  0x000002007d5b5c90 WorkerThread "GC Thread#3" [stack: 0x000000a12ad00000,0x000000a12ae00000] [id=4548]
  0x000002007d5b4070 WorkerThread "GC Thread#4" [stack: 0x000000a12ae00000,0x000000a12af00000] [id=9272]
  0x000002007d5b48e0 WorkerThread "GC Thread#5" [stack: 0x000000a12af00000,0x000000a12b000000] [id=7460]
  0x000002007d5b4bb0 WorkerThread "GC Thread#6" [stack: 0x000000a12b000000,0x000000a12b100000] [id=12332]
  0x000002007d5b4340 WorkerThread "GC Thread#7" [stack: 0x000000a12b100000,0x000000a12b200000] [id=1668]
  0x00000200591ea920 ConcurrentGCThread "G1 Main Marker" [stack: 0x000000a129700000,0x000000a129800000] [id=2756]
  0x00000200591ecb00 WorkerThread "G1 Conc#0" [stack: 0x000000a129800000,0x000000a129900000] [id=16176]
  0x000002007d5b59c0 WorkerThread "G1 Conc#1" [stack: 0x000000a12b300000,0x000000a12b400000] [id=2692]
  0x000002005922d5e0 ConcurrentGCThread "G1 Refine#0" [stack: 0x000000a129900000,0x000000a129a00000] [id=2760]
  0x000002005922e120 ConcurrentGCThread "G1 Service" [stack: 0x000000a129a00000,0x000000a129b00000] [id=5612]

Threads with active compile tasks:

VM state: not at safepoint (normal execution)

VM Mutex/Monitor currently owned by a thread:  ([mutex/lock_event])
[0x0000020059168610] Heap_lock - owner thread: 0x000002007ebc3470

Heap address: 0x0000000703000000, size: 4048 MB, Compressed Oops mode: Zero based, Oop shift amount: 3

CDS archive(s) mapped at: [0x0000000800000000-0x0000000800c40000-0x0000000800c40000), size 12845056, SharedBaseAddress: 0x0000000800000000, ArchiveRelocationMode: 0.
Compressed class space mapped at: 0x0000000801000000-0x0000000841000000, reserved size: 1073741824
Narrow klass base: 0x0000000800000000, Narrow klass shift: 0, Narrow klass range: 0x100000000

GC Precious Log:
 CardTable entry size: 512
 Card Set container configuration: InlinePtr #cards 4 size 8 Array Of Cards #cards 8 size 32 Howl #buckets 8 coarsen threshold 3686 Howl Bitmap #cards 512 size 80 coarsen threshold 460 Card regions per heap region 1 cards per card region 4096
 CPUs: 8 total, 8 available
 Memory: 16189M
 Large Page Support: Disabled
 NUMA Support: Disabled
 Compressed Oops: Enabled (Zero based)
 Heap Region Size: 2M
 Heap Min Capacity: 8M
 Heap Initial Capacity: 254M
 Heap Max Capacity: 4048M
 Pre-touch: Disabled
 Parallel Workers: 8
 Concurrent Workers: 2
 Concurrent Refinement Workers: 8
 Periodic GC: Disabled

Heap:
 garbage-first heap   total 389120K, used 375799K [0x0000000703000000, 0x0000000800000000)
  region size 2048K, 10 young (20480K), 1 survivors (2048K)
 Metaspace       used 40271K, committed 40640K, reserved 1114112K
  class space    used 5046K, committed 5248K, reserved 1048576K

Heap Regions: E=young(eden), S=young(survivor), O=old, HS=humongous(starts), HC=humongous(continues), CS=collection set, F=free, OA=open archive, CA=closed archive, TAMS=top-at-mark-start (previous, next)
|   0|0x0000000703000000, 0x0000000703200000, 0x0000000703200000|100%| O|  |TAMS 0x0000000703200000, 0x0000000703000000| Untracked 
|   1|0x0000000703200000, 0x0000000703400000, 0x0000000703400000|100%| O|  |TAMS 0x0000000703400000, 0x0000000703200000| Untracked 
|   2|0x0000000703400000, 0x0000000703600000, 0x0000000703600000|100%| O|  |TAMS 0x0000000703600000, 0x0000000703400000| Untracked 
|   3|0x0000000703600000, 0x0000000703800000, 0x0000000703800000|100%| O|  |TAMS 0x0000000703800000, 0x0000000703600000| Untracked 
|   4|0x0000000703800000, 0x0000000703a00000, 0x0000000703a00000|100%| O|  |TAMS 0x0000000703a00000, 0x0000000703800000| Untracked 
|   5|0x0000000703a00000, 0x0000000703c00000, 0x0000000703c00000|100%| O|  |TAMS 0x0000000703c00000, 0x0000000703a00000| Untracked 
|   6|0x0000000703c00000, 0x0000000703e00000, 0x0000000703e00000|100%| O|  |TAMS 0x0000000703e00000, 0x0000000703c00000| Untracked 
|   7|0x0000000703e00000, 0x0000000703e97c00, 0x0000000704000000| 29%| O|  |TAMS 0x0000000703e97c00, 0x0000000703e00000| Untracked 
|   8|0x0000000704000000, 0x0000000704000000, 0x0000000704200000|  0%| F|  |TAMS 0x0000000704000000, 0x0000000704000000| Untracked 
|   9|0x0000000704200000, 0x0000000704200000, 0x0000000704400000|  0%| F|  |TAMS 0x0000000704200000, 0x0000000704200000| Untracked 
|  10|0x0000000704400000, 0x0000000704600000, 0x0000000704600000|100%| O|  |TAMS 0x0000000704600000, 0x0000000704400000| Complete 
|  11|0x0000000704600000, 0x0000000704800000, 0x0000000704800000|100%|HS|  |TAMS 0x0000000704600000, 0x0000000704600000| Complete 
|  12|0x0000000704800000, 0x0000000704a00000, 0x0000000704a00000|100%|HC|  |TAMS 0x0000000704800000, 0x0000000704800000| Complete 
|  13|0x0000000704a00000, 0x0000000704c00000, 0x0000000704c00000|100%|HC|  |TAMS 0x0000000704a00000, 0x0000000704a00000| Complete 
|  14|0x0000000704c00000, 0x0000000704e00000, 0x0000000704e00000|100%|HC|  |TAMS 0x0000000704c00000, 0x0000000704c00000| Complete 
|  15|0x0000000704e00000, 0x0000000705000000, 0x0000000705000000|100%|HC|  |TAMS 0x0000000704e00000, 0x0000000704e00000| Complete 
|  16|0x0000000705000000, 0x0000000705200000, 0x0000000705200000|100%|HC|  |TAMS 0x0000000705000000, 0x0000000705000000| Complete 
|  17|0x0000000705200000, 0x0000000705400000, 0x0000000705400000|100%| O|  |TAMS 0x0000000705400000, 0x0000000705200000| Untracked 
|  18|0x0000000705400000, 0x0000000705600000, 0x0000000705600000|100%|HS|  |TAMS 0x0000000705400000, 0x0000000705400000| Complete 
|  19|0x0000000705600000, 0x0000000705800000, 0x0000000705800000|100%|HC|  |TAMS 0x0000000705600000, 0x0000000705600000| Complete 
|  20|0x0000000705800000, 0x0000000705a00000, 0x0000000705a00000|100%|HC|  |TAMS 0x0000000705800000, 0x0000000705800000| Complete 
|  21|0x0000000705a00000, 0x0000000705c00000, 0x0000000705c00000|100%|HC|  |TAMS 0x0000000705a00000, 0x0000000705a00000| Complete 
|  22|0x0000000705c00000, 0x0000000705e00000, 0x0000000705e00000|100%|HC|  |TAMS 0x0000000705c00000, 0x0000000705c00000| Complete 
|  23|0x0000000705e00000, 0x0000000706000000, 0x0000000706000000|100%|HC|  |TAMS 0x0000000705e00000, 0x0000000705e00000| Complete 
|  24|0x0000000706000000, 0x0000000706200000, 0x0000000706200000|100%|HC|  |TAMS 0x0000000706000000, 0x0000000706000000| Complete 
|  25|0x0000000706200000, 0x0000000706400000, 0x0000000706400000|100%|HC|  |TAMS 0x0000000706200000, 0x0000000706200000| Complete 
|  26|0x0000000706400000, 0x0000000706600000, 0x0000000706600000|100%|HC|  |TAMS 0x0000000706400000, 0x0000000706400000| Complete 
|  27|0x0000000706600000, 0x0000000706800000, 0x0000000706800000|100%|HC|  |TAMS 0x0000000706600000, 0x0000000706600000| Complete 
|  28|0x0000000706800000, 0x0000000706a00000, 0x0000000706a00000|100%|HC|  |TAMS 0x0000000706800000, 0x0000000706800000| Complete 
|  29|0x0000000706a00000, 0x0000000706c00000, 0x0000000706c00000|100%|HS|  |TAMS 0x0000000706c00000, 0x0000000706a00000| Complete 
|  30|0x0000000706c00000, 0x0000000706e00000, 0x0000000706e00000|100%|HC|  |TAMS 0x0000000706e00000, 0x0000000706c00000| Complete 
|  31|0x0000000706e00000, 0x0000000707000000, 0x0000000707000000|100%|HC|  |TAMS 0x0000000707000000, 0x0000000706e00000| Complete 
|  32|0x0000000707000000, 0x0000000707200000, 0x0000000707200000|100%|HC|  |TAMS 0x0000000707200000, 0x0000000707000000| Complete 
|  33|0x0000000707200000, 0x0000000707400000, 0x0000000707400000|100%|HC|  |TAMS 0x0000000707400000, 0x0000000707200000| Complete 
|  34|0x0000000707400000, 0x0000000707600000, 0x0000000707600000|100%|HC|  |TAMS 0x0000000707600000, 0x0000000707400000| Complete 
|  35|0x0000000707600000, 0x0000000707800000, 0x0000000707800000|100%|HS|  |TAMS 0x0000000707600000, 0x0000000707600000| Complete 
|  36|0x0000000707800000, 0x0000000707a00000, 0x0000000707a00000|100%|HC|  |TAMS 0x0000000707800000, 0x0000000707800000| Complete 
|  37|0x0000000707a00000, 0x0000000707c00000, 0x0000000707c00000|100%|HC|  |TAMS 0x0000000707a00000, 0x0000000707a00000| Complete 
|  38|0x0000000707c00000, 0x0000000707e00000, 0x0000000707e00000|100%|HC|  |TAMS 0x0000000707c00000, 0x0000000707c00000| Complete 
|  39|0x0000000707e00000, 0x0000000708000000, 0x0000000708000000|100%|HC|  |TAMS 0x0000000707e00000, 0x0000000707e00000| Complete 
|  40|0x0000000708000000, 0x0000000708200000, 0x0000000708200000|100%|HC|  |TAMS 0x0000000708000000, 0x0000000708000000| Complete 
|  41|0x0000000708200000, 0x0000000708400000, 0x0000000708400000|100%|HS|  |TAMS 0x0000000708200000, 0x0000000708200000| Complete 
|  42|0x0000000708400000, 0x0000000708600000, 0x0000000708600000|100%|HC|  |TAMS 0x0000000708400000, 0x0000000708400000| Complete 
|  43|0x0000000708600000, 0x0000000708800000, 0x0000000708800000|100%|HC|  |TAMS 0x0000000708600000, 0x0000000708600000| Complete 
|  44|0x0000000708800000, 0x0000000708a00000, 0x0000000708a00000|100%|HC|  |TAMS 0x0000000708800000, 0x0000000708800000| Complete 
|  45|0x0000000708a00000, 0x0000000708c00000, 0x0000000708c00000|100%|HC|  |TAMS 0x0000000708a00000, 0x0000000708a00000| Complete 
|  46|0x0000000708c00000, 0x0000000708e00000, 0x0000000708e00000|100%|HC|  |TAMS 0x0000000708c00000, 0x0000000708c00000| Complete 
|  47|0x0000000708e00000, 0x0000000709000000, 0x0000000709000000|100%|HS|  |TAMS 0x0000000708e00000, 0x0000000708e00000| Complete 
|  48|0x0000000709000000, 0x0000000709200000, 0x0000000709200000|100%|HC|  |TAMS 0x0000000709000000, 0x0000000709000000| Complete 
|  49|0x0000000709200000, 0x0000000709400000, 0x0000000709400000|100%|HC|  |TAMS 0x0000000709200000, 0x0000000709200000| Complete 
|  50|0x0000000709400000, 0x0000000709600000, 0x0000000709600000|100%|HC|  |TAMS 0x0000000709400000, 0x0000000709400000| Complete 
|  51|0x0000000709600000, 0x0000000709800000, 0x0000000709800000|100%|HC|  |TAMS 0x0000000709600000, 0x0000000709600000| Complete 
|  52|0x0000000709800000, 0x0000000709a00000, 0x0000000709a00000|100%|HC|  |TAMS 0x0000000709800000, 0x0000000709800000| Complete 
|  53|0x0000000709a00000, 0x0000000709c00000, 0x0000000709c00000|100%|HC|  |TAMS 0x0000000709a00000, 0x0000000709a00000| Complete 
|  54|0x0000000709c00000, 0x0000000709e00000, 0x0000000709e00000|100%|HC|  |TAMS 0x0000000709c00000, 0x0000000709c00000| Complete 
|  55|0x0000000709e00000, 0x000000070a000000, 0x000000070a000000|100%|HC|  |TAMS 0x0000000709e00000, 0x0000000709e00000| Complete 
|  56|0x000000070a000000, 0x000000070a200000, 0x000000070a200000|100%|HC|  |TAMS 0x000000070a000000, 0x000000070a000000| Complete 
|  57|0x000000070a200000, 0x000000070a400000, 0x000000070a400000|100%|HC|  |TAMS 0x000000070a200000, 0x000000070a200000| Complete 
|  58|0x000000070a400000, 0x000000070a600000, 0x000000070a600000|100%|HC|  |TAMS 0x000000070a400000, 0x000000070a400000| Complete 
|  59|0x000000070a600000, 0x000000070a800000, 0x000000070a800000|100%|HS|  |TAMS 0x000000070a600000, 0x000000070a600000| Complete 
|  60|0x000000070a800000, 0x000000070aa00000, 0x000000070aa00000|100%|HC|  |TAMS 0x000000070a800000, 0x000000070a800000| Complete 
|  61|0x000000070aa00000, 0x000000070ac00000, 0x000000070ac00000|100%|HC|  |TAMS 0x000000070aa00000, 0x000000070aa00000| Complete 
|  62|0x000000070ac00000, 0x000000070ae00000, 0x000000070ae00000|100%|HC|  |TAMS 0x000000070ac00000, 0x000000070ac00000| Complete 
|  63|0x000000070ae00000, 0x000000070b000000, 0x000000070b000000|100%|HC|  |TAMS 0x000000070ae00000, 0x000000070ae00000| Complete 
|  64|0x000000070b000000, 0x000000070b200000, 0x000000070b200000|100%|HC|  |TAMS 0x000000070b000000, 0x000000070b000000| Complete 
|  65|0x000000070b200000, 0x000000070b400000, 0x000000070b400000|100%|HC|  |TAMS 0x000000070b200000, 0x000000070b200000| Complete 
|  66|0x000000070b400000, 0x000000070b600000, 0x000000070b600000|100%|HS|  |TAMS 0x000000070b400000, 0x000000070b400000| Complete 
|  67|0x000000070b600000, 0x000000070b800000, 0x000000070b800000|100%|HC|  |TAMS 0x000000070b600000, 0x000000070b600000| Complete 
|  68|0x000000070b800000, 0x000000070ba00000, 0x000000070ba00000|100%|HC|  |TAMS 0x000000070b800000, 0x000000070b800000| Complete 
|  69|0x000000070ba00000, 0x000000070bc00000, 0x000000070bc00000|100%|HC|  |TAMS 0x000000070ba00000, 0x000000070ba00000| Complete 
|  70|0x000000070bc00000, 0x000000070be00000, 0x000000070be00000|100%|HC|  |TAMS 0x000000070bc00000, 0x000000070bc00000| Complete 
|  71|0x000000070be00000, 0x000000070c000000, 0x000000070c000000|100%|HC|  |TAMS 0x000000070be00000, 0x000000070be00000| Complete 
|  72|0x000000070c000000, 0x000000070c200000, 0x000000070c200000|100%|HC|  |TAMS 0x000000070c000000, 0x000000070c000000| Complete 
|  73|0x000000070c200000, 0x000000070c200000, 0x000000070c400000|  0%| F|  |TAMS 0x000000070c200000, 0x000000070c200000| Untracked 
|  74|0x000000070c400000, 0x000000070c4f4250, 0x000000070c600000| 47%| E|  |TAMS 0x000000070c400000, 0x000000070c400000| Complete 
|  75|0x000000070c600000, 0x000000070c800000, 0x000000070c800000|100%| E|CS|TAMS 0x000000070c600000, 0x000000070c600000| Complete 
|  76|0x000000070c800000, 0x000000070ca00000, 0x000000070ca00000|100%| E|CS|TAMS 0x000000070c800000, 0x000000070c800000| Complete 
|  77|0x000000070ca00000, 0x000000070cc00000, 0x000000070cc00000|100%| E|CS|TAMS 0x000000070ca00000, 0x000000070ca00000| Complete 
|  78|0x000000070cc00000, 0x000000070ce00000, 0x000000070ce00000|100%| E|CS|TAMS 0x000000070cc00000, 0x000000070cc00000| Complete 
|  79|0x000000070ce00000, 0x000000070d000000, 0x000000070d000000|100%| E|CS|TAMS 0x000000070ce00000, 0x000000070ce00000| Complete 
|  80|0x000000070d000000, 0x000000070d200000, 0x000000070d200000|100%| E|CS|TAMS 0x000000070d000000, 0x000000070d000000| Complete 
|  81|0x000000070d200000, 0x000000070d381a80, 0x000000070d400000| 75%| E|  |TAMS 0x000000070d200000, 0x000000070d200000| Complete 
|  82|0x000000070d400000, 0x000000070d5f05a0, 0x000000070d600000| 96%| S|CS|TAMS 0x000000070d400000, 0x000000070d400000| Complete 
|  83|0x000000070d600000, 0x000000070d800000, 0x000000070d800000|100%|HS|  |TAMS 0x000000070d600000, 0x000000070d600000| Complete 
|  84|0x000000070d800000, 0x000000070da00000, 0x000000070da00000|100%|HC|  |TAMS 0x000000070d800000, 0x000000070d800000| Complete 
|  85|0x000000070da00000, 0x000000070dc00000, 0x000000070dc00000|100%|HC|  |TAMS 0x000000070da00000, 0x000000070da00000| Complete 
|  86|0x000000070dc00000, 0x000000070de00000, 0x000000070de00000|100%|HC|  |TAMS 0x000000070dc00000, 0x000000070dc00000| Complete 
|  87|0x000000070de00000, 0x000000070e000000, 0x000000070e000000|100%|HC|  |TAMS 0x000000070de00000, 0x000000070de00000| Complete 
|  88|0x000000070e000000, 0x000000070e200000, 0x000000070e200000|100%|HC|  |TAMS 0x000000070e000000, 0x000000070e000000| Complete 
|  89|0x000000070e200000, 0x000000070e400000, 0x000000070e400000|100%|HC|  |TAMS 0x000000070e200000, 0x000000070e200000| Complete 
|  90|0x000000070e400000, 0x000000070e600000, 0x000000070e600000|100%|HC|  |TAMS 0x000000070e400000, 0x000000070e400000| Complete 
|  91|0x000000070e600000, 0x000000070e800000, 0x000000070e800000|100%|HC|  |TAMS 0x000000070e600000, 0x000000070e600000| Complete 
|  92|0x000000070e800000, 0x000000070ea00000, 0x000000070ea00000|100%|HC|  |TAMS 0x000000070e800000, 0x000000070e800000| Complete 
|  93|0x000000070ea00000, 0x000000070ec00000, 0x000000070ec00000|100%|HC|  |TAMS 0x000000070ea00000, 0x000000070ea00000| Complete 
|  94|0x000000070ec00000, 0x000000070ee00000, 0x000000070ee00000|100%|HC|  |TAMS 0x000000070ec00000, 0x000000070ec00000| Complete 
|  95|0x000000070ee00000, 0x000000070f000000, 0x000000070f000000|100%|HC|  |TAMS 0x000000070ee00000, 0x000000070ee00000| Complete 
|  96|0x000000070f000000, 0x000000070f200000, 0x000000070f200000|100%|HS|  |TAMS 0x000000070f000000, 0x000000070f000000| Complete 
|  97|0x000000070f200000, 0x000000070f400000, 0x000000070f400000|100%|HC|  |TAMS 0x000000070f200000, 0x000000070f200000| Complete 
|  98|0x000000070f400000, 0x000000070f600000, 0x000000070f600000|100%|HC|  |TAMS 0x000000070f400000, 0x000000070f400000| Complete 
|  99|0x000000070f600000, 0x000000070f800000, 0x000000070f800000|100%|HC|  |TAMS 0x000000070f600000, 0x000000070f600000| Complete 
| 100|0x000000070f800000, 0x000000070fa00000, 0x000000070fa00000|100%|HC|  |TAMS 0x000000070f800000, 0x000000070f800000| Complete 
| 101|0x000000070fa00000, 0x000000070fc00000, 0x000000070fc00000|100%|HC|  |TAMS 0x000000070fa00000, 0x000000070fa00000| Complete 
| 102|0x000000070fc00000, 0x000000070fe00000, 0x000000070fe00000|100%|HC|  |TAMS 0x000000070fc00000, 0x000000070fc00000| Complete 
| 103|0x000000070fe00000, 0x0000000710000000, 0x0000000710000000|100%|HS|  |TAMS 0x000000070fe00000, 0x000000070fe00000| Complete 
| 104|0x0000000710000000, 0x0000000710200000, 0x0000000710200000|100%|HC|  |TAMS 0x0000000710000000, 0x0000000710000000| Complete 
| 105|0x0000000710200000, 0x0000000710400000, 0x0000000710400000|100%|HC|  |TAMS 0x0000000710200000, 0x0000000710200000| Complete 
| 106|0x0000000710400000, 0x0000000710600000, 0x0000000710600000|100%|HC|  |TAMS 0x0000000710400000, 0x0000000710400000| Complete 
| 107|0x0000000710600000, 0x0000000710800000, 0x0000000710800000|100%|HC|  |TAMS 0x0000000710600000, 0x0000000710600000| Complete 
| 108|0x0000000710800000, 0x0000000710a00000, 0x0000000710a00000|100%|HC|  |TAMS 0x0000000710800000, 0x0000000710800000| Complete 
| 109|0x0000000710a00000, 0x0000000710c00000, 0x0000000710c00000|100%|HC|  |TAMS 0x0000000710a00000, 0x0000000710a00000| Complete 
| 110|0x0000000710c00000, 0x0000000710e00000, 0x0000000710e00000|100%|HS|  |TAMS 0x0000000710c00000, 0x0000000710c00000| Complete 
| 111|0x0000000710e00000, 0x0000000711000000, 0x0000000711000000|100%|HC|  |TAMS 0x0000000710e00000, 0x0000000710e00000| Complete 
| 112|0x0000000711000000, 0x0000000711200000, 0x0000000711200000|100%|HC|  |TAMS 0x0000000711000000, 0x0000000711000000| Complete 
| 113|0x0000000711200000, 0x0000000711400000, 0x0000000711400000|100%|HC|  |TAMS 0x0000000711200000, 0x0000000711200000| Complete 
| 114|0x0000000711400000, 0x0000000711600000, 0x0000000711600000|100%|HC|  |TAMS 0x0000000711400000, 0x0000000711400000| Complete 
| 115|0x0000000711600000, 0x0000000711800000, 0x0000000711800000|100%|HC|  |TAMS 0x0000000711600000, 0x0000000711600000| Complete 
| 116|0x0000000711800000, 0x0000000711a00000, 0x0000000711a00000|100%|HC|  |TAMS 0x0000000711800000, 0x0000000711800000| Complete 
| 117|0x0000000711a00000, 0x0000000711c00000, 0x0000000711c00000|100%|HC|  |TAMS 0x0000000711a00000, 0x0000000711a00000| Complete 
| 118|0x0000000711c00000, 0x0000000711e00000, 0x0000000711e00000|100%|HC|  |TAMS 0x0000000711c00000, 0x0000000711c00000| Complete 
| 119|0x0000000711e00000, 0x0000000712000000, 0x0000000712000000|100%|HC|  |TAMS 0x0000000711e00000, 0x0000000711e00000| Complete 
| 120|0x0000000712000000, 0x0000000712200000, 0x0000000712200000|100%|HC|  |TAMS 0x0000000712000000, 0x0000000712000000| Complete 
| 121|0x0000000712200000, 0x0000000712400000, 0x0000000712400000|100%|HC|  |TAMS 0x0000000712200000, 0x0000000712200000| Complete 
| 122|0x0000000712400000, 0x0000000712600000, 0x0000000712600000|100%|HC|  |TAMS 0x0000000712400000, 0x0000000712400000| Complete 
| 123|0x0000000712600000, 0x0000000712800000, 0x0000000712800000|100%|HC|  |TAMS 0x0000000712600000, 0x0000000712600000| Complete 
| 126|0x0000000712c00000, 0x0000000712e00000, 0x0000000712e00000|100%| E|CS|TAMS 0x0000000712c00000, 0x0000000712c00000| Complete 
| 127|0x0000000712e00000, 0x0000000713000000, 0x0000000713000000|100%|HS|  |TAMS 0x0000000712e00000, 0x0000000712e00000| Complete 
| 128|0x0000000713000000, 0x0000000713200000, 0x0000000713200000|100%|HC|  |TAMS 0x0000000713000000, 0x0000000713000000| Complete 
| 129|0x0000000713200000, 0x0000000713400000, 0x0000000713400000|100%|HC|  |TAMS 0x0000000713200000, 0x0000000713200000| Complete 
| 130|0x0000000713400000, 0x0000000713600000, 0x0000000713600000|100%|HC|  |TAMS 0x0000000713400000, 0x0000000713400000| Complete 
| 131|0x0000000713600000, 0x0000000713800000, 0x0000000713800000|100%|HC|  |TAMS 0x0000000713600000, 0x0000000713600000| Complete 
| 132|0x0000000713800000, 0x0000000713a00000, 0x0000000713a00000|100%|HC|  |TAMS 0x0000000713800000, 0x0000000713800000| Complete 
| 133|0x0000000713a00000, 0x0000000713c00000, 0x0000000713c00000|100%|HC|  |TAMS 0x0000000713a00000, 0x0000000713a00000| Complete 
| 134|0x0000000713c00000, 0x0000000713e00000, 0x0000000713e00000|100%|HC|  |TAMS 0x0000000713c00000, 0x0000000713c00000| Complete 
| 135|0x0000000713e00000, 0x0000000714000000, 0x0000000714000000|100%|HS|  |TAMS 0x0000000713e00000, 0x0000000713e00000| Complete 
| 136|0x0000000714000000, 0x0000000714200000, 0x0000000714200000|100%|HC|  |TAMS 0x0000000714000000, 0x0000000714000000| Complete 
| 137|0x0000000714200000, 0x0000000714400000, 0x0000000714400000|100%|HC|  |TAMS 0x0000000714200000, 0x0000000714200000| Complete 
| 138|0x0000000714400000, 0x0000000714600000, 0x0000000714600000|100%|HC|  |TAMS 0x0000000714400000, 0x0000000714400000| Complete 
| 139|0x0000000714600000, 0x0000000714800000, 0x0000000714800000|100%|HC|  |TAMS 0x0000000714600000, 0x0000000714600000| Complete 
| 140|0x0000000714800000, 0x0000000714a00000, 0x0000000714a00000|100%|HC|  |TAMS 0x0000000714800000, 0x0000000714800000| Complete 
| 141|0x0000000714a00000, 0x0000000714c00000, 0x0000000714c00000|100%|HC|  |TAMS 0x0000000714a00000, 0x0000000714a00000| Complete 
| 142|0x0000000714c00000, 0x0000000714e00000, 0x0000000714e00000|100%|HC|  |TAMS 0x0000000714c00000, 0x0000000714c00000| Complete 
| 143|0x0000000714e00000, 0x0000000715000000, 0x0000000715000000|100%|HS|  |TAMS 0x0000000714e00000, 0x0000000714e00000| Complete 
| 144|0x0000000715000000, 0x0000000715200000, 0x0000000715200000|100%|HC|  |TAMS 0x0000000715000000, 0x0000000715000000| Complete 
| 145|0x0000000715200000, 0x0000000715400000, 0x0000000715400000|100%|HC|  |TAMS 0x0000000715200000, 0x0000000715200000| Complete 
| 146|0x0000000715400000, 0x0000000715600000, 0x0000000715600000|100%|HC|  |TAMS 0x0000000715400000, 0x0000000715400000| Complete 
| 147|0x0000000715600000, 0x0000000715800000, 0x0000000715800000|100%|HC|  |TAMS 0x0000000715600000, 0x0000000715600000| Complete 
| 148|0x0000000715800000, 0x0000000715a00000, 0x0000000715a00000|100%|HC|  |TAMS 0x0000000715800000, 0x0000000715800000| Complete 
| 149|0x0000000715a00000, 0x0000000715c00000, 0x0000000715c00000|100%|HC|  |TAMS 0x0000000715a00000, 0x0000000715a00000| Complete 
| 150|0x0000000715c00000, 0x0000000715e00000, 0x0000000715e00000|100%|HC|  |TAMS 0x0000000715c00000, 0x0000000715c00000| Complete 
| 151|0x0000000715e00000, 0x0000000716000000, 0x0000000716000000|100%|HC|  |TAMS 0x0000000715e00000, 0x0000000715e00000| Complete 
| 152|0x0000000716000000, 0x0000000716200000, 0x0000000716200000|100%|HC|  |TAMS 0x0000000716000000, 0x0000000716000000| Complete 
| 153|0x0000000716200000, 0x0000000716400000, 0x0000000716400000|100%|HC|  |TAMS 0x0000000716200000, 0x0000000716200000| Complete 
| 154|0x0000000716400000, 0x0000000716600000, 0x0000000716600000|100%|HC|  |TAMS 0x0000000716400000, 0x0000000716400000| Complete 
| 155|0x0000000716600000, 0x0000000716800000, 0x0000000716800000|100%|HC|  |TAMS 0x0000000716600000, 0x0000000716600000| Complete 
| 156|0x0000000716800000, 0x0000000716a00000, 0x0000000716a00000|100%|HC|  |TAMS 0x0000000716800000, 0x0000000716800000| Complete 
| 157|0x0000000716a00000, 0x0000000716c00000, 0x0000000716c00000|100%|HC|  |TAMS 0x0000000716a00000, 0x0000000716a00000| Complete 
| 158|0x0000000716c00000, 0x0000000716e00000, 0x0000000716e00000|100%|HS|  |TAMS 0x0000000716c00000, 0x0000000716c00000| Complete 
| 159|0x0000000716e00000, 0x0000000717000000, 0x0000000717000000|100%|HC|  |TAMS 0x0000000716e00000, 0x0000000716e00000| Complete 
| 160|0x0000000717000000, 0x0000000717200000, 0x0000000717200000|100%|HC|  |TAMS 0x0000000717000000, 0x0000000717000000| Complete 
| 161|0x0000000717200000, 0x0000000717400000, 0x0000000717400000|100%|HC|  |TAMS 0x0000000717200000, 0x0000000717200000| Complete 
| 162|0x0000000717400000, 0x0000000717600000, 0x0000000717600000|100%|HC|  |TAMS 0x0000000717400000, 0x0000000717400000| Complete 
| 163|0x0000000717600000, 0x0000000717800000, 0x0000000717800000|100%|HC|  |TAMS 0x0000000717600000, 0x0000000717600000| Complete 
| 164|0x0000000717800000, 0x0000000717a00000, 0x0000000717a00000|100%|HC|  |TAMS 0x0000000717800000, 0x0000000717800000| Complete 
| 165|0x0000000717a00000, 0x0000000717c00000, 0x0000000717c00000|100%|HC|  |TAMS 0x0000000717a00000, 0x0000000717a00000| Complete 
| 166|0x0000000717c00000, 0x0000000717e00000, 0x0000000717e00000|100%|HS|  |TAMS 0x0000000717c00000, 0x0000000717c00000| Complete 
| 167|0x0000000717e00000, 0x0000000718000000, 0x0000000718000000|100%|HC|  |TAMS 0x0000000717e00000, 0x0000000717e00000| Complete 
| 168|0x0000000718000000, 0x0000000718200000, 0x0000000718200000|100%|HC|  |TAMS 0x0000000718000000, 0x0000000718000000| Complete 
| 169|0x0000000718200000, 0x0000000718400000, 0x0000000718400000|100%|HC|  |TAMS 0x0000000718200000, 0x0000000718200000| Complete 
| 170|0x0000000718400000, 0x0000000718600000, 0x0000000718600000|100%|HC|  |TAMS 0x0000000718400000, 0x0000000718400000| Complete 
| 171|0x0000000718600000, 0x0000000718800000, 0x0000000718800000|100%|HC|  |TAMS 0x0000000718600000, 0x0000000718600000| Complete 
| 172|0x0000000718800000, 0x0000000718a00000, 0x0000000718a00000|100%|HC|  |TAMS 0x0000000718800000, 0x0000000718800000| Complete 
| 173|0x0000000718a00000, 0x0000000718c00000, 0x0000000718c00000|100%|HC|  |TAMS 0x0000000718a00000, 0x0000000718a00000| Complete 
| 174|0x0000000718c00000, 0x0000000718e00000, 0x0000000718e00000|100%|HS|  |TAMS 0x0000000718c00000, 0x0000000718c00000| Complete 
| 175|0x0000000718e00000, 0x0000000719000000, 0x0000000719000000|100%|HC|  |TAMS 0x0000000718e00000, 0x0000000718e00000| Complete 
| 176|0x0000000719000000, 0x0000000719200000, 0x0000000719200000|100%|HC|  |TAMS 0x0000000719000000, 0x0000000719000000| Complete 
| 177|0x0000000719200000, 0x0000000719400000, 0x0000000719400000|100%|HC|  |TAMS 0x0000000719200000, 0x0000000719200000| Complete 
| 178|0x0000000719400000, 0x0000000719600000, 0x0000000719600000|100%|HC|  |TAMS 0x0000000719400000, 0x0000000719400000| Complete 
| 179|0x0000000719600000, 0x0000000719800000, 0x0000000719800000|100%|HC|  |TAMS 0x0000000719600000, 0x0000000719600000| Complete 
| 180|0x0000000719800000, 0x0000000719a00000, 0x0000000719a00000|100%|HC|  |TAMS 0x0000000719800000, 0x0000000719800000| Complete 
| 181|0x0000000719a00000, 0x0000000719c00000, 0x0000000719c00000|100%|HC|  |TAMS 0x0000000719a00000, 0x0000000719a00000| Complete 
| 182|0x0000000719c00000, 0x0000000719e00000, 0x0000000719e00000|100%|HC|  |TAMS 0x0000000719c00000, 0x0000000719c00000| Complete 
| 183|0x0000000719e00000, 0x000000071a000000, 0x000000071a000000|100%|HC|  |TAMS 0x0000000719e00000, 0x0000000719e00000| Complete 
| 184|0x000000071a000000, 0x000000071a200000, 0x000000071a200000|100%|HC|  |TAMS 0x000000071a000000, 0x000000071a000000| Complete 
| 185|0x000000071a200000, 0x000000071a400000, 0x000000071a400000|100%|HC|  |TAMS 0x000000071a200000, 0x000000071a200000| Complete 
| 186|0x000000071a400000, 0x000000071a600000, 0x000000071a600000|100%|HC|  |TAMS 0x000000071a400000, 0x000000071a400000| Complete 
| 187|0x000000071a600000, 0x000000071a800000, 0x000000071a800000|100%|HC|  |TAMS 0x000000071a600000, 0x000000071a600000| Complete 
| 188|0x000000071a800000, 0x000000071aa00000, 0x000000071aa00000|100%|HC|  |TAMS 0x000000071a800000, 0x000000071a800000| Complete 
| 189|0x000000071aa00000, 0x000000071ac00000, 0x000000071ac00000|100%|HC|  |TAMS 0x000000071aa00000, 0x000000071aa00000| Complete 
| 190|0x000000071ac00000, 0x000000071ac00000, 0x000000071ae00000|  0%| F|  |TAMS 0x000000071ac00000, 0x000000071ac00000| Untracked 
| 191|0x000000071ae00000, 0x000000071ae00000, 0x000000071b000000|  0%| F|  |TAMS 0x000000071ae00000, 0x000000071ae00000| Untracked 

Card table byte_map: [0x0000020070be0000,0x00000200713d0000] _byte_map_base: 0x000002006d3c8000

Marking Bits (Prev, Next): (CMBitMap*) 0x00000200591da080, (CMBitMap*) 0x00000200591da0c0
 Prev Bits: [0x0000020071bc0000, 0x0000020075b00000)
 Next Bits: [0x0000020075b00000, 0x0000020079a40000)

Polling page: 0x0000020058930000

Metaspace:

Usage:
  Non-class:     34.40 MB used.
      Class:      4.93 MB used.
       Both:     39.33 MB used.

Virtual space:
  Non-class space:       64.00 MB reserved,      34.56 MB ( 54%) committed,  1 nodes.
      Class space:        1.00 GB reserved,       5.12 MB ( <1%) committed,  1 nodes.
             Both:        1.06 GB reserved,      39.69 MB (  4%) committed. 

Chunk freelists:
   Non-Class:  975.00 KB
       Class:  2.86 MB
        Both:  3.81 MB

MaxMetaspaceSize: unlimited
CompressedClassSpaceSize: 1.00 GB
Initial GC threshold: 21.00 MB
Current GC threshold: 66.06 MB
CDS: on
MetaspaceReclaimPolicy: balanced
 - commit_granule_bytes: 65536.
 - commit_granule_words: 8192.
 - virtual_space_node_default_size: 8388608.
 - enlarge_chunks_in_place: 1.
 - new_chunks_are_fully_committed: 0.
 - uncommit_free_chunks: 1.
 - use_allocation_guard: 0.


Internal statistics:

num_allocs_failed_limit: 6.
num_arena_births: 334.
num_arena_deaths: 2.
num_vsnodes_births: 2.
num_vsnodes_deaths: 0.
num_space_committed: 635.
num_space_uncommitted: 0.
num_chunks_returned_to_freelist: 9.
num_chunks_taken_from_freelist: 1526.
num_chunk_merges: 6.
num_chunk_splits: 1080.
num_chunks_enlarged: 871.
num_inconsistent_stats: 0.

CodeHeap 'non-profiled nmethods': size=120000Kb used=2204Kb max_used=2204Kb free=117795Kb
 bounds [0x0000020068b90000, 0x0000020068e00000, 0x00000200700c0000]
CodeHeap 'profiled nmethods': size=120000Kb used=9268Kb max_used=9268Kb free=110732Kb
 bounds [0x00000200610c0000, 0x00000200619d0000, 0x00000200685f0000]
CodeHeap 'non-nmethods': size=5760Kb used=1431Kb max_used=1530Kb free=4328Kb
 bounds [0x00000200685f0000, 0x0000020068860000, 0x0000020068b90000]
 total_blobs=5568 nmethods=4888 adapters=590
 compilation: enabled
              stopped_count=0, restarted_count=0
 full_count=0

Compilation events (20 events):
Event: 129.032 Thread 0x000002007be46bf0 nmethod 4870 0x0000020068db5590 code [0x0000020068db5720, 0x0000020068db5af8]
Event: 129.032 Thread 0x000002007be46bf0 4873       4       java.util.HashMap::get (19 bytes)
Event: 129.032 Thread 0x000002007be4ad20 nmethod 4881 0x0000020068db5e10 code [0x0000020068db5fa0, 0x0000020068db6078]
Event: 129.032 Thread 0x000002007be4ad20 4882       1       org.hibernate.sql.results.graph.entity.LoadingEntityEntry::getDescriptor (5 bytes)
Event: 129.032 Thread 0x000002007be4ad20 nmethod 4882 0x0000020068db6110 code [0x0000020068db62a0, 0x0000020068db6378]
Event: 129.033 Thread 0x000002007be4ad20 4884       3       org.hibernate.persister.entity.AbstractEntityPersister::getPropertyTypes (8 bytes)
Event: 129.033 Thread 0x000002007be4ad20 nmethod 4884 0x00000200619c8f90 code [0x00000200619c9120, 0x00000200619c9258]
Event: 129.033 Thread 0x000002007be4ad20 4885       3       java.lang.StringUTF16::inflate (42 bytes)
Event: 129.034 Thread 0x000002007be4ad20 nmethod 4885 0x00000200619c9310 code [0x00000200619c9500, 0x00000200619c9948]
Event: 129.034 Thread 0x000002007be4ad20 4887       3       com.mysql.cj.protocol.a.PacketSplitter::nextPacket (99 bytes)
Event: 129.035 Thread 0x000002007be4ad20 nmethod 4887 0x00000200619c9b90 code [0x00000200619c9d40, 0x00000200619ca018]
Event: 129.035 Thread 0x000002007be4ad20 4888       3       java.io.ByteArrayOutputStream::<init> (43 bytes)
Event: 129.035 Thread 0x000002007be4ad20 nmethod 4888 0x00000200619ca090 code [0x00000200619ca2c0, 0x00000200619caa68]
Event: 129.035 Thread 0x000002007be4ad20 4890   !   3       org.hibernate.collection.spi.AbstractPersistentCollection::unsetSession (212 bytes)
Event: 129.036 Thread 0x000002007be46bf0 nmethod 4873 0x0000020068db6410 code [0x0000020068db65a0, 0x0000020068db6878]
Event: 129.037 Thread 0x000002007be4ad20 nmethod 4890 0x00000200619cad90 code [0x00000200619cb0c0, 0x00000200619cc888]
Event: 129.037 Thread 0x000002007be4ad20 4886       1       com.mysql.cj.protocol.a.PacketSplitter::getOffset (5 bytes)
Event: 129.037 Thread 0x000002007be4ad20 nmethod 4886 0x0000020068db6a90 code [0x0000020068db6c20, 0x0000020068db6cd8]
Event: 129.037 Thread 0x000002007be4ad20 4889       1       org.hibernate.resource.jdbc.spi.PhysicalConnectionHandlingMode::getReleaseMode (5 bytes)
Event: 129.037 Thread 0x000002007be4ad20 nmethod 4889 0x0000020068db6d90 code [0x0000020068db6f20, 0x0000020068db6ff8]

GC Heap History (20 events):
Event: 14.844 GC heap before
{Heap before GC invocations=8 (full 0):
 garbage-first heap   total 40960K, used 17994K [0x0000000703000000, 0x0000000800000000)
  region size 2048K, 6 young (12288K), 2 survivors (4096K)
 Metaspace       used 35691K, committed 35968K, reserved 1114112K
  class space    used 4345K, committed 4480K, reserved 1048576K
}
Event: 14.848 GC heap after
{Heap after GC invocations=9 (full 0):
 garbage-first heap   total 151552K, used 19483K [0x0000000703000000, 0x0000000800000000)
  region size 2048K, 2 young (4096K), 2 survivors (4096K)
 Metaspace       used 35691K, committed 35968K, reserved 1114112K
  class space    used 4345K, committed 4480K, reserved 1048576K
}
Event: 51.415 GC heap before
{Heap before GC invocations=10 (full 0):
 garbage-first heap   total 81920K, used 78875K [0x0000000703000000, 0x0000000800000000)
  region size 2048K, 18 young (36864K), 2 survivors (4096K)
 Metaspace       used 39729K, committed 40064K, reserved 1114112K
  class space    used 5008K, committed 5184K, reserved 1048576K
}
Event: 51.418 GC heap after
{Heap after GC invocations=11 (full 0):
 garbage-first heap   total 86016K, used 22142K [0x0000000703000000, 0x0000000800000000)
  region size 2048K, 2 young (4096K), 2 survivors (4096K)
 Metaspace       used 39729K, committed 40064K, reserved 1114112K
  class space    used 5008K, committed 5184K, reserved 1048576K
}
Event: 51.427 GC heap before
{Heap before GC invocations=11 (full 0):
 garbage-first heap   total 86016K, used 40574K [0x0000000703000000, 0x0000000800000000)
  region size 2048K, 3 young (6144K), 2 survivors (4096K)
 Metaspace       used 39729K, committed 40064K, reserved 1114112K
  class space    used 5008K, committed 5184K, reserved 1048576K
}
Event: 51.429 GC heap after
{Heap after GC invocations=12 (full 0):
 garbage-first heap   total 86016K, used 24264K [0x0000000703000000, 0x0000000800000000)
  region size 2048K, 1 young (2048K), 1 survivors (2048K)
 Metaspace       used 39729K, committed 40064K, reserved 1114112K
  class space    used 5008K, committed 5184K, reserved 1048576K
}
Event: 52.013 GC heap before
{Heap before GC invocations=12 (full 0):
 garbage-first heap   total 86016K, used 30408K [0x0000000703000000, 0x0000000800000000)
  region size 2048K, 3 young (6144K), 1 survivors (2048K)
 Metaspace       used 40010K, committed 40384K, reserved 1114112K
  class space    used 5033K, committed 5184K, reserved 1048576K
}
Event: 52.014 GC heap after
{Heap after GC invocations=13 (full 0):
 garbage-first heap   total 86016K, used 33267K [0x0000000703000000, 0x0000000800000000)
  region size 2048K, 2 young (4096K), 2 survivors (4096K)
 Metaspace       used 40010K, committed 40384K, reserved 1114112K
  class space    used 5033K, committed 5184K, reserved 1048576K
}
Event: 52.017 GC heap before
{Heap before GC invocations=13 (full 0):
 garbage-first heap   total 86016K, used 43507K [0x0000000703000000, 0x0000000800000000)
  region size 2048K, 3 young (6144K), 2 survivors (4096K)
 Metaspace       used 40010K, committed 40384K, reserved 1114112K
  class space    used 5033K, committed 5184K, reserved 1048576K
}
Event: 52.019 GC heap after
{Heap after GC invocations=14 (full 0):
 garbage-first heap   total 86016K, used 36858K [0x0000000703000000, 0x0000000800000000)
  region size 2048K, 1 young (2048K), 1 survivors (2048K)
 Metaspace       used 40010K, committed 40384K, reserved 1114112K
  class space    used 5033K, committed 5184K, reserved 1048576K
}
Event: 104.943 GC heap before
{Heap before GC invocations=14 (full 0):
 garbage-first heap   total 86016K, used 43002K [0x0000000703000000, 0x0000000800000000)
  region size 2048K, 3 young (6144K), 1 survivors (2048K)
 Metaspace       used 40039K, committed 40384K, reserved 1114112K
  class space    used 5033K, committed 5184K, reserved 1048576K
}
Event: 104.944 GC heap after
{Heap after GC invocations=15 (full 0):
 garbage-first heap   total 86016K, used 34715K [0x0000000703000000, 0x0000000800000000)
  region size 2048K, 1 young (2048K), 1 survivors (2048K)
 Metaspace       used 40039K, committed 40384K, reserved 1114112K
  class space    used 5033K, committed 5184K, reserved 1048576K
}
Event: 104.946 GC heap before
{Heap before GC invocations=15 (full 0):
 garbage-first heap   total 86016K, used 40859K [0x0000000703000000, 0x0000000800000000)
  region size 2048K, 1 young (2048K), 1 survivors (2048K)
 Metaspace       used 40039K, committed 40384K, reserved 1114112K
  class space    used 5033K, committed 5184K, reserved 1048576K
}
Event: 104.946 GC heap after
{Heap after GC invocations=16 (full 0):
 garbage-first heap   total 86016K, used 40857K [0x0000000703000000, 0x0000000800000000)
  region size 2048K, 1 young (2048K), 1 survivors (2048K)
 Metaspace       used 40039K, committed 40384K, reserved 1114112K
  class space    used 5033K, committed 5184K, reserved 1048576K
}
Event: 109.032 GC heap before
{Heap before GC invocations=17 (full 0):
 garbage-first heap   total 169984K, used 167833K [0x0000000703000000, 0x0000000800000000)
  region size 2048K, 6 young (12288K), 1 survivors (2048K)
 Metaspace       used 40092K, committed 40384K, reserved 1114112K
  class space    used 5034K, committed 5184K, reserved 1048576K
}
Event: 109.033 GC heap after
{Heap after GC invocations=18 (full 0):
 garbage-first heap   total 172032K, used 32680K [0x0000000703000000, 0x0000000800000000)
  region size 2048K, 1 young (2048K), 1 survivors (2048K)
 Metaspace       used 40092K, committed 40384K, reserved 1114112K
  class space    used 5034K, committed 5184K, reserved 1048576K
}
Event: 119.225 GC heap before
{Heap before GC invocations=18 (full 0):
 garbage-first heap   total 172032K, used 79784K [0x0000000703000000, 0x0000000800000000)
  region size 2048K, 4 young (8192K), 1 survivors (2048K)
 Metaspace       used 40203K, committed 40576K, reserved 1114112K
  class space    used 5046K, committed 5248K, reserved 1048576K
}
Event: 119.226 GC heap after
{Heap after GC invocations=19 (full 0):
 garbage-first heap   total 172032K, used 32336K [0x0000000703000000, 0x0000000800000000)
  region size 2048K, 1 young (2048K), 1 survivors (2048K)
 Metaspace       used 40203K, committed 40576K, reserved 1114112K
  class space    used 5046K, committed 5248K, reserved 1048576K
}
Event: 119.227 GC heap before
{Heap before GC invocations=19 (full 0):
 garbage-first heap   total 172032K, used 32336K [0x0000000703000000, 0x0000000800000000)
  region size 2048K, 2 young (4096K), 1 survivors (2048K)
 Metaspace       used 40203K, committed 40576K, reserved 1114112K
  class space    used 5046K, committed 5248K, reserved 1048576K
}
Event: 119.228 GC heap after
{Heap after GC invocations=20 (full 0):
 garbage-first heap   total 172032K, used 33312K [0x0000000703000000, 0x0000000800000000)
  region size 2048K, 1 young (2048K), 1 survivors (2048K)
 Metaspace       used 40203K, committed 40576K, reserved 1114112K
  class space    used 5046K, committed 5248K, reserved 1048576K
}

Dll operation events (12 events):
Event: 0.008 Loaded shared library D:\JDK\jdk-19\bin\java.dll
Event: 0.018 Loaded shared library D:\JDK\jdk-19\bin\jsvml.dll
Event: 0.108 Loaded shared library D:\JDK\jdk-19\bin\zip.dll
Event: 0.110 Loaded shared library D:\JDK\jdk-19\bin\instrument.dll
Event: 0.116 Loaded shared library D:\JDK\jdk-19\bin\net.dll
Event: 0.118 Loaded shared library D:\JDK\jdk-19\bin\nio.dll
Event: 0.123 Loaded shared library D:\JDK\jdk-19\bin\zip.dll
Event: 0.159 Loaded shared library D:\JDK\JetBrains IntelliJ IDEA Ultimate 2022.2\IntelliJ IDEA 2022.2\bin\breakgen64.dll
Event: 0.167 Loaded shared library D:\JDK\jdk-19\bin\extnet.dll
Event: 1.111 Loaded shared library D:\JDK\jdk-19\bin\jimage.dll
Event: 12.392 Loaded shared library D:\JDK\jdk-19\bin\sunmscapi.dll
Event: 12.783 Loaded shared library D:\JDK\jdk-19\bin\verify.dll

Deoptimization events (20 events):
Event: 51.459 Thread 0x000002007ebc3470 DEOPT PACKING pc=0x0000020068c65424 sp=0x000000a12b5fdb90
Event: 51.459 Thread 0x000002007ebc3470 DEOPT UNPACKING pc=0x0000020068656da3 sp=0x000000a12b5fdb00 mode 2
Event: 51.466 Thread 0x000002007ebc3470 Uncommon trap: trap_request=0xffffff45 fr.pc=0x0000020068bb2cec relative=0x00000000000003ac
Event: 51.466 Thread 0x000002007ebc3470 Uncommon trap: reason=unstable_if action=reinterpret pc=0x0000020068bb2cec method=java.lang.StringLatin1.canEncode(I)Z @ 4 c2
Event: 51.466 Thread 0x000002007ebc3470 DEOPT PACKING pc=0x0000020068bb2cec sp=0x000000a12b5fde30
Event: 51.466 Thread 0x000002007ebc3470 DEOPT UNPACKING pc=0x0000020068656da3 sp=0x000000a12b5fdd58 mode 2
Event: 51.466 Thread 0x000002007ebc3470 Uncommon trap: trap_request=0xffffff45 fr.pc=0x0000020068bb35d4 relative=0x0000000000000394
Event: 51.466 Thread 0x000002007ebc3470 Uncommon trap: reason=unstable_if action=reinterpret pc=0x0000020068bb35d4 method=java.lang.AbstractStringBuilder.isLatin1()Z @ 10 c2
Event: 51.466 Thread 0x000002007ebc3470 DEOPT PACKING pc=0x0000020068bb35d4 sp=0x000000a12b5fdd60
Event: 51.466 Thread 0x000002007ebc3470 DEOPT UNPACKING pc=0x0000020068656da3 sp=0x000000a12b5fdce0 mode 2
Event: 104.956 Thread 0x000002007ebc3470 Uncommon trap: trap_request=0xffffffd6 fr.pc=0x0000020068d8e8e0 relative=0x0000000000001180
Event: 104.956 Thread 0x000002007ebc3470 Uncommon trap: reason=array_check action=maybe_recompile pc=0x0000020068d8e8e0 method=org.antlr.v4.runtime.misc.Array2DHashSet.getOrAddImpl(Ljava/lang/Object;)Ljava/lang/Object; @ 74 c2
Event: 104.956 Thread 0x000002007ebc3470 DEOPT PACKING pc=0x0000020068d8e8e0 sp=0x000000a12b5fe350
Event: 104.956 Thread 0x000002007ebc3470 DEOPT UNPACKING pc=0x0000020068656da3 sp=0x000000a12b5fe320 mode 2
Event: 104.956 Thread 0x000002007ebc3470 Uncommon trap: trap_request=0xffffffd6 fr.pc=0x0000020068d8e8e0 relative=0x0000000000001180
Event: 104.956 Thread 0x000002007ebc3470 Uncommon trap: reason=array_check action=maybe_recompile pc=0x0000020068d8e8e0 method=org.antlr.v4.runtime.misc.Array2DHashSet.getOrAddImpl(Ljava/lang/Object;)Ljava/lang/Object; @ 74 c2
Event: 104.956 Thread 0x000002007ebc3470 DEOPT PACKING pc=0x0000020068d8e8e0 sp=0x000000a12b5fe350
Event: 104.956 Thread 0x000002007ebc3470 DEOPT UNPACKING pc=0x0000020068656da3 sp=0x000000a12b5fe320 mode 2
Event: 129.027 Thread 0x000002007ebc3470 DEOPT PACKING pc=0x00000200618d7ad6 sp=0x000000a12b5fd050
Event: 129.027 Thread 0x000002007ebc3470 DEOPT UNPACKING pc=0x0000020068657543 sp=0x000000a12b5fc510 mode 0

Classes loaded (20 events):
Event: 14.936 Loading class java/lang/ProcessEnvironment$CheckedEntrySet$1
Event: 14.936 Loading class java/lang/ProcessEnvironment$CheckedEntrySet$1 done
Event: 14.936 Loading class java/lang/ProcessEnvironment$CheckedEntry
Event: 14.936 Loading class java/lang/ProcessEnvironment$CheckedEntry done
Event: 15.069 Loading class java/util/IdentityHashMap$EntryIterator$Entry
Event: 15.070 Loading class java/util/IdentityHashMap$EntryIterator$Entry done
Event: 15.107 Loading class java/util/AbstractMap$SimpleEntry
Event: 15.107 Loading class java/util/AbstractMap$SimpleEntry done
Event: 15.142 Loading class java/util/regex/Pattern$Bound
Event: 15.143 Loading class java/util/regex/Pattern$Bound done
Event: 51.434 Loading class java/text/ParsePosition
Event: 51.434 Loading class java/text/ParsePosition done
Event: 51.434 Loading class java/time/format/DateTimeParseContext
Event: 51.434 Loading class java/time/format/DateTimeParseContext done
Event: 51.434 Loading class java/time/format/Parsed
Event: 51.435 Loading class java/time/format/Parsed done
Event: 51.464 Loading class sun/text/resources/cldr/FormatData_en
Event: 51.465 Loading class sun/text/resources/cldr/FormatData_en done
Event: 51.465 Loading class sun/text/resources/cldr/FormatData_en_US
Event: 51.465 Loading class sun/text/resources/cldr/FormatData_en_US done

Classes unloaded (1 events):
Event: 14.856 Thread 0x000002007be1ba00 Unloading class 0x0000000801004400 'java/lang/invoke/LambdaForm$DMH+0x0000000801004400'

Classes redefined (0 events):
No events

Internal exceptions (20 events):
Event: 14.494 Thread 0x000002005916a180 Exception <a 'java/lang/NoSuchMethodError'{0x0000000712d5d300}: 'java.lang.Object java.lang.invoke.DirectMethodHandle$Holder.newInvokeSpecial(java.lang.Object, java.lang.Object, java.lang.Object, java.lang.Object, java.lang.Object, java.lang.Object)'> (0x0000000712d5d300) 
thrown [s\open\src\hotspot\share\interpreter\linkResolver.cpp, line 774]
Event: 14.510 Thread 0x000002005916a180 Exception <a 'java/lang/NoSuchMethodError'{0x0000000712ddd090}: 'int java.lang.invoke.DirectMethodHandle$Holder.invokeStatic(java.lang.Object, java.lang.Object, java.lang.Object, java.lang.Object, java.lang.Object)'> (0x0000000712ddd090) 
thrown [s\open\src\hotspot\share\interpreter\linkResolver.cpp, line 774]
Event: 14.512 Thread 0x000002005916a180 Exception <a 'java/lang/NoSuchMethodError'{0x0000000712df0bb8}: 'java.lang.Object java.lang.invoke.DirectMethodHandle$Holder.newInvokeSpecial(java.lang.Object, java.lang.Object, java.lang.Object, java.lang.Object, java.lang.Object, java.lang.Object, java.lang.Object)'> (0x0000000712df0bb8) 
thrown [s\open\src\hotspot\share\interpreter\linkResolver.cpp, line 774]
Event: 14.571 Thread 0x000002005916a180 Exception <a 'java/lang/NoSuchMethodError'{0x00000007111f8860}: 'java.lang.Object java.lang.invoke.DirectMethodHandle$Holder.newInvokeSpecial(java.lang.Object, java.lang.Object, int, java.lang.Object, int, java.lang.Object, java.lang.Object, java.lang.Object)'> (0x00000007111f8860) 
thrown [s\open\src\hotspot\share\interpreter\linkResolver.cpp, line 774]
Event: 14.572 Thread 0x000002005916a180 Exception <a 'java/lang/NoSuchMethodError'{0x0000000705205ac0}: 'int java.lang.invoke.DirectMethodHandle$Holder.invokeSpecial(java.lang.Object, java.lang.Object, java.lang.Object, java.lang.Object, java.lang.Object, java.lang.Object)'> (0x0000000705205ac0) 
thrown [s\open\src\hotspot\share\interpreter\linkResolver.cpp, line 774]
Event: 14.582 Thread 0x000002005916a180 Exception <a 'java/lang/NoSuchMethodError'{0x000000070525cc40}: 'java.lang.Object java.lang.invoke.DirectMethodHandle$Holder.newInvokeSpecial(java.lang.Object, java.lang.Object, java.lang.Object, java.lang.Object, java.lang.Object, java.lang.Object, java.lang.Object, int)'> (0x000000070525cc40) 
thrown [s\open\src\hotspot\share\interpreter\linkResolver.cpp, line 774]
Event: 14.582 Thread 0x000002005916a180 Exception <a 'java/lang/NoSuchMethodError'{0x0000000705261fa8}: 'java.lang.Object java.lang.invoke.DirectMethodHandle$Holder.invokeSpecial(java.lang.Object, java.lang.Object, java.lang.Object, java.lang.Object, java.lang.Object, java.lang.Object, java.lang.Object, java.lang.Object, int)'> (0x0000000705261fa8) 
thrown [s\open\src\hotspot\share\interpreter\linkResolver.cpp, line 774]
Event: 14.638 Thread 0x000002005916a180 Exception <a 'java/lang/NoSuchMethodError'{0x00000007050c4640}: 'void java.lang.invoke.DirectMethodHandle$Holder.invokeInterface(java.lang.Object, java.lang.Object)'> (0x00000007050c4640) 
thrown [s\open\src\hotspot\share\interpreter\linkResolver.cpp, line 774]
Event: 14.695 Thread 0x000002005916a180 Exception <a 'java/lang/NoSuchMethodError'{0x0000000704c55490}: 'java.lang.Object java.lang.invoke.DirectMethodHandle$Holder.invokeStaticInit(java.lang.Object, java.lang.Object, java.lang.Object)'> (0x0000000704c55490) 
thrown [s\open\src\hotspot\share\interpreter\linkResolver.cpp, line 774]
Event: 14.806 Thread 0x000002007ebc3470 Implicit null exception at 0x0000020068c29af2 to 0x0000020068c2a0e0
Event: 15.030 Thread 0x000002007ebc3470 Exception <a 'java/lang/NoSuchMethodError'{0x0000000706d00f60}: 'int java.lang.invoke.DirectMethodHandle$Holder.invokeStatic(java.lang.Object)'> (0x0000000706d00f60) 
thrown [s\open\src\hotspot\share\interpreter\linkResolver.cpp, line 774]
Event: 15.107 Thread 0x000002007ebc3470 Implicit null exception at 0x0000020068c1446f to 0x0000020068c1465c
Event: 15.111 Thread 0x000002007ebc3470 Exception <a 'java/lang/NoSuchMethodError'{0x0000000706835430}: 'void java.lang.invoke.DirectMethodHandle$Holder.invokeSpecial(java.lang.Object, java.lang.Object, java.lang.Object, java.lang.Object, java.lang.Object)'> (0x0000000706835430) 
thrown [s\open\src\hotspot\share\interpreter\linkResolver.cpp, line 774]
Event: 15.122 Thread 0x000002007ebc3470 Exception <a 'java/lang/NoSuchMethodError'{0x00000007068909a8}: 'java.lang.Object java.lang.invoke.DirectMethodHandle$Holder.invokeInterface(java.lang.Object, java.lang.Object, java.lang.Object)'> (0x00000007068909a8) 
thrown [s\open\src\hotspot\share\interpreter\linkResolver.cpp, line 774]
Event: 15.131 Thread 0x000002007ebc3470 Exception <a 'java/lang/NoSuchMethodError'{0x00000007068ccab8}: 'void java.lang.invoke.DirectMethodHandle$Holder.invokeInterface(java.lang.Object, java.lang.Object, java.lang.Object)'> (0x00000007068ccab8) 
thrown [s\open\src\hotspot\share\interpreter\linkResolver.cpp, line 774]
Event: 15.138 Thread 0x000002007ebc3470 Exception <a 'java/lang/NoSuchMethodError'{0x00000007069192c8}: 'void java.lang.invoke.DirectMethodHandle$Holder.invokeStaticInit(java.lang.Object, java.lang.Object, java.lang.Object, java.lang.Object, java.lang.Object)'> (0x00000007069192c8) 
thrown [s\open\src\hotspot\share\interpreter\linkResolver.cpp, line 774]
Event: 15.148 Thread 0x000002007ebc3470 Exception <a 'java/lang/NoSuchMethodError'{0x0000000706975488}: 'void java.lang.invoke.DirectMethodHandle$Holder.invokeInterface(java.lang.Object, java.lang.Object, java.lang.Object, java.lang.Object)'> (0x0000000706975488) 
thrown [s\open\src\hotspot\share\interpreter\linkResolver.cpp, line 774]
Event: 15.148 Thread 0x000002007ebc3470 Exception <a 'java/lang/IncompatibleClassChangeError'{0x0000000706978b68}: Found class java.lang.Object, but interface was expected> (0x0000000706978b68) 
thrown [s\open\src\hotspot\share\interpreter\linkResolver.cpp, line 841]
Event: 15.188 Thread 0x000002007ebc3470 Exception <a 'java/lang/NoSuchMethodError'{0x00000007066f2fc8}: 'void java.lang.invoke.Invokers$Holder.invokeExact_MT(java.lang.Object, java.lang.Object, int, java.lang.Object)'> (0x00000007066f2fc8) 
thrown [s\open\src\hotspot\share\interpreter\linkResolver.cpp, line 774]
Event: 15.192 Thread 0x000002007ebc3470 Exception <a 'java/lang/NoSuchMethodError'{0x0000000706715188}: 'void java.lang.invoke.Invokers$Holder.invokeExact_MT(java.lang.Object, java.lang.Object, java.lang.Object, java.lang.Object)'> (0x0000000706715188) 
thrown [s\open\src\hotspot\share\interpreter\linkResolver.cpp, line 774]

VM Operations (20 events):
Event: 109.032 Executing VM operation: G1CollectForAllocation
Event: 109.033 Executing VM operation: G1CollectForAllocation done
Event: 110.040 Executing VM operation: Cleanup
Event: 110.040 Executing VM operation: Cleanup done
Event: 119.112 Executing VM operation: Cleanup
Event: 119.112 Executing VM operation: Cleanup done
Event: 119.225 Executing VM operation: G1CollectForAllocation
Event: 119.227 Executing VM operation: G1CollectForAllocation done
Event: 119.227 Executing VM operation: G1TryInitiateConcMark
Event: 119.228 Executing VM operation: G1TryInitiateConcMark done
Event: 119.252 Executing VM operation: G1PauseRemark
Event: 119.255 Executing VM operation: G1PauseRemark done
Event: 119.260 Executing VM operation: G1PauseCleanup
Event: 119.260 Executing VM operation: G1PauseCleanup done
Event: 120.263 Executing VM operation: Cleanup
Event: 120.263 Executing VM operation: Cleanup done
Event: 126.304 Executing VM operation: Cleanup
Event: 126.304 Executing VM operation: Cleanup done
Event: 129.321 Executing VM operation: Cleanup
Event: 129.321 Executing VM operation: Cleanup done

Events (20 events):
Event: 0.038 Thread 0x000002007be3cce0 Thread added: 0x000002007be3cce0
Event: 0.038 Thread 0x000002007be3ddb0 Thread added: 0x000002007be3ddb0
Event: 0.038 Thread 0x000002007be42a50 Thread added: 0x000002007be42a50
Event: 0.038 Thread 0x000002007be46bf0 Thread added: 0x000002007be46bf0
Event: 0.038 Thread 0x000002007be4ad20 Thread added: 0x000002007be4ad20
Event: 0.038 Thread 0x000002007be58270 Thread added: 0x000002007be58270
Event: 0.085 Thread 0x000002007be0bb80 Thread added: 0x000002007be0bb80
Event: 0.160 Thread 0x000002007c8aa8d0 Thread added: 0x000002007c8aa8d0
Event: 0.160 Thread 0x000002007c8aae10 Thread added: 0x000002007c8aae10
Event: 1.134 Thread 0x000002007c8fb7a0 Thread added: 0x000002007c8fb7a0
Event: 6.167 Thread 0x000002007c8fb7a0 Thread exited: 0x000002007c8fb7a0
Event: 12.046 Thread 0x000002007c93bcc0 Thread added: 0x000002007c93bcc0
Event: 12.090 Thread 0x000002007c9ab9a0 Thread added: 0x000002007c9ab9a0
Event: 13.208 Thread 0x000002007d7aff50 Thread added: 0x000002007d7aff50
Event: 14.320 Thread 0x000002007df78670 Thread added: 0x000002007df78670
Event: 14.797 Thread 0x000002007ebc3470 Thread added: 0x000002007ebc3470
Event: 19.077 Thread 0x000002007c9ab9a0 Thread exited: 0x000002007c9ab9a0
Event: 19.077 Thread 0x000002007df78670 Thread exited: 0x000002007df78670
Event: 104.958 Thread 0x000002007de51bc0 Thread added: 0x000002007de51bc0
Event: 108.939 Thread 0x000002007de51bc0 Thread exited: 0x000002007de51bc0


Dynamic libraries:
0x00007ff726200000 - 0x00007ff726210000 	D:\JDK\jdk-19\bin\java.exe
0x00007ffe7e4b0000 - 0x00007ffe7e6a8000 	C:\WINDOWS\SYSTEM32\ntdll.dll
0x00007ffe75fa0000 - 0x00007ffe75fb9000 	C:\Program Files\Avast Software\Avast\aswhook.dll
0x00007ffe7daf0000 - 0x00007ffe7dbad000 	C:\WINDOWS\System32\KERNEL32.DLL
0x00007ffe7bbc0000 - 0x00007ffe7beb6000 	C:\WINDOWS\System32\KERNELBASE.dll
0x00007ffe7c2b0000 - 0x00007ffe7c3b0000 	C:\WINDOWS\System32\ucrtbase.dll
0x00007ffe33420000 - 0x00007ffe33438000 	D:\JDK\jdk-19\bin\jli.dll
0x00007ffe33c90000 - 0x00007ffe33cab000 	D:\JDK\jdk-19\bin\VCRUNTIME140.dll
0x00007ffe7dd10000 - 0x00007ffe7ddbf000 	C:\WINDOWS\System32\ADVAPI32.dll
0x00007ffe7e3d0000 - 0x00007ffe7e46e000 	C:\WINDOWS\System32\msvcrt.dll
0x00007ffe7dc40000 - 0x00007ffe7dcdc000 	C:\WINDOWS\System32\sechost.dll
0x00007ffe7ddd0000 - 0x00007ffe7def6000 	C:\WINDOWS\System32\RPCRT4.dll
0x00007ffe7d720000 - 0x00007ffe7d8be000 	C:\WINDOWS\System32\USER32.dll
0x00007ffe7bb90000 - 0x00007ffe7bbb2000 	C:\WINDOWS\System32\win32u.dll
0x00007ffe71190000 - 0x00007ffe7142a000 	C:\WINDOWS\WinSxS\amd64_microsoft.windows.common-controls_6595b64144ccf1df_6.0.19041.3636_none_60b6a03d71f818d5\COMCTL32.dll
0x00007ffe7dce0000 - 0x00007ffe7dd0c000 	C:\WINDOWS\System32\GDI32.dll
0x00007ffe7c0f0000 - 0x00007ffe7c20a000 	C:\WINDOWS\System32\gdi32full.dll
0x00007ffe7c050000 - 0x00007ffe7c0ed000 	C:\WINDOWS\System32\msvcp_win.dll
0x00007ffe734c0000 - 0x00007ffe734ca000 	C:\WINDOWS\SYSTEM32\VERSION.dll
0x00007ffe7cd40000 - 0x00007ffe7cd70000 	C:\WINDOWS\System32\IMM32.DLL
0x00007ffe4eee0000 - 0x00007ffe4eeec000 	D:\JDK\jdk-19\bin\vcruntime140_1.dll
0x00007ffe06fe0000 - 0x00007ffe0706e000 	D:\JDK\jdk-19\bin\msvcp140.dll
0x00007ffddf2c0000 - 0x00007ffddff80000 	D:\JDK\jdk-19\bin\server\jvm.dll
0x00007ffe71670000 - 0x00007ffe71697000 	C:\WINDOWS\SYSTEM32\WINMM.dll
0x00007ffe64fa0000 - 0x00007ffe64fa9000 	C:\WINDOWS\SYSTEM32\WSOCK32.dll
0x00007ffe7da80000 - 0x00007ffe7daeb000 	C:\WINDOWS\System32\WS2_32.dll
0x00007ffe7a3e0000 - 0x00007ffe7a3f2000 	C:\WINDOWS\SYSTEM32\kernel.appcore.dll
0x00007ffe4db60000 - 0x00007ffe4db6a000 	D:\JDK\jdk-19\bin\jimage.dll
0x00007ffe6ff00000 - 0x00007ffe700e4000 	C:\WINDOWS\SYSTEM32\DBGHELP.DLL
0x00007ffe6fdf0000 - 0x00007ffe6fe24000 	C:\WINDOWS\SYSTEM32\dbgcore.DLL
0x00007ffe7bf70000 - 0x00007ffe7bff2000 	C:\WINDOWS\System32\bcryptPrimitives.dll
0x00007ffe3d520000 - 0x00007ffe3d52e000 	D:\JDK\jdk-19\bin\instrument.dll
0x00007ffe333f0000 - 0x00007ffe33416000 	D:\JDK\jdk-19\bin\java.dll
0x00007ffdef690000 - 0x00007ffdef767000 	D:\JDK\jdk-19\bin\jsvml.dll
0x00007ffe7cfd0000 - 0x00007ffe7d714000 	C:\WINDOWS\System32\SHELL32.dll
0x00007ffe79ac0000 - 0x00007ffe7a25b000 	C:\WINDOWS\SYSTEM32\windows.storage.dll
0x00007ffe7c510000 - 0x00007ffe7c864000 	C:\WINDOWS\System32\combase.dll
0x00007ffe7b500000 - 0x00007ffe7b52d000 	C:\WINDOWS\SYSTEM32\Wldp.dll
0x00007ffe7cf20000 - 0x00007ffe7cfcd000 	C:\WINDOWS\System32\SHCORE.dll
0x00007ffe7cb60000 - 0x00007ffe7cbb5000 	C:\WINDOWS\System32\shlwapi.dll
0x00007ffe7bac0000 - 0x00007ffe7bae5000 	C:\WINDOWS\SYSTEM32\profapi.dll
0x00007ffe32450000 - 0x00007ffe32468000 	D:\JDK\jdk-19\bin\zip.dll
0x00007ffe32ab0000 - 0x00007ffe32ac3000 	D:\JDK\jdk-19\bin\net.dll
0x00007ffe6fb50000 - 0x00007ffe6fc5a000 	C:\WINDOWS\SYSTEM32\WINHTTP.dll
0x00007ffe7b260000 - 0x00007ffe7b2ca000 	C:\WINDOWS\system32\mswsock.dll
0x00007ffe32a90000 - 0x00007ffe32aa6000 	D:\JDK\jdk-19\bin\nio.dll
0x00007ffe3d500000 - 0x00007ffe3d51a000 	D:\JDK\JetBrains IntelliJ IDEA Ultimate 2022.2\IntelliJ IDEA 2022.2\bin\breakgen64.dll
0x00007ffe4ab80000 - 0x00007ffe4ab88000 	D:\JDK\jdk-19\bin\extnet.dll
0x00007ffe7af90000 - 0x00007ffe7b05a000 	C:\WINDOWS\SYSTEM32\DNSAPI.dll
0x00007ffe7af50000 - 0x00007ffe7af8b000 	C:\WINDOWS\SYSTEM32\IPHLPAPI.DLL
0x00007ffe7da70000 - 0x00007ffe7da78000 	C:\WINDOWS\System32\NSI.dll
0x00007ffe666a0000 - 0x00007ffe666aa000 	C:\Windows\System32\rasadhlp.dll
0x00007ffe66e20000 - 0x00007ffe66ea0000 	C:\WINDOWS\System32\fwpuclnt.dll
0x00007ffe7c280000 - 0x00007ffe7c2a7000 	C:\WINDOWS\System32\bcrypt.dll
0x00007ffe7b450000 - 0x00007ffe7b468000 	C:\WINDOWS\SYSTEM32\CRYPTSP.dll
0x00007ffe7ab90000 - 0x00007ffe7abc4000 	C:\WINDOWS\system32\rsaenh.dll
0x00007ffe7ba80000 - 0x00007ffe7baae000 	C:\WINDOWS\SYSTEM32\USERENV.dll
0x00007ffe7b470000 - 0x00007ffe7b47c000 	C:\WINDOWS\SYSTEM32\CRYPTBASE.dll
0x00007ffe71990000 - 0x00007ffe719a7000 	C:\WINDOWS\SYSTEM32\dhcpcsvc6.DLL
0x00007ffe72a40000 - 0x00007ffe72a5d000 	C:\WINDOWS\SYSTEM32\dhcpcsvc.DLL
0x00007ffe39e50000 - 0x00007ffe39e5e000 	D:\JDK\jdk-19\bin\sunmscapi.dll
0x00007ffe7c3b0000 - 0x00007ffe7c50d000 	C:\WINDOWS\System32\CRYPT32.dll
0x00007ffe7b570000 - 0x00007ffe7b597000 	C:\WINDOWS\SYSTEM32\ncrypt.dll
0x00007ffe7b530000 - 0x00007ffe7b56b000 	C:\WINDOWS\SYSTEM32\NTASN1.dll
0x00007ffe3f250000 - 0x00007ffe3f260000 	D:\JDK\jdk-19\bin\verify.dll

dbghelp: loaded successfully - version: 4.0.5 - missing functions: none
symbol engine: initialized successfully - sym options: 0x614 - pdb path: .;D:\JDK\jdk-19\bin;C:\WINDOWS\SYSTEM32;C:\Program Files\Avast Software\Avast;C:\WINDOWS\WinSxS\amd64_microsoft.windows.common-controls_6595b64144ccf1df_6.0.19041.3636_none_60b6a03d71f818d5;D:\JDK\jdk-19\bin\server;D:\JDK\JetBrains IntelliJ IDEA Ultimate 2022.2\IntelliJ IDEA 2022.2\bin

VM Arguments:
jvm_args: -javaagent:D:\JDK\JetBrains IntelliJ IDEA Ultimate 2022.2\IntelliJ IDEA 2022.2\lib\idea_rt.jar=50735:D:\JDK\JetBrains IntelliJ IDEA Ultimate 2022.2\IntelliJ IDEA 2022.2\bin -Dfile.encoding=windows-1251 
java_command: practise.MainServer
java_class_path (initial): D:\FCP\SEM7\CURS\Project\Server\target\classes;C:\Users\Notebook\.m2\repository\mysql\mysql-connector-java\8.0.25\mysql-connector-java-8.0.25.jar;C:\Users\Notebook\.m2\repository\com\google\protobuf\protobuf-java\3.11.4\protobuf-java-3.11.4.jar;C:\Users\Notebook\.m2\repository\jakarta\inject\jakarta.inject-api\2.0.0\jakarta.inject-api-2.0.0.jar;C:\Users\Notebook\.m2\repository\org\hibernate\orm\hibernate-core\6.0.0.Final\hibernate-core-6.0.0.Final.jar;C:\Users\Notebook\.m2\repository\jakarta\persistence\jakarta.persistence-api\3.0.0\jakarta.persistence-api-3.0.0.jar;C:\Users\Notebook\.m2\repository\jakarta\transaction\jakarta.transaction-api\2.0.0\jakarta.transaction-api-2.0.0.jar;C:\Users\Notebook\.m2\repository\org\jboss\logging\jboss-logging\3.4.3.Final\jboss-logging-3.4.3.Final.jar;C:\Users\Notebook\.m2\repository\org\jboss\jandex\2.4.2.Final\jandex-2.4.2.Final.jar;C:\Users\Notebook\.m2\repository\com\fasterxml\classmate\1.5.1\classmate-1.5.1.jar;C:\Users\Notebook\.m2\repository\org\hibernate\common\hibernate-commons-annotations\6.0.0.CR1\hibernate-commons-annotations-6.0.0.CR1.jar;C:\Users\Notebook\.m2\repository\net\bytebuddy\byte-buddy\1.12.8\byte-buddy-1.12.8.jar;C:\Users\Notebook\.m2\repository\jakarta\activation\jakarta.activation-api\2.0.1\jakarta.activation-api-2.0.1.jar;C:\Users\Notebook\.m2\repository\jakarta\xml\bind\jakarta.xml.bind-api\3.0.1\jakarta.xml.bind-api-3.0.1.jar;C:\Users\Notebook\.m2\repository\org\antlr\antlr4-runtime\4.9.1\antlr4-runtime-4.9.1.jar;C:\Users\Notebook\.m2\repository\org\glassfish\jaxb\jaxb-runtime\3.0.2\jaxb-runtime-3.0.2.jar;C:\Users\Notebook\.m2\repository\com\sun\activation\jakarta.activation\2.0.1\jakarta.activation-2.0.1.jar;C:\Users\Notebook\.m2\repository\org\glassfish\jaxb\jaxb-core\3.0.2\jaxb-core-3.0.2.jar;C:\Users\Notebook\.m2\repository\org\glassfish\jaxb\txw2\3.0.2\txw2-3.0.2.jar;C:\Users\Notebook\.m2\repository\com\sun\istack\istack-commons-runtime\4.0.1\istack-commons-runtime-4.0.1.jar;D:\FCP\SEM7\CURS\Project\DataLib\target\classes
Launcher Type: SUN_STANDARD

[Global flags]
     intx CICompilerCount                          = 4                                         {product} {ergonomic}
     uint ConcGCThreads                            = 2                                         {product} {ergonomic}
     uint G1ConcRefinementThreads                  = 8                                         {product} {ergonomic}
   size_t G1HeapRegionSize                         = 2097152                                   {product} {ergonomic}
    uintx GCDrainStackTargetSize                   = 64                                        {product} {ergonomic}
   size_t InitialHeapSize                          = 266338304                                 {product} {ergonomic}
   size_t MarkStackSize                            = 4194304                                   {product} {ergonomic}
   size_t MaxHeapSize                              = 4244635648                                {product} {ergonomic}
   size_t MaxNewSize                               = 2545942528                                {product} {ergonomic}
   size_t MinHeapDeltaBytes                        = 2097152                                   {product} {ergonomic}
   size_t MinHeapSize                              = 8388608                                   {product} {ergonomic}
    uintx NonNMethodCodeHeapSize                   = 5839372                                {pd product} {ergonomic}
    uintx NonProfiledCodeHeapSize                  = 122909434                              {pd product} {ergonomic}
    uintx ProfiledCodeHeapSize                     = 122909434                              {pd product} {ergonomic}
    uintx ReservedCodeCacheSize                    = 251658240                              {pd product} {ergonomic}
     bool SegmentedCodeCache                       = true                                      {product} {ergonomic}
   size_t SoftMaxHeapSize                          = 4244635648                             {manageable} {ergonomic}
     bool UseCompressedClassPointers               = true                           {product lp64_product} {ergonomic}
     bool UseCompressedOops                        = true                           {product lp64_product} {ergonomic}
     bool UseG1GC                                  = true                                      {product} {ergonomic}
     bool UseLargePagesIndividualAllocation        = false                                  {pd product} {ergonomic}

Logging:
Log output configuration:
 #0: stdout all=warning uptime,level,tags foldmultilines=false
 #1: stderr all=off uptime,level,tags foldmultilines=false

Environment Variables:
JAVA_HOME=C:\Program Files\Java\jdk-20
CLASSPATH=C:\Program Files\Java\jdk-20\lib;C:\Program Files\Java\jdk-20\jre\lib;
PATH=C:\Program Files\Microsoft MPI\Bin\;D:\AVR ToolChain\WinAVR\bin;D:\AVR ToolChain\WinAVR\utils\bin;D:\Proteus&Eclipse\MMVP\4.6 2012q4\bin;C:\Program Files\Microsoft SQL Server\130\Tools\Binn\;C:\Program Files\Microsoft OLE DB Provider for DB2\System\;D:\JDK\maven\apache-maven-3.8.6\bin;D:\JDK\Git\cmd;D:\JDK\RationalRose\common;C:\Program Files\Java\jdk-20\bin;C:\Program Files (x86)\Microsoft SQL Server\150\Tools\Binn\;C:\Program Files\Microsoft SQL Server\150\Tools\Binn\;C:\Program Files (x86)\Microsoft SQL Server\150\DTS\Binn\;C:\Program Files\Microsoft SQL Server\150\DTS\Binn\;C:\Program Files\Azure Data Studio\bin;C:\Program Files\Microsoft SQL Server\90\Tools\binn\;d:\Microsoft SQL Server\BOL (x86)\90\Tools\binn\;d:\Microsoft SQL Server\BOL (x86)\90\DTS\Binn\;d:\Microsoft SQL Server\BOL (x86)\90\Tools\Binn\VSShell\Common7\IDE\;C:\Program Files (x86)\Microsoft Visual Studio 8\Common7\IDE\PrivateAssemblies\;C:\Program Files\Microsoft SQL Server\Client SDK\ODBC\170\Tools\Binn\;C:\Program Files\dotnet\;C:\Program Files\MySQL\MySQL Shell 8.0\bin\;C:\Users\Notebook\AppData\Local\Microsoft\WindowsApps;C:\Program Files\Azure Data Studio\bin;C:\Program Files\Java\jdk-20;D:\JDK\Apache Tomcat\apache-tomcat-8.1\lib;C:\Program Files\Java\jdk-20\bin;;C:\Program Files\Azure Data Studio\bin;C:\Users\Notebook\.dotnet\tools
USERNAME=Notebook
OS=Windows_NT
PROCESSOR_IDENTIFIER=AMD64 Family 23 Model 24 Stepping 1, AuthenticAMD
TMP=C:\Users\Notebook\AppData\Local\Temp
TEMP=C:\Users\Notebook\AppData\Local\Temp



---------------  S Y S T E M  ---------------

OS:
 Windows 10 , 64 bit Build 19041 (10.0.19041.3636)
OS uptime: 1 days 9:38 hours

CPU: total 8 (initial active 8) (8 cores per cpu, 2 threads per core) family 23 model 24 stepping 1 microcode 0x0, cx8, cmov, fxsr, ht, mmx, 3dnowpref, sse, sse2, sse3, ssse3, sse4a, sse4.1, sse4.2, popcnt, lzcnt, tsc, tscinvbit, avx, avx2, aes, clmul, bmi1, bmi2, adx, sha, fma, vzeroupper, clflush, clflushopt, rdtscp

Memory: 4k page, system-wide physical 16189M (5568M free)
TotalPageFile size 18237M (AvailPageFile size 6M)
current process WorkingSet (physical memory assigned to process): 479M, peak: 479M
current process commit charge ("private bytes"): 542M, peak: 544M

vm_info: Java HotSpot(TM) 64-Bit Server VM (19+36-2238) for windows-amd64 JRE (19+36-2238), built on 2022-08-12T20:29:01Z by "mach5one" with MS VC++ 17.1 (VS2022)

END.
