#
# There is insufficient memory for the Java Runtime Environment to continue.
# Native memory allocation (mmap) failed to map 207618048 bytes for G1 virtual space
# Possible reasons:
#   The system is out of physical RAM or swap space
#   The process is running with CompressedOops enabled, and the Java Heap may be blocking the growth of the native heap
# Possible solutions:
#   Reduce memory load on the system
#   Increase physical memory or swap space
#   Check if swap backing store is full
#   Decrease Java heap size (-Xmx/-Xms)
#   Decrease number of Java threads
#   Decrease Java thread stack sizes (-Xss)
#   Set larger code cache with -XX:ReservedCodeCacheSize=
#   JVM is running with Zero Based Compressed Oops mode in which the Java heap is
#     placed in the first 32GB address space. The Java Heap base address is the
#     maximum limit for the native heap growth. Please use -XX:HeapBaseMinAddress
#     to set the Java Heap base and to place the Java Heap above 32GB virtual address.
# This output file may be truncated or incomplete.
#
#  Out of Memory Error (os_windows.cpp:3527), pid=17268, tid=680
#
# JRE version: Java(TM) SE Runtime Environment (19.0+36) (build 19+36-2238)
# Java VM: Java HotSpot(TM) 64-Bit Server VM (19+36-2238, mixed mode, sharing, tiered, compressed oops, compressed class ptrs, g1 gc, windows-amd64)
# No core dump will be written. Minidumps are not enabled by default on client versions of Windows
#

---------------  S U M M A R Y ------------

Command Line: -javaagent:D:\JDK\JetBrains IntelliJ IDEA Ultimate 2022.2\IntelliJ IDEA 2022.2\lib\idea_rt.jar=50805:D:\JDK\JetBrains IntelliJ IDEA Ultimate 2022.2\IntelliJ IDEA 2022.2\bin -Dfile.encoding=windows-1251 practise.MainServer

Host: AMD Ryzen 7 3750H with Radeon Vega Mobile Gfx  , 8 cores, 15G,  Windows 10 , 64 bit Build 19041 (10.0.19041.3636)
Time: Sun Nov 26 22:09:17 2023  Windows 10 , 64 bit Build 19041 (10.0.19041.3636) elapsed time: 83.105637 seconds (0d 0h 1m 23s)

---------------  T H R E A D  ---------------

Current thread (0x000002a6dc8fc780):  VMThread "VM Thread" [stack: 0x000000a93a000000,0x000000a93a100000] [id=680]

Stack: [0x000000a93a000000,0x000000a93a100000]
Native frames: (J=compiled Java code, j=interpreted, Vv=VM code, C=native code)
V  [jvm.dll+0x6ee8fa]
V  [jvm.dll+0x857a1e]
V  [jvm.dll+0x85940e]
V  [jvm.dll+0x859ac3]
V  [jvm.dll+0x28291f]
V  [jvm.dll+0x6eb6e9]
V  [jvm.dll+0x6e028a]
V  [jvm.dll+0x357136]
V  [jvm.dll+0x35eb96]
V  [jvm.dll+0x3b555e]
V  [jvm.dll+0x3b578f]
V  [jvm.dll+0x32c6ea]
V  [jvm.dll+0x32c797]
V  [jvm.dll+0x374b52]
V  [jvm.dll+0x37328f]
V  [jvm.dll+0x32bf10]
V  [jvm.dll+0x37282b]
V  [jvm.dll+0x85ef83]
V  [jvm.dll+0x85fd49]
V  [jvm.dll+0x86027d]
V  [jvm.dll+0x86070b]
V  [jvm.dll+0x8607c7]
V  [jvm.dll+0x8015fa]
V  [jvm.dll+0x6ed5eb]
C  [ucrtbase.dll+0x21bb2]
C  [KERNEL32.DLL+0x17344]
C  [ntdll.dll+0x526b1]

VM_Operation (0x000000a93baff3a0): G1CollectForAllocation, mode: safepoint, requested by thread 0x000002a6e31b66b0


---------------  P R O C E S S  ---------------

Threads class SMR info:
_java_thread_list=0x000002a6e31bf490, length=16, elements={
0x000002a6b95ffe20, 0x000002a6dc918500, 0x000002a6dc9191d0, 0x000002a6dc91b4d0,
0x000002a6dc91e0b0, 0x000002a6dc91ecc0, 0x000002a6dc92a670, 0x000002a6dc92c5c0,
0x000002a6dc9360f0, 0x000002a6dc947bd0, 0x000002a6dc8ebd20, 0x000002a6e0f004d0,
0x000002a6e0f00a10, 0x000002a6e0ffb9c0, 0x000002a6e1eef310, 0x000002a6e31b66b0
}

Java Threads: ( => current thread )
  0x000002a6b95ffe20 JavaThread "main" [_thread_in_native, id=21044, stack(0x000000a939a00000,0x000000a939b00000)]
  0x000002a6dc918500 JavaThread "Reference Handler" daemon [_thread_blocked, id=8544, stack(0x000000a93a100000,0x000000a93a200000)]
  0x000002a6dc9191d0 JavaThread "Finalizer" daemon [_thread_blocked, id=5964, stack(0x000000a93a200000,0x000000a93a300000)]
  0x000002a6dc91b4d0 JavaThread "Signal Dispatcher" daemon [_thread_blocked, id=7984, stack(0x000000a93a300000,0x000000a93a400000)]
  0x000002a6dc91e0b0 JavaThread "Attach Listener" daemon [_thread_blocked, id=21056, stack(0x000000a93a400000,0x000000a93a500000)]
  0x000002a6dc91ecc0 JavaThread "Service Thread" daemon [_thread_blocked, id=22228, stack(0x000000a93a500000,0x000000a93a600000)]
  0x000002a6dc92a670 JavaThread "Monitor Deflation Thread" daemon [_thread_blocked, id=17908, stack(0x000000a93a600000,0x000000a93a700000)]
  0x000002a6dc92c5c0 JavaThread "C2 CompilerThread0" daemon [_thread_blocked, id=20516, stack(0x000000a93a700000,0x000000a93a800000)]
  0x000002a6dc9360f0 JavaThread "C1 CompilerThread0" daemon [_thread_blocked, id=20080, stack(0x000000a93a800000,0x000000a93a900000)]
  0x000002a6dc947bd0 JavaThread "Sweeper thread" daemon [_thread_blocked, id=22320, stack(0x000000a93a900000,0x000000a93aa00000)]
  0x000002a6dc8ebd20 JavaThread "Common-Cleaner" daemon [_thread_blocked, id=10964, stack(0x000000a93aa00000,0x000000a93ab00000)]
  0x000002a6e0f004d0 JavaThread "Monitor Ctrl-Break" daemon [_thread_in_native, id=7736, stack(0x000000a93ac00000,0x000000a93ad00000)]
  0x000002a6e0f00a10 JavaThread "Notification Thread" daemon [_thread_blocked, id=10324, stack(0x000000a93ad00000,0x000000a93ae00000)]
  0x000002a6e0ffb9c0 JavaThread "mysql-cj-abandoned-connection-cleanup" daemon [_thread_blocked, id=19440, stack(0x000000a93ab00000,0x000000a93ac00000)]
  0x000002a6e1eef310 JavaThread "Hibernate Connection Pool Validation Thread" daemon [_thread_blocked, id=19136, stack(0x000000a93b800000,0x000000a93b900000)]
  0x000002a6e31b66b0 JavaThread "Thread-0" [_thread_blocked, id=16920, stack(0x000000a93ba00000,0x000000a93bb00000)]

Other Threads:
=>0x000002a6dc8fc780 VMThread "VM Thread" [stack: 0x000000a93a000000,0x000000a93a100000] [id=680]
  0x000002a6e0f03840 WatcherThread "VM Periodic Task Thread" [stack: 0x000000a93ae00000,0x000000a93af00000] [id=19388]
  0x000002a6b966bea0 WorkerThread "GC Thread#0" [stack: 0x000000a939b00000,0x000000a939c00000] [id=21148]
  0x000002a6e0d47900 WorkerThread "GC Thread#1" [stack: 0x000000a93b000000,0x000000a93b100000] [id=17084]
  0x000002a6e0d47bd0 WorkerThread "GC Thread#2" [stack: 0x000000a93b100000,0x000000a93b200000] [id=22384]
  0x000002a6e0d46280 WorkerThread "GC Thread#3" [stack: 0x000000a93b200000,0x000000a93b300000] [id=16180]
  0x000002a6e0d46820 WorkerThread "GC Thread#4" [stack: 0x000000a93b300000,0x000000a93b400000] [id=13408]
  0x000002a6e0d46af0 WorkerThread "GC Thread#5" [stack: 0x000000a93b400000,0x000000a93b500000] [id=8500]
  0x000002a6e0d47090 WorkerThread "GC Thread#6" [stack: 0x000000a93b500000,0x000000a93b600000] [id=20620]
  0x000002a6e0d47360 WorkerThread "GC Thread#7" [stack: 0x000000a93b600000,0x000000a93b700000] [id=17440]
  0x000002a6b967cc80 ConcurrentGCThread "G1 Main Marker" [stack: 0x000000a939c00000,0x000000a939d00000] [id=21112]
  0x000002a6b967ed70 WorkerThread "G1 Conc#0" [stack: 0x000000a939d00000,0x000000a939e00000] [id=13064]
  0x000002a6e1e1d060 WorkerThread "G1 Conc#1" [stack: 0x000000a93b900000,0x000000a93ba00000] [id=18364]
  0x000002a6dc7b5940 ConcurrentGCThread "G1 Refine#0" [stack: 0x000000a939e00000,0x000000a939f00000] [id=22260]
  0x000002a6dc7b6130 ConcurrentGCThread "G1 Service" [stack: 0x000000a939f00000,0x000000a93a000000] [id=18104]

Threads with active compile tasks:

VM state: at safepoint (normal execution)

VM Mutex/Monitor currently owned by a thread:  ([mutex/lock_event])
[0x000002a6b95fdff0] Threads_lock - owner thread: 0x000002a6dc8fc780
[0x000002a6b95fe8f0] Heap_lock - owner thread: 0x000002a6e31b66b0

Heap address: 0x0000000703000000, size: 4048 MB, Compressed Oops mode: Zero based, Oop shift amount: 3

CDS archive(s) mapped at: [0x0000000800000000-0x0000000800c40000-0x0000000800c40000), size 12845056, SharedBaseAddress: 0x0000000800000000, ArchiveRelocationMode: 0.
Compressed class space mapped at: 0x0000000801000000-0x0000000841000000, reserved size: 1073741824
Narrow klass base: 0x0000000800000000, Narrow klass shift: 0, Narrow klass range: 0x100000000

GC Precious Log:
 CardTable entry size: 512
 Card Set container configuration: InlinePtr #cards 4 size 8 Array Of Cards #cards 8 size 32 Howl #buckets 8 coarsen threshold 3686 Howl Bitmap #cards 512 size 80 coarsen threshold 460 Card regions per heap region 1 cards per card region 4096
 CPUs: 8 total, 8 available
 Memory: 16189M
 Large Page Support: Disabled
 NUMA Support: Disabled
 Compressed Oops: Enabled (Zero based)
 Heap Region Size: 2M
 Heap Min Capacity: 8M
 Heap Initial Capacity: 254M
 Heap Max Capacity: 4048M
 Pre-touch: Disabled
 Parallel Workers: 8
 Concurrent Workers: 2
 Concurrent Refinement Workers: 8
 Periodic GC: Disabled

Heap:
 garbage-first heap   total 489472K, used 21578K [0x0000000703000000, 0x0000000800000000)
  region size 2048K, 1 young (2048K), 1 survivors (2048K)
 Metaspace       used 39559K, committed 39936K, reserved 1114112K
  class space    used 4997K, committed 5184K, reserved 1048576K

Heap Regions: E=young(eden), S=young(survivor), O=old, HS=humongous(starts), HC=humongous(continues), CS=collection set, F=free, OA=open archive, CA=closed archive, TAMS=top-at-mark-start (previous, next)
|   0|0x0000000703000000, 0x0000000703200000, 0x0000000703200000|100%| O|  |TAMS 0x0000000703200000, 0x0000000703000000| Untracked 
|   1|0x0000000703200000, 0x0000000703400000, 0x0000000703400000|100%| O|  |TAMS 0x0000000703400000, 0x0000000703200000| Untracked 
|   2|0x0000000703400000, 0x0000000703600000, 0x0000000703600000|100%| O|  |TAMS 0x0000000703600000, 0x0000000703400000| Untracked 
|   3|0x0000000703600000, 0x0000000703800000, 0x0000000703800000|100%| O|  |TAMS 0x0000000703800000, 0x0000000703600000| Untracked 
|   4|0x0000000703800000, 0x0000000703a00000, 0x0000000703a00000|100%| O|  |TAMS 0x0000000703a00000, 0x0000000703800000| Untracked 
|   5|0x0000000703a00000, 0x0000000703c00000, 0x0000000703c00000|100%| O|  |TAMS 0x0000000703c00000, 0x0000000703a00000| Untracked 
|   6|0x0000000703c00000, 0x0000000703e00000, 0x0000000703e00000|100%| O|  |TAMS 0x0000000703e00000, 0x0000000703c00000| Untracked 
|   7|0x0000000703e00000, 0x0000000703e00000, 0x0000000704000000|  0%| F|  |TAMS 0x0000000703e00000, 0x0000000703e00000| Untracked 
|   8|0x0000000704000000, 0x0000000704200000, 0x0000000704200000|100%| O|  |TAMS 0x0000000704200000, 0x0000000704000000| Untracked 
|   9|0x0000000704200000, 0x00000007042f4400, 0x0000000704400000| 47%| O|  |TAMS 0x00000007042f4400, 0x0000000704200000| Untracked 
|  10|0x0000000704400000, 0x00000007045a8600, 0x0000000704600000| 82%| O|  |TAMS 0x0000000704400000, 0x0000000704400000| Untracked 
|  11|0x0000000704600000, 0x0000000704800000, 0x0000000704800000|100%|HS|  |TAMS 0x0000000704600000, 0x0000000704600000| Complete 
|  12|0x0000000704800000, 0x0000000704800000, 0x0000000704a00000|  0%| F|  |TAMS 0x0000000704800000, 0x0000000704800000| Untracked 
|  13|0x0000000704a00000, 0x0000000704a00000, 0x0000000704c00000|  0%| F|  |TAMS 0x0000000704a00000, 0x0000000704a00000| Untracked 
|  14|0x0000000704c00000, 0x0000000704c00000, 0x0000000704e00000|  0%| F|  |TAMS 0x0000000704c00000, 0x0000000704c00000| Untracked 
|  15|0x0000000704e00000, 0x0000000704e00000, 0x0000000705000000|  0%| F|  |TAMS 0x0000000704e00000, 0x0000000704e00000| Untracked 
|  16|0x0000000705000000, 0x0000000705000000, 0x0000000705200000|  0%| F|  |TAMS 0x0000000705000000, 0x0000000705000000| Untracked 
|  17|0x0000000705200000, 0x0000000705200000, 0x0000000705400000|  0%| F|  |TAMS 0x0000000705200000, 0x0000000705200000| Untracked 
|  18|0x0000000705400000, 0x0000000705400000, 0x0000000705600000|  0%| F|  |TAMS 0x0000000705400000, 0x0000000705400000| Untracked 
|  19|0x0000000705600000, 0x0000000705600000, 0x0000000705800000|  0%| F|  |TAMS 0x0000000705600000, 0x0000000705600000| Untracked 
|  20|0x0000000705800000, 0x0000000705800000, 0x0000000705a00000|  0%| F|  |TAMS 0x0000000705800000, 0x0000000705800000| Untracked 
|  21|0x0000000705a00000, 0x0000000705a00000, 0x0000000705c00000|  0%| F|  |TAMS 0x0000000705a00000, 0x0000000705a00000| Untracked 
|  22|0x0000000705c00000, 0x0000000705c00000, 0x0000000705e00000|  0%| F|  |TAMS 0x0000000705c00000, 0x0000000705c00000| Untracked 
|  23|0x0000000705e00000, 0x0000000705e00000, 0x0000000706000000|  0%| F|  |TAMS 0x0000000705e00000, 0x0000000705e00000| Untracked 
|  24|0x0000000706000000, 0x0000000706000000, 0x0000000706200000|  0%| F|  |TAMS 0x0000000706000000, 0x0000000706000000| Untracked 
|  25|0x0000000706200000, 0x0000000706200000, 0x0000000706400000|  0%| F|  |TAMS 0x0000000706200000, 0x0000000706200000| Untracked 
|  26|0x0000000706400000, 0x0000000706400000, 0x0000000706600000|  0%| F|  |TAMS 0x0000000706400000, 0x0000000706400000| Untracked 
|  27|0x0000000706600000, 0x0000000706600000, 0x0000000706800000|  0%| F|  |TAMS 0x0000000706600000, 0x0000000706600000| Untracked 
|  28|0x0000000706800000, 0x0000000706800000, 0x0000000706a00000|  0%| F|  |TAMS 0x0000000706800000, 0x0000000706800000| Untracked 
|  29|0x0000000706a00000, 0x0000000706a00000, 0x0000000706c00000|  0%| F|  |TAMS 0x0000000706a00000, 0x0000000706a00000| Untracked 
|  30|0x0000000706c00000, 0x0000000706c00000, 0x0000000706e00000|  0%| F|  |TAMS 0x0000000706c00000, 0x0000000706c00000| Untracked 
|  31|0x0000000706e00000, 0x0000000706e00000, 0x0000000707000000|  0%| F|  |TAMS 0x0000000706e00000, 0x0000000706e00000| Untracked 
|  32|0x0000000707000000, 0x0000000707000000, 0x0000000707200000|  0%| F|  |TAMS 0x0000000707000000, 0x0000000707000000| Untracked 
|  33|0x0000000707200000, 0x0000000707200000, 0x0000000707400000|  0%| F|  |TAMS 0x0000000707200000, 0x0000000707200000| Untracked 
|  34|0x0000000707400000, 0x0000000707400000, 0x0000000707600000|  0%| F|  |TAMS 0x0000000707400000, 0x0000000707400000| Untracked 
|  35|0x0000000707600000, 0x0000000707600000, 0x0000000707800000|  0%| F|  |TAMS 0x0000000707600000, 0x0000000707600000| Untracked 
|  36|0x0000000707800000, 0x0000000707800000, 0x0000000707a00000|  0%| F|  |TAMS 0x0000000707800000, 0x0000000707800000| Untracked 
|  37|0x0000000707a00000, 0x0000000707a00000, 0x0000000707c00000|  0%| F|  |TAMS 0x0000000707a00000, 0x0000000707a00000| Untracked 
|  38|0x0000000707c00000, 0x0000000707c00000, 0x0000000707e00000|  0%| F|  |TAMS 0x0000000707c00000, 0x0000000707c00000| Untracked 
|  39|0x0000000707e00000, 0x0000000707e00000, 0x0000000708000000|  0%| F|  |TAMS 0x0000000707e00000, 0x0000000707e00000| Untracked 
|  40|0x0000000708000000, 0x0000000708000000, 0x0000000708200000|  0%| F|  |TAMS 0x0000000708000000, 0x0000000708000000| Untracked 
|  41|0x0000000708200000, 0x0000000708200000, 0x0000000708400000|  0%| F|  |TAMS 0x0000000708200000, 0x0000000708200000| Untracked 
|  42|0x0000000708400000, 0x0000000708400000, 0x0000000708600000|  0%| F|  |TAMS 0x0000000708400000, 0x0000000708400000| Untracked 
|  43|0x0000000708600000, 0x0000000708600000, 0x0000000708800000|  0%| F|  |TAMS 0x0000000708600000, 0x0000000708600000| Untracked 
|  44|0x0000000708800000, 0x0000000708800000, 0x0000000708a00000|  0%| F|  |TAMS 0x0000000708800000, 0x0000000708800000| Untracked 
|  45|0x0000000708a00000, 0x0000000708a00000, 0x0000000708c00000|  0%| F|  |TAMS 0x0000000708a00000, 0x0000000708a00000| Untracked 
|  46|0x0000000708c00000, 0x0000000708c00000, 0x0000000708e00000|  0%| F|  |TAMS 0x0000000708c00000, 0x0000000708c00000| Untracked 
|  47|0x0000000708e00000, 0x0000000708e00000, 0x0000000709000000|  0%| F|  |TAMS 0x0000000708e00000, 0x0000000708e00000| Untracked 
|  48|0x0000000709000000, 0x0000000709000000, 0x0000000709200000|  0%| F|  |TAMS 0x0000000709000000, 0x0000000709000000| Untracked 
|  49|0x0000000709200000, 0x0000000709200000, 0x0000000709400000|  0%| F|  |TAMS 0x0000000709200000, 0x0000000709200000| Untracked 
|  50|0x0000000709400000, 0x0000000709400000, 0x0000000709600000|  0%| F|  |TAMS 0x0000000709400000, 0x0000000709400000| Untracked 
|  51|0x0000000709600000, 0x0000000709600000, 0x0000000709800000|  0%| F|  |TAMS 0x0000000709600000, 0x0000000709600000| Untracked 
|  52|0x0000000709800000, 0x0000000709800000, 0x0000000709a00000|  0%| F|  |TAMS 0x0000000709800000, 0x0000000709800000| Untracked 
|  53|0x0000000709a00000, 0x0000000709a00000, 0x0000000709c00000|  0%| F|  |TAMS 0x0000000709a00000, 0x0000000709a00000| Untracked 
|  54|0x0000000709c00000, 0x0000000709c00000, 0x0000000709e00000|  0%| F|  |TAMS 0x0000000709c00000, 0x0000000709c00000| Untracked 
|  55|0x0000000709e00000, 0x0000000709e00000, 0x000000070a000000|  0%| F|  |TAMS 0x0000000709e00000, 0x0000000709e00000| Untracked 
|  56|0x000000070a000000, 0x000000070a000000, 0x000000070a200000|  0%| F|  |TAMS 0x000000070a000000, 0x000000070a000000| Untracked 
|  57|0x000000070a200000, 0x000000070a200000, 0x000000070a400000|  0%| F|  |TAMS 0x000000070a200000, 0x000000070a200000| Untracked 
|  58|0x000000070a400000, 0x000000070a400000, 0x000000070a600000|  0%| F|  |TAMS 0x000000070a400000, 0x000000070a400000| Untracked 
|  59|0x000000070a600000, 0x000000070a600000, 0x000000070a800000|  0%| F|  |TAMS 0x000000070a600000, 0x000000070a600000| Untracked 
|  60|0x000000070a800000, 0x000000070a800000, 0x000000070aa00000|  0%| F|  |TAMS 0x000000070a800000, 0x000000070a800000| Untracked 
|  61|0x000000070aa00000, 0x000000070aa00000, 0x000000070ac00000|  0%| F|  |TAMS 0x000000070aa00000, 0x000000070aa00000| Untracked 
|  62|0x000000070ac00000, 0x000000070ac00000, 0x000000070ae00000|  0%| F|  |TAMS 0x000000070ac00000, 0x000000070ac00000| Untracked 
|  63|0x000000070ae00000, 0x000000070ae00000, 0x000000070b000000|  0%| F|  |TAMS 0x000000070ae00000, 0x000000070ae00000| Untracked 
|  64|0x000000070b000000, 0x000000070b000000, 0x000000070b200000|  0%| F|  |TAMS 0x000000070b000000, 0x000000070b000000| Untracked 
|  65|0x000000070b200000, 0x000000070b200000, 0x000000070b400000|  0%| F|  |TAMS 0x000000070b200000, 0x000000070b200000| Untracked 
|  66|0x000000070b400000, 0x000000070b400000, 0x000000070b600000|  0%| F|  |TAMS 0x000000070b400000, 0x000000070b400000| Untracked 
|  67|0x000000070b600000, 0x000000070b600000, 0x000000070b800000|  0%| F|  |TAMS 0x000000070b600000, 0x000000070b600000| Untracked 
|  68|0x000000070b800000, 0x000000070b800000, 0x000000070ba00000|  0%| F|  |TAMS 0x000000070b800000, 0x000000070b800000| Untracked 
|  69|0x000000070ba00000, 0x000000070ba00000, 0x000000070bc00000|  0%| F|  |TAMS 0x000000070ba00000, 0x000000070ba00000| Untracked 
|  70|0x000000070bc00000, 0x000000070bc00000, 0x000000070be00000|  0%| F|  |TAMS 0x000000070bc00000, 0x000000070bc00000| Untracked 
|  71|0x000000070be00000, 0x000000070be00000, 0x000000070c000000|  0%| F|  |TAMS 0x000000070be00000, 0x000000070be00000| Untracked 
|  72|0x000000070c000000, 0x000000070c000000, 0x000000070c200000|  0%| F|  |TAMS 0x000000070c000000, 0x000000070c000000| Untracked 
|  73|0x000000070c200000, 0x000000070c200000, 0x000000070c400000|  0%| F|  |TAMS 0x000000070c200000, 0x000000070c200000| Untracked 
|  74|0x000000070c400000, 0x000000070c400000, 0x000000070c600000|  0%| F|  |TAMS 0x000000070c400000, 0x000000070c400000| Untracked 
|  75|0x000000070c600000, 0x000000070c600000, 0x000000070c800000|  0%| F|  |TAMS 0x000000070c600000, 0x000000070c600000| Untracked 
|  76|0x000000070c800000, 0x000000070c800000, 0x000000070ca00000|  0%| F|  |TAMS 0x000000070c800000, 0x000000070c800000| Untracked 
|  77|0x000000070ca00000, 0x000000070ca00000, 0x000000070cc00000|  0%| F|  |TAMS 0x000000070ca00000, 0x000000070ca00000| Untracked 
|  78|0x000000070cc00000, 0x000000070cc00000, 0x000000070ce00000|  0%| F|  |TAMS 0x000000070cc00000, 0x000000070cc00000| Untracked 
|  79|0x000000070ce00000, 0x000000070ce00000, 0x000000070d000000|  0%| F|  |TAMS 0x000000070ce00000, 0x000000070ce00000| Untracked 
|  80|0x000000070d000000, 0x000000070d000000, 0x000000070d200000|  0%| F|  |TAMS 0x000000070d000000, 0x000000070d000000| Untracked 
|  81|0x000000070d200000, 0x000000070d200000, 0x000000070d400000|  0%| F|  |TAMS 0x000000070d200000, 0x000000070d200000| Untracked 
|  82|0x000000070d400000, 0x000000070d400000, 0x000000070d600000|  0%| F|  |TAMS 0x000000070d400000, 0x000000070d400000| Untracked 
|  83|0x000000070d600000, 0x000000070d600000, 0x000000070d800000|  0%| F|  |TAMS 0x000000070d600000, 0x000000070d600000| Untracked 
|  84|0x000000070d800000, 0x000000070d800000, 0x000000070da00000|  0%| F|  |TAMS 0x000000070d800000, 0x000000070d800000| Untracked 
|  85|0x000000070da00000, 0x000000070da00000, 0x000000070dc00000|  0%| F|  |TAMS 0x000000070da00000, 0x000000070da00000| Untracked 
|  86|0x000000070dc00000, 0x000000070dc00000, 0x000000070de00000|  0%| F|  |TAMS 0x000000070dc00000, 0x000000070dc00000| Untracked 
|  87|0x000000070de00000, 0x000000070de00000, 0x000000070e000000|  0%| F|  |TAMS 0x000000070de00000, 0x000000070de00000| Untracked 
|  88|0x000000070e000000, 0x000000070e000000, 0x000000070e200000|  0%| F|  |TAMS 0x000000070e000000, 0x000000070e000000| Untracked 
|  89|0x000000070e200000, 0x000000070e200000, 0x000000070e400000|  0%| F|  |TAMS 0x000000070e200000, 0x000000070e200000| Untracked 
|  90|0x000000070e400000, 0x000000070e400000, 0x000000070e600000|  0%| F|  |TAMS 0x000000070e400000, 0x000000070e400000| Untracked 
|  91|0x000000070e600000, 0x000000070e600000, 0x000000070e800000|  0%| F|  |TAMS 0x000000070e600000, 0x000000070e600000| Untracked 
|  92|0x000000070e800000, 0x000000070e800000, 0x000000070ea00000|  0%| F|  |TAMS 0x000000070e800000, 0x000000070e800000| Untracked 
|  93|0x000000070ea00000, 0x000000070ea00000, 0x000000070ec00000|  0%| F|  |TAMS 0x000000070ea00000, 0x000000070ea00000| Untracked 
|  94|0x000000070ec00000, 0x000000070ec00000, 0x000000070ee00000|  0%| F|  |TAMS 0x000000070ec00000, 0x000000070ec00000| Untracked 
|  95|0x000000070ee00000, 0x000000070ee00000, 0x000000070f000000|  0%| F|  |TAMS 0x000000070ee00000, 0x000000070ee00000| Untracked 
|  96|0x000000070f000000, 0x000000070f0760f8, 0x000000070f200000| 23%| S|CS|TAMS 0x000000070f000000, 0x000000070f000000| Complete 
|  97|0x000000070f200000, 0x000000070f200000, 0x000000070f400000|  0%| F|  |TAMS 0x000000070f200000, 0x000000070f200000| Untracked 
|  98|0x000000070f400000, 0x000000070f400000, 0x000000070f600000|  0%| F|  |TAMS 0x000000070f400000, 0x000000070f400000| Untracked 
|  99|0x000000070f600000, 0x000000070f600000, 0x000000070f800000|  0%| F|  |TAMS 0x000000070f600000, 0x000000070f600000| Untracked 
| 100|0x000000070f800000, 0x000000070f800000, 0x000000070fa00000|  0%| F|  |TAMS 0x000000070f800000, 0x000000070f800000| Untracked 
| 101|0x000000070fa00000, 0x000000070fa00000, 0x000000070fc00000|  0%| F|  |TAMS 0x000000070fa00000, 0x000000070fa00000| Untracked 
| 102|0x000000070fc00000, 0x000000070fc00000, 0x000000070fe00000|  0%| F|  |TAMS 0x000000070fc00000, 0x000000070fc00000| Untracked 
| 103|0x000000070fe00000, 0x000000070fe00000, 0x0000000710000000|  0%| F|  |TAMS 0x000000070fe00000, 0x000000070fe00000| Untracked 
| 104|0x0000000710000000, 0x0000000710000000, 0x0000000710200000|  0%| F|  |TAMS 0x0000000710000000, 0x0000000710000000| Untracked 
| 105|0x0000000710200000, 0x0000000710200000, 0x0000000710400000|  0%| F|  |TAMS 0x0000000710200000, 0x0000000710200000| Untracked 
| 106|0x0000000710400000, 0x0000000710400000, 0x0000000710600000|  0%| F|  |TAMS 0x0000000710400000, 0x0000000710400000| Untracked 
| 107|0x0000000710600000, 0x0000000710600000, 0x0000000710800000|  0%| F|  |TAMS 0x0000000710600000, 0x0000000710600000| Untracked 
| 108|0x0000000710800000, 0x0000000710800000, 0x0000000710a00000|  0%| F|  |TAMS 0x0000000710800000, 0x0000000710800000| Untracked 
| 109|0x0000000710a00000, 0x0000000710a00000, 0x0000000710c00000|  0%| F|  |TAMS 0x0000000710a00000, 0x0000000710a00000| Untracked 
| 110|0x0000000710c00000, 0x0000000710c00000, 0x0000000710e00000|  0%| F|  |TAMS 0x0000000710c00000, 0x0000000710c00000| Untracked 
| 111|0x0000000710e00000, 0x0000000710e00000, 0x0000000711000000|  0%| F|  |TAMS 0x0000000710e00000, 0x0000000710e00000| Untracked 
| 112|0x0000000711000000, 0x0000000711000000, 0x0000000711200000|  0%| F|  |TAMS 0x0000000711000000, 0x0000000711000000| Untracked 
| 113|0x0000000711200000, 0x0000000711200000, 0x0000000711400000|  0%| F|  |TAMS 0x0000000711200000, 0x0000000711200000| Untracked 
| 114|0x0000000711400000, 0x0000000711400000, 0x0000000711600000|  0%| F|  |TAMS 0x0000000711400000, 0x0000000711400000| Untracked 
| 115|0x0000000711600000, 0x0000000711600000, 0x0000000711800000|  0%| F|  |TAMS 0x0000000711600000, 0x0000000711600000| Untracked 
| 116|0x0000000711800000, 0x0000000711800000, 0x0000000711a00000|  0%| F|  |TAMS 0x0000000711800000, 0x0000000711800000| Untracked 
| 117|0x0000000711a00000, 0x0000000711a00000, 0x0000000711c00000|  0%| F|  |TAMS 0x0000000711a00000, 0x0000000711a00000| Untracked 
| 118|0x0000000711c00000, 0x0000000711c00000, 0x0000000711e00000|  0%| F|  |TAMS 0x0000000711c00000, 0x0000000711c00000| Untracked 
| 119|0x0000000711e00000, 0x0000000711e00000, 0x0000000712000000|  0%| F|  |TAMS 0x0000000711e00000, 0x0000000711e00000| Untracked 
| 120|0x0000000712000000, 0x0000000712000000, 0x0000000712200000|  0%| F|  |TAMS 0x0000000712000000, 0x0000000712000000| Untracked 
| 121|0x0000000712200000, 0x0000000712200000, 0x0000000712400000|  0%| F|  |TAMS 0x0000000712200000, 0x0000000712200000| Untracked 
| 122|0x0000000712400000, 0x0000000712400000, 0x0000000712600000|  0%| F|  |TAMS 0x0000000712400000, 0x0000000712400000| Untracked 
| 123|0x0000000712600000, 0x0000000712600000, 0x0000000712800000|  0%| F|  |TAMS 0x0000000712600000, 0x0000000712600000| Untracked 
| 124|0x0000000712800000, 0x0000000712800000, 0x0000000712a00000|  0%| F|  |TAMS 0x0000000712800000, 0x0000000712800000| Untracked 
| 125|0x0000000712a00000, 0x0000000712a00000, 0x0000000712c00000|  0%| F|  |TAMS 0x0000000712a00000, 0x0000000712a00000| Untracked 
| 126|0x0000000712c00000, 0x0000000712c00000, 0x0000000712e00000|  0%| F|  |TAMS 0x0000000712c00000, 0x0000000712c00000| Untracked 
| 127|0x0000000712e00000, 0x0000000712e00000, 0x0000000713000000|  0%| F|  |TAMS 0x0000000712e00000, 0x0000000712e00000| Untracked 
| 128|0x0000000713000000, 0x0000000713000000, 0x0000000713200000|  0%| F|  |TAMS 0x0000000713000000, 0x0000000713000000| Untracked 
| 129|0x0000000713200000, 0x0000000713200000, 0x0000000713400000|  0%| F|  |TAMS 0x0000000713200000, 0x0000000713200000| Untracked 
| 130|0x0000000713400000, 0x0000000713400000, 0x0000000713600000|  0%| F|  |TAMS 0x0000000713400000, 0x0000000713400000| Untracked 
| 131|0x0000000713600000, 0x0000000713600000, 0x0000000713800000|  0%| F|  |TAMS 0x0000000713600000, 0x0000000713600000| Untracked 
| 132|0x0000000713800000, 0x0000000713800000, 0x0000000713a00000|  0%| F|  |TAMS 0x0000000713800000, 0x0000000713800000| Untracked 
| 133|0x0000000713a00000, 0x0000000713a00000, 0x0000000713c00000|  0%| F|  |TAMS 0x0000000713a00000, 0x0000000713a00000| Untracked 
| 134|0x0000000713c00000, 0x0000000713c00000, 0x0000000713e00000|  0%| F|  |TAMS 0x0000000713c00000, 0x0000000713c00000| Untracked 
| 135|0x0000000713e00000, 0x0000000713e00000, 0x0000000714000000|  0%| F|  |TAMS 0x0000000713e00000, 0x0000000713e00000| Untracked 
| 136|0x0000000714000000, 0x0000000714000000, 0x0000000714200000|  0%| F|  |TAMS 0x0000000714000000, 0x0000000714000000| Untracked 
| 137|0x0000000714200000, 0x0000000714200000, 0x0000000714400000|  0%| F|  |TAMS 0x0000000714200000, 0x0000000714200000| Untracked 
| 138|0x0000000714400000, 0x0000000714400000, 0x0000000714600000|  0%| F|  |TAMS 0x0000000714400000, 0x0000000714400000| Untracked 
| 139|0x0000000714600000, 0x0000000714600000, 0x0000000714800000|  0%| F|  |TAMS 0x0000000714600000, 0x0000000714600000| Untracked 
| 140|0x0000000714800000, 0x0000000714800000, 0x0000000714a00000|  0%| F|  |TAMS 0x0000000714800000, 0x0000000714800000| Untracked 
| 141|0x0000000714a00000, 0x0000000714a00000, 0x0000000714c00000|  0%| F|  |TAMS 0x0000000714a00000, 0x0000000714a00000| Untracked 
| 142|0x0000000714c00000, 0x0000000714c00000, 0x0000000714e00000|  0%| F|  |TAMS 0x0000000714c00000, 0x0000000714c00000| Untracked 
| 143|0x0000000714e00000, 0x0000000714e00000, 0x0000000715000000|  0%| F|  |TAMS 0x0000000714e00000, 0x0000000714e00000| Untracked 
| 144|0x0000000715000000, 0x0000000715000000, 0x0000000715200000|  0%| F|  |TAMS 0x0000000715000000, 0x0000000715000000| Untracked 
| 145|0x0000000715200000, 0x0000000715200000, 0x0000000715400000|  0%| F|  |TAMS 0x0000000715200000, 0x0000000715200000| Untracked 
| 146|0x0000000715400000, 0x0000000715400000, 0x0000000715600000|  0%| F|  |TAMS 0x0000000715400000, 0x0000000715400000| Untracked 
| 147|0x0000000715600000, 0x0000000715600000, 0x0000000715800000|  0%| F|  |TAMS 0x0000000715600000, 0x0000000715600000| Untracked 
| 148|0x0000000715800000, 0x0000000715800000, 0x0000000715a00000|  0%| F|  |TAMS 0x0000000715800000, 0x0000000715800000| Untracked 
| 149|0x0000000715a00000, 0x0000000715a00000, 0x0000000715c00000|  0%| F|  |TAMS 0x0000000715a00000, 0x0000000715a00000| Untracked 
| 150|0x0000000715c00000, 0x0000000715c00000, 0x0000000715e00000|  0%| F|  |TAMS 0x0000000715c00000, 0x0000000715c00000| Untracked 
| 151|0x0000000715e00000, 0x0000000715e00000, 0x0000000716000000|  0%| F|  |TAMS 0x0000000715e00000, 0x0000000715e00000| Untracked 
| 152|0x0000000716000000, 0x0000000716000000, 0x0000000716200000|  0%| F|  |TAMS 0x0000000716000000, 0x0000000716000000| Untracked 
| 153|0x0000000716200000, 0x0000000716200000, 0x0000000716400000|  0%| F|  |TAMS 0x0000000716200000, 0x0000000716200000| Untracked 
| 154|0x0000000716400000, 0x0000000716400000, 0x0000000716600000|  0%| F|  |TAMS 0x0000000716400000, 0x0000000716400000| Untracked 
| 155|0x0000000716600000, 0x0000000716600000, 0x0000000716800000|  0%| F|  |TAMS 0x0000000716600000, 0x0000000716600000| Untracked 
| 156|0x0000000716800000, 0x0000000716800000, 0x0000000716a00000|  0%| F|  |TAMS 0x0000000716800000, 0x0000000716800000| Untracked 
| 157|0x0000000716a00000, 0x0000000716a00000, 0x0000000716c00000|  0%| F|  |TAMS 0x0000000716a00000, 0x0000000716a00000| Untracked 
| 158|0x0000000716c00000, 0x0000000716c00000, 0x0000000716e00000|  0%| F|  |TAMS 0x0000000716c00000, 0x0000000716c00000| Untracked 
| 159|0x0000000716e00000, 0x0000000716e00000, 0x0000000717000000|  0%| F|  |TAMS 0x0000000716e00000, 0x0000000716e00000| Untracked 
| 160|0x0000000717000000, 0x0000000717000000, 0x0000000717200000|  0%| F|  |TAMS 0x0000000717000000, 0x0000000717000000| Untracked 
| 161|0x0000000717200000, 0x0000000717200000, 0x0000000717400000|  0%| F|  |TAMS 0x0000000717200000, 0x0000000717200000| Untracked 
| 162|0x0000000717400000, 0x0000000717400000, 0x0000000717600000|  0%| F|  |TAMS 0x0000000717400000, 0x0000000717400000| Untracked 
| 163|0x0000000717600000, 0x0000000717600000, 0x0000000717800000|  0%| F|  |TAMS 0x0000000717600000, 0x0000000717600000| Untracked 
| 164|0x0000000717800000, 0x0000000717800000, 0x0000000717a00000|  0%| F|  |TAMS 0x0000000717800000, 0x0000000717800000| Untracked 
| 165|0x0000000717a00000, 0x0000000717a00000, 0x0000000717c00000|  0%| F|  |TAMS 0x0000000717a00000, 0x0000000717a00000| Untracked 
| 166|0x0000000717c00000, 0x0000000717c00000, 0x0000000717e00000|  0%| F|  |TAMS 0x0000000717c00000, 0x0000000717c00000| Untracked 
| 167|0x0000000717e00000, 0x0000000717e00000, 0x0000000718000000|  0%| F|  |TAMS 0x0000000717e00000, 0x0000000717e00000| Untracked 
| 168|0x0000000718000000, 0x0000000718000000, 0x0000000718200000|  0%| F|  |TAMS 0x0000000718000000, 0x0000000718000000| Untracked 
| 169|0x0000000718200000, 0x0000000718200000, 0x0000000718400000|  0%| F|  |TAMS 0x0000000718200000, 0x0000000718200000| Untracked 
| 170|0x0000000718400000, 0x0000000718400000, 0x0000000718600000|  0%| F|  |TAMS 0x0000000718400000, 0x0000000718400000| Untracked 
| 171|0x0000000718600000, 0x0000000718600000, 0x0000000718800000|  0%| F|  |TAMS 0x0000000718600000, 0x0000000718600000| Untracked 
| 172|0x0000000718800000, 0x0000000718800000, 0x0000000718a00000|  0%| F|  |TAMS 0x0000000718800000, 0x0000000718800000| Untracked 
| 173|0x0000000718a00000, 0x0000000718a00000, 0x0000000718c00000|  0%| F|  |TAMS 0x0000000718a00000, 0x0000000718a00000| Untracked 
| 174|0x0000000718c00000, 0x0000000718c00000, 0x0000000718e00000|  0%| F|  |TAMS 0x0000000718c00000, 0x0000000718c00000| Untracked 
| 175|0x0000000718e00000, 0x0000000718e00000, 0x0000000719000000|  0%| F|  |TAMS 0x0000000718e00000, 0x0000000718e00000| Untracked 
| 176|0x0000000719000000, 0x0000000719000000, 0x0000000719200000|  0%| F|  |TAMS 0x0000000719000000, 0x0000000719000000| Untracked 
| 177|0x0000000719200000, 0x0000000719200000, 0x0000000719400000|  0%| F|  |TAMS 0x0000000719200000, 0x0000000719200000| Untracked 
| 178|0x0000000719400000, 0x0000000719400000, 0x0000000719600000|  0%| F|  |TAMS 0x0000000719400000, 0x0000000719400000| Untracked 
| 179|0x0000000719600000, 0x0000000719600000, 0x0000000719800000|  0%| F|  |TAMS 0x0000000719600000, 0x0000000719600000| Untracked 
| 180|0x0000000719800000, 0x0000000719800000, 0x0000000719a00000|  0%| F|  |TAMS 0x0000000719800000, 0x0000000719800000| Untracked 
| 181|0x0000000719a00000, 0x0000000719a00000, 0x0000000719c00000|  0%| F|  |TAMS 0x0000000719a00000, 0x0000000719a00000| Untracked 
| 182|0x0000000719c00000, 0x0000000719c00000, 0x0000000719e00000|  0%| F|  |TAMS 0x0000000719c00000, 0x0000000719c00000| Untracked 
| 183|0x0000000719e00000, 0x0000000719e00000, 0x000000071a000000|  0%| F|  |TAMS 0x0000000719e00000, 0x0000000719e00000| Untracked 
| 184|0x000000071a000000, 0x000000071a000000, 0x000000071a200000|  0%| F|  |TAMS 0x000000071a000000, 0x000000071a000000| Untracked 
| 185|0x000000071a200000, 0x000000071a200000, 0x000000071a400000|  0%| F|  |TAMS 0x000000071a200000, 0x000000071a200000| Untracked 
| 186|0x000000071a400000, 0x000000071a400000, 0x000000071a600000|  0%| F|  |TAMS 0x000000071a400000, 0x000000071a400000| Untracked 
| 187|0x000000071a600000, 0x000000071a600000, 0x000000071a800000|  0%| F|  |TAMS 0x000000071a600000, 0x000000071a600000| Untracked 
| 188|0x000000071a800000, 0x000000071a800000, 0x000000071aa00000|  0%| F|  |TAMS 0x000000071a800000, 0x000000071a800000| Untracked 
| 189|0x000000071aa00000, 0x000000071aa00000, 0x000000071ac00000|  0%| F|  |TAMS 0x000000071aa00000, 0x000000071aa00000| Untracked 
| 190|0x000000071ac00000, 0x000000071ac00000, 0x000000071ae00000|  0%| F|  |TAMS 0x000000071ac00000, 0x000000071ac00000| Untracked 
| 191|0x000000071ae00000, 0x000000071ae00000, 0x000000071b000000|  0%| F|  |TAMS 0x000000071ae00000, 0x000000071ae00000| Untracked 
| 192|0x000000071b000000, 0x000000071b000000, 0x000000071b200000|  0%| F|  |TAMS 0x000000071b000000, 0x000000071b000000| Untracked 
| 193|0x000000071b200000, 0x000000071b200000, 0x000000071b400000|  0%| F|  |TAMS 0x000000071b200000, 0x000000071b200000| Untracked 
| 194|0x000000071b400000, 0x000000071b400000, 0x000000071b600000|  0%| F|  |TAMS 0x000000071b400000, 0x000000071b400000| Untracked 
| 195|0x000000071b600000, 0x000000071b600000, 0x000000071b800000|  0%| F|  |TAMS 0x000000071b600000, 0x000000071b600000| Untracked 
| 196|0x000000071b800000, 0x000000071b800000, 0x000000071ba00000|  0%| F|  |TAMS 0x000000071b800000, 0x000000071b800000| Untracked 
| 197|0x000000071ba00000, 0x000000071ba00000, 0x000000071bc00000|  0%| F|  |TAMS 0x000000071ba00000, 0x000000071ba00000| Untracked 
| 198|0x000000071bc00000, 0x000000071bc00000, 0x000000071be00000|  0%| F|  |TAMS 0x000000071bc00000, 0x000000071bc00000| Untracked 
| 199|0x000000071be00000, 0x000000071be00000, 0x000000071c000000|  0%| F|  |TAMS 0x000000071be00000, 0x000000071be00000| Untracked 
| 200|0x000000071c000000, 0x000000071c000000, 0x000000071c200000|  0%| F|  |TAMS 0x000000071c000000, 0x000000071c000000| Untracked 
| 201|0x000000071c200000, 0x000000071c200000, 0x000000071c400000|  0%| F|  |TAMS 0x000000071c200000, 0x000000071c200000| Untracked 
| 202|0x000000071c400000, 0x000000071c400000, 0x000000071c600000|  0%| F|  |TAMS 0x000000071c400000, 0x000000071c400000| Untracked 
| 203|0x000000071c600000, 0x000000071c600000, 0x000000071c800000|  0%| F|  |TAMS 0x000000071c600000, 0x000000071c600000| Untracked 
| 204|0x000000071c800000, 0x000000071c800000, 0x000000071ca00000|  0%| F|  |TAMS 0x000000071c800000, 0x000000071c800000| Untracked 
| 205|0x000000071ca00000, 0x000000071ca00000, 0x000000071cc00000|  0%| F|  |TAMS 0x000000071ca00000, 0x000000071ca00000| Untracked 
| 206|0x000000071cc00000, 0x000000071cc00000, 0x000000071ce00000|  0%| F|  |TAMS 0x000000071cc00000, 0x000000071cc00000| Untracked 
| 207|0x000000071ce00000, 0x000000071ce00000, 0x000000071d000000|  0%| F|  |TAMS 0x000000071ce00000, 0x000000071ce00000| Untracked 
| 208|0x000000071d000000, 0x000000071d000000, 0x000000071d200000|  0%| F|  |TAMS 0x000000071d000000, 0x000000071d000000| Untracked 
| 209|0x000000071d200000, 0x000000071d200000, 0x000000071d400000|  0%| F|  |TAMS 0x000000071d200000, 0x000000071d200000| Untracked 
| 210|0x000000071d400000, 0x000000071d400000, 0x000000071d600000|  0%| F|  |TAMS 0x000000071d400000, 0x000000071d400000| Untracked 
| 211|0x000000071d600000, 0x000000071d600000, 0x000000071d800000|  0%| F|  |TAMS 0x000000071d600000, 0x000000071d600000| Untracked 
| 212|0x000000071d800000, 0x000000071d800000, 0x000000071da00000|  0%| F|  |TAMS 0x000000071d800000, 0x000000071d800000| Untracked 
| 213|0x000000071da00000, 0x000000071da00000, 0x000000071dc00000|  0%| F|  |TAMS 0x000000071da00000, 0x000000071da00000| Untracked 
| 214|0x000000071dc00000, 0x000000071dc00000, 0x000000071de00000|  0%| F|  |TAMS 0x000000071dc00000, 0x000000071dc00000| Untracked 
| 215|0x000000071de00000, 0x000000071de00000, 0x000000071e000000|  0%| F|  |TAMS 0x000000071de00000, 0x000000071de00000| Untracked 
| 216|0x000000071e000000, 0x000000071e000000, 0x000000071e200000|  0%| F|  |TAMS 0x000000071e000000, 0x000000071e000000| Untracked 
| 217|0x000000071e200000, 0x000000071e200000, 0x000000071e400000|  0%| F|  |TAMS 0x000000071e200000, 0x000000071e200000| Untracked 
| 218|0x000000071e400000, 0x000000071e400000, 0x000000071e600000|  0%| F|  |TAMS 0x000000071e400000, 0x000000071e400000| Untracked 
| 219|0x000000071e600000, 0x000000071e600000, 0x000000071e800000|  0%| F|  |TAMS 0x000000071e600000, 0x000000071e600000| Untracked 
| 220|0x000000071e800000, 0x000000071e800000, 0x000000071ea00000|  0%| F|  |TAMS 0x000000071e800000, 0x000000071e800000| Untracked 
| 221|0x000000071ea00000, 0x000000071ea00000, 0x000000071ec00000|  0%| F|  |TAMS 0x000000071ea00000, 0x000000071ea00000| Untracked 
| 222|0x000000071ec00000, 0x000000071ec00000, 0x000000071ee00000|  0%| F|  |TAMS 0x000000071ec00000, 0x000000071ec00000| Untracked 
| 223|0x000000071ee00000, 0x000000071ee00000, 0x000000071f000000|  0%| F|  |TAMS 0x000000071ee00000, 0x000000071ee00000| Untracked 
| 224|0x000000071f000000, 0x000000071f000000, 0x000000071f200000|  0%| F|  |TAMS 0x000000071f000000, 0x000000071f000000| Untracked 
| 225|0x000000071f200000, 0x000000071f200000, 0x000000071f400000|  0%| F|  |TAMS 0x000000071f200000, 0x000000071f200000| Untracked 
| 226|0x000000071f400000, 0x000000071f400000, 0x000000071f600000|  0%| F|  |TAMS 0x000000071f400000, 0x000000071f400000| Untracked 
| 227|0x000000071f600000, 0x000000071f600000, 0x000000071f800000|  0%| F|  |TAMS 0x000000071f600000, 0x000000071f600000| Untracked 
| 228|0x000000071f800000, 0x000000071f800000, 0x000000071fa00000|  0%| F|  |TAMS 0x000000071f800000, 0x000000071f800000| Untracked 
| 229|0x000000071fa00000, 0x000000071fa00000, 0x000000071fc00000|  0%| F|  |TAMS 0x000000071fa00000, 0x000000071fa00000| Untracked 
| 230|0x000000071fc00000, 0x000000071fc00000, 0x000000071fe00000|  0%| F|  |TAMS 0x000000071fc00000, 0x000000071fc00000| Untracked 
| 231|0x000000071fe00000, 0x000000071fe00000, 0x0000000720000000|  0%| F|  |TAMS 0x000000071fe00000, 0x000000071fe00000| Untracked 
| 232|0x0000000720000000, 0x0000000720000000, 0x0000000720200000|  0%| F|  |TAMS 0x0000000720000000, 0x0000000720000000| Untracked 
| 233|0x0000000720200000, 0x0000000720200000, 0x0000000720400000|  0%| F|  |TAMS 0x0000000720200000, 0x0000000720200000| Untracked 
| 234|0x0000000720400000, 0x0000000720400000, 0x0000000720600000|  0%| F|  |TAMS 0x0000000720400000, 0x0000000720400000| Untracked 
| 235|0x0000000720600000, 0x0000000720600000, 0x0000000720800000|  0%| F|  |TAMS 0x0000000720600000, 0x0000000720600000| Untracked 
| 236|0x0000000720800000, 0x0000000720800000, 0x0000000720a00000|  0%| F|  |TAMS 0x0000000720800000, 0x0000000720800000| Untracked 
| 237|0x0000000720a00000, 0x0000000720a00000, 0x0000000720c00000|  0%| F|  |TAMS 0x0000000720a00000, 0x0000000720a00000| Untracked 
| 238|0x0000000720c00000, 0x0000000720c00000, 0x0000000720e00000|  0%| F|  |TAMS 0x0000000720c00000, 0x0000000720c00000| Untracked 

Card table byte_map: [0x000002a6d1080000,0x000002a6d1870000] _byte_map_base: 0x000002a6cd868000

Marking Bits (Prev, Next): (CMBitMap*) 0x000002a6b966c420, (CMBitMap*) 0x000002a6b966c3e0
 Prev Bits: [0x000002a6d5fa0000, 0x000002a6d9ee0000)
 Next Bits: [0x000002a6d2060000, 0x000002a6d5fa0000)

Polling page: 0x000002a6b7590000

Metaspace:

Usage:
  Non-class:     33.75 MB used.
      Class:      4.88 MB used.
       Both:     38.63 MB used.

Virtual space:
  Non-class space:       64.00 MB reserved,      33.94 MB ( 53%) committed,  1 nodes.
      Class space:        1.00 GB reserved,       5.06 MB ( <1%) committed,  1 nodes.
             Both:        1.06 GB reserved,      39.00 MB (  4%) committed. 

Chunk freelists:
   Non-Class:  1.36 MB
       Class:  2.92 MB
        Both:  4.28 MB

MaxMetaspaceSize: unlimited
CompressedClassSpaceSize: 1.00 GB
Initial GC threshold: 21.00 MB
Current GC threshold: 61.19 MB
CDS: on
MetaspaceReclaimPolicy: balanced
 - commit_granule_bytes: 65536.
 - commit_granule_words: 8192.
 - virtual_space_node_default_size: 8388608.
 - enlarge_chunks_in_place: 1.
 - new_chunks_are_fully_committed: 0.
 - uncommit_free_chunks: 1.
 - use_allocation_guard: 0.


Internal statistics:

num_allocs_failed_limit: 6.
num_arena_births: 330.
num_arena_deaths: 2.
num_vsnodes_births: 2.
num_vsnodes_deaths: 0.
num_space_committed: 624.
num_space_uncommitted: 0.
num_chunks_returned_to_freelist: 9.
num_chunks_taken_from_freelist: 1489.
num_chunk_merges: 6.
num_chunk_splits: 1064.
num_chunks_enlarged: 863.
num_inconsistent_stats: 0.

CodeHeap 'non-profiled nmethods': size=120000Kb used=1940Kb max_used=1940Kb free=118059Kb
 bounds [0x000002a6c9020000, 0x000002a6c9290000, 0x000002a6d0550000]
CodeHeap 'profiled nmethods': size=120000Kb used=8313Kb max_used=8313Kb free=111687Kb
 bounds [0x000002a6c1550000, 0x000002a6c1d70000, 0x000002a6c8a80000]
CodeHeap 'non-nmethods': size=5760Kb used=1424Kb max_used=1480Kb free=4335Kb
 bounds [0x000002a6c8a80000, 0x000002a6c8cf0000, 0x000002a6c9020000]
 total_blobs=5044 nmethods=4373 adapters=581
 compilation: enabled
              stopped_count=0, restarted_count=0
 full_count=0

Compilation events (20 events):
Event: 82.752 Thread 0x000002a6dc9360f0 4366       3       sun.nio.ch.NioSocketImpl$1::read (11 bytes)
Event: 82.752 Thread 0x000002a6dc9360f0 nmethod 4366 0x000002a6c1d67a90 code [0x000002a6c1d67c40, 0x000002a6c1d67d88]
Event: 82.752 Thread 0x000002a6dc9360f0 4367   !   3       sun.nio.ch.NioSocketImpl::read (96 bytes)
Event: 82.753 Thread 0x000002a6dc9360f0 nmethod 4367 0x000002a6c1d67e90 code [0x000002a6c1d68140, 0x000002a6c1d690f8]
Event: 82.781 Thread 0x000002a6dc9360f0 4368       3       java.net.SocketException::<init> (6 bytes)
Event: 82.781 Thread 0x000002a6dc9360f0 nmethod 4368 0x000002a6c1d69690 code [0x000002a6c1d69840, 0x000002a6c1d69a28]
Event: 82.782 Thread 0x000002a6dc9360f0 4369       3       java.io.InputStream::read (9 bytes)
Event: 82.783 Thread 0x000002a6dc9360f0 nmethod 4369 0x000002a6c1d69b10 code [0x000002a6c1d69cc0, 0x000002a6c1d69ea8]
Event: 82.784 Thread 0x000002a6dc9360f0 4370   !   3       java.io.PrintWriter::close (63 bytes)
Event: 82.785 Thread 0x000002a6dc9360f0 nmethod 4370 0x000002a6c1d69f90 code [0x000002a6c1d6a240, 0x000002a6c1d6b418]
Event: 82.785 Thread 0x000002a6dc9360f0 4371   !   3       java.io.PrintWriter::implClose (29 bytes)
Event: 82.785 Thread 0x000002a6dc9360f0 nmethod 4371 0x000002a6c1d6b990 code [0x000002a6c1d6bb40, 0x000002a6c1d6be08]
Event: 82.796 Thread 0x000002a6dc9360f0 4372   !   3       sun.nio.ch.NioSocketImpl::beginRead (30 bytes)
Event: 82.796 Thread 0x000002a6dc9360f0 nmethod 4372 0x000002a6c1d6bf10 code [0x000002a6c1d6c0e0, 0x000002a6c1d6c548]
Event: 82.797 Thread 0x000002a6dc9360f0 4373       3       java.net.Socket$SocketInputStream::close (8 bytes)
Event: 82.797 Thread 0x000002a6dc9360f0 nmethod 4373 0x000002a6c1d6c710 code [0x000002a6c1d6c8c0, 0x000002a6c1d6caa8]
Event: 82.800 Thread 0x000002a6dc9360f0 4374   !   3       sun.nio.ch.NioSocketImpl::implRead (230 bytes)
Event: 82.801 Thread 0x000002a6dc9360f0 nmethod 4374 0x000002a6c1d6cb90 code [0x000002a6c1d6ce60, 0x000002a6c1d6dce8]
Event: 82.849 Thread 0x000002a6dc92c5c0 4375   !   4       java.net.Socket::isClosed (19 bytes)
Event: 82.850 Thread 0x000002a6dc92c5c0 nmethod 4375 0x000002a6c9204d10 code [0x000002a6c9204ea0, 0x000002a6c9205078]

GC Heap History (20 events):
Event: 82.748 GC heap after
{Heap after GC invocations=18 (full 0):
 garbage-first heap   total 81920K, used 21578K [0x0000000703000000, 0x0000000800000000)
  region size 2048K, 1 young (2048K), 1 survivors (2048K)
 Metaspace       used 39549K, committed 39936K, reserved 1114112K
  class space    used 4997K, committed 5184K, reserved 1048576K
}
Event: 82.754 GC heap before
{Heap before GC invocations=18 (full 0):
 garbage-first heap   total 81920K, used 60490K [0x0000000703000000, 0x0000000800000000)
  region size 2048K, 21 young (43008K), 1 survivors (2048K)
 Metaspace       used 39552K, committed 39936K, reserved 1114112K
  class space    used 4997K, committed 5184K, reserved 1048576K
}
Event: 82.755 GC heap after
{Heap after GC invocations=19 (full 0):
 garbage-first heap   total 245760K, used 21557K [0x0000000703000000, 0x0000000800000000)
  region size 2048K, 1 young (2048K), 1 survivors (2048K)
 Metaspace       used 39552K, committed 39936K, reserved 1114112K
  class space    used 4997K, committed 5184K, reserved 1048576K
}
Event: 82.808 GC heap before
{Heap before GC invocations=19 (full 0):
 garbage-first heap   total 245760K, used 164917K [0x0000000703000000, 0x0000000800000000)
  region size 2048K, 72 young (147456K), 1 survivors (2048K)
 Metaspace       used 39559K, committed 39936K, reserved 1114112K
  class space    used 4997K, committed 5184K, reserved 1048576K
}
Event: 82.809 GC heap after
{Heap after GC invocations=20 (full 0):
 garbage-first heap   total 245760K, used 21568K [0x0000000703000000, 0x0000000800000000)
  region size 2048K, 1 young (2048K), 1 survivors (2048K)
 Metaspace       used 39559K, committed 39936K, reserved 1114112K
  class space    used 4997K, committed 5184K, reserved 1048576K
}
Event: 82.827 GC heap before
{Heap before GC invocations=20 (full 0):
 garbage-first heap   total 245760K, used 164928K [0x0000000703000000, 0x0000000800000000)
  region size 2048K, 72 young (147456K), 1 survivors (2048K)
 Metaspace       used 39559K, committed 39936K, reserved 1114112K
  class space    used 4997K, committed 5184K, reserved 1048576K
}
Event: 82.828 GC heap after
{Heap after GC invocations=21 (full 0):
 garbage-first heap   total 245760K, used 21568K [0x0000000703000000, 0x0000000800000000)
  region size 2048K, 1 young (2048K), 1 survivors (2048K)
 Metaspace       used 39559K, committed 39936K, reserved 1114112K
  class space    used 4997K, committed 5184K, reserved 1048576K
}
Event: 82.845 GC heap before
{Heap before GC invocations=21 (full 0):
 garbage-first heap   total 245760K, used 164928K [0x0000000703000000, 0x0000000800000000)
  region size 2048K, 72 young (147456K), 1 survivors (2048K)
 Metaspace       used 39559K, committed 39936K, reserved 1114112K
  class space    used 4997K, committed 5184K, reserved 1048576K
}
Event: 82.846 GC heap after
{Heap after GC invocations=22 (full 0):
 garbage-first heap   total 245760K, used 21550K [0x0000000703000000, 0x0000000800000000)
  region size 2048K, 1 young (2048K), 1 survivors (2048K)
 Metaspace       used 39559K, committed 39936K, reserved 1114112K
  class space    used 4997K, committed 5184K, reserved 1048576K
}
Event: 82.863 GC heap before
{Heap before GC invocations=22 (full 0):
 garbage-first heap   total 245760K, used 164910K [0x0000000703000000, 0x0000000800000000)
  region size 2048K, 72 young (147456K), 1 survivors (2048K)
 Metaspace       used 39559K, committed 39936K, reserved 1114112K
  class space    used 4997K, committed 5184K, reserved 1048576K
}
Event: 82.865 GC heap after
{Heap after GC invocations=23 (full 0):
 garbage-first heap   total 489472K, used 21562K [0x0000000703000000, 0x0000000800000000)
  region size 2048K, 1 young (2048K), 1 survivors (2048K)
 Metaspace       used 39559K, committed 39936K, reserved 1114112K
  class space    used 4997K, committed 5184K, reserved 1048576K
}
Event: 82.969 GC heap before
{Heap before GC invocations=23 (full 0):
 garbage-first heap   total 489472K, used 310330K [0x0000000703000000, 0x0000000800000000)
  region size 2048K, 143 young (292864K), 1 survivors (2048K)
 Metaspace       used 39559K, committed 39936K, reserved 1114112K
  class space    used 4997K, committed 5184K, reserved 1048576K
}
Event: 82.970 GC heap after
{Heap after GC invocations=24 (full 0):
 garbage-first heap   total 489472K, used 21543K [0x0000000703000000, 0x0000000800000000)
  region size 2048K, 1 young (2048K), 1 survivors (2048K)
 Metaspace       used 39559K, committed 39936K, reserved 1114112K
  class space    used 4997K, committed 5184K, reserved 1048576K
}
Event: 83.002 GC heap before
{Heap before GC invocations=24 (full 0):
 garbage-first heap   total 489472K, used 310311K [0x0000000703000000, 0x0000000800000000)
  region size 2048K, 143 young (292864K), 1 survivors (2048K)
 Metaspace       used 39559K, committed 39936K, reserved 1114112K
  class space    used 4997K, committed 5184K, reserved 1048576K
}
Event: 83.003 GC heap after
{Heap after GC invocations=25 (full 0):
 garbage-first heap   total 489472K, used 21556K [0x0000000703000000, 0x0000000800000000)
  region size 2048K, 1 young (2048K), 1 survivors (2048K)
 Metaspace       used 39559K, committed 39936K, reserved 1114112K
  class space    used 4997K, committed 5184K, reserved 1048576K
}
Event: 83.035 GC heap before
{Heap before GC invocations=25 (full 0):
 garbage-first heap   total 489472K, used 310324K [0x0000000703000000, 0x0000000800000000)
  region size 2048K, 143 young (292864K), 1 survivors (2048K)
 Metaspace       used 39559K, committed 39936K, reserved 1114112K
  class space    used 4997K, committed 5184K, reserved 1048576K
}
Event: 83.036 GC heap after
{Heap after GC invocations=26 (full 0):
 garbage-first heap   total 489472K, used 21571K [0x0000000703000000, 0x0000000800000000)
  region size 2048K, 1 young (2048K), 1 survivors (2048K)
 Metaspace       used 39559K, committed 39936K, reserved 1114112K
  class space    used 4997K, committed 5184K, reserved 1048576K
}
Event: 83.068 GC heap before
{Heap before GC invocations=26 (full 0):
 garbage-first heap   total 489472K, used 310339K [0x0000000703000000, 0x0000000800000000)
  region size 2048K, 143 young (292864K), 1 survivors (2048K)
 Metaspace       used 39559K, committed 39936K, reserved 1114112K
  class space    used 4997K, committed 5184K, reserved 1048576K
}
Event: 83.069 GC heap after
{Heap after GC invocations=27 (full 0):
 garbage-first heap   total 489472K, used 21555K [0x0000000703000000, 0x0000000800000000)
  region size 2048K, 1 young (2048K), 1 survivors (2048K)
 Metaspace       used 39559K, committed 39936K, reserved 1114112K
  class space    used 4997K, committed 5184K, reserved 1048576K
}
Event: 83.101 GC heap before
{Heap before GC invocations=27 (full 0):
 garbage-first heap   total 489472K, used 310323K [0x0000000703000000, 0x0000000800000000)
  region size 2048K, 143 young (292864K), 1 survivors (2048K)
 Metaspace       used 39559K, committed 39936K, reserved 1114112K
  class space    used 4997K, committed 5184K, reserved 1048576K
}

Dll operation events (12 events):
Event: 0.011 Loaded shared library D:\JDK\jdk-19\bin\java.dll
Event: 0.023 Loaded shared library D:\JDK\jdk-19\bin\jsvml.dll
Event: 0.115 Loaded shared library D:\JDK\jdk-19\bin\zip.dll
Event: 0.117 Loaded shared library D:\JDK\jdk-19\bin\instrument.dll
Event: 0.123 Loaded shared library D:\JDK\jdk-19\bin\net.dll
Event: 0.125 Loaded shared library D:\JDK\jdk-19\bin\nio.dll
Event: 0.129 Loaded shared library D:\JDK\jdk-19\bin\zip.dll
Event: 0.161 Loaded shared library D:\JDK\JetBrains IntelliJ IDEA Ultimate 2022.2\IntelliJ IDEA 2022.2\bin\breakgen64.dll
Event: 0.168 Loaded shared library D:\JDK\jdk-19\bin\extnet.dll
Event: 1.093 Loaded shared library D:\JDK\jdk-19\bin\jimage.dll
Event: 12.789 Loaded shared library D:\JDK\jdk-19\bin\sunmscapi.dll
Event: 13.330 Loaded shared library D:\JDK\jdk-19\bin\verify.dll

Deoptimization events (20 events):
Event: 18.023 Thread 0x000002a6e31b66b0 Uncommon trap: trap_request=0xffffff45 fr.pc=0x000002a6c91d4f88 relative=0x0000000000000248
Event: 18.023 Thread 0x000002a6e31b66b0 Uncommon trap: reason=unstable_if action=reinterpret pc=0x000002a6c91d4f88 method=java.util.regex.Pattern$Slice.match(Ljava/util/regex/Matcher;ILjava/lang/CharSequence;)Z @ 54 c2
Event: 18.023 Thread 0x000002a6e31b66b0 DEOPT PACKING pc=0x000002a6c91d4f88 sp=0x000000a93baff290
Event: 18.023 Thread 0x000002a6e31b66b0 DEOPT UNPACKING pc=0x000002a6c8ae6da3 sp=0x000000a93baff210 mode 2
Event: 18.036 Thread 0x000002a6e31b66b0 Uncommon trap: trap_request=0xffffffd6 fr.pc=0x000002a6c91efda8 relative=0x0000000000001148
Event: 18.036 Thread 0x000002a6e31b66b0 Uncommon trap: reason=array_check action=maybe_recompile pc=0x000002a6c91efda8 method=org.antlr.v4.runtime.misc.Array2DHashSet.getOrAddImpl(Ljava/lang/Object;)Ljava/lang/Object; @ 36 c2
Event: 18.036 Thread 0x000002a6e31b66b0 DEOPT PACKING pc=0x000002a6c91efda8 sp=0x000000a93bafea70
Event: 18.036 Thread 0x000002a6e31b66b0 DEOPT UNPACKING pc=0x000002a6c8ae6da3 sp=0x000000a93bafea40 mode 2
Event: 18.036 Thread 0x000002a6e31b66b0 Uncommon trap: trap_request=0xffffffd6 fr.pc=0x000002a6c91efda8 relative=0x0000000000001148
Event: 18.036 Thread 0x000002a6e31b66b0 Uncommon trap: reason=array_check action=maybe_recompile pc=0x000002a6c91efda8 method=org.antlr.v4.runtime.misc.Array2DHashSet.getOrAddImpl(Ljava/lang/Object;)Ljava/lang/Object; @ 36 c2
Event: 18.036 Thread 0x000002a6e31b66b0 DEOPT PACKING pc=0x000002a6c91efda8 sp=0x000000a93bafe660
Event: 18.036 Thread 0x000002a6e31b66b0 DEOPT UNPACKING pc=0x000002a6c8ae6da3 sp=0x000000a93bafe630 mode 2
Event: 18.036 Thread 0x000002a6e31b66b0 Uncommon trap: trap_request=0xffffffd6 fr.pc=0x000002a6c91efda8 relative=0x0000000000001148
Event: 18.036 Thread 0x000002a6e31b66b0 Uncommon trap: reason=array_check action=maybe_recompile pc=0x000002a6c91efda8 method=org.antlr.v4.runtime.misc.Array2DHashSet.getOrAddImpl(Ljava/lang/Object;)Ljava/lang/Object; @ 36 c2
Event: 18.036 Thread 0x000002a6e31b66b0 DEOPT PACKING pc=0x000002a6c91efda8 sp=0x000000a93bafe870
Event: 18.036 Thread 0x000002a6e31b66b0 DEOPT UNPACKING pc=0x000002a6c8ae6da3 sp=0x000000a93bafe840 mode 2
Event: 18.036 Thread 0x000002a6e31b66b0 Uncommon trap: trap_request=0xffffffd6 fr.pc=0x000002a6c91efda8 relative=0x0000000000001148
Event: 18.036 Thread 0x000002a6e31b66b0 Uncommon trap: reason=array_check action=maybe_recompile pc=0x000002a6c91efda8 method=org.antlr.v4.runtime.misc.Array2DHashSet.getOrAddImpl(Ljava/lang/Object;)Ljava/lang/Object; @ 36 c2
Event: 18.036 Thread 0x000002a6e31b66b0 DEOPT PACKING pc=0x000002a6c91efda8 sp=0x000000a93bafe460
Event: 18.036 Thread 0x000002a6e31b66b0 DEOPT UNPACKING pc=0x000002a6c8ae6da3 sp=0x000000a93bafe430 mode 2

Classes loaded (20 events):
Event: 15.655 Loading class java/lang/ProcessEnvironment$EntryComparator
Event: 15.655 Loading class java/lang/ProcessEnvironment$EntryComparator done
Event: 15.655 Loading class java/lang/ProcessEnvironment$CheckedEntrySet
Event: 15.655 Loading class java/lang/ProcessEnvironment$CheckedEntrySet done
Event: 15.655 Loading class java/lang/ProcessEnvironment$CheckedEntrySet$1
Event: 15.655 Loading class java/lang/ProcessEnvironment$CheckedEntrySet$1 done
Event: 15.655 Loading class java/lang/ProcessEnvironment$CheckedEntry
Event: 15.655 Loading class java/lang/ProcessEnvironment$CheckedEntry done
Event: 15.809 Loading class java/util/IdentityHashMap$EntryIterator$Entry
Event: 15.809 Loading class java/util/IdentityHashMap$EntryIterator$Entry done
Event: 15.855 Loading class java/util/AbstractMap$SimpleEntry
Event: 15.855 Loading class java/util/AbstractMap$SimpleEntry done
Event: 15.893 Loading class java/util/regex/Pattern$Bound
Event: 15.893 Loading class java/util/regex/Pattern$Bound done
Event: 82.712 Loading class sun/net/ConnectionResetException
Event: 82.712 Loading class sun/net/ConnectionResetException done
Event: 82.712 Loading class java/io/InterruptedIOException
Event: 82.712 Loading class java/io/InterruptedIOException done
Event: 82.712 Loading class java/net/SocketTimeoutException
Event: 82.712 Loading class java/net/SocketTimeoutException done

Classes unloaded (1 events):
Event: 15.559 Thread 0x000002a6dc8fc780 Unloading class 0x0000000801004400 'java/lang/invoke/LambdaForm$DMH+0x0000000801004400'

Classes redefined (0 events):
No events

Internal exceptions (20 events):
Event: 15.123 Thread 0x000002a6b95ffe20 Exception <a 'java/lang/NoSuchMethodError'{0x0000000712de64a0}: 'int java.lang.invoke.DirectMethodHandle$Holder.invokeStatic(java.lang.Object, java.lang.Object, java.lang.Object, java.lang.Object, java.lang.Object)'> (0x0000000712de64a0) 
thrown [s\open\src\hotspot\share\interpreter\linkResolver.cpp, line 774]
Event: 15.125 Thread 0x000002a6b95ffe20 Exception <a 'java/lang/NoSuchMethodError'{0x0000000712df9d58}: 'java.lang.Object java.lang.invoke.DirectMethodHandle$Holder.newInvokeSpecial(java.lang.Object, java.lang.Object, java.lang.Object, java.lang.Object, java.lang.Object, java.lang.Object, java.lang.Object)'> (0x0000000712df9d58) 
thrown [s\open\src\hotspot\share\interpreter\linkResolver.cpp, line 774]
Event: 15.208 Thread 0x000002a6b95ffe20 Exception <a 'java/lang/NoSuchMethodError'{0x0000000705201ab8}: 'java.lang.Object java.lang.invoke.DirectMethodHandle$Holder.newInvokeSpecial(java.lang.Object, java.lang.Object, int, java.lang.Object, int, java.lang.Object, java.lang.Object, java.lang.Object)'> (0x0000000705201ab8) 
thrown [s\open\src\hotspot\share\interpreter\linkResolver.cpp, line 774]
Event: 15.210 Thread 0x000002a6b95ffe20 Exception <a 'java/lang/NoSuchMethodError'{0x000000070520e880}: 'int java.lang.invoke.DirectMethodHandle$Holder.invokeSpecial(java.lang.Object, java.lang.Object, java.lang.Object, java.lang.Object, java.lang.Object, java.lang.Object)'> (0x000000070520e880) 
thrown [s\open\src\hotspot\share\interpreter\linkResolver.cpp, line 774]
Event: 15.220 Thread 0x000002a6b95ffe20 Exception <a 'java/lang/NoSuchMethodError'{0x0000000705265a18}: 'java.lang.Object java.lang.invoke.DirectMethodHandle$Holder.newInvokeSpecial(java.lang.Object, java.lang.Object, java.lang.Object, java.lang.Object, java.lang.Object, java.lang.Object, java.lang.Object, int)'> (0x0000000705265a18) 
thrown [s\open\src\hotspot\share\interpreter\linkResolver.cpp, line 774]
Event: 15.220 Thread 0x000002a6b95ffe20 Exception <a 'java/lang/NoSuchMethodError'{0x000000070526ad80}: 'java.lang.Object java.lang.invoke.DirectMethodHandle$Holder.invokeSpecial(java.lang.Object, java.lang.Object, java.lang.Object, java.lang.Object, java.lang.Object, java.lang.Object, java.lang.Object, java.lang.Object, int)'> (0x000000070526ad80) 
thrown [s\open\src\hotspot\share\interpreter\linkResolver.cpp, line 774]
Event: 15.306 Thread 0x000002a6b95ffe20 Exception <a 'java/lang/NoSuchMethodError'{0x00000007050cbf38}: 'void java.lang.invoke.DirectMethodHandle$Holder.invokeInterface(java.lang.Object, java.lang.Object)'> (0x00000007050cbf38) 
thrown [s\open\src\hotspot\share\interpreter\linkResolver.cpp, line 774]
Event: 15.388 Thread 0x000002a6b95ffe20 Exception <a 'java/lang/NoSuchMethodError'{0x0000000704c5d338}: 'java.lang.Object java.lang.invoke.DirectMethodHandle$Holder.invokeStaticInit(java.lang.Object, java.lang.Object, java.lang.Object)'> (0x0000000704c5d338) 
thrown [s\open\src\hotspot\share\interpreter\linkResolver.cpp, line 774]
Event: 15.511 Thread 0x000002a6e31b66b0 Implicit null exception at 0x000002a6c90ef874 to 0x000002a6c90efc38
Event: 15.762 Thread 0x000002a6e31b66b0 Exception <a 'java/lang/NoSuchMethodError'{0x0000000712d70a40}: 'int java.lang.invoke.DirectMethodHandle$Holder.invokeStatic(java.lang.Object)'> (0x0000000712d70a40) 
thrown [s\open\src\hotspot\share\interpreter\linkResolver.cpp, line 774]
Event: 15.855 Thread 0x000002a6e31b66b0 Implicit null exception at 0x000002a6c90a266f to 0x000002a6c90a285c
Event: 15.859 Thread 0x000002a6e31b66b0 Exception <a 'java/lang/NoSuchMethodError'{0x0000000707aa28e0}: 'void java.lang.invoke.DirectMethodHandle$Holder.invokeSpecial(java.lang.Object, java.lang.Object, java.lang.Object, java.lang.Object, java.lang.Object)'> (0x0000000707aa28e0) 
thrown [s\open\src\hotspot\share\interpreter\linkResolver.cpp, line 774]
Event: 15.872 Thread 0x000002a6e31b66b0 Exception <a 'java/lang/NoSuchMethodError'{0x0000000707afde88}: 'java.lang.Object java.lang.invoke.DirectMethodHandle$Holder.invokeInterface(java.lang.Object, java.lang.Object, java.lang.Object)'> (0x0000000707afde88) 
thrown [s\open\src\hotspot\share\interpreter\linkResolver.cpp, line 774]
Event: 15.881 Thread 0x000002a6e31b66b0 Exception <a 'java/lang/NoSuchMethodError'{0x0000000707b39f50}: 'void java.lang.invoke.DirectMethodHandle$Holder.invokeInterface(java.lang.Object, java.lang.Object, java.lang.Object)'> (0x0000000707b39f50) 
thrown [s\open\src\hotspot\share\interpreter\linkResolver.cpp, line 774]
Event: 15.889 Thread 0x000002a6e31b66b0 Exception <a 'java/lang/NoSuchMethodError'{0x0000000707b864f8}: 'void java.lang.invoke.DirectMethodHandle$Holder.invokeStaticInit(java.lang.Object, java.lang.Object, java.lang.Object, java.lang.Object, java.lang.Object)'> (0x0000000707b864f8) 
thrown [s\open\src\hotspot\share\interpreter\linkResolver.cpp, line 774]
Event: 15.900 Thread 0x000002a6e31b66b0 Exception <a 'java/lang/NoSuchMethodError'{0x0000000707be29d8}: 'void java.lang.invoke.DirectMethodHandle$Holder.invokeInterface(java.lang.Object, java.lang.Object, java.lang.Object, java.lang.Object)'> (0x0000000707be29d8) 
thrown [s\open\src\hotspot\share\interpreter\linkResolver.cpp, line 774]
Event: 15.901 Thread 0x000002a6e31b66b0 Exception <a 'java/lang/IncompatibleClassChangeError'{0x0000000707be5e68}: Found class java.lang.Object, but interface was expected> (0x0000000707be5e68) 
thrown [s\open\src\hotspot\share\interpreter\linkResolver.cpp, line 841]
Event: 15.945 Thread 0x000002a6e31b66b0 Exception <a 'java/lang/NoSuchMethodError'{0x000000070795e910}: 'void java.lang.invoke.Invokers$Holder.invokeExact_MT(java.lang.Object, java.lang.Object, int, java.lang.Object)'> (0x000000070795e910) 
thrown [s\open\src\hotspot\share\interpreter\linkResolver.cpp, line 774]
Event: 15.949 Thread 0x000002a6e31b66b0 Exception <a 'java/lang/NoSuchMethodError'{0x0000000707981468}: 'void java.lang.invoke.Invokers$Holder.invokeExact_MT(java.lang.Object, java.lang.Object, java.lang.Object, java.lang.Object)'> (0x0000000707981468) 
thrown [s\open\src\hotspot\share\interpreter\linkResolver.cpp, line 774]
Event: 82.712 Thread 0x000002a6e31b66b0 Exception <a 'sun/net/ConnectionResetException'{0x00000007077b29c8}: Connection reset> (0x00000007077b29c8) 
thrown [s\open\src\hotspot\share\prims\jni.cpp, line 536]

VM Operations (20 events):
Event: 82.748 Executing VM operation: G1CollectForAllocation done
Event: 82.754 Executing VM operation: G1CollectForAllocation
Event: 82.755 Executing VM operation: G1CollectForAllocation done
Event: 82.808 Executing VM operation: G1CollectForAllocation
Event: 82.809 Executing VM operation: G1CollectForAllocation done
Event: 82.827 Executing VM operation: G1CollectForAllocation
Event: 82.828 Executing VM operation: G1CollectForAllocation done
Event: 82.845 Executing VM operation: G1CollectForAllocation
Event: 82.846 Executing VM operation: G1CollectForAllocation done
Event: 82.863 Executing VM operation: G1CollectForAllocation
Event: 82.865 Executing VM operation: G1CollectForAllocation done
Event: 82.969 Executing VM operation: G1CollectForAllocation
Event: 82.970 Executing VM operation: G1CollectForAllocation done
Event: 83.002 Executing VM operation: G1CollectForAllocation
Event: 83.003 Executing VM operation: G1CollectForAllocation done
Event: 83.035 Executing VM operation: G1CollectForAllocation
Event: 83.036 Executing VM operation: G1CollectForAllocation done
Event: 83.068 Executing VM operation: G1CollectForAllocation
Event: 83.069 Executing VM operation: G1CollectForAllocation done
Event: 83.101 Executing VM operation: G1CollectForAllocation

Events (20 events):
Event: 0.092 Thread 0x000002a6dc8ebd20 Thread added: 0x000002a6dc8ebd20
Event: 0.137 Thread 0x000002a6e0daa800 Thread added: 0x000002a6e0daa800
Event: 0.162 Thread 0x000002a6e0f004d0 Thread added: 0x000002a6e0f004d0
Event: 0.162 Thread 0x000002a6e0f00a10 Thread added: 0x000002a6e0f00a10
Event: 1.080 Thread 0x000002a6e0daa800 Thread exited: 0x000002a6e0daa800
Event: 1.110 Thread 0x000002a6e0f58a00 Thread added: 0x000002a6e0f58a00
Event: 1.110 Thread 0x000002a6e0f7d370 Thread added: 0x000002a6e0f7d370
Event: 6.129 Thread 0x000002a6e0f7d370 Thread exited: 0x000002a6e0f7d370
Event: 6.129 Thread 0x000002a6e0f58a00 Thread exited: 0x000002a6e0f58a00
Event: 12.585 Thread 0x000002a6e0ffb9c0 Thread added: 0x000002a6e0ffb9c0
Event: 12.631 Thread 0x000002a6e0fd45b0 Thread added: 0x000002a6e0fd45b0
Event: 13.609 Thread 0x000002a6e0fd45b0 Thread exited: 0x000002a6e0fd45b0
Event: 13.689 Thread 0x000002a6e1d750e0 Thread added: 0x000002a6e1d750e0
Event: 13.728 Thread 0x000002a6e1d74030 Thread added: 0x000002a6e1d74030
Event: 13.754 Thread 0x000002a6e1eef310 Thread added: 0x000002a6e1eef310
Event: 15.502 Thread 0x000002a6e31b66b0 Thread added: 0x000002a6e31b66b0
Event: 15.642 Thread 0x000002a6e1d74030 Thread exited: 0x000002a6e1d74030
Event: 15.693 Thread 0x000002a6e1d76190 Thread added: 0x000002a6e1d76190
Event: 18.021 Thread 0x000002a6e1d76190 Thread exited: 0x000002a6e1d76190
Event: 18.023 Thread 0x000002a6e1d750e0 Thread exited: 0x000002a6e1d750e0


Dynamic libraries:
0x00007ff726200000 - 0x00007ff726210000 	D:\JDK\jdk-19\bin\java.exe
0x00007ffe7e4b0000 - 0x00007ffe7e6a8000 	C:\WINDOWS\SYSTEM32\ntdll.dll
0x00007ffe75fa0000 - 0x00007ffe75fb9000 	C:\Program Files\Avast Software\Avast\aswhook.dll
0x00007ffe7daf0000 - 0x00007ffe7dbad000 	C:\WINDOWS\System32\KERNEL32.DLL
0x00007ffe7bbc0000 - 0x00007ffe7beb6000 	C:\WINDOWS\System32\KERNELBASE.dll
0x00007ffe7c2b0000 - 0x00007ffe7c3b0000 	C:\WINDOWS\System32\ucrtbase.dll
0x00007ffe33420000 - 0x00007ffe33438000 	D:\JDK\jdk-19\bin\jli.dll
0x00007ffe33c90000 - 0x00007ffe33cab000 	D:\JDK\jdk-19\bin\VCRUNTIME140.dll
0x00007ffe7dd10000 - 0x00007ffe7ddbf000 	C:\WINDOWS\System32\ADVAPI32.dll
0x00007ffe7e3d0000 - 0x00007ffe7e46e000 	C:\WINDOWS\System32\msvcrt.dll
0x00007ffe7dc40000 - 0x00007ffe7dcdc000 	C:\WINDOWS\System32\sechost.dll
0x00007ffe7ddd0000 - 0x00007ffe7def6000 	C:\WINDOWS\System32\RPCRT4.dll
0x00007ffe7d720000 - 0x00007ffe7d8be000 	C:\WINDOWS\System32\USER32.dll
0x00007ffe7bb90000 - 0x00007ffe7bbb2000 	C:\WINDOWS\System32\win32u.dll
0x00007ffe71190000 - 0x00007ffe7142a000 	C:\WINDOWS\WinSxS\amd64_microsoft.windows.common-controls_6595b64144ccf1df_6.0.19041.3636_none_60b6a03d71f818d5\COMCTL32.dll
0x00007ffe7dce0000 - 0x00007ffe7dd0c000 	C:\WINDOWS\System32\GDI32.dll
0x00007ffe7c0f0000 - 0x00007ffe7c20a000 	C:\WINDOWS\System32\gdi32full.dll
0x00007ffe7c050000 - 0x00007ffe7c0ed000 	C:\WINDOWS\System32\msvcp_win.dll
0x00007ffe734c0000 - 0x00007ffe734ca000 	C:\WINDOWS\SYSTEM32\VERSION.dll
0x00007ffe7cd40000 - 0x00007ffe7cd70000 	C:\WINDOWS\System32\IMM32.DLL
0x00007ffe4eee0000 - 0x00007ffe4eeec000 	D:\JDK\jdk-19\bin\vcruntime140_1.dll
0x00007ffe06fe0000 - 0x00007ffe0706e000 	D:\JDK\jdk-19\bin\msvcp140.dll
0x00007ffddf2c0000 - 0x00007ffddff80000 	D:\JDK\jdk-19\bin\server\jvm.dll
0x00007ffe64fa0000 - 0x00007ffe64fa9000 	C:\WINDOWS\SYSTEM32\WSOCK32.dll
0x00007ffe71670000 - 0x00007ffe71697000 	C:\WINDOWS\SYSTEM32\WINMM.dll
0x00007ffe7da80000 - 0x00007ffe7daeb000 	C:\WINDOWS\System32\WS2_32.dll
0x00007ffe7a3e0000 - 0x00007ffe7a3f2000 	C:\WINDOWS\SYSTEM32\kernel.appcore.dll
0x00007ffe4db60000 - 0x00007ffe4db6a000 	D:\JDK\jdk-19\bin\jimage.dll
0x00007ffe6ff00000 - 0x00007ffe700e4000 	C:\WINDOWS\SYSTEM32\DBGHELP.DLL
0x00007ffe6fdf0000 - 0x00007ffe6fe24000 	C:\WINDOWS\SYSTEM32\dbgcore.DLL
0x00007ffe7bf70000 - 0x00007ffe7bff2000 	C:\WINDOWS\System32\bcryptPrimitives.dll
0x00007ffe70280000 - 0x00007ffe7028e000 	D:\JDK\jdk-19\bin\instrument.dll
0x00007ffe333f0000 - 0x00007ffe33416000 	D:\JDK\jdk-19\bin\java.dll
0x00007ffdef690000 - 0x00007ffdef767000 	D:\JDK\jdk-19\bin\jsvml.dll
0x00007ffe7cfd0000 - 0x00007ffe7d714000 	C:\WINDOWS\System32\SHELL32.dll
0x00007ffe79ac0000 - 0x00007ffe7a25b000 	C:\WINDOWS\SYSTEM32\windows.storage.dll
0x00007ffe7c510000 - 0x00007ffe7c864000 	C:\WINDOWS\System32\combase.dll
0x00007ffe7b500000 - 0x00007ffe7b52d000 	C:\WINDOWS\SYSTEM32\Wldp.dll
0x00007ffe7cf20000 - 0x00007ffe7cfcd000 	C:\WINDOWS\System32\SHCORE.dll
0x00007ffe7cb60000 - 0x00007ffe7cbb5000 	C:\WINDOWS\System32\shlwapi.dll
0x00007ffe7bac0000 - 0x00007ffe7bae5000 	C:\WINDOWS\SYSTEM32\profapi.dll
0x00007ffe32450000 - 0x00007ffe32468000 	D:\JDK\jdk-19\bin\zip.dll
0x00007ffe32ab0000 - 0x00007ffe32ac3000 	D:\JDK\jdk-19\bin\net.dll
0x00007ffe6fb50000 - 0x00007ffe6fc5a000 	C:\WINDOWS\SYSTEM32\WINHTTP.dll
0x00007ffe7b260000 - 0x00007ffe7b2ca000 	C:\WINDOWS\system32\mswsock.dll
0x00007ffe32a90000 - 0x00007ffe32aa6000 	D:\JDK\jdk-19\bin\nio.dll
0x00007ffe3d510000 - 0x00007ffe3d52a000 	D:\JDK\JetBrains IntelliJ IDEA Ultimate 2022.2\IntelliJ IDEA 2022.2\bin\breakgen64.dll
0x00007ffe4ab80000 - 0x00007ffe4ab88000 	D:\JDK\jdk-19\bin\extnet.dll
0x00007ffe7af90000 - 0x00007ffe7b05a000 	C:\WINDOWS\SYSTEM32\DNSAPI.dll
0x00007ffe7af50000 - 0x00007ffe7af8b000 	C:\WINDOWS\SYSTEM32\IPHLPAPI.DLL
0x00007ffe7da70000 - 0x00007ffe7da78000 	C:\WINDOWS\System32\NSI.dll
0x00007ffe666a0000 - 0x00007ffe666aa000 	C:\Windows\System32\rasadhlp.dll
0x00007ffe66e20000 - 0x00007ffe66ea0000 	C:\WINDOWS\System32\fwpuclnt.dll
0x00007ffe7c280000 - 0x00007ffe7c2a7000 	C:\WINDOWS\System32\bcrypt.dll
0x00007ffe3d4f0000 - 0x00007ffe3d4fe000 	D:\JDK\jdk-19\bin\sunmscapi.dll
0x00007ffe7c3b0000 - 0x00007ffe7c50d000 	C:\WINDOWS\System32\CRYPT32.dll
0x00007ffe7b570000 - 0x00007ffe7b597000 	C:\WINDOWS\SYSTEM32\ncrypt.dll
0x00007ffe7b530000 - 0x00007ffe7b56b000 	C:\WINDOWS\SYSTEM32\NTASN1.dll
0x00007ffe7b450000 - 0x00007ffe7b468000 	C:\WINDOWS\SYSTEM32\CRYPTSP.dll
0x00007ffe7ab90000 - 0x00007ffe7abc4000 	C:\WINDOWS\system32\rsaenh.dll
0x00007ffe7ba80000 - 0x00007ffe7baae000 	C:\WINDOWS\SYSTEM32\USERENV.dll
0x00007ffe7b470000 - 0x00007ffe7b47c000 	C:\WINDOWS\SYSTEM32\CRYPTBASE.dll
0x00007ffe71990000 - 0x00007ffe719a7000 	C:\WINDOWS\SYSTEM32\dhcpcsvc6.DLL
0x00007ffe72a40000 - 0x00007ffe72a5d000 	C:\WINDOWS\SYSTEM32\dhcpcsvc.DLL
0x00007ffe3f250000 - 0x00007ffe3f260000 	D:\JDK\jdk-19\bin\verify.dll

dbghelp: loaded successfully - version: 4.0.5 - missing functions: none
symbol engine: initialized successfully - sym options: 0x614 - pdb path: .;D:\JDK\jdk-19\bin;C:\WINDOWS\SYSTEM32;C:\Program Files\Avast Software\Avast;C:\WINDOWS\WinSxS\amd64_microsoft.windows.common-controls_6595b64144ccf1df_6.0.19041.3636_none_60b6a03d71f818d5;D:\JDK\jdk-19\bin\server;D:\JDK\JetBrains IntelliJ IDEA Ultimate 2022.2\IntelliJ IDEA 2022.2\bin

VM Arguments:
jvm_args: -javaagent:D:\JDK\JetBrains IntelliJ IDEA Ultimate 2022.2\IntelliJ IDEA 2022.2\lib\idea_rt.jar=50805:D:\JDK\JetBrains IntelliJ IDEA Ultimate 2022.2\IntelliJ IDEA 2022.2\bin -Dfile.encoding=windows-1251 
java_command: practise.MainServer
java_class_path (initial): D:\FCP\SEM7\CURS\Project\Server\target\classes;C:\Users\Notebook\.m2\repository\mysql\mysql-connector-java\8.0.25\mysql-connector-java-8.0.25.jar;C:\Users\Notebook\.m2\repository\com\google\protobuf\protobuf-java\3.11.4\protobuf-java-3.11.4.jar;C:\Users\Notebook\.m2\repository\jakarta\inject\jakarta.inject-api\2.0.0\jakarta.inject-api-2.0.0.jar;C:\Users\Notebook\.m2\repository\org\hibernate\orm\hibernate-core\6.0.0.Final\hibernate-core-6.0.0.Final.jar;C:\Users\Notebook\.m2\repository\jakarta\persistence\jakarta.persistence-api\3.0.0\jakarta.persistence-api-3.0.0.jar;C:\Users\Notebook\.m2\repository\jakarta\transaction\jakarta.transaction-api\2.0.0\jakarta.transaction-api-2.0.0.jar;C:\Users\Notebook\.m2\repository\org\jboss\logging\jboss-logging\3.4.3.Final\jboss-logging-3.4.3.Final.jar;C:\Users\Notebook\.m2\repository\org\jboss\jandex\2.4.2.Final\jandex-2.4.2.Final.jar;C:\Users\Notebook\.m2\repository\com\fasterxml\classmate\1.5.1\classmate-1.5.1.jar;C:\Users\Notebook\.m2\repository\org\hibernate\common\hibernate-commons-annotations\6.0.0.CR1\hibernate-commons-annotations-6.0.0.CR1.jar;C:\Users\Notebook\.m2\repository\net\bytebuddy\byte-buddy\1.12.8\byte-buddy-1.12.8.jar;C:\Users\Notebook\.m2\repository\jakarta\activation\jakarta.activation-api\2.0.1\jakarta.activation-api-2.0.1.jar;C:\Users\Notebook\.m2\repository\jakarta\xml\bind\jakarta.xml.bind-api\3.0.1\jakarta.xml.bind-api-3.0.1.jar;C:\Users\Notebook\.m2\repository\org\antlr\antlr4-runtime\4.9.1\antlr4-runtime-4.9.1.jar;C:\Users\Notebook\.m2\repository\org\glassfish\jaxb\jaxb-runtime\3.0.2\jaxb-runtime-3.0.2.jar;C:\Users\Notebook\.m2\repository\com\sun\activation\jakarta.activation\2.0.1\jakarta.activation-2.0.1.jar;C:\Users\Notebook\.m2\repository\org\glassfish\jaxb\jaxb-core\3.0.2\jaxb-core-3.0.2.jar;C:\Users\Notebook\.m2\repository\org\glassfish\jaxb\txw2\3.0.2\txw2-3.0.2.jar;C:\Users\Notebook\.m2\repository\com\sun\istack\istack-commons-runtime\4.0.1\istack-commons-runtime-4.0.1.jar;D:\FCP\SEM7\CURS\Project\DataLib\target\classes
Launcher Type: SUN_STANDARD

[Global flags]
     intx CICompilerCount                          = 4                                         {product} {ergonomic}
     uint ConcGCThreads                            = 2                                         {product} {ergonomic}
     uint G1ConcRefinementThreads                  = 8                                         {product} {ergonomic}
   size_t G1HeapRegionSize                         = 2097152                                   {product} {ergonomic}
    uintx GCDrainStackTargetSize                   = 64                                        {product} {ergonomic}
   size_t InitialHeapSize                          = 266338304                                 {product} {ergonomic}
   size_t MarkStackSize                            = 4194304                                   {product} {ergonomic}
   size_t MaxHeapSize                              = 4244635648                                {product} {ergonomic}
   size_t MaxNewSize                               = 2545942528                                {product} {ergonomic}
   size_t MinHeapDeltaBytes                        = 2097152                                   {product} {ergonomic}
   size_t MinHeapSize                              = 8388608                                   {product} {ergonomic}
    uintx NonNMethodCodeHeapSize                   = 5839372                                {pd product} {ergonomic}
    uintx NonProfiledCodeHeapSize                  = 122909434                              {pd product} {ergonomic}
    uintx ProfiledCodeHeapSize                     = 122909434                              {pd product} {ergonomic}
    uintx ReservedCodeCacheSize                    = 251658240                              {pd product} {ergonomic}
     bool SegmentedCodeCache                       = true                                      {product} {ergonomic}
   size_t SoftMaxHeapSize                          = 4244635648                             {manageable} {ergonomic}
     bool UseCompressedClassPointers               = true                           {product lp64_product} {ergonomic}
     bool UseCompressedOops                        = true                           {product lp64_product} {ergonomic}
     bool UseG1GC                                  = true                                      {product} {ergonomic}
     bool UseLargePagesIndividualAllocation        = false                                  {pd product} {ergonomic}

Logging:
Log output configuration:
 #0: stdout all=warning uptime,level,tags foldmultilines=false
 #1: stderr all=off uptime,level,tags foldmultilines=false

Environment Variables:
JAVA_HOME=C:\Program Files\Java\jdk-20
CLASSPATH=C:\Program Files\Java\jdk-20\lib;C:\Program Files\Java\jdk-20\jre\lib;
PATH=C:\Program Files\Microsoft MPI\Bin\;D:\AVR ToolChain\WinAVR\bin;D:\AVR ToolChain\WinAVR\utils\bin;D:\Proteus&Eclipse\MMVP\4.6 2012q4\bin;C:\Program Files\Microsoft SQL Server\130\Tools\Binn\;C:\Program Files\Microsoft OLE DB Provider for DB2\System\;D:\JDK\maven\apache-maven-3.8.6\bin;D:\JDK\Git\cmd;D:\JDK\RationalRose\common;C:\Program Files\Java\jdk-20\bin;C:\Program Files (x86)\Microsoft SQL Server\150\Tools\Binn\;C:\Program Files\Microsoft SQL Server\150\Tools\Binn\;C:\Program Files (x86)\Microsoft SQL Server\150\DTS\Binn\;C:\Program Files\Microsoft SQL Server\150\DTS\Binn\;C:\Program Files\Azure Data Studio\bin;C:\Program Files\Microsoft SQL Server\90\Tools\binn\;d:\Microsoft SQL Server\BOL (x86)\90\Tools\binn\;d:\Microsoft SQL Server\BOL (x86)\90\DTS\Binn\;d:\Microsoft SQL Server\BOL (x86)\90\Tools\Binn\VSShell\Common7\IDE\;C:\Program Files (x86)\Microsoft Visual Studio 8\Common7\IDE\PrivateAssemblies\;C:\Program Files\Microsoft SQL Server\Client SDK\ODBC\170\Tools\Binn\;C:\Program Files\dotnet\;C:\Program Files\MySQL\MySQL Shell 8.0\bin\;C:\Users\Notebook\AppData\Local\Microsoft\WindowsApps;C:\Program Files\Azure Data Studio\bin;C:\Program Files\Java\jdk-20;D:\JDK\Apache Tomcat\apache-tomcat-8.1\lib;C:\Program Files\Java\jdk-20\bin;;C:\Program Files\Azure Data Studio\bin;C:\Users\Notebook\.dotnet\tools
USERNAME=Notebook
OS=Windows_NT
PROCESSOR_IDENTIFIER=AMD64 Family 23 Model 24 Stepping 1, AuthenticAMD
TMP=C:\Users\Notebook\AppData\Local\Temp
TEMP=C:\Users\Notebook\AppData\Local\Temp



---------------  S Y S T E M  ---------------

OS:
 Windows 10 , 64 bit Build 19041 (10.0.19041.3636)
OS uptime: 1 days 9:45 hours

CPU: total 8 (initial active 8) (8 cores per cpu, 2 threads per core) family 23 model 24 stepping 1 microcode 0x0, cx8, cmov, fxsr, ht, mmx, 3dnowpref, sse, sse2, sse3, ssse3, sse4a, sse4.1, sse4.2, popcnt, lzcnt, tsc, tscinvbit, avx, avx2, aes, clmul, bmi1, bmi2, adx, sha, fma, vzeroupper, clflush, clflushopt, rdtscp

Memory: 4k page, system-wide physical 16189M (5798M free)
TotalPageFile size 18237M (AvailPageFile size 198M)
current process WorkingSet (physical memory assigned to process): 550M, peak: 550M
current process commit charge ("private bytes"): 639M, peak: 837M

vm_info: Java HotSpot(TM) 64-Bit Server VM (19+36-2238) for windows-amd64 JRE (19+36-2238), built on 2022-08-12T20:29:01Z by "mach5one" with MS VC++ 17.1 (VS2022)

END.
