#
# There is insufficient memory for the Java Runtime Environment to continue.
# Native memory allocation (malloc) failed to allocate 641776 bytes for Chunk::new
# Possible reasons:
#   The system is out of physical RAM or swap space
#   The process is running with CompressedOops enabled, and the Java Heap may be blocking the growth of the native heap
# Possible solutions:
#   Reduce memory load on the system
#   Increase physical memory or swap space
#   Check if swap backing store is full
#   Decrease Java heap size (-Xmx/-Xms)
#   Decrease number of Java threads
#   Decrease Java thread stack sizes (-Xss)
#   Set larger code cache with -XX:ReservedCodeCacheSize=
#   JVM is running with Zero Based Compressed Oops mode in which the Java heap is
#     placed in the first 32GB address space. The Java Heap base address is the
#     maximum limit for the native heap growth. Please use -XX:HeapBaseMinAddress
#     to set the Java Heap base and to place the Java Heap above 32GB virtual address.
# This output file may be truncated or incomplete.
#
#  Out of Memory Error (arena.cpp:184), pid=11248, tid=15324
#
# JRE version: OpenJDK Runtime Environment (20.0.1+9) (build 20.0.1+9-29)
# Java VM: OpenJDK 64-Bit Server VM (20.0.1+9-29, mixed mode, sharing, tiered, compressed oops, compressed class ptrs, g1 gc, windows-amd64)
# No core dump will be written. Minidumps are not enabled by default on client versions of Windows
#

---------------  S U M M A R Y ------------

Command Line: -javaagent:D:\JDK\JetBrains IntelliJ IDEA Ultimate 2022.2\IntelliJ IDEA 2022.2\lib\idea_rt.jar=62641:D:\JDK\JetBrains IntelliJ IDEA Ultimate 2022.2\IntelliJ IDEA 2022.2\bin -Dfile.encoding=UTF-8 Main_1

Host: AMD Ryzen 7 3750H with Radeon Vega Mobile Gfx  , 8 cores, 15G,  Windows 10 , 64 bit Build 19041 (10.0.19041.3570)
Time: Tue Nov 14 23:46:48 2023  Windows 10 , 64 bit Build 19041 (10.0.19041.3570) elapsed time: 8.672513 seconds (0d 0h 0m 8s)

---------------  T H R E A D  ---------------

Current thread (0x000001c97ecd4930):  JavaThread "C2 CompilerThread0" daemon [_thread_in_native, id=15324, stack(0x0000009402f00000,0x0000009403000000)]


Current CompileTask:
C2:   8672 2283       4       java.lang.invoke.MethodType::makeImpl (109 bytes)

Stack: [0x0000009402f00000,0x0000009403000000]
Native frames: (J=compiled Java code, j=interpreted, Vv=VM code, C=native code)
V  [jvm.dll+0x6bb95a]
V  [jvm.dll+0x8485fa]
V  [jvm.dll+0x84a1f5]
V  [jvm.dll+0x84a8f3]
V  [jvm.dll+0x280b0f]
V  [jvm.dll+0xc2b11]
V  [jvm.dll+0xc2e35]
V  [jvm.dll+0x2f5dbf]
V  [jvm.dll+0x5e32eb]
V  [jvm.dll+0x2543b4]
V  [jvm.dll+0x25477f]
V  [jvm.dll+0x24cf6d]
V  [jvm.dll+0x24a549]
V  [jvm.dll+0x1ce491]
V  [jvm.dll+0x259e1b]
V  [jvm.dll+0x2584f0]
V  [jvm.dll+0x3f2895]
V  [jvm.dll+0x7f4b56]
V  [jvm.dll+0x6ba5cb]
C  [ucrtbase.dll+0x21bb2]
C  [KERNEL32.DLL+0x17344]
C  [ntdll.dll+0x526b1]


---------------  P R O C E S S  ---------------

Threads class SMR info:
_java_thread_list=0x000001c97f3d2290, length=19, elements={
0x000001c9707a0f70, 0x000001c97ecc19f0, 0x000001c97ecc2a60, 0x000001c97eccbee0,
0x000001c97ecceff0, 0x000001c97ecd0680, 0x000001c97ecd3380, 0x000001c97ecd4930,
0x000001c97ed00f40, 0x000001c97ef1d370, 0x000001c97f255d70, 0x000001c97f2562c0,
0x000001c97f21e790, 0x000001c97f7ab100, 0x000001c97f8945c0, 0x000001c97f801fa0,
0x000001c97f81abe0, 0x000001c97f81cbc0, 0x000001c97f81d110
}

Java Threads: ( => current thread )
  0x000001c9707a0f70 JavaThread "main" [_thread_blocked, id=12928, stack(0x0000009402200000,0x0000009402300000)]
  0x000001c97ecc19f0 JavaThread "Reference Handler" daemon [_thread_blocked, id=3732, stack(0x0000009402900000,0x0000009402a00000)]
  0x000001c97ecc2a60 JavaThread "Finalizer" daemon [_thread_blocked, id=12980, stack(0x0000009402a00000,0x0000009402b00000)]
  0x000001c97eccbee0 JavaThread "Signal Dispatcher" daemon [_thread_blocked, id=17136, stack(0x0000009402b00000,0x0000009402c00000)]
  0x000001c97ecceff0 JavaThread "Attach Listener" daemon [_thread_blocked, id=7020, stack(0x0000009402c00000,0x0000009402d00000)]
  0x000001c97ecd0680 JavaThread "Service Thread" daemon [_thread_blocked, id=16952, stack(0x0000009402d00000,0x0000009402e00000)]
  0x000001c97ecd3380 JavaThread "Monitor Deflation Thread" daemon [_thread_blocked, id=18732, stack(0x0000009402e00000,0x0000009402f00000)]
=>0x000001c97ecd4930 JavaThread "C2 CompilerThread0" daemon [_thread_in_native, id=15324, stack(0x0000009402f00000,0x0000009403000000)]
  0x000001c97ed00f40 JavaThread "C1 CompilerThread0" daemon [_thread_blocked, id=4784, stack(0x0000009403000000,0x0000009403100000)]
  0x000001c97ef1d370 JavaThread "Common-Cleaner" daemon [_thread_blocked, id=20248, stack(0x0000009403100000,0x0000009403200000)]
  0x000001c97f255d70 JavaThread "Monitor Ctrl-Break" daemon [_thread_in_native, id=4660, stack(0x0000009403200000,0x0000009403300000)]
  0x000001c97f2562c0 JavaThread "Notification Thread" daemon [_thread_blocked, id=11856, stack(0x0000009403300000,0x0000009403400000)]
  0x000001c97f21e790 JavaThread "JavaFX-Launcher" [_thread_blocked, id=5680, stack(0x0000009403500000,0x0000009403600000)]
  0x000001c97f7ab100 JavaThread "QuantumRenderer-0" daemon [_thread_blocked, id=16280, stack(0x0000009403700000,0x0000009403800000)]
  0x000001c97f8945c0 JavaThread "InvokeLaterDispatcher" daemon [_thread_blocked, id=6736, stack(0x0000009403600000,0x0000009403700000)]
  0x000001c97f801fa0 JavaThread "JavaFX Application Thread" [_thread_in_native, id=9524, stack(0x0000009403a00000,0x0000009403b00000)]
  0x000001c97f81abe0 JavaThread "Thread-2" daemon [_thread_in_native, id=13652, stack(0x0000009404100000,0x0000009404200000)]
  0x000001c97f81cbc0 JavaThread "Prism Font Disposer" daemon [_thread_blocked, id=17196, stack(0x0000009404b00000,0x0000009404c00000)]
  0x000001c97f81d110 JavaThread "Cleaner-0" daemon [_thread_blocked, id=5372, stack(0x0000009404d00000,0x0000009404e00000)]

Other Threads:
  0x000001c97eca5650 VMThread "VM Thread" [stack: 0x0000009402800000,0x0000009402900000] [id=5384]
  0x000001c9707a1c70 WatcherThread "VM Periodic Task Thread" [stack: 0x0000009403400000,0x0000009403500000] [id=9764]
  0x000001c97080f520 WorkerThread "GC Thread#0" [stack: 0x0000009402300000,0x0000009402400000] [id=5956]
  0x000001c9152adb10 WorkerThread "GC Thread#1" [stack: 0x0000009404200000,0x0000009404300000] [id=17160]
  0x000001c97f838c40 WorkerThread "GC Thread#2" [stack: 0x0000009404300000,0x0000009404400000] [id=13124]
  0x000001c9153749f0 WorkerThread "GC Thread#3" [stack: 0x0000009404400000,0x0000009404500000] [id=20316]
  0x000001c915374180 WorkerThread "GC Thread#4" [stack: 0x0000009404500000,0x0000009404600000] [id=4252]
  0x000001c915372dd0 WorkerThread "GC Thread#5" [stack: 0x0000009404600000,0x0000009404700000] [id=19080]
  0x000001c915373640 WorkerThread "GC Thread#6" [stack: 0x0000009404700000,0x0000009404800000] [id=13292]
  0x000001c9153730a0 WorkerThread "GC Thread#7" [stack: 0x0000009404800000,0x0000009404900000] [id=19580]
  0x000001c9708203a0 ConcurrentGCThread "G1 Main Marker" [stack: 0x0000009402400000,0x0000009402500000] [id=1652]
  0x000001c970821570 WorkerThread "G1 Conc#0" [stack: 0x0000009402500000,0x0000009402600000] [id=3884]
  0x000001c97eb63560 ConcurrentGCThread "G1 Refine#0" [stack: 0x0000009402600000,0x0000009402700000] [id=14068]
  0x000001c97eb64000 ConcurrentGCThread "G1 Service" [stack: 0x0000009402700000,0x0000009402800000] [id=4804]

Threads with active compile tasks:
C2 CompilerThread0     8770 2283       4       java.lang.invoke.MethodType::makeImpl (109 bytes)

VM state: not at safepoint (normal execution)

VM Mutex/Monitor currently owned by a thread: None

Heap address: 0x0000000703000000, size: 4048 MB, Compressed Oops mode: Zero based, Oop shift amount: 3

CDS archive(s) mapped at: [0x0000000800000000-0x0000000800c60000-0x0000000800c60000), size 12976128, SharedBaseAddress: 0x0000000800000000, ArchiveRelocationMode: 0.
Compressed class space mapped at: 0x0000000801000000-0x0000000841000000, reserved size: 1073741824
Narrow klass base: 0x0000000800000000, Narrow klass shift: 0, Narrow klass range: 0x100000000

GC Precious Log:
 CardTable entry size: 512
 Card Set container configuration: InlinePtr #cards 4 size 8 Array Of Cards #cards 16 size 48 Howl #buckets 8 coarsen threshold 3686 Howl Bitmap #cards 512 size 80 coarsen threshold 460 Card regions per heap region 1 cards per card region 4096
 CPUs: 8 total, 8 available
 Memory: 16189M
 Large Page Support: Disabled
 NUMA Support: Disabled
 Compressed Oops: Enabled (Zero based)
 Heap Region Size: 2M
 Heap Min Capacity: 8M
 Heap Initial Capacity: 254M
 Heap Max Capacity: 4048M
 Pre-touch: Disabled
 Parallel Workers: 8
 Concurrent Workers: 2
 Concurrent Refinement Workers: 8
 Periodic GC: Disabled

Heap:
 garbage-first heap   total 260096K, used 16406K [0x0000000703000000, 0x0000000800000000)
  region size 2048K, 5 young (10240K), 2 survivors (4096K)
 Metaspace       used 15527K, committed 15808K, reserved 1114112K
  class space    used 2182K, committed 2304K, reserved 1048576K

Heap Regions: E=young(eden), S=young(survivor), O=old, HS=humongous(starts), HC=humongous(continues), CS=collection set, F=free, OA=open archive, CA=closed archive, TAMS=top-at-mark-start, PB=parsable bottom
|   0|0x0000000703000000, 0x0000000703200000, 0x0000000703200000|100%| O|  |TAMS 0x0000000703000000| PB 0x0000000703000000| Untracked 
|   1|0x0000000703200000, 0x0000000703400000, 0x0000000703400000|100%| O|  |TAMS 0x0000000703200000| PB 0x0000000703200000| Untracked 
|   2|0x0000000703400000, 0x0000000703600000, 0x0000000703600000|100%| O|  |TAMS 0x0000000703400000| PB 0x0000000703400000| Untracked 
|   3|0x0000000703600000, 0x0000000703667a00, 0x0000000703800000| 20%| O|  |TAMS 0x0000000703600000| PB 0x0000000703600000| Untracked 
|   4|0x0000000703800000, 0x0000000703a00000, 0x0000000703a00000|100%|HS|  |TAMS 0x0000000703800000| PB 0x0000000703800000| Complete 
|   5|0x0000000703a00000, 0x0000000703a00000, 0x0000000703c00000|  0%| F|  |TAMS 0x0000000703a00000| PB 0x0000000703a00000| Untracked 
|   6|0x0000000703c00000, 0x0000000703c00000, 0x0000000703e00000|  0%| F|  |TAMS 0x0000000703c00000| PB 0x0000000703c00000| Untracked 
|   7|0x0000000703e00000, 0x0000000703e00000, 0x0000000704000000|  0%| F|  |TAMS 0x0000000703e00000| PB 0x0000000703e00000| Untracked 
|   8|0x0000000704000000, 0x0000000704000000, 0x0000000704200000|  0%| F|  |TAMS 0x0000000704000000| PB 0x0000000704000000| Untracked 
|   9|0x0000000704200000, 0x0000000704200000, 0x0000000704400000|  0%| F|  |TAMS 0x0000000704200000| PB 0x0000000704200000| Untracked 
|  10|0x0000000704400000, 0x0000000704400000, 0x0000000704600000|  0%| F|  |TAMS 0x0000000704400000| PB 0x0000000704400000| Untracked 
|  11|0x0000000704600000, 0x0000000704600000, 0x0000000704800000|  0%| F|  |TAMS 0x0000000704600000| PB 0x0000000704600000| Untracked 
|  12|0x0000000704800000, 0x0000000704800000, 0x0000000704a00000|  0%| F|  |TAMS 0x0000000704800000| PB 0x0000000704800000| Untracked 
|  13|0x0000000704a00000, 0x0000000704a00000, 0x0000000704c00000|  0%| F|  |TAMS 0x0000000704a00000| PB 0x0000000704a00000| Untracked 
|  14|0x0000000704c00000, 0x0000000704c00000, 0x0000000704e00000|  0%| F|  |TAMS 0x0000000704c00000| PB 0x0000000704c00000| Untracked 
|  15|0x0000000704e00000, 0x0000000704e00000, 0x0000000705000000|  0%| F|  |TAMS 0x0000000704e00000| PB 0x0000000704e00000| Untracked 
|  16|0x0000000705000000, 0x0000000705000000, 0x0000000705200000|  0%| F|  |TAMS 0x0000000705000000| PB 0x0000000705000000| Untracked 
|  17|0x0000000705200000, 0x0000000705200000, 0x0000000705400000|  0%| F|  |TAMS 0x0000000705200000| PB 0x0000000705200000| Untracked 
|  18|0x0000000705400000, 0x0000000705400000, 0x0000000705600000|  0%| F|  |TAMS 0x0000000705400000| PB 0x0000000705400000| Untracked 
|  19|0x0000000705600000, 0x0000000705600000, 0x0000000705800000|  0%| F|  |TAMS 0x0000000705600000| PB 0x0000000705600000| Untracked 
|  20|0x0000000705800000, 0x0000000705800000, 0x0000000705a00000|  0%| F|  |TAMS 0x0000000705800000| PB 0x0000000705800000| Untracked 
|  21|0x0000000705a00000, 0x0000000705a00000, 0x0000000705c00000|  0%| F|  |TAMS 0x0000000705a00000| PB 0x0000000705a00000| Untracked 
|  22|0x0000000705c00000, 0x0000000705c00000, 0x0000000705e00000|  0%| F|  |TAMS 0x0000000705c00000| PB 0x0000000705c00000| Untracked 
|  23|0x0000000705e00000, 0x0000000705e00000, 0x0000000706000000|  0%| F|  |TAMS 0x0000000705e00000| PB 0x0000000705e00000| Untracked 
|  24|0x0000000706000000, 0x0000000706000000, 0x0000000706200000|  0%| F|  |TAMS 0x0000000706000000| PB 0x0000000706000000| Untracked 
|  25|0x0000000706200000, 0x0000000706200000, 0x0000000706400000|  0%| F|  |TAMS 0x0000000706200000| PB 0x0000000706200000| Untracked 
|  26|0x0000000706400000, 0x0000000706400000, 0x0000000706600000|  0%| F|  |TAMS 0x0000000706400000| PB 0x0000000706400000| Untracked 
|  27|0x0000000706600000, 0x0000000706600000, 0x0000000706800000|  0%| F|  |TAMS 0x0000000706600000| PB 0x0000000706600000| Untracked 
|  28|0x0000000706800000, 0x0000000706800000, 0x0000000706a00000|  0%| F|  |TAMS 0x0000000706800000| PB 0x0000000706800000| Untracked 
|  29|0x0000000706a00000, 0x0000000706a00000, 0x0000000706c00000|  0%| F|  |TAMS 0x0000000706a00000| PB 0x0000000706a00000| Untracked 
|  30|0x0000000706c00000, 0x0000000706c00000, 0x0000000706e00000|  0%| F|  |TAMS 0x0000000706c00000| PB 0x0000000706c00000| Untracked 
|  31|0x0000000706e00000, 0x0000000706e00000, 0x0000000707000000|  0%| F|  |TAMS 0x0000000706e00000| PB 0x0000000706e00000| Untracked 
|  32|0x0000000707000000, 0x0000000707000000, 0x0000000707200000|  0%| F|  |TAMS 0x0000000707000000| PB 0x0000000707000000| Untracked 
|  33|0x0000000707200000, 0x0000000707200000, 0x0000000707400000|  0%| F|  |TAMS 0x0000000707200000| PB 0x0000000707200000| Untracked 
|  34|0x0000000707400000, 0x0000000707400000, 0x0000000707600000|  0%| F|  |TAMS 0x0000000707400000| PB 0x0000000707400000| Untracked 
|  35|0x0000000707600000, 0x0000000707600000, 0x0000000707800000|  0%| F|  |TAMS 0x0000000707600000| PB 0x0000000707600000| Untracked 
|  36|0x0000000707800000, 0x0000000707800000, 0x0000000707a00000|  0%| F|  |TAMS 0x0000000707800000| PB 0x0000000707800000| Untracked 
|  37|0x0000000707a00000, 0x0000000707a00000, 0x0000000707c00000|  0%| F|  |TAMS 0x0000000707a00000| PB 0x0000000707a00000| Untracked 
|  38|0x0000000707c00000, 0x0000000707c00000, 0x0000000707e00000|  0%| F|  |TAMS 0x0000000707c00000| PB 0x0000000707c00000| Untracked 
|  39|0x0000000707e00000, 0x0000000707e00000, 0x0000000708000000|  0%| F|  |TAMS 0x0000000707e00000| PB 0x0000000707e00000| Untracked 
|  40|0x0000000708000000, 0x0000000708000000, 0x0000000708200000|  0%| F|  |TAMS 0x0000000708000000| PB 0x0000000708000000| Untracked 
|  41|0x0000000708200000, 0x0000000708200000, 0x0000000708400000|  0%| F|  |TAMS 0x0000000708200000| PB 0x0000000708200000| Untracked 
|  42|0x0000000708400000, 0x0000000708400000, 0x0000000708600000|  0%| F|  |TAMS 0x0000000708400000| PB 0x0000000708400000| Untracked 
|  43|0x0000000708600000, 0x0000000708600000, 0x0000000708800000|  0%| F|  |TAMS 0x0000000708600000| PB 0x0000000708600000| Untracked 
|  44|0x0000000708800000, 0x0000000708800000, 0x0000000708a00000|  0%| F|  |TAMS 0x0000000708800000| PB 0x0000000708800000| Untracked 
|  45|0x0000000708a00000, 0x0000000708a00000, 0x0000000708c00000|  0%| F|  |TAMS 0x0000000708a00000| PB 0x0000000708a00000| Untracked 
|  46|0x0000000708c00000, 0x0000000708c00000, 0x0000000708e00000|  0%| F|  |TAMS 0x0000000708c00000| PB 0x0000000708c00000| Untracked 
|  47|0x0000000708e00000, 0x0000000708e00000, 0x0000000709000000|  0%| F|  |TAMS 0x0000000708e00000| PB 0x0000000708e00000| Untracked 
|  48|0x0000000709000000, 0x0000000709000000, 0x0000000709200000|  0%| F|  |TAMS 0x0000000709000000| PB 0x0000000709000000| Untracked 
|  49|0x0000000709200000, 0x0000000709200000, 0x0000000709400000|  0%| F|  |TAMS 0x0000000709200000| PB 0x0000000709200000| Untracked 
|  50|0x0000000709400000, 0x0000000709400000, 0x0000000709600000|  0%| F|  |TAMS 0x0000000709400000| PB 0x0000000709400000| Untracked 
|  51|0x0000000709600000, 0x0000000709600000, 0x0000000709800000|  0%| F|  |TAMS 0x0000000709600000| PB 0x0000000709600000| Untracked 
|  52|0x0000000709800000, 0x0000000709800000, 0x0000000709a00000|  0%| F|  |TAMS 0x0000000709800000| PB 0x0000000709800000| Untracked 
|  53|0x0000000709a00000, 0x0000000709a00000, 0x0000000709c00000|  0%| F|  |TAMS 0x0000000709a00000| PB 0x0000000709a00000| Untracked 
|  54|0x0000000709c00000, 0x0000000709c00000, 0x0000000709e00000|  0%| F|  |TAMS 0x0000000709c00000| PB 0x0000000709c00000| Untracked 
|  55|0x0000000709e00000, 0x0000000709e00000, 0x000000070a000000|  0%| F|  |TAMS 0x0000000709e00000| PB 0x0000000709e00000| Untracked 
|  56|0x000000070a000000, 0x000000070a000000, 0x000000070a200000|  0%| F|  |TAMS 0x000000070a000000| PB 0x000000070a000000| Untracked 
|  57|0x000000070a200000, 0x000000070a200000, 0x000000070a400000|  0%| F|  |TAMS 0x000000070a200000| PB 0x000000070a200000| Untracked 
|  58|0x000000070a400000, 0x000000070a400000, 0x000000070a600000|  0%| F|  |TAMS 0x000000070a400000| PB 0x000000070a400000| Untracked 
|  59|0x000000070a600000, 0x000000070a600000, 0x000000070a800000|  0%| F|  |TAMS 0x000000070a600000| PB 0x000000070a600000| Untracked 
|  60|0x000000070a800000, 0x000000070a800000, 0x000000070aa00000|  0%| F|  |TAMS 0x000000070a800000| PB 0x000000070a800000| Untracked 
|  61|0x000000070aa00000, 0x000000070aa00000, 0x000000070ac00000|  0%| F|  |TAMS 0x000000070aa00000| PB 0x000000070aa00000| Untracked 
|  62|0x000000070ac00000, 0x000000070ac00000, 0x000000070ae00000|  0%| F|  |TAMS 0x000000070ac00000| PB 0x000000070ac00000| Untracked 
|  63|0x000000070ae00000, 0x000000070ae00000, 0x000000070b000000|  0%| F|  |TAMS 0x000000070ae00000| PB 0x000000070ae00000| Untracked 
|  64|0x000000070b000000, 0x000000070b000000, 0x000000070b200000|  0%| F|  |TAMS 0x000000070b000000| PB 0x000000070b000000| Untracked 
|  65|0x000000070b200000, 0x000000070b200000, 0x000000070b400000|  0%| F|  |TAMS 0x000000070b200000| PB 0x000000070b200000| Untracked 
|  66|0x000000070b400000, 0x000000070b400000, 0x000000070b600000|  0%| F|  |TAMS 0x000000070b400000| PB 0x000000070b400000| Untracked 
|  67|0x000000070b600000, 0x000000070b600000, 0x000000070b800000|  0%| F|  |TAMS 0x000000070b600000| PB 0x000000070b600000| Untracked 
|  68|0x000000070b800000, 0x000000070b800000, 0x000000070ba00000|  0%| F|  |TAMS 0x000000070b800000| PB 0x000000070b800000| Untracked 
|  69|0x000000070ba00000, 0x000000070ba00000, 0x000000070bc00000|  0%| F|  |TAMS 0x000000070ba00000| PB 0x000000070ba00000| Untracked 
|  70|0x000000070bc00000, 0x000000070bc00000, 0x000000070be00000|  0%| F|  |TAMS 0x000000070bc00000| PB 0x000000070bc00000| Untracked 
|  71|0x000000070be00000, 0x000000070be00000, 0x000000070c000000|  0%| F|  |TAMS 0x000000070be00000| PB 0x000000070be00000| Untracked 
|  72|0x000000070c000000, 0x000000070c000000, 0x000000070c200000|  0%| F|  |TAMS 0x000000070c000000| PB 0x000000070c000000| Untracked 
|  73|0x000000070c200000, 0x000000070c200000, 0x000000070c400000|  0%| F|  |TAMS 0x000000070c200000| PB 0x000000070c200000| Untracked 
|  74|0x000000070c400000, 0x000000070c400000, 0x000000070c600000|  0%| F|  |TAMS 0x000000070c400000| PB 0x000000070c400000| Untracked 
|  75|0x000000070c600000, 0x000000070c600000, 0x000000070c800000|  0%| F|  |TAMS 0x000000070c600000| PB 0x000000070c600000| Untracked 
|  76|0x000000070c800000, 0x000000070c800000, 0x000000070ca00000|  0%| F|  |TAMS 0x000000070c800000| PB 0x000000070c800000| Untracked 
|  77|0x000000070ca00000, 0x000000070ca00000, 0x000000070cc00000|  0%| F|  |TAMS 0x000000070ca00000| PB 0x000000070ca00000| Untracked 
|  78|0x000000070cc00000, 0x000000070cc00000, 0x000000070ce00000|  0%| F|  |TAMS 0x000000070cc00000| PB 0x000000070cc00000| Untracked 
|  79|0x000000070ce00000, 0x000000070ce00000, 0x000000070d000000|  0%| F|  |TAMS 0x000000070ce00000| PB 0x000000070ce00000| Untracked 
|  80|0x000000070d000000, 0x000000070d000000, 0x000000070d200000|  0%| F|  |TAMS 0x000000070d000000| PB 0x000000070d000000| Untracked 
|  81|0x000000070d200000, 0x000000070d200000, 0x000000070d400000|  0%| F|  |TAMS 0x000000070d200000| PB 0x000000070d200000| Untracked 
|  82|0x000000070d400000, 0x000000070d400000, 0x000000070d600000|  0%| F|  |TAMS 0x000000070d400000| PB 0x000000070d400000| Untracked 
|  83|0x000000070d600000, 0x000000070d600000, 0x000000070d800000|  0%| F|  |TAMS 0x000000070d600000| PB 0x000000070d600000| Untracked 
|  84|0x000000070d800000, 0x000000070d800000, 0x000000070da00000|  0%| F|  |TAMS 0x000000070d800000| PB 0x000000070d800000| Untracked 
|  85|0x000000070da00000, 0x000000070da00000, 0x000000070dc00000|  0%| F|  |TAMS 0x000000070da00000| PB 0x000000070da00000| Untracked 
|  86|0x000000070dc00000, 0x000000070dc00000, 0x000000070de00000|  0%| F|  |TAMS 0x000000070dc00000| PB 0x000000070dc00000| Untracked 
|  87|0x000000070de00000, 0x000000070de00000, 0x000000070e000000|  0%| F|  |TAMS 0x000000070de00000| PB 0x000000070de00000| Untracked 
|  88|0x000000070e000000, 0x000000070e000000, 0x000000070e200000|  0%| F|  |TAMS 0x000000070e000000| PB 0x000000070e000000| Untracked 
|  89|0x000000070e200000, 0x000000070e200000, 0x000000070e400000|  0%| F|  |TAMS 0x000000070e200000| PB 0x000000070e200000| Untracked 
|  90|0x000000070e400000, 0x000000070e400000, 0x000000070e600000|  0%| F|  |TAMS 0x000000070e400000| PB 0x000000070e400000| Untracked 
|  91|0x000000070e600000, 0x000000070e600000, 0x000000070e800000|  0%| F|  |TAMS 0x000000070e600000| PB 0x000000070e600000| Untracked 
|  92|0x000000070e800000, 0x000000070e800000, 0x000000070ea00000|  0%| F|  |TAMS 0x000000070e800000| PB 0x000000070e800000| Untracked 
|  93|0x000000070ea00000, 0x000000070ea00000, 0x000000070ec00000|  0%| F|  |TAMS 0x000000070ea00000| PB 0x000000070ea00000| Untracked 
|  94|0x000000070ec00000, 0x000000070ec00000, 0x000000070ee00000|  0%| F|  |TAMS 0x000000070ec00000| PB 0x000000070ec00000| Untracked 
|  95|0x000000070ee00000, 0x000000070ee00000, 0x000000070f000000|  0%| F|  |TAMS 0x000000070ee00000| PB 0x000000070ee00000| Untracked 
|  96|0x000000070f000000, 0x000000070f000000, 0x000000070f200000|  0%| F|  |TAMS 0x000000070f000000| PB 0x000000070f000000| Untracked 
|  97|0x000000070f200000, 0x000000070f200000, 0x000000070f400000|  0%| F|  |TAMS 0x000000070f200000| PB 0x000000070f200000| Untracked 
|  98|0x000000070f400000, 0x000000070f400000, 0x000000070f600000|  0%| F|  |TAMS 0x000000070f400000| PB 0x000000070f400000| Untracked 
|  99|0x000000070f600000, 0x000000070f600000, 0x000000070f800000|  0%| F|  |TAMS 0x000000070f600000| PB 0x000000070f600000| Untracked 
| 100|0x000000070f800000, 0x000000070f800000, 0x000000070fa00000|  0%| F|  |TAMS 0x000000070f800000| PB 0x000000070f800000| Untracked 
| 101|0x000000070fa00000, 0x000000070fa00000, 0x000000070fc00000|  0%| F|  |TAMS 0x000000070fa00000| PB 0x000000070fa00000| Untracked 
| 102|0x000000070fc00000, 0x000000070fc00000, 0x000000070fe00000|  0%| F|  |TAMS 0x000000070fc00000| PB 0x000000070fc00000| Untracked 
| 103|0x000000070fe00000, 0x000000070fe00000, 0x0000000710000000|  0%| F|  |TAMS 0x000000070fe00000| PB 0x000000070fe00000| Untracked 
| 104|0x0000000710000000, 0x0000000710000000, 0x0000000710200000|  0%| F|  |TAMS 0x0000000710000000| PB 0x0000000710000000| Untracked 
| 105|0x0000000710200000, 0x0000000710200000, 0x0000000710400000|  0%| F|  |TAMS 0x0000000710200000| PB 0x0000000710200000| Untracked 
| 106|0x0000000710400000, 0x0000000710400000, 0x0000000710600000|  0%| F|  |TAMS 0x0000000710400000| PB 0x0000000710400000| Untracked 
| 107|0x0000000710600000, 0x0000000710600000, 0x0000000710800000|  0%| F|  |TAMS 0x0000000710600000| PB 0x0000000710600000| Untracked 
| 108|0x0000000710800000, 0x0000000710800000, 0x0000000710a00000|  0%| F|  |TAMS 0x0000000710800000| PB 0x0000000710800000| Untracked 
| 109|0x0000000710a00000, 0x0000000710a00000, 0x0000000710c00000|  0%| F|  |TAMS 0x0000000710a00000| PB 0x0000000710a00000| Untracked 
| 110|0x0000000710c00000, 0x0000000710d9e180, 0x0000000710e00000| 80%| S|CS|TAMS 0x0000000710c00000| PB 0x0000000710c00000| Complete 
| 111|0x0000000710e00000, 0x0000000711000000, 0x0000000711000000|100%| S|CS|TAMS 0x0000000710e00000| PB 0x0000000710e00000| Complete 
| 112|0x0000000711000000, 0x0000000711000000, 0x0000000711200000|  0%| F|  |TAMS 0x0000000711000000| PB 0x0000000711000000| Untracked 
| 113|0x0000000711200000, 0x0000000711200000, 0x0000000711400000|  0%| F|  |TAMS 0x0000000711200000| PB 0x0000000711200000| Untracked 
| 114|0x0000000711400000, 0x0000000711400000, 0x0000000711600000|  0%| F|  |TAMS 0x0000000711400000| PB 0x0000000711400000| Untracked 
| 115|0x0000000711600000, 0x0000000711600000, 0x0000000711800000|  0%| F|  |TAMS 0x0000000711600000| PB 0x0000000711600000| Untracked 
| 116|0x0000000711800000, 0x0000000711800000, 0x0000000711a00000|  0%| F|  |TAMS 0x0000000711800000| PB 0x0000000711800000| Untracked 
| 117|0x0000000711a00000, 0x0000000711a00000, 0x0000000711c00000|  0%| F|  |TAMS 0x0000000711a00000| PB 0x0000000711a00000| Untracked 
| 118|0x0000000711c00000, 0x0000000711c00000, 0x0000000711e00000|  0%| F|  |TAMS 0x0000000711c00000| PB 0x0000000711c00000| Untracked 
| 119|0x0000000711e00000, 0x0000000711e00000, 0x0000000712000000|  0%| F|  |TAMS 0x0000000711e00000| PB 0x0000000711e00000| Untracked 
| 120|0x0000000712000000, 0x0000000712000000, 0x0000000712200000|  0%| F|  |TAMS 0x0000000712000000| PB 0x0000000712000000| Untracked 
| 121|0x0000000712200000, 0x0000000712200000, 0x0000000712400000|  0%| F|  |TAMS 0x0000000712200000| PB 0x0000000712200000| Untracked 
| 122|0x0000000712400000, 0x0000000712400000, 0x0000000712600000|  0%| F|  |TAMS 0x0000000712400000| PB 0x0000000712400000| Untracked 
| 123|0x0000000712600000, 0x0000000712600000, 0x0000000712800000|  0%| F|  |TAMS 0x0000000712600000| PB 0x0000000712600000| Untracked 
| 124|0x0000000712800000, 0x00000007128e8000, 0x0000000712a00000| 45%| E|  |TAMS 0x0000000712800000| PB 0x0000000712800000| Complete 
| 125|0x0000000712a00000, 0x0000000712c00000, 0x0000000712c00000|100%| E|CS|TAMS 0x0000000712a00000| PB 0x0000000712a00000| Complete 
| 126|0x0000000712c00000, 0x0000000712e00000, 0x0000000712e00000|100%| E|CS|TAMS 0x0000000712c00000| PB 0x0000000712c00000| Complete 

Card table byte_map: [0x000001c979370000,0x000001c979b60000] _byte_map_base: 0x000001c975b58000

Marking Bits: (CMBitMap*) 0x000001c97080fb50
 Bits: [0x000001c97a350000, 0x000001c97e290000)

Polling page: 0x000001c96ff60000

Metaspace:

Usage:
  Non-class:     13.03 MB used.
      Class:      2.13 MB used.
       Both:     15.16 MB used.

Virtual space:
  Non-class space:       64.00 MB reserved,      13.19 MB ( 21%) committed,  1 nodes.
      Class space:        1.00 GB reserved,       2.25 MB ( <1%) committed,  1 nodes.
             Both:        1.06 GB reserved,      15.44 MB (  1%) committed. 

Chunk freelists:
   Non-Class:  2.00 MB
       Class:  1.70 MB
        Both:  3.70 MB

MaxMetaspaceSize: unlimited
CompressedClassSpaceSize: 1.00 GB
Initial GC threshold: 21.00 MB
Current GC threshold: 21.00 MB
CDS: on
MetaspaceReclaimPolicy: balanced
 - commit_granule_bytes: 65536.
 - commit_granule_words: 8192.
 - virtual_space_node_default_size: 8388608.
 - enlarge_chunks_in_place: 1.
 - new_chunks_are_fully_committed: 0.
 - uncommit_free_chunks: 1.
 - use_allocation_guard: 0.


Internal statistics:

num_allocs_failed_limit: 0.
num_arena_births: 352.
num_arena_deaths: 0.
num_vsnodes_births: 2.
num_vsnodes_deaths: 0.
num_space_committed: 247.
num_space_uncommitted: 0.
num_chunks_returned_to_freelist: 0.
num_chunks_taken_from_freelist: 857.
num_chunk_merges: 0.
num_chunk_splits: 562.
num_chunks_enlarged: 393.
num_inconsistent_stats: 0.

CodeHeap 'non-profiled nmethods': size=120000Kb used=917Kb max_used=917Kb free=119082Kb
 bounds [0x000001c907ad0000, 0x000001c907d40000, 0x000001c90f000000]
CodeHeap 'profiled nmethods': size=120000Kb used=4392Kb max_used=4392Kb free=115607Kb
 bounds [0x000001c900000000, 0x000001c900450000, 0x000001c907530000]
CodeHeap 'non-nmethods': size=5760Kb used=1833Kb max_used=1833Kb free=3926Kb
 bounds [0x000001c907530000, 0x000001c9077a0000, 0x000001c907ad0000]
 total_blobs=3116 nmethods=2316 adapters=710
 compilation: enabled
              stopped_count=0, restarted_count=0
 full_count=0

Compilation events (20 events):
Event: 8.592 Thread 0x000001c97ed00f40 nmethod 2305 0x000001c907bb3c90 code [0x000001c907bb3e00, 0x000001c907bb3ec8]
Event: 8.595 Thread 0x000001c97ed00f40 2306       3       jdk.internal.loader.NativeLibraries::find (70 bytes)
Event: 8.596 Thread 0x000001c97ed00f40 nmethod 2306 0x000001c900446910 code [0x000001c900446b20, 0x000001c900447338]
Event: 8.646 Thread 0x000001c97ed00f40 2307       1       com.sun.javafx.UnmodifiableArrayList::size (5 bytes)
Event: 8.646 Thread 0x000001c97ed00f40 nmethod 2307 0x000001c907bb3f90 code [0x000001c907bb4100, 0x000001c907bb41c8]
Event: 8.652 Thread 0x000001c97ed00f40 2308       1       com.sun.prism.impl.BaseGraphics::isDepthTest (5 bytes)
Event: 8.653 Thread 0x000001c97ed00f40 nmethod 2308 0x000001c907bb4290 code [0x000001c907bb4400, 0x000001c907bb44d0]
Event: 8.654 Thread 0x000001c97ed00f40 2309       1       com.sun.javafx.font.PrismFontStrike::getSize (5 bytes)
Event: 8.654 Thread 0x000001c97ed00f40 nmethod 2309 0x000001c907bb4590 code [0x000001c907bb4700, 0x000001c907bb47c8]
Event: 8.655 Thread 0x000001c97ed00f40 2310       1       com.sun.javafx.font.directwrite.DWFontFile::getFontFace (5 bytes)
Event: 8.655 Thread 0x000001c97ed00f40 nmethod 2310 0x000001c907bb4890 code [0x000001c907bb4a00, 0x000001c907bb4ad0]
Event: 8.656 Thread 0x000001c97ed00f40 2311       1       com.sun.javafx.font.PrismFontStrike::getAAMode (5 bytes)
Event: 8.657 Thread 0x000001c97ed00f40 nmethod 2311 0x000001c907bb4b90 code [0x000001c907bb4d00, 0x000001c907bb4dc8]
Event: 8.657 Thread 0x000001c97ed00f40 2312       3       com.sun.prism.PixelFormat::getBytesPerPixelUnit (13 bytes)
Event: 8.657 Thread 0x000001c97ed00f40 nmethod 2312 0x000001c900447590 code [0x000001c900447720, 0x000001c900447858]
Event: 8.658 Thread 0x000001c97ed00f40 2313       1       com.sun.prism.impl.BaseGraphics::getRenderTarget (5 bytes)
Event: 8.658 Thread 0x000001c97ed00f40 nmethod 2313 0x000001c907bb4e90 code [0x000001c907bb5000, 0x000001c907bb50d0]
Event: 8.658 Thread 0x000001c97ed00f40 2314       3       com.sun.javafx.font.CompositeStrike::getStrikeSlot (165 bytes)
Event: 8.660 Thread 0x000001c97ed00f40 nmethod 2314 0x000001c900447910 code [0x000001c900447ba0, 0x000001c900448c70]
Event: 8.660 Thread 0x000001c97ed00f40 2315       3       com.sun.javafx.font.directwrite.DWGlyph::checkBounds (161 bytes)

GC Heap History (4 events):
Event: 1.976 GC heap before
{Heap before GC invocations=0 (full 0):
 garbage-first heap   total 260096K, used 20480K [0x0000000703000000, 0x0000000800000000)
  region size 2048K, 11 young (22528K), 0 survivors (0K)
 Metaspace       used 6297K, committed 6528K, reserved 1114112K
  class space    used 713K, committed 832K, reserved 1048576K
}
Event: 1.986 GC heap after
{Heap after GC invocations=1 (full 0):
 garbage-first heap   total 260096K, used 6654K [0x0000000703000000, 0x0000000800000000)
  region size 2048K, 2 young (4096K), 2 survivors (4096K)
 Metaspace       used 6297K, committed 6528K, reserved 1114112K
  class space    used 713K, committed 832K, reserved 1048576K
}
Event: 4.687 GC heap before
{Heap before GC invocations=1 (full 0):
 garbage-first heap   total 260096K, used 31230K [0x0000000703000000, 0x0000000800000000)
  region size 2048K, 15 young (30720K), 2 survivors (4096K)
 Metaspace       used 14574K, committed 14912K, reserved 1114112K
  class space    used 2074K, committed 2240K, reserved 1048576K
}
Event: 4.698 GC heap after
{Heap after GC invocations=2 (full 0):
 garbage-first heap   total 260096K, used 10262K [0x0000000703000000, 0x0000000800000000)
  region size 2048K, 2 young (4096K), 2 survivors (4096K)
 Metaspace       used 14574K, committed 14912K, reserved 1114112K
  class space    used 2074K, committed 2240K, reserved 1048576K
}

Dll operation events (20 events):
Event: 1.056 Loaded shared library C:\Users\Notebook\.openjfx\cache\19-ea+7\amd64\api-ms-win-crt-environment-l1-1-0.dll
Event: 1.067 Loaded shared library C:\Users\Notebook\.openjfx\cache\19-ea+7\amd64\api-ms-win-crt-filesystem-l1-1-0.dll
Event: 1.077 Loaded shared library C:\Users\Notebook\.openjfx\cache\19-ea+7\amd64\api-ms-win-crt-heap-l1-1-0.dll
Event: 1.090 Loaded shared library C:\Users\Notebook\.openjfx\cache\19-ea+7\amd64\api-ms-win-crt-locale-l1-1-0.dll
Event: 1.103 Loaded shared library C:\Users\Notebook\.openjfx\cache\19-ea+7\amd64\api-ms-win-crt-math-l1-1-0.dll
Event: 1.114 Loaded shared library C:\Users\Notebook\.openjfx\cache\19-ea+7\amd64\api-ms-win-crt-multibyte-l1-1-0.dll
Event: 1.124 Loaded shared library C:\Users\Notebook\.openjfx\cache\19-ea+7\amd64\api-ms-win-crt-private-l1-1-0.dll
Event: 1.135 Loaded shared library C:\Users\Notebook\.openjfx\cache\19-ea+7\amd64\api-ms-win-crt-process-l1-1-0.dll
Event: 1.145 Loaded shared library C:\Users\Notebook\.openjfx\cache\19-ea+7\amd64\api-ms-win-crt-runtime-l1-1-0.dll
Event: 1.155 Loaded shared library C:\Users\Notebook\.openjfx\cache\19-ea+7\amd64\api-ms-win-crt-stdio-l1-1-0.dll
Event: 1.165 Loaded shared library C:\Users\Notebook\.openjfx\cache\19-ea+7\amd64\api-ms-win-crt-string-l1-1-0.dll
Event: 1.175 Loaded shared library C:\Users\Notebook\.openjfx\cache\19-ea+7\amd64\api-ms-win-crt-time-l1-1-0.dll
Event: 1.183 Loaded shared library C:\Users\Notebook\.openjfx\cache\19-ea+7\amd64\api-ms-win-crt-utility-l1-1-0.dll
Event: 1.214 Loaded shared library C:\Users\Notebook\.openjfx\cache\19-ea+7\amd64\ucrtbase.dll
Event: 1.225 Loaded shared library C:\Users\Notebook\.openjfx\cache\19-ea+7\amd64\vcruntime140.dll
Event: 1.235 Loaded shared library C:\Users\Notebook\.openjfx\cache\19-ea+7\amd64\vcruntime140_1.dll
Event: 1.257 Loaded shared library C:\Users\Notebook\.openjfx\cache\19-ea+7\amd64\msvcp140.dll
Event: 1.395 Loaded shared library C:\Users\Notebook\.openjfx\cache\19-ea+7\amd64\prism_d3d.dll
Event: 1.496 Loaded shared library C:\Users\Notebook\.openjfx\cache\19-ea+7\amd64\glass.dll
Event: 2.326 Loaded shared library C:\Users\Notebook\.openjfx\cache\19-ea+7\amd64\javafx_font.dll

Deoptimization events (20 events):
Event: 4.206 Thread 0x000001c97f801fa0 DEOPT PACKING pc=0x000001c907b7ac10 sp=0x0000009403afc980
Event: 4.206 Thread 0x000001c97f801fa0 DEOPT UNPACKING pc=0x000001c907599d22 sp=0x0000009403afc888 mode 2
Event: 4.206 Thread 0x000001c97f801fa0 Uncommon trap: trap_request=0xffffff45 fr.pc=0x000001c907b41fa8 relative=0x00000000000000a8
Event: 4.206 Thread 0x000001c97f801fa0 Uncommon trap: reason=unstable_if action=reinterpret pc=0x000001c907b41fa8 method=java.util.HashMap.hash(Ljava/lang/Object;)I @ 1 c2
Event: 4.206 Thread 0x000001c97f801fa0 DEOPT PACKING pc=0x000001c907b41fa8 sp=0x0000009403afc990
Event: 4.206 Thread 0x000001c97f801fa0 DEOPT UNPACKING pc=0x000001c907599d22 sp=0x0000009403afc928 mode 2
Event: 4.495 Thread 0x000001c97f801fa0 Uncommon trap: trap_request=0xffffff45 fr.pc=0x000001c907b41c58 relative=0x00000000000001d8
Event: 4.495 Thread 0x000001c97f801fa0 Uncommon trap: reason=unstable_if action=reinterpret pc=0x000001c907b41c58 method=java.io.ByteArrayInputStream.read()I @ 8 c2
Event: 4.495 Thread 0x000001c97f801fa0 DEOPT PACKING pc=0x000001c907b41c58 sp=0x0000009403afca00
Event: 4.495 Thread 0x000001c97f801fa0 DEOPT UNPACKING pc=0x000001c907599d22 sp=0x0000009403afc9a8 mode 2
Event: 4.517 Thread 0x000001c97f801fa0 Uncommon trap: trap_request=0xffffff45 fr.pc=0x000001c907b22fe4 relative=0x0000000000000164
Event: 4.517 Thread 0x000001c97f801fa0 Uncommon trap: reason=unstable_if action=reinterpret pc=0x000001c907b22fe4 method=java.lang.String.indexOf(II)I @ 4 c2
Event: 4.517 Thread 0x000001c97f801fa0 DEOPT PACKING pc=0x000001c907b22fe4 sp=0x0000009403afdc90
Event: 4.517 Thread 0x000001c97f801fa0 DEOPT UNPACKING pc=0x000001c907599d22 sp=0x0000009403afdbc0 mode 2
Event: 4.520 Thread 0x000001c97f801fa0 Uncommon trap: trap_request=0xffffff45 fr.pc=0x000001c907af23a8 relative=0x00000000000001a8
Event: 4.520 Thread 0x000001c97f801fa0 Uncommon trap: reason=unstable_if action=reinterpret pc=0x000001c907af23a8 method=java.lang.String.indexOf(II)I @ 4 c2
Event: 4.520 Thread 0x000001c97f801fa0 DEOPT PACKING pc=0x000001c907af23a8 sp=0x0000009403afdc30
Event: 4.520 Thread 0x000001c97f801fa0 DEOPT UNPACKING pc=0x000001c907599d22 sp=0x0000009403afdbd0 mode 2
Event: 4.655 Thread 0x000001c97f801fa0 DEOPT PACKING pc=0x000001c90028c168 sp=0x0000009403afd730
Event: 4.655 Thread 0x000001c97f801fa0 DEOPT UNPACKING pc=0x000001c90759a4c2 sp=0x0000009403afcc18 mode 0

Classes loaded (20 events):
Event: 4.787 Loading class java/util/EnumMap$EnumMapIterator done
Event: 4.787 Loading class java/util/EnumMap$ValueIterator done
Event: 8.408 Loading class java/nio/ShortBuffer
Event: 8.409 Loading class java/nio/ShortBuffer done
Event: 8.409 Loading class java/nio/FloatBuffer
Event: 8.409 Loading class java/nio/FloatBuffer done
Event: 8.409 Loading class java/nio/DoubleBuffer
Event: 8.410 Loading class java/nio/DoubleBuffer done
Event: 8.413 Loading class java/nio/DirectFloatBufferU
Event: 8.413 Loading class java/nio/DirectFloatBufferU done
Event: 8.489 Loading class jdk/internal/ref/CleanerImpl$InnocuousThreadFactory
Event: 8.489 Loading class jdk/internal/ref/CleanerImpl$InnocuousThreadFactory done
Event: 8.502 Loading class sun/misc/Unsafe
Event: 8.502 Loading class sun/misc/Unsafe done
Event: 8.503 Loading class java/lang/invoke/DirectMethodHandle$StaticAccessor
Event: 8.503 Loading class java/lang/invoke/DirectMethodHandle$StaticAccessor done
Event: 8.660 Loading class java/lang/Throwable$WrappedPrintStream
Event: 8.660 Loading class java/lang/Throwable$PrintStreamOrWriter
Event: 8.660 Loading class java/lang/Throwable$PrintStreamOrWriter done
Event: 8.660 Loading class java/lang/Throwable$WrappedPrintStream done

Classes unloaded (0 events):
No events

Classes redefined (0 events):
No events

Internal exceptions (20 events):
Event: 2.810 Thread 0x000001c97f801fa0 Exception <a 'java/lang/NoSuchMethodError'{0x00000007122e77b8}: 'void java.lang.invoke.DirectMethodHandle$Holder.invokeStatic(java.lang.Object, java.lang.Object, int, java.lang.Object)'> (0x00000007122e77b8) 
thrown [s\open\src\hotspot\share\interpreter\linkResolver.cpp, line 773]
Event: 2.812 Thread 0x000001c97f801fa0 Exception <a 'java/lang/NoSuchMethodError'{0x00000007122ee228}: 'void java.lang.invoke.DelegatingMethodHandle$Holder.delegate(java.lang.Object, java.lang.Object, int, java.lang.Object)'> (0x00000007122ee228) 
thrown [s\open\src\hotspot\share\interpreter\linkResolver.cpp, line 773]
Event: 2.877 Thread 0x000001c97f801fa0 Exception <a 'java/lang/NoSuchMethodError'{0x00000007123a39a0}: 'java.lang.Object java.lang.invoke.DirectMethodHandle$Holder.newInvokeSpecial(java.lang.Object, double)'> (0x00000007123a39a0) 
thrown [s\open\src\hotspot\share\interpreter\linkResolver.cpp, line 773]
Event: 2.905 Thread 0x000001c97f801fa0 Exception <a 'java/lang/NoSuchMethodError'{0x00000007123fa670}: 'java.lang.Object java.lang.invoke.DirectMethodHandle$Holder.invokeStaticInit(java.lang.Object, int, int, int, int)'> (0x00000007123fa670) 
thrown [s\open\src\hotspot\share\interpreter\linkResolver.cpp, line 773]
Event: 3.059 Thread 0x000001c97f801fa0 Exception <a 'java/lang/NoSuchMethodError'{0x00000007120ed118}: 'java.lang.Object java.lang.invoke.DirectMethodHandle$Holder.invokeStaticInit(java.lang.Object, java.lang.Object, int, int, int, int)'> (0x00000007120ed118) 
thrown [s\open\src\hotspot\share\interpreter\linkResolver.cpp, line 773]
Event: 3.275 Thread 0x000001c97f801fa0 Exception <a 'java/io/FileNotFoundException'{0x0000000711edd2e0}> (0x0000000711edd2e0) 
thrown [s\open\src\hotspot\share\prims\jni.cpp, line 519]
Event: 3.640 Thread 0x000001c97f801fa0 Implicit null exception at 0x000001c907b3c376 to 0x000001c907b3c994
Event: 3.825 Thread 0x000001c97f801fa0 Exception <a 'java/lang/NoSuchMethodError'{0x0000000711b00cf0}: 'java.lang.Object java.lang.invoke.DirectMethodHandle$Holder.invokeInterface(java.lang.Object, java.lang.Object, java.lang.Object)'> (0x0000000711b00cf0) 
thrown [s\open\src\hotspot\share\interpreter\linkResolver.cpp, line 773]
Event: 3.826 Thread 0x000001c97f801fa0 Exception <a 'java/lang/IncompatibleClassChangeError'{0x0000000711b04398}: Found class java.lang.Object, but interface was expected> (0x0000000711b04398) 
thrown [s\open\src\hotspot\share\interpreter\linkResolver.cpp, line 840]
Event: 4.175 Thread 0x000001c97f801fa0 Implicit null exception at 0x000001c907b02246 to 0x000001c907b022da
Event: 4.185 Thread 0x000001c97f801fa0 Implicit null exception at 0x000001c907b7f41d to 0x000001c907b7f684
Event: 4.206 Thread 0x000001c97f801fa0 Implicit null exception at 0x000001c907b7a99d to 0x000001c907b7abf8
Event: 4.206 Thread 0x000001c97f801fa0 Implicit null exception at 0x000001c907b41f1d to 0x000001c907b41f99
Event: 4.506 Thread 0x000001c97f801fa0 Exception <a 'java/lang/NoSuchMethodError'{0x00000007110683b8}: 'int java.lang.invoke.DirectMethodHandle$Holder.invokeSpecial(java.lang.Object, java.lang.Object, int)'> (0x00000007110683b8) 
thrown [s\open\src\hotspot\share\interpreter\linkResolver.cpp, line 773]
Event: 4.564 Thread 0x000001c97f801fa0 Exception <a 'java/lang/NoSuchMethodError'{0x00000007110c4e90}: 'java.lang.Object java.lang.invoke.DirectMethodHandle$Holder.newInvokeSpecial(java.lang.Object, java.lang.Object, int)'> (0x00000007110c4e90) 
thrown [s\open\src\hotspot\share\interpreter\linkResolver.cpp, line 773]
Event: 4.588 Thread 0x000001c97f801fa0 Exception <a 'java/lang/NoSuchMethodError'{0x00000007110e0130}: 'long java.lang.invoke.DirectMethodHandle$Holder.invokeStatic(java.lang.Object, java.lang.Object, java.lang.Object)'> (0x00000007110e0130) 
thrown [s\open\src\hotspot\share\interpreter\linkResolver.cpp, line 773]
Event: 4.589 Thread 0x000001c97f801fa0 Exception <a 'java/lang/NoSuchMethodError'{0x00000007110e3500}: 'long java.lang.invoke.DirectMethodHandle$Holder.invokeStaticInit(java.lang.Object, java.lang.Object, java.lang.Object)'> (0x00000007110e3500) 
thrown [s\open\src\hotspot\share\interpreter\linkResolver.cpp, line 773]
Event: 4.600 Thread 0x000001c97f801fa0 Exception <a 'java/lang/NoSuchMethodError'{0x0000000711167020}: 'java.lang.Object java.lang.invoke.DirectMethodHandle$Holder.newInvokeSpecial(java.lang.Object, java.lang.Object, long)'> (0x0000000711167020) 
thrown [s\open\src\hotspot\share\interpreter\linkResolver.cpp, line 773]
Event: 4.601 Thread 0x000001c97f801fa0 Exception <a 'java/lang/NoSuchMethodError'{0x000000071116a918}: 'java.lang.Object java.lang.invoke.Invokers$Holder.linkToTargetMethod(java.lang.Object, long, java.lang.Object)'> (0x000000071116a918) 
thrown [s\open\src\hotspot\share\interpreter\linkResolver.cpp, line 773]
Event: 4.778 Thread 0x000001c97f7ab100 Exception <a 'java/lang/NoSuchMethodError'{0x0000000712d7b2d0}: 'int java.lang.invoke.DirectMethodHandle$Holder.invokeStaticInit(java.lang.Object, java.lang.Object)'> (0x0000000712d7b2d0) 
thrown [s\open\src\hotspot\share\interpreter\linkResolver.cpp, line 773]

VM Operations (20 events):
Event: 1.976 Executing VM operation: G1CollectForAllocation
Event: 1.986 Executing VM operation: G1CollectForAllocation done
Event: 2.713 Executing VM operation: HandshakeAllThreads
Event: 2.713 Executing VM operation: HandshakeAllThreads done
Event: 2.800 Executing VM operation: HandshakeAllThreads
Event: 2.800 Executing VM operation: HandshakeAllThreads done
Event: 2.806 Executing VM operation: HandshakeAllThreads
Event: 2.806 Executing VM operation: HandshakeAllThreads done
Event: 2.919 Executing VM operation: HandshakeAllThreads
Event: 2.919 Executing VM operation: HandshakeAllThreads done
Event: 3.078 Executing VM operation: ICBufferFull
Event: 3.078 Executing VM operation: ICBufferFull done
Event: 3.362 Executing VM operation: HandshakeAllThreads
Event: 3.362 Executing VM operation: HandshakeAllThreads done
Event: 4.362 Executing VM operation: Cleanup
Event: 4.363 Executing VM operation: Cleanup done
Event: 4.687 Executing VM operation: G1CollectForAllocation
Event: 4.698 Executing VM operation: G1CollectForAllocation done
Event: 5.698 Executing VM operation: Cleanup
Event: 5.698 Executing VM operation: Cleanup done

Events (20 events):
Event: 0.087 Thread 0x000001c97ecd4930 Thread added: 0x000001c97ecd4930
Event: 0.087 Thread 0x000001c97ed00f40 Thread added: 0x000001c97ed00f40
Event: 0.225 Thread 0x000001c97ef1d370 Thread added: 0x000001c97ef1d370
Event: 0.439 Thread 0x000001c97f255d70 Thread added: 0x000001c97f255d70
Event: 0.439 Thread 0x000001c97f2562c0 Thread added: 0x000001c97f2562c0
Event: 0.478 Thread 0x000001c97f21e790 Thread added: 0x000001c97f21e790
Event: 0.600 Thread 0x000001c97f318a10 Thread added: 0x000001c97f318a10
Event: 0.805 Thread 0x000001c97f43c6e0 Thread added: 0x000001c97f43c6e0
Event: 1.114 Thread 0x000001c97f43c6e0 Thread exited: 0x000001c97f43c6e0
Event: 1.372 Thread 0x000001c97f7ab100 Thread added: 0x000001c97f7ab100
Event: 1.436 Thread 0x000001c97f318a10 Thread exited: 0x000001c97f318a10
Event: 1.501 Thread 0x000001c97f8945c0 Thread added: 0x000001c97f8945c0
Event: 1.514 Thread 0x000001c97f801fa0 Thread added: 0x000001c97f801fa0
Event: 1.744 Thread 0x000001c97f81abe0 Thread added: 0x000001c97f81abe0
Event: 2.368 Thread 0x000001c9153ed5b0 Thread added: 0x000001c9153ed5b0
Event: 2.499 Thread 0x000001c9158237d0 Thread added: 0x000001c9158237d0
Event: 3.109 Thread 0x000001c97f81cbc0 Thread added: 0x000001c97f81cbc0
Event: 4.173 Thread 0x000001c9158237d0 Thread exited: 0x000001c9158237d0
Event: 4.304 Thread 0x000001c9153ed5b0 Thread exited: 0x000001c9153ed5b0
Event: 8.490 Thread 0x000001c97f81d110 Thread added: 0x000001c97f81d110


Dynamic libraries:
0x00007ff7756f0000 - 0x00007ff7756fe000 	D:\JDK\OpenJDL20\bin\java.exe
0x00007ff9d8ed0000 - 0x00007ff9d90c7000 	C:\WINDOWS\SYSTEM32\ntdll.dll
0x00007ff9d0a80000 - 0x00007ff9d0a99000 	C:\Program Files\Avast Software\Avast\aswhook.dll
0x00007ff9d7fd0000 - 0x00007ff9d808d000 	C:\WINDOWS\System32\KERNEL32.DLL
0x00007ff9d6910000 - 0x00007ff9d6c06000 	C:\WINDOWS\System32\KERNELBASE.dll
0x00007ff9d6810000 - 0x00007ff9d6910000 	C:\WINDOWS\System32\ucrtbase.dll
0x00007ff9bc390000 - 0x00007ff9bc3a7000 	D:\JDK\OpenJDL20\bin\jli.dll
0x00007ff9c1c20000 - 0x00007ff9c1c3b000 	D:\JDK\OpenJDL20\bin\VCRUNTIME140.dll
0x00007ff9d73d0000 - 0x00007ff9d756e000 	C:\WINDOWS\System32\USER32.dll
0x00007ff9d6c10000 - 0x00007ff9d6c32000 	C:\WINDOWS\System32\win32u.dll
0x00007ff9c8b90000 - 0x00007ff9c8e2a000 	C:\WINDOWS\WinSxS\amd64_microsoft.windows.common-controls_6595b64144ccf1df_6.0.19041.3570_none_60bb2a3971f3e41a\COMCTL32.dll
0x00007ff9d72b0000 - 0x00007ff9d72dc000 	C:\WINDOWS\System32\GDI32.dll
0x00007ff9d75e0000 - 0x00007ff9d767e000 	C:\WINDOWS\System32\msvcrt.dll
0x00007ff9d66f0000 - 0x00007ff9d680a000 	C:\WINDOWS\System32\gdi32full.dll
0x00007ff9d65b0000 - 0x00007ff9d664d000 	C:\WINDOWS\System32\msvcp_win.dll
0x00007ff9d7fa0000 - 0x00007ff9d7fd0000 	C:\WINDOWS\System32\IMM32.DLL
0x00007ff9ccbf0000 - 0x00007ff9ccbfc000 	D:\JDK\OpenJDL20\bin\vcruntime140_1.dll
0x00007ff993770000 - 0x00007ff9937fe000 	D:\JDK\OpenJDL20\bin\msvcp140.dll
0x00007ff949bd0000 - 0x00007ff94a867000 	D:\JDK\OpenJDL20\bin\server\jvm.dll
0x00007ff9d77a0000 - 0x00007ff9d784e000 	C:\WINDOWS\System32\ADVAPI32.dll
0x00007ff9d8680000 - 0x00007ff9d871c000 	C:\WINDOWS\System32\sechost.dll
0x00007ff9d8a80000 - 0x00007ff9d8ba6000 	C:\WINDOWS\System32\RPCRT4.dll
0x00007ff9cea90000 - 0x00007ff9cea9a000 	C:\WINDOWS\SYSTEM32\VERSION.dll
0x00007ff9cbfd0000 - 0x00007ff9cbff7000 	C:\WINDOWS\SYSTEM32\WINMM.dll
0x00007ff9bfbf0000 - 0x00007ff9bfbf9000 	C:\WINDOWS\SYSTEM32\WSOCK32.dll
0x00007ff9d8090000 - 0x00007ff9d80fb000 	C:\WINDOWS\System32\WS2_32.dll
0x00007ff9d4de0000 - 0x00007ff9d4df2000 	C:\WINDOWS\SYSTEM32\kernel.appcore.dll
0x00007ff9c65c0000 - 0x00007ff9c65ca000 	D:\JDK\OpenJDL20\bin\jimage.dll
0x00007ff9c86b0000 - 0x00007ff9c8894000 	C:\WINDOWS\SYSTEM32\DBGHELP.DLL
0x00007ff9c8510000 - 0x00007ff9c8544000 	C:\WINDOWS\SYSTEM32\dbgcore.DLL
0x00007ff9d6d40000 - 0x00007ff9d6dc2000 	C:\WINDOWS\System32\bcryptPrimitives.dll
0x00007ff9d1cc0000 - 0x00007ff9d1cce000 	D:\JDK\OpenJDL20\bin\instrument.dll
0x00007ff9a2040000 - 0x00007ff9a2066000 	D:\JDK\OpenJDL20\bin\java.dll
0x00007ff98eba0000 - 0x00007ff98ec77000 	D:\JDK\OpenJDL20\bin\jsvml.dll
0x00007ff9d7850000 - 0x00007ff9d7f94000 	C:\WINDOWS\System32\SHELL32.dll
0x00007ff9d4420000 - 0x00007ff9d4bbb000 	C:\WINDOWS\SYSTEM32\windows.storage.dll
0x00007ff9d6f50000 - 0x00007ff9d72a4000 	C:\WINDOWS\System32\combase.dll
0x00007ff9d5f20000 - 0x00007ff9d5f4d000 	C:\WINDOWS\SYSTEM32\Wldp.dll
0x00007ff9d85d0000 - 0x00007ff9d867d000 	C:\WINDOWS\System32\SHCORE.dll
0x00007ff9d8e30000 - 0x00007ff9d8e85000 	C:\WINDOWS\System32\shlwapi.dll
0x00007ff9d64e0000 - 0x00007ff9d6505000 	C:\WINDOWS\SYSTEM32\profapi.dll
0x00007ff9982f0000 - 0x00007ff998308000 	D:\JDK\OpenJDL20\bin\zip.dll
0x00007ff99be40000 - 0x00007ff99be53000 	D:\JDK\OpenJDL20\bin\net.dll
0x00007ff9cd390000 - 0x00007ff9cd49a000 	C:\WINDOWS\SYSTEM32\WINHTTP.dll
0x00007ff9d5c80000 - 0x00007ff9d5cea000 	C:\WINDOWS\system32\mswsock.dll
0x00007ff998600000 - 0x00007ff998616000 	D:\JDK\OpenJDL20\bin\nio.dll
0x00007ff9c4ed0000 - 0x00007ff9c4eea000 	D:\JDK\JetBrains IntelliJ IDEA Ultimate 2022.2\IntelliJ IDEA 2022.2\bin\breakgen64.dll
0x00007ff9c1fe0000 - 0x00007ff9c1fe7000 	D:\JDK\OpenJDL20\bin\extnet.dll
0x000001c97fa30000 - 0x000001c97fa33000 	C:\Users\Notebook\.openjfx\cache\19-ea+7\amd64\api-ms-win-core-console-l1-1-0.dll
0x000001c97fa40000 - 0x000001c97fa43000 	C:\Users\Notebook\.openjfx\cache\19-ea+7\amd64\api-ms-win-core-console-l1-2-0.dll
0x000001c97fa50000 - 0x000001c97fa53000 	C:\Users\Notebook\.openjfx\cache\19-ea+7\amd64\api-ms-win-core-datetime-l1-1-0.dll
0x000001c97fa60000 - 0x000001c97fa63000 	C:\Users\Notebook\.openjfx\cache\19-ea+7\amd64\api-ms-win-core-debug-l1-1-0.dll
0x000001c97fa70000 - 0x000001c97fa73000 	C:\Users\Notebook\.openjfx\cache\19-ea+7\amd64\api-ms-win-core-errorhandling-l1-1-0.dll
0x000001c97fa80000 - 0x000001c97fa84000 	C:\Users\Notebook\.openjfx\cache\19-ea+7\amd64\api-ms-win-core-file-l1-1-0.dll
0x000001c97fa90000 - 0x000001c97fa93000 	C:\Users\Notebook\.openjfx\cache\19-ea+7\amd64\api-ms-win-core-file-l1-2-0.dll
0x000001c97faa0000 - 0x000001c97faa3000 	C:\Users\Notebook\.openjfx\cache\19-ea+7\amd64\api-ms-win-core-file-l2-1-0.dll
0x000001c97fab0000 - 0x000001c97fab3000 	C:\Users\Notebook\.openjfx\cache\19-ea+7\amd64\api-ms-win-core-handle-l1-1-0.dll
0x000001c97fac0000 - 0x000001c97fac3000 	C:\Users\Notebook\.openjfx\cache\19-ea+7\amd64\api-ms-win-core-heap-l1-1-0.dll
0x000001c97fad0000 - 0x000001c97fad3000 	C:\Users\Notebook\.openjfx\cache\19-ea+7\amd64\api-ms-win-core-interlocked-l1-1-0.dll
0x000001c97fae0000 - 0x000001c97fae3000 	C:\Users\Notebook\.openjfx\cache\19-ea+7\amd64\api-ms-win-core-libraryloader-l1-1-0.dll
0x000001c97faf0000 - 0x000001c97faf3000 	C:\Users\Notebook\.openjfx\cache\19-ea+7\amd64\api-ms-win-core-localization-l1-2-0.dll
0x000001c97fb00000 - 0x000001c97fb03000 	C:\Users\Notebook\.openjfx\cache\19-ea+7\amd64\api-ms-win-core-memory-l1-1-0.dll
0x000001c97fb10000 - 0x000001c97fb13000 	C:\Users\Notebook\.openjfx\cache\19-ea+7\amd64\api-ms-win-core-namedpipe-l1-1-0.dll
0x000001c97fb20000 - 0x000001c97fb23000 	C:\Users\Notebook\.openjfx\cache\19-ea+7\amd64\api-ms-win-core-processenvironment-l1-1-0.dll
0x000001c97fb30000 - 0x000001c97fb33000 	C:\Users\Notebook\.openjfx\cache\19-ea+7\amd64\api-ms-win-core-processthreads-l1-1-0.dll
0x000001c97fb40000 - 0x000001c97fb43000 	C:\Users\Notebook\.openjfx\cache\19-ea+7\amd64\api-ms-win-core-processthreads-l1-1-1.dll
0x000001c97fb50000 - 0x000001c97fb53000 	C:\Users\Notebook\.openjfx\cache\19-ea+7\amd64\api-ms-win-core-profile-l1-1-0.dll
0x000001c97fb60000 - 0x000001c97fb63000 	C:\Users\Notebook\.openjfx\cache\19-ea+7\amd64\api-ms-win-core-rtlsupport-l1-1-0.dll
0x000001c97fb70000 - 0x000001c97fb73000 	C:\Users\Notebook\.openjfx\cache\19-ea+7\amd64\api-ms-win-core-string-l1-1-0.dll
0x000001c97fb80000 - 0x000001c97fb83000 	C:\Users\Notebook\.openjfx\cache\19-ea+7\amd64\api-ms-win-core-synch-l1-1-0.dll
0x000001c97fb90000 - 0x000001c97fb93000 	C:\Users\Notebook\.openjfx\cache\19-ea+7\amd64\api-ms-win-core-synch-l1-2-0.dll
0x000001c97fba0000 - 0x000001c97fba3000 	C:\Users\Notebook\.openjfx\cache\19-ea+7\amd64\api-ms-win-core-sysinfo-l1-1-0.dll
0x000001c97fbb0000 - 0x000001c97fbb3000 	C:\Users\Notebook\.openjfx\cache\19-ea+7\amd64\api-ms-win-core-timezone-l1-1-0.dll
0x000001c97fbc0000 - 0x000001c97fbc3000 	C:\Users\Notebook\.openjfx\cache\19-ea+7\amd64\api-ms-win-core-util-l1-1-0.dll
0x000001c97fbd0000 - 0x000001c97fbd3000 	C:\Users\Notebook\.openjfx\cache\19-ea+7\amd64\api-ms-win-crt-conio-l1-1-0.dll
0x000001c97fbe0000 - 0x000001c97fbe4000 	C:\Users\Notebook\.openjfx\cache\19-ea+7\amd64\api-ms-win-crt-convert-l1-1-0.dll
0x000001c97fbf0000 - 0x000001c97fbf3000 	C:\Users\Notebook\.openjfx\cache\19-ea+7\amd64\api-ms-win-crt-environment-l1-1-0.dll
0x000001c97fc00000 - 0x000001c97fc03000 	C:\Users\Notebook\.openjfx\cache\19-ea+7\amd64\api-ms-win-crt-filesystem-l1-1-0.dll
0x000001c97fc10000 - 0x000001c97fc13000 	C:\Users\Notebook\.openjfx\cache\19-ea+7\amd64\api-ms-win-crt-heap-l1-1-0.dll
0x000001c97fc20000 - 0x000001c97fc23000 	C:\Users\Notebook\.openjfx\cache\19-ea+7\amd64\api-ms-win-crt-locale-l1-1-0.dll
0x000001c97fc30000 - 0x000001c97fc35000 	C:\Users\Notebook\.openjfx\cache\19-ea+7\amd64\api-ms-win-crt-math-l1-1-0.dll
0x000001c97fc40000 - 0x000001c97fc45000 	C:\Users\Notebook\.openjfx\cache\19-ea+7\amd64\api-ms-win-crt-multibyte-l1-1-0.dll
0x000001c97fc50000 - 0x000001c97fc60000 	C:\Users\Notebook\.openjfx\cache\19-ea+7\amd64\api-ms-win-crt-private-l1-1-0.dll
0x000001c97fc60000 - 0x000001c97fc63000 	C:\Users\Notebook\.openjfx\cache\19-ea+7\amd64\api-ms-win-crt-process-l1-1-0.dll
0x000001c97fc70000 - 0x000001c97fc74000 	C:\Users\Notebook\.openjfx\cache\19-ea+7\amd64\api-ms-win-crt-runtime-l1-1-0.dll
0x000001c97fc80000 - 0x000001c97fc84000 	C:\Users\Notebook\.openjfx\cache\19-ea+7\amd64\api-ms-win-crt-stdio-l1-1-0.dll
0x000001c97fc90000 - 0x000001c97fc94000 	C:\Users\Notebook\.openjfx\cache\19-ea+7\amd64\api-ms-win-crt-string-l1-1-0.dll
0x000001c97fca0000 - 0x000001c97fca3000 	C:\Users\Notebook\.openjfx\cache\19-ea+7\amd64\api-ms-win-crt-time-l1-1-0.dll
0x000001c97fcb0000 - 0x000001c97fcb3000 	C:\Users\Notebook\.openjfx\cache\19-ea+7\amd64\api-ms-win-crt-utility-l1-1-0.dll
0x00007ff995360000 - 0x00007ff99545c000 	C:\Users\Notebook\.openjfx\cache\19-ea+7\amd64\ucrtbase.dll
0x00007ff9c4e90000 - 0x00007ff9c4eab000 	C:\Users\Notebook\.openjfx\cache\19-ea+7\amd64\vcruntime140.dll
0x00007ff9c4e80000 - 0x00007ff9c4e8c000 	C:\Users\Notebook\.openjfx\cache\19-ea+7\amd64\vcruntime140_1.dll
0x00007ff9952d0000 - 0x00007ff99535e000 	C:\Users\Notebook\.openjfx\cache\19-ea+7\amd64\msvcp140.dll
0x00007ff9c4c60000 - 0x00007ff9c4c8c000 	C:\Users\Notebook\.openjfx\cache\19-ea+7\amd64\prism_d3d.dll
0x00007ff9c46c0000 - 0x00007ff9c488d000 	C:\WINDOWS\system32\d3d9.dll
0x00007ff9d3e00000 - 0x00007ff9d3e2f000 	C:\WINDOWS\SYSTEM32\dwmapi.dll
0x00007ff9d3c00000 - 0x00007ff9d3c9e000 	C:\WINDOWS\system32\uxtheme.dll
0x00007ff9cc020000 - 0x00007ff9cc1fb000 	C:\WINDOWS\System32\DriverStore\FileRepository\u0361708.inf_amd64_7de6b99937f60751\B358199\aticfx64.dll
0x00007ff9c4bc0000 - 0x00007ff9c4bf3000 	C:\WINDOWS\System32\DriverStore\FileRepository\u0361708.inf_amd64_7de6b99937f60751\B358199\atiu9p64.dll
0x00007ff9415a0000 - 0x00007ff942236000 	C:\WINDOWS\System32\DriverStore\FileRepository\u0361708.inf_amd64_7de6b99937f60751\B358199\atiumd64.dll
0x00007ff9d8940000 - 0x00007ff9d8a6b000 	C:\WINDOWS\System32\ole32.dll
0x0000000061de0000 - 0x0000000062c5d000 	C:\WINDOWS\System32\DriverStore\FileRepository\u0361708.inf_amd64_7de6b99937f60751\B358199\atiumd6a.dll
0x00007ff9d6410000 - 0x00007ff9d645b000 	C:\WINDOWS\SYSTEM32\POWRPROF.dll
0x00007ff9d63f0000 - 0x00007ff9d6402000 	C:\WINDOWS\SYSTEM32\UMPDC.dll
0x00007ff9c9ea0000 - 0x00007ff9c9ecf000 	C:\WINDOWS\SYSTEM32\amdihk64.dll
0x00007ff9c4af0000 - 0x00007ff9c4b32000 	C:\Users\Notebook\.openjfx\cache\19-ea+7\amd64\glass.dll
0x00007ff9d8720000 - 0x00007ff9d87fa000 	C:\WINDOWS\System32\COMDLG32.dll
0x00007ff9d8bb0000 - 0x00007ff9d8c7d000 	C:\WINDOWS\System32\OLEAUT32.dll
0x00007ff9d7680000 - 0x00007ff9d7794000 	C:\WINDOWS\System32\MSCTF.dll
0x00007ff9d0f60000 - 0x00007ff9d0f9b000 	C:\WINDOWS\SYSTEM32\dxcore.dll
0x00007ff9d6c40000 - 0x00007ff9d6c8e000 	C:\WINDOWS\System32\cfgmgr32.dll
0x00007ff9c4ba0000 - 0x00007ff9c4bb4000 	C:\Users\Notebook\.openjfx\cache\19-ea+7\amd64\javafx_font.dll
0x00007ff9c5770000 - 0x00007ff9c59ef000 	C:\WINDOWS\SYSTEM32\dwrite.dll
0x00007ff9d5e70000 - 0x00007ff9d5e88000 	C:\WINDOWS\SYSTEM32\CRYPTSP.dll
0x00007ff9d5590000 - 0x00007ff9d55c4000 	C:\WINDOWS\system32\rsaenh.dll
0x00007ff9d6650000 - 0x00007ff9d6677000 	C:\WINDOWS\System32\bcrypt.dll
0x00007ff9d6460000 - 0x00007ff9d648e000 	C:\WINDOWS\SYSTEM32\USERENV.dll
0x00007ff9d5e90000 - 0x00007ff9d5e9c000 	C:\WINDOWS\SYSTEM32\CRYPTBASE.dll
0x00007ff9d5970000 - 0x00007ff9d59ab000 	C:\WINDOWS\SYSTEM32\IPHLPAPI.DLL
0x00007ff9d8930000 - 0x00007ff9d8938000 	C:\WINDOWS\System32\NSI.dll
0x00007ff9cc000000 - 0x00007ff9cc017000 	C:\WINDOWS\SYSTEM32\dhcpcsvc6.DLL
0x00007ff9ccc60000 - 0x00007ff9ccc7d000 	C:\WINDOWS\SYSTEM32\dhcpcsvc.DLL
0x00007ff9d59b0000 - 0x00007ff9d5a7a000 	C:\WINDOWS\SYSTEM32\DNSAPI.dll
0x00007ff9d8800000 - 0x00007ff9d88a9000 	C:\WINDOWS\System32\clbcatq.dll
0x00007ff9cf190000 - 0x00007ff9cf344000 	C:\WINDOWS\SYSTEM32\WindowsCodecs.dll
0x00007ff99bf80000 - 0x00007ff99bfbe000 	C:\WINDOWS\system32\dataexchange.dll
0x00007ff9d2f20000 - 0x00007ff9d3103000 	C:\WINDOWS\system32\dcomp.dll
0x00007ff9d2cb0000 - 0x00007ff9d2f13000 	C:\WINDOWS\system32\d3d11.dll

dbghelp: loaded successfully - version: 4.0.5 - missing functions: none
symbol engine: initialized successfully - sym options: 0x614 - pdb path: .;D:\JDK\OpenJDL20\bin;C:\WINDOWS\SYSTEM32;C:\Program Files\Avast Software\Avast;C:\WINDOWS\WinSxS\amd64_microsoft.windows.common-controls_6595b64144ccf1df_6.0.19041.3570_none_60bb2a3971f3e41a;D:\JDK\OpenJDL20\bin\server;D:\JDK\JetBrains IntelliJ IDEA Ultimate 2022.2\IntelliJ IDEA 2022.2\bin;C:\Users\Notebook\.openjfx\cache\19-ea+7\amd64;C:\WINDOWS\System32\DriverStore\FileRepository\u0361708.inf_amd64_7de6b99937f60751\B358199;C:\Program Files\Common Files\Microsoft Shared\Ink

VM Arguments:
jvm_args: -javaagent:D:\JDK\JetBrains IntelliJ IDEA Ultimate 2022.2\IntelliJ IDEA 2022.2\lib\idea_rt.jar=62641:D:\JDK\JetBrains IntelliJ IDEA Ultimate 2022.2\IntelliJ IDEA 2022.2\bin -Dfile.encoding=UTF-8 
java_command: Main_1
java_class_path (initial): D:\FCP\SEM7\CURS\Project\Client\Client\target\classes;D:\FCP\SEM7\CURS\Jars\fontawesomefx-8.2.jar;C:\Users\Notebook\.m2\repository\org\openjfx\javafx-controls\19-ea+7\javafx-controls-19-ea+7.jar;C:\Users\Notebook\.m2\repository\org\openjfx\javafx-controls\19-ea+7\javafx-controls-19-ea+7-win.jar;C:\Users\Notebook\.m2\repository\org\openjfx\javafx-fxml\19-ea+7\javafx-fxml-19-ea+7.jar;C:\Users\Notebook\.m2\repository\org\openjfx\javafx-fxml\19-ea+7\javafx-fxml-19-ea+7-win.jar;C:\Users\Notebook\.m2\repository\com\dlsc\formsfx\formsfx-core\11.5.0\formsfx-core-11.5.0.jar;C:\Users\Notebook\.m2\repository\org\apache\commons\commons-text\1.9\commons-text-1.9.jar;C:\Users\Notebook\.m2\repository\org\apache\commons\commons-lang3\3.11\commons-lang3-3.11.jar;C:\Users\Notebook\.m2\repository\org\springframework\spring-web\6.0.7\spring-web-6.0.7.jar;C:\Users\Notebook\.m2\repository\org\springframework\spring-beans\6.0.7\spring-beans-6.0.7.jar;C:\Users\Notebook\.m2\repository\org\springframework\spring-core\6.0.7\spring-core-6.0.7.jar;C:\Users\Notebook\.m2\repository\org\springframework\spring-jcl\6.0.7\spring-jcl-6.0.7.jar;C:\Users\Notebook\.m2\repository\io\micrometer\micrometer-observation\1.10.4\micrometer-observation-1.10.4.jar;C:\Users\Notebook\.m2\repository\io\micrometer\micrometer-commons\1.10.4\micrometer-commons-1.10.4.jar;C:\Users\Notebook\.m2\repository\org\openjfx\javafx-graphics\19-ea+7\javafx-graphics-19-ea+7.jar;C:\Users\Notebook\.m2\repository\org\openjfx\javafx-graphics\19-ea+7\javafx-graphics-19-ea+7-win.jar;C:\Users\Notebook\.m2\repository\org\openjfx\javafx-base\19-ea+7\javafx-base-19-ea+7.jar;C:\Users\Notebook\.m2\repository\org\openjfx\javafx-base\19-ea+7\javafx-base-19-ea+7-win.jar;D:\FCP\SEM7\CURS\Project\DataLib\target\classes;C:\Users\Notebook\.m2\repository\mysql\mysql-connector-java\8.0.25\mysql-connector-java-8.0.25.jar;C:\Users\Notebook\.m2\repository\com\google\protobuf\protobuf-java\3.11.4\protobuf-java-3.11.4.jar;C:\Users\Notebook\.m2\repository\org\hibernate\orm\hibernate-core\6.0.0.Final\hibernate-core-6.0.0.Final.jar;C:\Users\Notebook\.m2\repository\jakarta\persistence\jakarta.persistence-api\3.0.0\jakarta.persistence-api-3.0.0.jar;C:\Users\Notebook\.m2\repository\jakarta\transaction\jakarta.transaction-api\2.0.0\jakarta.transaction-api-2.0.0.jar;C:\Users\Notebook\.m2\repository\org\jboss\logging\jboss-logging\3.4.3.Final\jboss-logging-3.4.3.Final.jar;C:\Users\Notebook\.m2\repository\org\jboss\jandex\2.4.2.Final\jandex-2.4.2.Final.jar;C:\Users\Notebook\.m2\repository\com\fasterxml\classmate\1.5.1\classmate-1.5.1.jar;C:\Users\Notebook\.m2\repository\org\hibernate\common\hibernate-commons-annotations\6.0.0.CR1\hibernate-commons-annotations-6.0.0.CR1.jar;C:\Users\Notebook\.m2\repository\net\bytebuddy\byte-buddy\1.12.8\byte-buddy-1.12.8.jar;C:\Users\Notebook\.m2\repository\jakarta\activation\jakarta.activation-api\2.0.1\jakarta.activation-api-2.0.1.jar;C:\Users\Notebook\.m2\repository\jakarta\xml\bind\jakarta.xml.bind-api\3.0.1\jakarta.xml.bind-api-3.0.1.jar;C:\Users\Notebook\.m2\repository\jakarta\inject\jakarta.inject-api\2.0.0\jakarta.inject-api-2.0.0.jar;C:\Users\Notebook\.m2\repository\org\antlr\antlr4-runtime\4.9.1\antlr4-runtime-4.9.1.jar;C:\Users\Notebook\.m2\repository\org\glassfish\jaxb\jaxb-runtime\3.0.2\jaxb-runtime-3.0.2.jar;C:\Users\Notebook\.m2\repository\com\sun\activation\jakarta.activation\2.0.1\jakarta.activation-2.0.1.jar;C:\Users\Notebook\.m2\repository\org\glassfish\jaxb\jaxb-core\3.0.2\jaxb-core-3.0.2.jar;C:\Users\Notebook\.m2\repository\org\glassfish\jaxb\txw2\3.0.2\txw2-3.0.2.jar;C:\Users\Notebook\.m2\repository\com\sun\istack\istack-commons-runtime\4.0.1\istack-commons-runtime-4.0.1.jar;D:\FCP\SEM7\CURS\Jars\Swing\javafx-base-21.0.1-linux.jar;D:\FCP\SEM7\CURS\Jars\Swing\javafx-graphics-21.0.1-linux.jar;D:\FCP\SEM7\CURS\Jars\Swing\javafx-swing-21.0.1-linux.jar;C:\Users\Notebook\.m2\repository\com\jfoenix\jfoenix\9.0.10\jfoenix-9.0.10.jar;C:\Users\Notebook\.m2\repository\io\github\palexdev\materialfx\11.13.5\materialfx-11.13.5.jar;C:\Users\Notebook\.m2\repository\io\github\palexdev\virtualizedfx\11.2.6\virtualizedfx-11.2.6.jar
Launcher Type: SUN_STANDARD

[Global flags]
     intx CICompilerCount                          = 4                                         {product} {ergonomic}
     uint ConcGCThreads                            = 2                                         {product} {ergonomic}
     uint G1ConcRefinementThreads                  = 8                                         {product} {ergonomic}
   size_t G1HeapRegionSize                         = 2097152                                   {product} {ergonomic}
    uintx GCDrainStackTargetSize                   = 64                                        {product} {ergonomic}
   size_t InitialHeapSize                          = 266338304                                 {product} {ergonomic}
   size_t MarkStackSize                            = 4194304                                   {product} {ergonomic}
   size_t MaxHeapSize                              = 4244635648                                {product} {ergonomic}
   size_t MaxNewSize                               = 2545942528                                {product} {ergonomic}
   size_t MinHeapDeltaBytes                        = 2097152                                   {product} {ergonomic}
   size_t MinHeapSize                              = 8388608                                   {product} {ergonomic}
    uintx NonNMethodCodeHeapSize                   = 5839372                                {pd product} {ergonomic}
    uintx NonProfiledCodeHeapSize                  = 122909434                              {pd product} {ergonomic}
    uintx ProfiledCodeHeapSize                     = 122909434                              {pd product} {ergonomic}
    uintx ReservedCodeCacheSize                    = 251658240                              {pd product} {ergonomic}
     bool SegmentedCodeCache                       = true                                      {product} {ergonomic}
   size_t SoftMaxHeapSize                          = 4244635648                             {manageable} {ergonomic}
     bool UseCompressedClassPointers               = true                           {product lp64_product} {ergonomic}
     bool UseCompressedOops                        = true                           {product lp64_product} {ergonomic}
     bool UseG1GC                                  = true                                      {product} {ergonomic}
     bool UseLargePagesIndividualAllocation        = false                                  {pd product} {ergonomic}

Logging:
Log output configuration:
 #0: stdout all=warning uptime,level,tags foldmultilines=false
 #1: stderr all=off uptime,level,tags foldmultilines=false

Environment Variables:
JAVA_HOME=C:\Program Files\Java\jdk-20
CLASSPATH=C:\Program Files\Java\jdk-20\lib;C:\Program Files\Java\jdk-20\jre\lib;
PATH=C:\Program Files\Microsoft MPI\Bin\;D:\AVR ToolChain\WinAVR\bin;D:\AVR ToolChain\WinAVR\utils\bin;D:\Proteus&Eclipse\MMVP\4.6 2012q4\bin;C:\Program Files\Microsoft SQL Server\130\Tools\Binn\;C:\Program Files\Microsoft OLE DB Provider for DB2\System\;D:\JDK\maven\apache-maven-3.8.6\bin;D:\JDK\Git\cmd;D:\JDK\RationalRose\common;C:\Program Files\Java\jdk-20\bin;C:\Program Files (x86)\Microsoft SQL Server\150\Tools\Binn\;C:\Program Files\Microsoft SQL Server\150\Tools\Binn\;C:\Program Files (x86)\Microsoft SQL Server\150\DTS\Binn\;C:\Program Files\Microsoft SQL Server\150\DTS\Binn\;C:\Program Files\Azure Data Studio\bin;C:\Program Files\Microsoft SQL Server\90\Tools\binn\;d:\Microsoft SQL Server\BOL (x86)\90\Tools\binn\;d:\Microsoft SQL Server\BOL (x86)\90\DTS\Binn\;d:\Microsoft SQL Server\BOL (x86)\90\Tools\Binn\VSShell\Common7\IDE\;C:\Program Files (x86)\Microsoft Visual Studio 8\Common7\IDE\PrivateAssemblies\;C:\Program Files\Microsoft SQL Server\Client SDK\ODBC\170\Tools\Binn\;C:\Program Files\dotnet\;C:\Program Files\MySQL\MySQL Shell 8.0\bin\;C:\Users\Notebook\AppData\Local\Microsoft\WindowsApps;C:\Program Files\Java\jdk-20;D:\JDK\Apache Tomcat\apache-tomcat-8.1\lib;C:\Users\Notebook\.dotnet\tools
USERNAME=Notebook
OS=Windows_NT
PROCESSOR_IDENTIFIER=AMD64 Family 23 Model 24 Stepping 1, AuthenticAMD
TMP=C:\Users\Notebook\AppData\Local\Temp
TEMP=C:\Users\Notebook\AppData\Local\Temp




---------------  S Y S T E M  ---------------

OS:
 Windows 10 , 64 bit Build 19041 (10.0.19041.3570)
OS uptime: 0 days 11:33 hours

CPU: total 8 (initial active 8) (8 cores per cpu, 2 threads per core) family 23 model 24 stepping 1 microcode 0x0, cx8, cmov, fxsr, ht, mmx, 3dnowpref, sse, sse2, sse3, ssse3, sse4a, sse4.1, sse4.2, popcnt, lzcnt, tsc, tscinvbit, avx, avx2, aes, clmul, bmi1, bmi2, adx, sha, fma, vzeroupper, clflush, clflushopt, rdtscp, f16c

Memory: 4k page, system-wide physical 16189M (6502M free)
TotalPageFile size 18237M (AvailPageFile size 5M)
current process WorkingSet (physical memory assigned to process): 150M, peak: 150M
current process commit charge ("private bytes"): 416M, peak: 420M

vm_info: OpenJDK 64-Bit Server VM (20.0.1+9-29) for windows-amd64 JRE (20.0.1+9-29), built on 2023-03-07T13:56:11Z by "mach5one" with MS VC++ 17.1 (VS2022)

END.
