#
# There is insufficient memory for the Java Runtime Environment to continue.
# Native memory allocation (mmap) failed to map 65536 bytes for Failed to commit metaspace.
# Possible reasons:
#   The system is out of physical RAM or swap space
#   The process is running with CompressedOops enabled, and the Java Heap may be blocking the growth of the native heap
# Possible solutions:
#   Reduce memory load on the system
#   Increase physical memory or swap space
#   Check if swap backing store is full
#   Decrease Java heap size (-Xmx/-Xms)
#   Decrease number of Java threads
#   Decrease Java thread stack sizes (-Xss)
#   Set larger code cache with -XX:ReservedCodeCacheSize=
#   JVM is running with Zero Based Compressed Oops mode in which the Java heap is
#     placed in the first 32GB address space. The Java Heap base address is the
#     maximum limit for the native heap growth. Please use -XX:HeapBaseMinAddress
#     to set the Java Heap base and to place the Java Heap above 32GB virtual address.
# This output file may be truncated or incomplete.
#
#  Out of Memory Error (virtualSpaceNode.cpp:110), pid=15912, tid=11852
#
# JRE version: OpenJDK Runtime Environment (20.0.1+9) (build 20.0.1+9-29)
# Java VM: OpenJDK 64-Bit Server VM (20.0.1+9-29, mixed mode, sharing, tiered, compressed oops, compressed class ptrs, g1 gc, windows-amd64)
# No core dump will be written. Minidumps are not enabled by default on client versions of Windows
#

---------------  S U M M A R Y ------------

Command Line: -javaagent:D:\JDK\JetBrains IntelliJ IDEA Ultimate 2022.2\IntelliJ IDEA 2022.2\lib\idea_rt.jar=52762:D:\JDK\JetBrains IntelliJ IDEA Ultimate 2022.2\IntelliJ IDEA 2022.2\bin -Dfile.encoding=UTF-8 Main_1

Host: AMD Ryzen 7 3750H with Radeon Vega Mobile Gfx  , 8 cores, 15G,  Windows 10 , 64 bit Build 19041 (10.0.19041.3393)
Time: Sun Oct  8 17:31:13 2023  Windows 10 , 64 bit Build 19041 (10.0.19041.3393) elapsed time: 0.868323 seconds (0d 0h 0m 0s)

---------------  T H R E A D  ---------------

Current thread (0x0000028c7d961ae0):  JavaThread "QuantumRenderer-0" daemon [_thread_in_vm, id=11852, stack(0x000000ee59500000,0x000000ee59600000)]

Stack: [0x000000ee59500000,0x000000ee59600000]
Native frames: (J=compiled Java code, j=interpreted, Vv=VM code, C=native code)
V  [jvm.dll+0x6bb95a]
V  [jvm.dll+0x8485fa]
V  [jvm.dll+0x84a1f5]
V  [jvm.dll+0x84a8f3]
V  [jvm.dll+0x280b0f]
V  [jvm.dll+0x84453b]
V  [jvm.dll+0x65fd86]
V  [jvm.dll+0x65fdea]
V  [jvm.dll+0x6626c3]
V  [jvm.dll+0x66258e]
V  [jvm.dll+0x66079e]
V  [jvm.dll+0x26c66f]
V  [jvm.dll+0x66add5]
V  [jvm.dll+0x21b442]
V  [jvm.dll+0x21b975]
V  [jvm.dll+0x21c361]
V  [jvm.dll+0x211780]
V  [jvm.dll+0x59c26c]
V  [jvm.dll+0x222d6a]
V  [jvm.dll+0x7c2cb4]
V  [jvm.dll+0x7c3dff]
V  [jvm.dll+0x7c43af]
V  [jvm.dll+0x7c4058]
V  [jvm.dll+0x27024b]
V  [jvm.dll+0x27046f]
V  [jvm.dll+0x5bdc98]
V  [jvm.dll+0x5c0bf7]
V  [jvm.dll+0x3dc020]
V  [jvm.dll+0x3db65f]
C  0x0000028c68d3e795

Java frames: (J=compiled Java code, j=interpreted, Vv=VM code)
j  sun.nio.fs.WindowsChannelFactory.newFileChannel(Ljava/lang/String;Ljava/lang/String;Ljava/util/Set;J)Ljava/nio/channels/FileChannel;+126 java.base@20.0.1
j  sun.nio.fs.WindowsFileSystemProvider.newByteChannel(Ljava/nio/file/Path;Ljava/util/Set;[Ljava/nio/file/attribute/FileAttribute;)Ljava/nio/channels/SeekableByteChannel;+28 java.base@20.0.1
j  java.nio.file.spi.FileSystemProvider.newOutputStream(Ljava/nio/file/Path;[Ljava/nio/file/OpenOption;)Ljava/io/OutputStream;+102 java.base@20.0.1
j  java.nio.file.Files.newOutputStream(Ljava/nio/file/Path;[Ljava/nio/file/OpenOption;)Ljava/io/OutputStream;+6 java.base@20.0.1
j  java.nio.file.Files.copy(Ljava/io/InputStream;Ljava/nio/file/Path;[Ljava/nio/file/CopyOption;)J+134 java.base@20.0.1
j  com.sun.glass.utils.NativeLibLoader.cacheLibrary(Ljava/io/InputStream;Ljava/lang/String;Ljava/lang/Class;)Ljava/lang/String;+375
j  com.sun.glass.utils.NativeLibLoader.installLibraryFromResource(Ljava/lang/String;Ljava/util/List;Ljava/lang/Class;Z)Z+76
j  com.sun.glass.utils.NativeLibLoader.loadLibraryFromResource(Ljava/lang/String;Ljava/util/List;Ljava/lang/Class;)Z+4
j  com.sun.glass.utils.NativeLibLoader.loadLibraryInternal(Ljava/lang/String;Ljava/util/List;Ljava/lang/Class;)V+29
j  com.sun.glass.utils.NativeLibLoader.loadLibrary(Ljava/lang/String;)V+30
j  com.sun.prism.sw.SWPipeline.lambda$static$0()Ljava/lang/Object;+2
j  com.sun.prism.sw.SWPipeline$$Lambda$77+0x0000000801027a78.run()Ljava/lang/Object;+0
j  java.security.AccessController.executePrivileged(Ljava/security/PrivilegedAction;Ljava/security/AccessControlContext;Ljava/lang/Class;)Ljava/lang/Object;+29 java.base@20.0.1
j  java.security.AccessController.doPrivileged(Ljava/security/PrivilegedAction;)Ljava/lang/Object;+5 java.base@20.0.1
j  com.sun.prism.sw.SWPipeline.<clinit>()V+5
v  ~StubRoutines::call_stub 0x0000028c68d1100d
j  java.lang.Class.forName0(Ljava/lang/String;ZLjava/lang/ClassLoader;Ljava/lang/Class;)Ljava/lang/Class;+0 java.base@20.0.1
j  java.lang.Class.forName(Ljava/lang/String;Ljava/lang/Class;)Ljava/lang/Class;+19 java.base@20.0.1
j  java.lang.Class.forName(Ljava/lang/String;)Ljava/lang/Class;+6 java.base@20.0.1
j  com.sun.prism.GraphicsPipeline.createPipeline()Lcom/sun/prism/GraphicsPipeline;+180
j  com.sun.javafx.tk.quantum.QuantumRenderer$PipelineRunnable.init()V+0
j  com.sun.javafx.tk.quantum.QuantumRenderer$PipelineRunnable.run()V+1
j  java.lang.Thread.runWith(Ljava/lang/Object;Ljava/lang/Runnable;)V+5 java.base@20.0.1
j  java.lang.Thread.run()V+19 java.base@20.0.1
v  ~StubRoutines::call_stub 0x0000028c68d1100d

---------------  P R O C E S S  ---------------

Threads class SMR info:
_java_thread_list=0x0000028c7d98b500, length=16, elements={
0x0000028c59733370, 0x0000028c78a6b870, 0x0000028c78a6c670, 0x0000028c78a715c0,
0x0000028c78a74010, 0x0000028c78a74950, 0x0000028c78a78790, 0x0000028c78a7b410,
0x0000028c78a7dda0, 0x0000028c78a38b10, 0x0000028c7d3a1010, 0x0000028c7d3a1560,
0x0000028c7d3a2f40, 0x0000028c7d4b92c0, 0x0000028c7d4b9de0, 0x0000028c7d961ae0
}

Java Threads: ( => current thread )
  0x0000028c59733370 JavaThread "main" [_thread_blocked, id=19860, stack(0x000000ee57f00000,0x000000ee58000000)]
  0x0000028c78a6b870 JavaThread "Reference Handler" daemon [_thread_blocked, id=13372, stack(0x000000ee58600000,0x000000ee58700000)]
  0x0000028c78a6c670 JavaThread "Finalizer" daemon [_thread_blocked, id=6924, stack(0x000000ee58700000,0x000000ee58800000)]
  0x0000028c78a715c0 JavaThread "Signal Dispatcher" daemon [_thread_blocked, id=10188, stack(0x000000ee58800000,0x000000ee58900000)]
  0x0000028c78a74010 JavaThread "Attach Listener" daemon [_thread_blocked, id=15600, stack(0x000000ee58900000,0x000000ee58a00000)]
  0x0000028c78a74950 JavaThread "Service Thread" daemon [_thread_blocked, id=13460, stack(0x000000ee58a00000,0x000000ee58b00000)]
  0x0000028c78a78790 JavaThread "Monitor Deflation Thread" daemon [_thread_blocked, id=6108, stack(0x000000ee58b00000,0x000000ee58c00000)]
  0x0000028c78a7b410 JavaThread "C2 CompilerThread0" daemon [_thread_blocked, id=17084, stack(0x000000ee58c00000,0x000000ee58d00000)]
  0x0000028c78a7dda0 JavaThread "C1 CompilerThread0" daemon [_thread_blocked, id=3212, stack(0x000000ee58d00000,0x000000ee58e00000)]
  0x0000028c78a38b10 JavaThread "Common-Cleaner" daemon [_thread_blocked, id=1868, stack(0x000000ee58e00000,0x000000ee58f00000)]
  0x0000028c7d3a1010 JavaThread "Monitor Ctrl-Break" daemon [_thread_in_native, id=17572, stack(0x000000ee58f00000,0x000000ee59000000)]
  0x0000028c7d3a1560 JavaThread "Notification Thread" daemon [_thread_blocked, id=6136, stack(0x000000ee59000000,0x000000ee59100000)]
  0x0000028c7d3a2f40 JavaThread "JavaFX-Launcher" [_thread_blocked, id=17940, stack(0x000000ee59200000,0x000000ee59300000)]
  0x0000028c7d4b92c0 JavaThread "C2 CompilerThread1" daemon [_thread_blocked, id=19436, stack(0x000000ee59300000,0x000000ee59400000)]
  0x0000028c7d4b9de0 JavaThread "C2 CompilerThread2" daemon [_thread_blocked, id=19084, stack(0x000000ee59400000,0x000000ee59500000)]
=>0x0000028c7d961ae0 JavaThread "QuantumRenderer-0" daemon [_thread_in_vm, id=11852, stack(0x000000ee59500000,0x000000ee59600000)]

Other Threads:
  0x0000028c78a4ff30 VMThread "VM Thread" [stack: 0x000000ee58500000,0x000000ee58600000] [id=2840]
  0x0000028c7d1ac890 WatcherThread "VM Periodic Task Thread" [stack: 0x000000ee59100000,0x000000ee59200000] [id=11400]
  0x0000028c597a3d80 WorkerThread "GC Thread#0" [stack: 0x000000ee58000000,0x000000ee58100000] [id=12268]
  0x0000028c575edec0 ConcurrentGCThread "G1 Main Marker" [stack: 0x000000ee58100000,0x000000ee58200000] [id=7412]
  0x0000028c575ee8f0 WorkerThread "G1 Conc#0" [stack: 0x000000ee58200000,0x000000ee58300000] [id=2084]
  0x0000028c597ee0f0 ConcurrentGCThread "G1 Refine#0" [stack: 0x000000ee58300000,0x000000ee58400000] [id=19872]
  0x0000028c597eeb90 ConcurrentGCThread "G1 Service" [stack: 0x000000ee58400000,0x000000ee58500000] [id=4908]

Threads with active compile tasks:

VM state: not at safepoint (normal execution)

VM Mutex/Monitor currently owned by a thread:  ([mutex/lock_event])
[0x0000028c575189a0] Metaspace_lock - owner thread: 0x0000028c7d961ae0

Heap address: 0x0000000703000000, size: 4048 MB, Compressed Oops mode: Zero based, Oop shift amount: 3

CDS archive(s) mapped at: [0x0000000800000000-0x0000000800c60000-0x0000000800c60000), size 12976128, SharedBaseAddress: 0x0000000800000000, ArchiveRelocationMode: 0.
Compressed class space mapped at: 0x0000000801000000-0x0000000841000000, reserved size: 1073741824
Narrow klass base: 0x0000000800000000, Narrow klass shift: 0, Narrow klass range: 0x100000000

GC Precious Log:
 CardTable entry size: 512
 Card Set container configuration: InlinePtr #cards 4 size 8 Array Of Cards #cards 16 size 48 Howl #buckets 8 coarsen threshold 3686 Howl Bitmap #cards 512 size 80 coarsen threshold 460 Card regions per heap region 1 cards per card region 4096
 CPUs: 8 total, 8 available
 Memory: 16189M
 Large Page Support: Disabled
 NUMA Support: Disabled
 Compressed Oops: Enabled (Zero based)
 Heap Region Size: 2M
 Heap Min Capacity: 8M
 Heap Initial Capacity: 254M
 Heap Max Capacity: 4048M
 Pre-touch: Disabled
 Parallel Workers: 8
 Concurrent Workers: 2
 Concurrent Refinement Workers: 8
 Periodic GC: Disabled

Heap:
 garbage-first heap   total 260096K, used 12288K [0x0000000703000000, 0x0000000800000000)
  region size 2048K, 8 young (16384K), 0 survivors (0K)
 Metaspace       used 3396K, committed 3584K, reserved 1114112K
  class space    used 337K, committed 448K, reserved 1048576K

Heap Regions: E=young(eden), S=young(survivor), O=old, HS=humongous(starts), HC=humongous(continues), CS=collection set, F=free, OA=open archive, CA=closed archive, TAMS=top-at-mark-start, PB=parsable bottom
|   0|0x0000000703000000, 0x0000000703000000, 0x0000000703200000|  0%| F|  |TAMS 0x0000000703000000| PB 0x0000000703000000| Untracked 
|   1|0x0000000703200000, 0x0000000703200000, 0x0000000703400000|  0%| F|  |TAMS 0x0000000703200000| PB 0x0000000703200000| Untracked 
|   2|0x0000000703400000, 0x0000000703400000, 0x0000000703600000|  0%| F|  |TAMS 0x0000000703400000| PB 0x0000000703400000| Untracked 
|   3|0x0000000703600000, 0x0000000703600000, 0x0000000703800000|  0%| F|  |TAMS 0x0000000703600000| PB 0x0000000703600000| Untracked 
|   4|0x0000000703800000, 0x0000000703800000, 0x0000000703a00000|  0%| F|  |TAMS 0x0000000703800000| PB 0x0000000703800000| Untracked 
|   5|0x0000000703a00000, 0x0000000703a00000, 0x0000000703c00000|  0%| F|  |TAMS 0x0000000703a00000| PB 0x0000000703a00000| Untracked 
|   6|0x0000000703c00000, 0x0000000703c00000, 0x0000000703e00000|  0%| F|  |TAMS 0x0000000703c00000| PB 0x0000000703c00000| Untracked 
|   7|0x0000000703e00000, 0x0000000703e00000, 0x0000000704000000|  0%| F|  |TAMS 0x0000000703e00000| PB 0x0000000703e00000| Untracked 
|   8|0x0000000704000000, 0x0000000704000000, 0x0000000704200000|  0%| F|  |TAMS 0x0000000704000000| PB 0x0000000704000000| Untracked 
|   9|0x0000000704200000, 0x0000000704200000, 0x0000000704400000|  0%| F|  |TAMS 0x0000000704200000| PB 0x0000000704200000| Untracked 
|  10|0x0000000704400000, 0x0000000704400000, 0x0000000704600000|  0%| F|  |TAMS 0x0000000704400000| PB 0x0000000704400000| Untracked 
|  11|0x0000000704600000, 0x0000000704600000, 0x0000000704800000|  0%| F|  |TAMS 0x0000000704600000| PB 0x0000000704600000| Untracked 
|  12|0x0000000704800000, 0x0000000704800000, 0x0000000704a00000|  0%| F|  |TAMS 0x0000000704800000| PB 0x0000000704800000| Untracked 
|  13|0x0000000704a00000, 0x0000000704a00000, 0x0000000704c00000|  0%| F|  |TAMS 0x0000000704a00000| PB 0x0000000704a00000| Untracked 
|  14|0x0000000704c00000, 0x0000000704c00000, 0x0000000704e00000|  0%| F|  |TAMS 0x0000000704c00000| PB 0x0000000704c00000| Untracked 
|  15|0x0000000704e00000, 0x0000000704e00000, 0x0000000705000000|  0%| F|  |TAMS 0x0000000704e00000| PB 0x0000000704e00000| Untracked 
|  16|0x0000000705000000, 0x0000000705000000, 0x0000000705200000|  0%| F|  |TAMS 0x0000000705000000| PB 0x0000000705000000| Untracked 
|  17|0x0000000705200000, 0x0000000705200000, 0x0000000705400000|  0%| F|  |TAMS 0x0000000705200000| PB 0x0000000705200000| Untracked 
|  18|0x0000000705400000, 0x0000000705400000, 0x0000000705600000|  0%| F|  |TAMS 0x0000000705400000| PB 0x0000000705400000| Untracked 
|  19|0x0000000705600000, 0x0000000705600000, 0x0000000705800000|  0%| F|  |TAMS 0x0000000705600000| PB 0x0000000705600000| Untracked 
|  20|0x0000000705800000, 0x0000000705800000, 0x0000000705a00000|  0%| F|  |TAMS 0x0000000705800000| PB 0x0000000705800000| Untracked 
|  21|0x0000000705a00000, 0x0000000705a00000, 0x0000000705c00000|  0%| F|  |TAMS 0x0000000705a00000| PB 0x0000000705a00000| Untracked 
|  22|0x0000000705c00000, 0x0000000705c00000, 0x0000000705e00000|  0%| F|  |TAMS 0x0000000705c00000| PB 0x0000000705c00000| Untracked 
|  23|0x0000000705e00000, 0x0000000705e00000, 0x0000000706000000|  0%| F|  |TAMS 0x0000000705e00000| PB 0x0000000705e00000| Untracked 
|  24|0x0000000706000000, 0x0000000706000000, 0x0000000706200000|  0%| F|  |TAMS 0x0000000706000000| PB 0x0000000706000000| Untracked 
|  25|0x0000000706200000, 0x0000000706200000, 0x0000000706400000|  0%| F|  |TAMS 0x0000000706200000| PB 0x0000000706200000| Untracked 
|  26|0x0000000706400000, 0x0000000706400000, 0x0000000706600000|  0%| F|  |TAMS 0x0000000706400000| PB 0x0000000706400000| Untracked 
|  27|0x0000000706600000, 0x0000000706600000, 0x0000000706800000|  0%| F|  |TAMS 0x0000000706600000| PB 0x0000000706600000| Untracked 
|  28|0x0000000706800000, 0x0000000706800000, 0x0000000706a00000|  0%| F|  |TAMS 0x0000000706800000| PB 0x0000000706800000| Untracked 
|  29|0x0000000706a00000, 0x0000000706a00000, 0x0000000706c00000|  0%| F|  |TAMS 0x0000000706a00000| PB 0x0000000706a00000| Untracked 
|  30|0x0000000706c00000, 0x0000000706c00000, 0x0000000706e00000|  0%| F|  |TAMS 0x0000000706c00000| PB 0x0000000706c00000| Untracked 
|  31|0x0000000706e00000, 0x0000000706e00000, 0x0000000707000000|  0%| F|  |TAMS 0x0000000706e00000| PB 0x0000000706e00000| Untracked 
|  32|0x0000000707000000, 0x0000000707000000, 0x0000000707200000|  0%| F|  |TAMS 0x0000000707000000| PB 0x0000000707000000| Untracked 
|  33|0x0000000707200000, 0x0000000707200000, 0x0000000707400000|  0%| F|  |TAMS 0x0000000707200000| PB 0x0000000707200000| Untracked 
|  34|0x0000000707400000, 0x0000000707400000, 0x0000000707600000|  0%| F|  |TAMS 0x0000000707400000| PB 0x0000000707400000| Untracked 
|  35|0x0000000707600000, 0x0000000707600000, 0x0000000707800000|  0%| F|  |TAMS 0x0000000707600000| PB 0x0000000707600000| Untracked 
|  36|0x0000000707800000, 0x0000000707800000, 0x0000000707a00000|  0%| F|  |TAMS 0x0000000707800000| PB 0x0000000707800000| Untracked 
|  37|0x0000000707a00000, 0x0000000707a00000, 0x0000000707c00000|  0%| F|  |TAMS 0x0000000707a00000| PB 0x0000000707a00000| Untracked 
|  38|0x0000000707c00000, 0x0000000707c00000, 0x0000000707e00000|  0%| F|  |TAMS 0x0000000707c00000| PB 0x0000000707c00000| Untracked 
|  39|0x0000000707e00000, 0x0000000707e00000, 0x0000000708000000|  0%| F|  |TAMS 0x0000000707e00000| PB 0x0000000707e00000| Untracked 
|  40|0x0000000708000000, 0x0000000708000000, 0x0000000708200000|  0%| F|  |TAMS 0x0000000708000000| PB 0x0000000708000000| Untracked 
|  41|0x0000000708200000, 0x0000000708200000, 0x0000000708400000|  0%| F|  |TAMS 0x0000000708200000| PB 0x0000000708200000| Untracked 
|  42|0x0000000708400000, 0x0000000708400000, 0x0000000708600000|  0%| F|  |TAMS 0x0000000708400000| PB 0x0000000708400000| Untracked 
|  43|0x0000000708600000, 0x0000000708600000, 0x0000000708800000|  0%| F|  |TAMS 0x0000000708600000| PB 0x0000000708600000| Untracked 
|  44|0x0000000708800000, 0x0000000708800000, 0x0000000708a00000|  0%| F|  |TAMS 0x0000000708800000| PB 0x0000000708800000| Untracked 
|  45|0x0000000708a00000, 0x0000000708a00000, 0x0000000708c00000|  0%| F|  |TAMS 0x0000000708a00000| PB 0x0000000708a00000| Untracked 
|  46|0x0000000708c00000, 0x0000000708c00000, 0x0000000708e00000|  0%| F|  |TAMS 0x0000000708c00000| PB 0x0000000708c00000| Untracked 
|  47|0x0000000708e00000, 0x0000000708e00000, 0x0000000709000000|  0%| F|  |TAMS 0x0000000708e00000| PB 0x0000000708e00000| Untracked 
|  48|0x0000000709000000, 0x0000000709000000, 0x0000000709200000|  0%| F|  |TAMS 0x0000000709000000| PB 0x0000000709000000| Untracked 
|  49|0x0000000709200000, 0x0000000709200000, 0x0000000709400000|  0%| F|  |TAMS 0x0000000709200000| PB 0x0000000709200000| Untracked 
|  50|0x0000000709400000, 0x0000000709400000, 0x0000000709600000|  0%| F|  |TAMS 0x0000000709400000| PB 0x0000000709400000| Untracked 
|  51|0x0000000709600000, 0x0000000709600000, 0x0000000709800000|  0%| F|  |TAMS 0x0000000709600000| PB 0x0000000709600000| Untracked 
|  52|0x0000000709800000, 0x0000000709800000, 0x0000000709a00000|  0%| F|  |TAMS 0x0000000709800000| PB 0x0000000709800000| Untracked 
|  53|0x0000000709a00000, 0x0000000709a00000, 0x0000000709c00000|  0%| F|  |TAMS 0x0000000709a00000| PB 0x0000000709a00000| Untracked 
|  54|0x0000000709c00000, 0x0000000709c00000, 0x0000000709e00000|  0%| F|  |TAMS 0x0000000709c00000| PB 0x0000000709c00000| Untracked 
|  55|0x0000000709e00000, 0x0000000709e00000, 0x000000070a000000|  0%| F|  |TAMS 0x0000000709e00000| PB 0x0000000709e00000| Untracked 
|  56|0x000000070a000000, 0x000000070a000000, 0x000000070a200000|  0%| F|  |TAMS 0x000000070a000000| PB 0x000000070a000000| Untracked 
|  57|0x000000070a200000, 0x000000070a200000, 0x000000070a400000|  0%| F|  |TAMS 0x000000070a200000| PB 0x000000070a200000| Untracked 
|  58|0x000000070a400000, 0x000000070a400000, 0x000000070a600000|  0%| F|  |TAMS 0x000000070a400000| PB 0x000000070a400000| Untracked 
|  59|0x000000070a600000, 0x000000070a600000, 0x000000070a800000|  0%| F|  |TAMS 0x000000070a600000| PB 0x000000070a600000| Untracked 
|  60|0x000000070a800000, 0x000000070a800000, 0x000000070aa00000|  0%| F|  |TAMS 0x000000070a800000| PB 0x000000070a800000| Untracked 
|  61|0x000000070aa00000, 0x000000070aa00000, 0x000000070ac00000|  0%| F|  |TAMS 0x000000070aa00000| PB 0x000000070aa00000| Untracked 
|  62|0x000000070ac00000, 0x000000070ac00000, 0x000000070ae00000|  0%| F|  |TAMS 0x000000070ac00000| PB 0x000000070ac00000| Untracked 
|  63|0x000000070ae00000, 0x000000070ae00000, 0x000000070b000000|  0%| F|  |TAMS 0x000000070ae00000| PB 0x000000070ae00000| Untracked 
|  64|0x000000070b000000, 0x000000070b000000, 0x000000070b200000|  0%| F|  |TAMS 0x000000070b000000| PB 0x000000070b000000| Untracked 
|  65|0x000000070b200000, 0x000000070b200000, 0x000000070b400000|  0%| F|  |TAMS 0x000000070b200000| PB 0x000000070b200000| Untracked 
|  66|0x000000070b400000, 0x000000070b400000, 0x000000070b600000|  0%| F|  |TAMS 0x000000070b400000| PB 0x000000070b400000| Untracked 
|  67|0x000000070b600000, 0x000000070b600000, 0x000000070b800000|  0%| F|  |TAMS 0x000000070b600000| PB 0x000000070b600000| Untracked 
|  68|0x000000070b800000, 0x000000070b800000, 0x000000070ba00000|  0%| F|  |TAMS 0x000000070b800000| PB 0x000000070b800000| Untracked 
|  69|0x000000070ba00000, 0x000000070ba00000, 0x000000070bc00000|  0%| F|  |TAMS 0x000000070ba00000| PB 0x000000070ba00000| Untracked 
|  70|0x000000070bc00000, 0x000000070bc00000, 0x000000070be00000|  0%| F|  |TAMS 0x000000070bc00000| PB 0x000000070bc00000| Untracked 
|  71|0x000000070be00000, 0x000000070be00000, 0x000000070c000000|  0%| F|  |TAMS 0x000000070be00000| PB 0x000000070be00000| Untracked 
|  72|0x000000070c000000, 0x000000070c000000, 0x000000070c200000|  0%| F|  |TAMS 0x000000070c000000| PB 0x000000070c000000| Untracked 
|  73|0x000000070c200000, 0x000000070c200000, 0x000000070c400000|  0%| F|  |TAMS 0x000000070c200000| PB 0x000000070c200000| Untracked 
|  74|0x000000070c400000, 0x000000070c400000, 0x000000070c600000|  0%| F|  |TAMS 0x000000070c400000| PB 0x000000070c400000| Untracked 
|  75|0x000000070c600000, 0x000000070c600000, 0x000000070c800000|  0%| F|  |TAMS 0x000000070c600000| PB 0x000000070c600000| Untracked 
|  76|0x000000070c800000, 0x000000070c800000, 0x000000070ca00000|  0%| F|  |TAMS 0x000000070c800000| PB 0x000000070c800000| Untracked 
|  77|0x000000070ca00000, 0x000000070ca00000, 0x000000070cc00000|  0%| F|  |TAMS 0x000000070ca00000| PB 0x000000070ca00000| Untracked 
|  78|0x000000070cc00000, 0x000000070cc00000, 0x000000070ce00000|  0%| F|  |TAMS 0x000000070cc00000| PB 0x000000070cc00000| Untracked 
|  79|0x000000070ce00000, 0x000000070ce00000, 0x000000070d000000|  0%| F|  |TAMS 0x000000070ce00000| PB 0x000000070ce00000| Untracked 
|  80|0x000000070d000000, 0x000000070d000000, 0x000000070d200000|  0%| F|  |TAMS 0x000000070d000000| PB 0x000000070d000000| Untracked 
|  81|0x000000070d200000, 0x000000070d200000, 0x000000070d400000|  0%| F|  |TAMS 0x000000070d200000| PB 0x000000070d200000| Untracked 
|  82|0x000000070d400000, 0x000000070d400000, 0x000000070d600000|  0%| F|  |TAMS 0x000000070d400000| PB 0x000000070d400000| Untracked 
|  83|0x000000070d600000, 0x000000070d600000, 0x000000070d800000|  0%| F|  |TAMS 0x000000070d600000| PB 0x000000070d600000| Untracked 
|  84|0x000000070d800000, 0x000000070d800000, 0x000000070da00000|  0%| F|  |TAMS 0x000000070d800000| PB 0x000000070d800000| Untracked 
|  85|0x000000070da00000, 0x000000070da00000, 0x000000070dc00000|  0%| F|  |TAMS 0x000000070da00000| PB 0x000000070da00000| Untracked 
|  86|0x000000070dc00000, 0x000000070dc00000, 0x000000070de00000|  0%| F|  |TAMS 0x000000070dc00000| PB 0x000000070dc00000| Untracked 
|  87|0x000000070de00000, 0x000000070de00000, 0x000000070e000000|  0%| F|  |TAMS 0x000000070de00000| PB 0x000000070de00000| Untracked 
|  88|0x000000070e000000, 0x000000070e000000, 0x000000070e200000|  0%| F|  |TAMS 0x000000070e000000| PB 0x000000070e000000| Untracked 
|  89|0x000000070e200000, 0x000000070e200000, 0x000000070e400000|  0%| F|  |TAMS 0x000000070e200000| PB 0x000000070e200000| Untracked 
|  90|0x000000070e400000, 0x000000070e400000, 0x000000070e600000|  0%| F|  |TAMS 0x000000070e400000| PB 0x000000070e400000| Untracked 
|  91|0x000000070e600000, 0x000000070e600000, 0x000000070e800000|  0%| F|  |TAMS 0x000000070e600000| PB 0x000000070e600000| Untracked 
|  92|0x000000070e800000, 0x000000070e800000, 0x000000070ea00000|  0%| F|  |TAMS 0x000000070e800000| PB 0x000000070e800000| Untracked 
|  93|0x000000070ea00000, 0x000000070ea00000, 0x000000070ec00000|  0%| F|  |TAMS 0x000000070ea00000| PB 0x000000070ea00000| Untracked 
|  94|0x000000070ec00000, 0x000000070ec00000, 0x000000070ee00000|  0%| F|  |TAMS 0x000000070ec00000| PB 0x000000070ec00000| Untracked 
|  95|0x000000070ee00000, 0x000000070ee00000, 0x000000070f000000|  0%| F|  |TAMS 0x000000070ee00000| PB 0x000000070ee00000| Untracked 
|  96|0x000000070f000000, 0x000000070f000000, 0x000000070f200000|  0%| F|  |TAMS 0x000000070f000000| PB 0x000000070f000000| Untracked 
|  97|0x000000070f200000, 0x000000070f200000, 0x000000070f400000|  0%| F|  |TAMS 0x000000070f200000| PB 0x000000070f200000| Untracked 
|  98|0x000000070f400000, 0x000000070f400000, 0x000000070f600000|  0%| F|  |TAMS 0x000000070f400000| PB 0x000000070f400000| Untracked 
|  99|0x000000070f600000, 0x000000070f600000, 0x000000070f800000|  0%| F|  |TAMS 0x000000070f600000| PB 0x000000070f600000| Untracked 
| 100|0x000000070f800000, 0x000000070f800000, 0x000000070fa00000|  0%| F|  |TAMS 0x000000070f800000| PB 0x000000070f800000| Untracked 
| 101|0x000000070fa00000, 0x000000070fa00000, 0x000000070fc00000|  0%| F|  |TAMS 0x000000070fa00000| PB 0x000000070fa00000| Untracked 
| 102|0x000000070fc00000, 0x000000070fc00000, 0x000000070fe00000|  0%| F|  |TAMS 0x000000070fc00000| PB 0x000000070fc00000| Untracked 
| 103|0x000000070fe00000, 0x000000070fe00000, 0x0000000710000000|  0%| F|  |TAMS 0x000000070fe00000| PB 0x000000070fe00000| Untracked 
| 104|0x0000000710000000, 0x0000000710000000, 0x0000000710200000|  0%| F|  |TAMS 0x0000000710000000| PB 0x0000000710000000| Untracked 
| 105|0x0000000710200000, 0x0000000710200000, 0x0000000710400000|  0%| F|  |TAMS 0x0000000710200000| PB 0x0000000710200000| Untracked 
| 106|0x0000000710400000, 0x0000000710400000, 0x0000000710600000|  0%| F|  |TAMS 0x0000000710400000| PB 0x0000000710400000| Untracked 
| 107|0x0000000710600000, 0x0000000710600000, 0x0000000710800000|  0%| F|  |TAMS 0x0000000710600000| PB 0x0000000710600000| Untracked 
| 108|0x0000000710800000, 0x0000000710800000, 0x0000000710a00000|  0%| F|  |TAMS 0x0000000710800000| PB 0x0000000710800000| Untracked 
| 109|0x0000000710a00000, 0x0000000710a00000, 0x0000000710c00000|  0%| F|  |TAMS 0x0000000710a00000| PB 0x0000000710a00000| Untracked 
| 110|0x0000000710c00000, 0x0000000710c00000, 0x0000000710e00000|  0%| F|  |TAMS 0x0000000710c00000| PB 0x0000000710c00000| Untracked 
| 111|0x0000000710e00000, 0x0000000710e00000, 0x0000000711000000|  0%| F|  |TAMS 0x0000000710e00000| PB 0x0000000710e00000| Untracked 
| 112|0x0000000711000000, 0x0000000711000000, 0x0000000711200000|  0%| F|  |TAMS 0x0000000711000000| PB 0x0000000711000000| Untracked 
| 113|0x0000000711200000, 0x0000000711200000, 0x0000000711400000|  0%| F|  |TAMS 0x0000000711200000| PB 0x0000000711200000| Untracked 
| 114|0x0000000711400000, 0x0000000711400000, 0x0000000711600000|  0%| F|  |TAMS 0x0000000711400000| PB 0x0000000711400000| Untracked 
| 115|0x0000000711600000, 0x0000000711600000, 0x0000000711800000|  0%| F|  |TAMS 0x0000000711600000| PB 0x0000000711600000| Untracked 
| 116|0x0000000711800000, 0x0000000711800000, 0x0000000711a00000|  0%| F|  |TAMS 0x0000000711800000| PB 0x0000000711800000| Untracked 
| 117|0x0000000711a00000, 0x0000000711a00000, 0x0000000711c00000|  0%| F|  |TAMS 0x0000000711a00000| PB 0x0000000711a00000| Untracked 
| 118|0x0000000711c00000, 0x0000000711c00000, 0x0000000711e00000|  0%| F|  |TAMS 0x0000000711c00000| PB 0x0000000711c00000| Untracked 
| 119|0x0000000711e00000, 0x0000000711e712b8, 0x0000000712000000| 22%| E|  |TAMS 0x0000000711e00000| PB 0x0000000711e00000| Complete 
| 120|0x0000000712000000, 0x0000000712200000, 0x0000000712200000|100%| E|CS|TAMS 0x0000000712000000| PB 0x0000000712000000| Complete 
| 121|0x0000000712200000, 0x0000000712400000, 0x0000000712400000|100%| E|CS|TAMS 0x0000000712200000| PB 0x0000000712200000| Complete 
| 122|0x0000000712400000, 0x0000000712600000, 0x0000000712600000|100%| E|CS|TAMS 0x0000000712400000| PB 0x0000000712400000| Complete 
| 123|0x0000000712600000, 0x0000000712800000, 0x0000000712800000|100%| E|CS|TAMS 0x0000000712600000| PB 0x0000000712600000| Complete 
| 124|0x0000000712800000, 0x0000000712a00000, 0x0000000712a00000|100%| E|CS|TAMS 0x0000000712800000| PB 0x0000000712800000| Complete 
| 125|0x0000000712a00000, 0x0000000712c00000, 0x0000000712c00000|100%| E|  |TAMS 0x0000000712a00000| PB 0x0000000712a00000| Complete 
| 126|0x0000000712c00000, 0x0000000712e00000, 0x0000000712e00000|100%| E|CS|TAMS 0x0000000712c00000| PB 0x0000000712c00000| Complete 

Card table byte_map: [0x0000028c71300000,0x0000028c71af0000] _byte_map_base: 0x0000028c6dae8000

Marking Bits: (CMBitMap*) 0x0000028c597a43b0
 Bits: [0x0000028c722e0000, 0x0000028c76220000)

Polling page: 0x0000028c57720000

Metaspace:

Usage:
  Non-class:      2.99 MB used.
      Class:    337.21 KB used.
       Both:      3.32 MB used.

Virtual space:
  Non-class space:       64.00 MB reserved,       3.06 MB (  5%) committed,  1 nodes.
      Class space:        1.00 GB reserved,     448.00 KB ( <1%) committed,  1 nodes.
             Both:        1.06 GB reserved,       3.50 MB ( <1%) committed. 

Chunk freelists:
   Non-Class:  3.09 MB
       Class:  3.59 MB
        Both:  6.68 MB

MaxMetaspaceSize: unlimited
CompressedClassSpaceSize: 1.00 GB
Initial GC threshold: 21.00 MB
Current GC threshold: 21.00 MB
CDS: on
MetaspaceReclaimPolicy: balanced
 - commit_granule_bytes: 65536.
 - commit_granule_words: 8192.
 - virtual_space_node_default_size: 8388608.
 - enlarge_chunks_in_place: 1.
 - new_chunks_are_fully_committed: 0.
 - uncommit_free_chunks: 1.
 - use_allocation_guard: 0.


Internal statistics:

num_allocs_failed_limit: 0.
num_arena_births: 106.
num_arena_deaths: 0.
num_vsnodes_births: 2.
num_vsnodes_deaths: 0.
num_space_committed: 56.
num_space_uncommitted: 0.
num_chunks_returned_to_freelist: 0.
num_chunks_taken_from_freelist: 169.
num_chunk_merges: 0.
num_chunk_splits: 104.
num_chunks_enlarged: 63.
num_inconsistent_stats: 0.

CodeHeap 'non-profiled nmethods': size=120000Kb used=303Kb max_used=303Kb free=119696Kb
 bounds [0x0000028c692b0000, 0x0000028c69520000, 0x0000028c707e0000]
CodeHeap 'profiled nmethods': size=120000Kb used=1542Kb max_used=1542Kb free=118457Kb
 bounds [0x0000028c617e0000, 0x0000028c61a50000, 0x0000028c68d10000]
CodeHeap 'non-nmethods': size=5760Kb used=1446Kb max_used=1461Kb free=4313Kb
 bounds [0x0000028c68d10000, 0x0000028c68f80000, 0x0000028c692b0000]
 total_blobs=1420 nmethods=936 adapters=395
 compilation: enabled
              stopped_count=0, restarted_count=0
 full_count=0

Compilation events (20 events):
Event: 0.852 Thread 0x0000028c78a7b410  927       4       java.lang.invoke.MemberName::getReferenceKind (12 bytes)
Event: 0.853 Thread 0x0000028c78a7b410 nmethod 927 0x0000028c692fae90 code [0x0000028c692fb000, 0x0000028c692fb090]
Event: 0.860 Thread 0x0000028c78a7b410  928       4       java.lang.StringBuilder::append (8 bytes)
Event: 0.860 Thread 0x0000028c78a7dda0  929       3       sun.net.util.IPAddressUtil::checkAuth (45 bytes)
Event: 0.861 Thread 0x0000028c78a7dda0 nmethod 929 0x0000028c6195df90 code [0x0000028c6195e200, 0x0000028c6195ec50]
Event: 0.861 Thread 0x0000028c78a7dda0  930       3       java.lang.invoke.BoundMethodHandle::<init> (32 bytes)
Event: 0.861 Thread 0x0000028c78a7dda0 nmethod 930 0x0000028c6195f090 code [0x0000028c6195f220, 0x0000028c6195f378]
Event: 0.862 Thread 0x0000028c78a7dda0  931       3       jdk.internal.org.objectweb.asm.Attribute::computeAttributesSize (62 bytes)
Event: 0.862 Thread 0x0000028c78a7dda0 nmethod 931 0x0000028c6195f410 code [0x0000028c6195f5c0, 0x0000028c6195f8c0]
Event: 0.863 Thread 0x0000028c78a7dda0  932       3       jdk.internal.org.objectweb.asm.AnnotationWriter::computeAnnotationsSize (66 bytes)
Event: 0.863 Thread 0x0000028c78a7dda0 nmethod 932 0x0000028c6195fa10 code [0x0000028c6195fbe0, 0x0000028c6195fee0]
Event: 0.863 Thread 0x0000028c78a7dda0  933       3       jdk.internal.org.objectweb.asm.Attribute::putAttributes (78 bytes)
Event: 0.864 Thread 0x0000028c78a7dda0 nmethod 933 0x0000028c61960090 code [0x0000028c619602c0, 0x0000028c619607d0]
Event: 0.865 Thread 0x0000028c78a7dda0  934       3       java.lang.ClassLoader::loadClass (7 bytes)
Event: 0.865 Thread 0x0000028c78a7dda0 nmethod 934 0x0000028c61960a90 code [0x0000028c61960c20, 0x0000028c61960df0]
Event: 0.865 Thread 0x0000028c78a7dda0  935       3       jdk.internal.loader.BuiltinClassLoader::loadClass (22 bytes)
Event: 0.865 Thread 0x0000028c78a7dda0 nmethod 935 0x0000028c61960e90 code [0x0000028c61961040, 0x0000028c619612f0]
Event: 0.865 Thread 0x0000028c78a7dda0  936       3       jdk.internal.loader.ClassLoaders$BootClassLoader::loadClassOrNull (10 bytes)
Event: 0.865 Thread 0x0000028c78a7dda0 nmethod 936 0x0000028c61961410 code [0x0000028c619615c0, 0x0000028c61961848]
Event: 0.866 Thread 0x0000028c78a7b410 nmethod 928 0x0000028c692fb190 code [0x0000028c692fb340, 0x0000028c692fba00]

GC Heap History (0 events):
No events

Dll operation events (20 events):
Event: 0.694 Loaded shared library C:\Users\Notebook\.openjfx\cache\19-ea+7\amd64\api-ms-win-crt-conio-l1-1-0.dll
Event: 0.698 Loaded shared library C:\Users\Notebook\.openjfx\cache\19-ea+7\amd64\api-ms-win-crt-convert-l1-1-0.dll
Event: 0.703 Loaded shared library C:\Users\Notebook\.openjfx\cache\19-ea+7\amd64\api-ms-win-crt-environment-l1-1-0.dll
Event: 0.707 Loaded shared library C:\Users\Notebook\.openjfx\cache\19-ea+7\amd64\api-ms-win-crt-filesystem-l1-1-0.dll
Event: 0.712 Loaded shared library C:\Users\Notebook\.openjfx\cache\19-ea+7\amd64\api-ms-win-crt-heap-l1-1-0.dll
Event: 0.716 Loaded shared library C:\Users\Notebook\.openjfx\cache\19-ea+7\amd64\api-ms-win-crt-locale-l1-1-0.dll
Event: 0.722 Loaded shared library C:\Users\Notebook\.openjfx\cache\19-ea+7\amd64\api-ms-win-crt-math-l1-1-0.dll
Event: 0.727 Loaded shared library C:\Users\Notebook\.openjfx\cache\19-ea+7\amd64\api-ms-win-crt-multibyte-l1-1-0.dll
Event: 0.732 Loaded shared library C:\Users\Notebook\.openjfx\cache\19-ea+7\amd64\api-ms-win-crt-private-l1-1-0.dll
Event: 0.737 Loaded shared library C:\Users\Notebook\.openjfx\cache\19-ea+7\amd64\api-ms-win-crt-process-l1-1-0.dll
Event: 0.743 Loaded shared library C:\Users\Notebook\.openjfx\cache\19-ea+7\amd64\api-ms-win-crt-runtime-l1-1-0.dll
Event: 0.748 Loaded shared library C:\Users\Notebook\.openjfx\cache\19-ea+7\amd64\api-ms-win-crt-stdio-l1-1-0.dll
Event: 0.754 Loaded shared library C:\Users\Notebook\.openjfx\cache\19-ea+7\amd64\api-ms-win-crt-string-l1-1-0.dll
Event: 0.759 Loaded shared library C:\Users\Notebook\.openjfx\cache\19-ea+7\amd64\api-ms-win-crt-time-l1-1-0.dll
Event: 0.764 Loaded shared library C:\Users\Notebook\.openjfx\cache\19-ea+7\amd64\api-ms-win-crt-utility-l1-1-0.dll
Event: 0.780 Loaded shared library C:\Users\Notebook\.openjfx\cache\19-ea+7\amd64\ucrtbase.dll
Event: 0.786 Loaded shared library C:\Users\Notebook\.openjfx\cache\19-ea+7\amd64\vcruntime140.dll
Event: 0.791 Loaded shared library C:\Users\Notebook\.openjfx\cache\19-ea+7\amd64\vcruntime140_1.dll
Event: 0.800 Loaded shared library C:\Users\Notebook\.openjfx\cache\19-ea+7\amd64\msvcp140.dll
Event: 0.858 Loaded shared library C:\Users\Notebook\.openjfx\cache\19-ea+7\amd64\prism_d3d.dll

Deoptimization events (20 events):
Event: 0.229 Thread 0x0000028c59733370 DEOPT PACKING pc=0x0000028c692c20e4 sp=0x000000ee57ffe0f0
Event: 0.229 Thread 0x0000028c59733370 DEOPT UNPACKING pc=0x0000028c68d79d22 sp=0x000000ee57ffe098 mode 2
Event: 0.241 Thread 0x0000028c59733370 DEOPT PACKING pc=0x0000028c617e88c1 sp=0x000000ee57ffa2b0
Event: 0.241 Thread 0x0000028c59733370 DEOPT UNPACKING pc=0x0000028c68d7a4c2 sp=0x000000ee57ff9728 mode 0
Event: 0.420 Thread 0x0000028c7d3a2f40 Uncommon trap: trap_request=0xffffff45 fr.pc=0x0000028c692b9eec relative=0x000000000000006c
Event: 0.420 Thread 0x0000028c7d3a2f40 Uncommon trap: reason=unstable_if action=reinterpret pc=0x0000028c692b9eec method=java.lang.String.isLatin1()Z @ 10 c2
Event: 0.420 Thread 0x0000028c7d3a2f40 DEOPT PACKING pc=0x0000028c692b9eec sp=0x000000ee592fe330
Event: 0.420 Thread 0x0000028c7d3a2f40 DEOPT UNPACKING pc=0x0000028c68d79d22 sp=0x000000ee592fe2c0 mode 2
Event: 0.471 Thread 0x0000028c7d3a2f40 Uncommon trap: trap_request=0xffffff45 fr.pc=0x0000028c692c3f70 relative=0x0000000000000070
Event: 0.471 Thread 0x0000028c7d3a2f40 Uncommon trap: reason=unstable_if action=reinterpret pc=0x0000028c692c3f70 method=java.io.WinNTFileSystem.isSlash(C)Z @ 9 c2
Event: 0.471 Thread 0x0000028c7d3a2f40 DEOPT PACKING pc=0x0000028c692c3f70 sp=0x000000ee592fea20
Event: 0.471 Thread 0x0000028c7d3a2f40 DEOPT UNPACKING pc=0x0000028c68d79d22 sp=0x000000ee592fe9a8 mode 2
Event: 0.510 Thread 0x0000028c7d3a2f40 Uncommon trap: trap_request=0xffffff45 fr.pc=0x0000028c692cb790 relative=0x0000000000000b10
Event: 0.510 Thread 0x0000028c7d3a2f40 Uncommon trap: reason=unstable_if action=reinterpret pc=0x0000028c692cb790 method=java.util.HashMap.putVal(ILjava/lang/Object;Ljava/lang/Object;ZZ)Ljava/lang/Object; @ 181 c2
Event: 0.510 Thread 0x0000028c7d3a2f40 DEOPT PACKING pc=0x0000028c692cb790 sp=0x000000ee592fe710
Event: 0.510 Thread 0x0000028c7d3a2f40 DEOPT UNPACKING pc=0x0000028c68d79d22 sp=0x000000ee592fe6d0 mode 2
Event: 0.789 Thread 0x0000028c7d3a2f40 DEOPT PACKING pc=0x0000028c6190b79f sp=0x000000ee592fea00
Event: 0.789 Thread 0x0000028c7d3a2f40 DEOPT UNPACKING pc=0x0000028c68d7a4c2 sp=0x000000ee592fde20 mode 0
Event: 0.814 Thread 0x0000028c7d3a2f40 DEOPT PACKING pc=0x0000028c618462f5 sp=0x000000ee592fa6c0
Event: 0.814 Thread 0x0000028c7d3a2f40 DEOPT UNPACKING pc=0x0000028c68d7a4c2 sp=0x000000ee592f9b10 mode 0

Classes loaded (20 events):
Event: 0.839 Loading class java/util/concurrent/LinkedBlockingQueue$Node done
Event: 0.839 Loading class java/util/concurrent/Executors
Event: 0.839 Loading class java/util/concurrent/Executors done
Event: 0.839 Loading class java/util/concurrent/Executors$DefaultThreadFactory
Event: 0.839 Loading class java/util/concurrent/Executors$DefaultThreadFactory done
Event: 0.841 Loading class java/util/concurrent/ThreadPoolExecutor$Worker
Event: 0.841 Loading class java/util/concurrent/ThreadPoolExecutor$Worker done
Event: 0.865 Loading class java/nio/file/attribute/FileAttribute
Event: 0.865 Loading class java/nio/file/attribute/FileAttribute done
Event: 0.865 Loading class sun/nio/fs/WindowsSecurityDescriptor
Event: 0.865 Loading class sun/nio/fs/WindowsSecurityDescriptor done
Event: 0.865 Loading class sun/nio/fs/WindowsChannelFactory
Event: 0.865 Loading class sun/nio/fs/WindowsChannelFactory done
Event: 0.865 Loading class sun/nio/fs/WindowsChannelFactory$1
Event: 0.865 Loading class sun/nio/fs/WindowsChannelFactory$1 done
Event: 0.865 Loading class sun/nio/fs/WindowsChannelFactory$Flags
Event: 0.865 Loading class sun/nio/fs/WindowsChannelFactory$Flags done
Event: 0.865 Loading class sun/nio/fs/WindowsChannelFactory$2
Event: 0.865 Loading class sun/nio/fs/WindowsChannelFactory$2 done
Event: 0.866 Loading class sun/nio/ch/FileChannelImpl

Classes unloaded (0 events):
No events

Classes redefined (0 events):
No events

Internal exceptions (6 events):
Event: 0.232 Thread 0x0000028c59733370 Exception <a 'java/lang/NoSuchMethodError'{0x00000007129b6010}: 'void java.lang.invoke.DirectMethodHandle$Holder.invokeStatic(java.lang.Object, java.lang.Object, java.lang.Object)'> (0x00000007129b6010) 
thrown [s\open\src\hotspot\share\interpreter\linkResolver.cpp, line 773]
Event: 0.239 Thread 0x0000028c59733370 Exception <a 'java/lang/NoSuchMethodError'{0x00000007129cd518}: 'java.lang.Object java.lang.invoke.Invokers$Holder.invokeExact_MT(java.lang.Object, java.lang.Object, java.lang.Object, java.lang.Object, java.lang.Object)'> (0x00000007129cd518) 
thrown [s\open\src\hotspot\share\interpreter\linkResolver.cpp, line 773]
Event: 0.263 Thread 0x0000028c7d3a1010 Exception <a 'java/lang/NoSuchMethodError'{0x00000007126042c8}: 'void java.lang.invoke.DirectMethodHandle$Holder.invokeStatic(java.lang.Object, java.lang.Object)'> (0x00000007126042c8) 
thrown [s\open\src\hotspot\share\interpreter\linkResolver.cpp, line 773]
Event: 0.271 Thread 0x0000028c59733370 Exception <a 'java/lang/NoSuchMethodError'{0x0000000712689ff0}: 'java.lang.Object java.lang.invoke.DirectMethodHandle$Holder.newInvokeSpecial(java.lang.Object, java.lang.Object, java.lang.Object, java.lang.Object, java.lang.Object)'> (0x0000000712689ff0) 
thrown [s\open\src\hotspot\share\interpreter\linkResolver.cpp, line 773]
Event: 0.355 Thread 0x0000028c7d3a2f40 Exception <a 'java/lang/NoSuchMethodError'{0x00000007124168e0}: 'void java.lang.invoke.DirectMethodHandle$Holder.invokeSpecial(java.lang.Object, java.lang.Object, java.lang.Object)'> (0x00000007124168e0) 
thrown [s\open\src\hotspot\share\interpreter\linkResolver.cpp, line 773]
Event: 0.378 Thread 0x0000028c7d3a2f40 Exception <a 'java/lang/ClassNotFoundException'{0x000000071244a000}: sun/util/logging/resources/spi/loggingProvider> (0x000000071244a000) 
thrown [s\open\src\hotspot\share\classfile\systemDictionary.cpp, line 305]

VM Operations (6 events):
Event: 0.135 Executing VM operation: HandshakeAllThreads
Event: 0.135 Executing VM operation: HandshakeAllThreads done
Event: 0.254 Executing VM operation: HandshakeAllThreads
Event: 0.254 Executing VM operation: HandshakeAllThreads done
Event: 0.491 Executing VM operation: HandshakeAllThreads
Event: 0.491 Executing VM operation: HandshakeAllThreads done

Events (16 events):
Event: 0.025 Thread 0x0000028c59733370 Thread added: 0x0000028c59733370
Event: 0.048 Thread 0x0000028c78a6b870 Thread added: 0x0000028c78a6b870
Event: 0.048 Thread 0x0000028c78a6c670 Thread added: 0x0000028c78a6c670
Event: 0.049 Thread 0x0000028c78a715c0 Thread added: 0x0000028c78a715c0
Event: 0.049 Thread 0x0000028c78a74010 Thread added: 0x0000028c78a74010
Event: 0.049 Thread 0x0000028c78a74950 Thread added: 0x0000028c78a74950
Event: 0.049 Thread 0x0000028c78a78790 Thread added: 0x0000028c78a78790
Event: 0.049 Thread 0x0000028c78a7b410 Thread added: 0x0000028c78a7b410
Event: 0.049 Thread 0x0000028c78a7dda0 Thread added: 0x0000028c78a7dda0
Event: 0.123 Thread 0x0000028c78a38b10 Thread added: 0x0000028c78a38b10
Event: 0.251 Thread 0x0000028c7d3a1010 Thread added: 0x0000028c7d3a1010
Event: 0.251 Thread 0x0000028c7d3a1560 Thread added: 0x0000028c7d3a1560
Event: 0.272 Thread 0x0000028c7d3a2f40 Thread added: 0x0000028c7d3a2f40
Event: 0.342 Thread 0x0000028c7d4b92c0 Thread added: 0x0000028c7d4b92c0
Event: 0.530 Thread 0x0000028c7d4b9de0 Thread added: 0x0000028c7d4b9de0
Event: 0.848 Thread 0x0000028c7d961ae0 Thread added: 0x0000028c7d961ae0


Dynamic libraries:
0x00007ff7b3b30000 - 0x00007ff7b3b3e000 	D:\JDK\OpenJDL20\bin\java.exe
0x00007ffea9af0000 - 0x00007ffea9ce8000 	C:\WINDOWS\SYSTEM32\ntdll.dll
0x00007ffe60c60000 - 0x00007ffe60c79000 	C:\Program Files\Avast Software\Avast\aswhook.dll
0x00007ffea8fb0000 - 0x00007ffea906d000 	C:\WINDOWS\System32\KERNEL32.DLL
0x00007ffea74c0000 - 0x00007ffea77b6000 	C:\WINDOWS\System32\KERNELBASE.dll
0x00007ffea71d0000 - 0x00007ffea72d0000 	C:\WINDOWS\System32\ucrtbase.dll
0x00007ffea1620000 - 0x00007ffea1637000 	D:\JDK\OpenJDL20\bin\jli.dll
0x00007ffea1890000 - 0x00007ffea18ab000 	D:\JDK\OpenJDL20\bin\VCRUNTIME140.dll
0x00007ffea8e10000 - 0x00007ffea8fae000 	C:\WINDOWS\System32\USER32.dll
0x00007ffea72d0000 - 0x00007ffea72f2000 	C:\WINDOWS\System32\win32u.dll
0x00007ffe98c40000 - 0x00007ffe98eda000 	C:\WINDOWS\WinSxS\amd64_microsoft.windows.common-controls_6595b64144ccf1df_6.0.19041.1110_none_60b5254171f9507e\COMCTL32.dll
0x00007ffea7b50000 - 0x00007ffea7b7c000 	C:\WINDOWS\System32\GDI32.dll
0x00007ffea8560000 - 0x00007ffea85fe000 	C:\WINDOWS\System32\msvcrt.dll
0x00007ffea7a00000 - 0x00007ffea7b1a000 	C:\WINDOWS\System32\gdi32full.dll
0x00007ffea7300000 - 0x00007ffea739d000 	C:\WINDOWS\System32\msvcp_win.dll
0x00007ffea82e0000 - 0x00007ffea8310000 	C:\WINDOWS\System32\IMM32.DLL
0x00007ffea1a40000 - 0x00007ffea1a4c000 	D:\JDK\OpenJDL20\bin\vcruntime140_1.dll
0x00007ffea1590000 - 0x00007ffea161e000 	D:\JDK\OpenJDL20\bin\msvcp140.dll
0x00007ffe10ab0000 - 0x00007ffe11747000 	D:\JDK\OpenJDL20\bin\server\jvm.dll
0x00007ffea9870000 - 0x00007ffea991e000 	C:\WINDOWS\System32\ADVAPI32.dll
0x00007ffea8d70000 - 0x00007ffea8e0c000 	C:\WINDOWS\System32\sechost.dll
0x00007ffea81b0000 - 0x00007ffea82d6000 	C:\WINDOWS\System32\RPCRT4.dll
0x00007ffe9c560000 - 0x00007ffe9c587000 	C:\WINDOWS\SYSTEM32\WINMM.dll
0x00007ffe9e8e0000 - 0x00007ffe9e8ea000 	C:\WINDOWS\SYSTEM32\VERSION.dll
0x00007ffe95f20000 - 0x00007ffe95f29000 	C:\WINDOWS\SYSTEM32\WSOCK32.dll
0x00007ffea9130000 - 0x00007ffea919b000 	C:\WINDOWS\System32\WS2_32.dll
0x00007ffea5a20000 - 0x00007ffea5a32000 	C:\WINDOWS\SYSTEM32\kernel.appcore.dll
0x00007ffea1980000 - 0x00007ffea198a000 	D:\JDK\OpenJDL20\bin\jimage.dll
0x00007ffe996c0000 - 0x00007ffe998a4000 	C:\WINDOWS\SYSTEM32\DBGHELP.DLL
0x00007ffe99680000 - 0x00007ffe996b4000 	C:\WINDOWS\SYSTEM32\dbgcore.DLL
0x00007ffea7920000 - 0x00007ffea79a2000 	C:\WINDOWS\System32\bcryptPrimitives.dll
0x00007ffe9ffd0000 - 0x00007ffe9ffde000 	D:\JDK\OpenJDL20\bin\instrument.dll
0x00007ffea1560000 - 0x00007ffea1586000 	D:\JDK\OpenJDL20\bin\java.dll
0x00007ffe907b0000 - 0x00007ffe90887000 	D:\JDK\OpenJDL20\bin\jsvml.dll
0x00007ffea8600000 - 0x00007ffea8d45000 	C:\WINDOWS\System32\SHELL32.dll
0x00007ffea50d0000 - 0x00007ffea586b000 	C:\WINDOWS\SYSTEM32\windows.storage.dll
0x00007ffea7b80000 - 0x00007ffea7ed4000 	C:\WINDOWS\System32\combase.dll
0x00007ffea6b40000 - 0x00007ffea6b6e000 	C:\WINDOWS\SYSTEM32\Wldp.dll
0x00007ffea9760000 - 0x00007ffea980d000 	C:\WINDOWS\System32\SHCORE.dll
0x00007ffea9810000 - 0x00007ffea9865000 	C:\WINDOWS\System32\shlwapi.dll
0x00007ffea7100000 - 0x00007ffea7125000 	C:\WINDOWS\SYSTEM32\profapi.dll
0x00007ffe9fee0000 - 0x00007ffe9fef8000 	D:\JDK\OpenJDL20\bin\zip.dll
0x00007ffea1540000 - 0x00007ffea1553000 	D:\JDK\OpenJDL20\bin\net.dll
0x00007ffe9fa70000 - 0x00007ffe9fb7a000 	C:\WINDOWS\SYSTEM32\WINHTTP.dll
0x00007ffea68a0000 - 0x00007ffea690a000 	C:\WINDOWS\system32\mswsock.dll
0x00007ffe9ff00000 - 0x00007ffe9ff16000 	D:\JDK\OpenJDL20\bin\nio.dll
0x00007ffe9e610000 - 0x00007ffe9e62a000 	D:\JDK\JetBrains IntelliJ IDEA Ultimate 2022.2\IntelliJ IDEA 2022.2\bin\breakgen64.dll
0x00007ffe9f230000 - 0x00007ffe9f237000 	D:\JDK\OpenJDL20\bin\extnet.dll
0x0000028c78db0000 - 0x0000028c78db3000 	C:\Users\Notebook\.openjfx\cache\19-ea+7\amd64\api-ms-win-core-console-l1-1-0.dll
0x0000028c78dc0000 - 0x0000028c78dc3000 	C:\Users\Notebook\.openjfx\cache\19-ea+7\amd64\api-ms-win-core-console-l1-2-0.dll
0x0000028c78dd0000 - 0x0000028c78dd3000 	C:\Users\Notebook\.openjfx\cache\19-ea+7\amd64\api-ms-win-core-datetime-l1-1-0.dll
0x0000028c78de0000 - 0x0000028c78de3000 	C:\Users\Notebook\.openjfx\cache\19-ea+7\amd64\api-ms-win-core-debug-l1-1-0.dll
0x0000028c78df0000 - 0x0000028c78df3000 	C:\Users\Notebook\.openjfx\cache\19-ea+7\amd64\api-ms-win-core-errorhandling-l1-1-0.dll
0x0000028c78e00000 - 0x0000028c78e04000 	C:\Users\Notebook\.openjfx\cache\19-ea+7\amd64\api-ms-win-core-file-l1-1-0.dll
0x0000028c78e10000 - 0x0000028c78e13000 	C:\Users\Notebook\.openjfx\cache\19-ea+7\amd64\api-ms-win-core-file-l1-2-0.dll
0x0000028c78e20000 - 0x0000028c78e23000 	C:\Users\Notebook\.openjfx\cache\19-ea+7\amd64\api-ms-win-core-file-l2-1-0.dll
0x0000028c78e30000 - 0x0000028c78e33000 	C:\Users\Notebook\.openjfx\cache\19-ea+7\amd64\api-ms-win-core-handle-l1-1-0.dll
0x0000028c78e40000 - 0x0000028c78e43000 	C:\Users\Notebook\.openjfx\cache\19-ea+7\amd64\api-ms-win-core-heap-l1-1-0.dll
0x0000028c78e50000 - 0x0000028c78e53000 	C:\Users\Notebook\.openjfx\cache\19-ea+7\amd64\api-ms-win-core-interlocked-l1-1-0.dll
0x0000028c78e60000 - 0x0000028c78e63000 	C:\Users\Notebook\.openjfx\cache\19-ea+7\amd64\api-ms-win-core-libraryloader-l1-1-0.dll
0x0000028c78e70000 - 0x0000028c78e73000 	C:\Users\Notebook\.openjfx\cache\19-ea+7\amd64\api-ms-win-core-localization-l1-2-0.dll
0x0000028c78e80000 - 0x0000028c78e83000 	C:\Users\Notebook\.openjfx\cache\19-ea+7\amd64\api-ms-win-core-memory-l1-1-0.dll
0x0000028c78e90000 - 0x0000028c78e93000 	C:\Users\Notebook\.openjfx\cache\19-ea+7\amd64\api-ms-win-core-namedpipe-l1-1-0.dll
0x0000028c78ea0000 - 0x0000028c78ea3000 	C:\Users\Notebook\.openjfx\cache\19-ea+7\amd64\api-ms-win-core-processenvironment-l1-1-0.dll
0x0000028c78eb0000 - 0x0000028c78eb3000 	C:\Users\Notebook\.openjfx\cache\19-ea+7\amd64\api-ms-win-core-processthreads-l1-1-0.dll
0x0000028c78ec0000 - 0x0000028c78ec3000 	C:\Users\Notebook\.openjfx\cache\19-ea+7\amd64\api-ms-win-core-processthreads-l1-1-1.dll
0x0000028c78ed0000 - 0x0000028c78ed3000 	C:\Users\Notebook\.openjfx\cache\19-ea+7\amd64\api-ms-win-core-profile-l1-1-0.dll
0x0000028c78ee0000 - 0x0000028c78ee3000 	C:\Users\Notebook\.openjfx\cache\19-ea+7\amd64\api-ms-win-core-rtlsupport-l1-1-0.dll
0x0000028c78ef0000 - 0x0000028c78ef3000 	C:\Users\Notebook\.openjfx\cache\19-ea+7\amd64\api-ms-win-core-string-l1-1-0.dll
0x0000028c78f00000 - 0x0000028c78f03000 	C:\Users\Notebook\.openjfx\cache\19-ea+7\amd64\api-ms-win-core-synch-l1-1-0.dll
0x0000028c78f10000 - 0x0000028c78f13000 	C:\Users\Notebook\.openjfx\cache\19-ea+7\amd64\api-ms-win-core-synch-l1-2-0.dll
0x0000028c78f20000 - 0x0000028c78f23000 	C:\Users\Notebook\.openjfx\cache\19-ea+7\amd64\api-ms-win-core-sysinfo-l1-1-0.dll
0x0000028c78f30000 - 0x0000028c78f33000 	C:\Users\Notebook\.openjfx\cache\19-ea+7\amd64\api-ms-win-core-timezone-l1-1-0.dll
0x0000028c78f40000 - 0x0000028c78f43000 	C:\Users\Notebook\.openjfx\cache\19-ea+7\amd64\api-ms-win-core-util-l1-1-0.dll
0x0000028c78f50000 - 0x0000028c78f53000 	C:\Users\Notebook\.openjfx\cache\19-ea+7\amd64\api-ms-win-crt-conio-l1-1-0.dll
0x0000028c78f60000 - 0x0000028c78f64000 	C:\Users\Notebook\.openjfx\cache\19-ea+7\amd64\api-ms-win-crt-convert-l1-1-0.dll
0x0000028c78f70000 - 0x0000028c78f73000 	C:\Users\Notebook\.openjfx\cache\19-ea+7\amd64\api-ms-win-crt-environment-l1-1-0.dll
0x0000028c78f80000 - 0x0000028c78f83000 	C:\Users\Notebook\.openjfx\cache\19-ea+7\amd64\api-ms-win-crt-filesystem-l1-1-0.dll
0x0000028c78f90000 - 0x0000028c78f93000 	C:\Users\Notebook\.openjfx\cache\19-ea+7\amd64\api-ms-win-crt-heap-l1-1-0.dll
0x0000028c78fa0000 - 0x0000028c78fa3000 	C:\Users\Notebook\.openjfx\cache\19-ea+7\amd64\api-ms-win-crt-locale-l1-1-0.dll
0x0000028c78fb0000 - 0x0000028c78fb5000 	C:\Users\Notebook\.openjfx\cache\19-ea+7\amd64\api-ms-win-crt-math-l1-1-0.dll
0x0000028c78fc0000 - 0x0000028c78fc5000 	C:\Users\Notebook\.openjfx\cache\19-ea+7\amd64\api-ms-win-crt-multibyte-l1-1-0.dll
0x0000028c78fd0000 - 0x0000028c78fe0000 	C:\Users\Notebook\.openjfx\cache\19-ea+7\amd64\api-ms-win-crt-private-l1-1-0.dll
0x0000028c78fe0000 - 0x0000028c78fe3000 	C:\Users\Notebook\.openjfx\cache\19-ea+7\amd64\api-ms-win-crt-process-l1-1-0.dll
0x0000028c78ff0000 - 0x0000028c78ff4000 	C:\Users\Notebook\.openjfx\cache\19-ea+7\amd64\api-ms-win-crt-runtime-l1-1-0.dll
0x0000028c7dc00000 - 0x0000028c7dc04000 	C:\Users\Notebook\.openjfx\cache\19-ea+7\amd64\api-ms-win-crt-stdio-l1-1-0.dll
0x0000028c7dc10000 - 0x0000028c7dc14000 	C:\Users\Notebook\.openjfx\cache\19-ea+7\amd64\api-ms-win-crt-string-l1-1-0.dll
0x0000028c7dc20000 - 0x0000028c7dc23000 	C:\Users\Notebook\.openjfx\cache\19-ea+7\amd64\api-ms-win-crt-time-l1-1-0.dll
0x0000028c7dc30000 - 0x0000028c7dc33000 	C:\Users\Notebook\.openjfx\cache\19-ea+7\amd64\api-ms-win-crt-utility-l1-1-0.dll
0x00007ffe8d910000 - 0x00007ffe8da0c000 	C:\Users\Notebook\.openjfx\cache\19-ea+7\amd64\ucrtbase.dll
0x00007ffe984e0000 - 0x00007ffe984fb000 	C:\Users\Notebook\.openjfx\cache\19-ea+7\amd64\vcruntime140.dll
0x00007ffe98670000 - 0x00007ffe9867c000 	C:\Users\Notebook\.openjfx\cache\19-ea+7\amd64\vcruntime140_1.dll
0x00007ffe8de70000 - 0x00007ffe8defe000 	C:\Users\Notebook\.openjfx\cache\19-ea+7\amd64\msvcp140.dll
0x00007ffe984b0000 - 0x00007ffe984dc000 	C:\Users\Notebook\.openjfx\cache\19-ea+7\amd64\prism_d3d.dll

dbghelp: loaded successfully - version: 4.0.5 - missing functions: none
symbol engine: initialized successfully - sym options: 0x614 - pdb path: .;D:\JDK\OpenJDL20\bin;C:\WINDOWS\SYSTEM32;C:\Program Files\Avast Software\Avast;C:\WINDOWS\WinSxS\amd64_microsoft.windows.common-controls_6595b64144ccf1df_6.0.19041.1110_none_60b5254171f9507e;D:\JDK\OpenJDL20\bin\server;D:\JDK\JetBrains IntelliJ IDEA Ultimate 2022.2\IntelliJ IDEA 2022.2\bin;C:\Users\Notebook\.openjfx\cache\19-ea+7\amd64

VM Arguments:
jvm_args: -javaagent:D:\JDK\JetBrains IntelliJ IDEA Ultimate 2022.2\IntelliJ IDEA 2022.2\lib\idea_rt.jar=52762:D:\JDK\JetBrains IntelliJ IDEA Ultimate 2022.2\IntelliJ IDEA 2022.2\bin -Dfile.encoding=UTF-8 
java_command: Main_1
java_class_path (initial): D:\FCP\SEM7\CURS\Project\Client\Client\target\classes;D:\FCP\SEM7\CURS\Jars\JFoenix-master\jfoenix-9.0.10.jar;D:\FCP\SEM7\CURS\Jars\fontawesomefx-8.2.jar;C:\Users\Notebook\.m2\repository\org\openjfx\javafx-controls\19-ea+7\javafx-controls-19-ea+7.jar;C:\Users\Notebook\.m2\repository\org\openjfx\javafx-controls\19-ea+7\javafx-controls-19-ea+7-win.jar;C:\Users\Notebook\.m2\repository\org\openjfx\javafx-fxml\19-ea+7\javafx-fxml-19-ea+7.jar;C:\Users\Notebook\.m2\repository\org\openjfx\javafx-fxml\19-ea+7\javafx-fxml-19-ea+7-win.jar;C:\Users\Notebook\.m2\repository\com\dlsc\formsfx\formsfx-core\11.5.0\formsfx-core-11.5.0.jar;C:\Users\Notebook\.m2\repository\org\apache\commons\commons-text\1.9\commons-text-1.9.jar;C:\Users\Notebook\.m2\repository\org\apache\commons\commons-lang3\3.11\commons-lang3-3.11.jar;C:\Users\Notebook\.m2\repository\org\springframework\spring-web\6.0.7\spring-web-6.0.7.jar;C:\Users\Notebook\.m2\repository\org\springframework\spring-beans\6.0.7\spring-beans-6.0.7.jar;C:\Users\Notebook\.m2\repository\org\springframework\spring-core\6.0.7\spring-core-6.0.7.jar;C:\Users\Notebook\.m2\repository\org\springframework\spring-jcl\6.0.7\spring-jcl-6.0.7.jar;C:\Users\Notebook\.m2\repository\io\micrometer\micrometer-observation\1.10.4\micrometer-observation-1.10.4.jar;C:\Users\Notebook\.m2\repository\io\micrometer\micrometer-commons\1.10.4\micrometer-commons-1.10.4.jar;C:\Users\Notebook\.m2\repository\org\openjfx\javafx-graphics\19-ea+7\javafx-graphics-19-ea+7.jar;C:\Users\Notebook\.m2\repository\org\openjfx\javafx-graphics\19-ea+7\javafx-graphics-19-ea+7-win.jar;C:\Users\Notebook\.m2\repository\org\openjfx\javafx-base\19-ea+7\javafx-base-19-ea+7.jar;C:\Users\Notebook\.m2\repository\org\openjfx\javafx-base\19-ea+7\javafx-base-19-ea+7-win.jar;D:\FCP\SEM7\CURS\Project\DataLib\target\classes;C:\Users\Notebook\.m2\repository\mysql\mysql-connector-java\8.0.25\mysql-connector-java-8.0.25.jar;C:\Users\Notebook\.m2\repository\com\google\protobuf\protobuf-java\3.11.4\protobuf-java-3.11.4.jar;C:\Users\Notebook\.m2\repository\org\hibernate\orm\hibernate-core\6.0.0.Final\hibernate-core-6.0.0.Final.jar;C:\Users\Notebook\.m2\repository\jakarta\persistence\jakarta.persistence-api\3.0.0\jakarta.persistence-api-3.0.0.jar;C:\Users\Notebook\.m2\repository\jakarta\transaction\jakarta.transaction-api\2.0.0\jakarta.transaction-api-2.0.0.jar;C:\Users\Notebook\.m2\repository\org\jboss\logging\jboss-logging\3.4.3.Final\jboss-logging-3.4.3.Final.jar;C:\Users\Notebook\.m2\repository\org\jboss\jandex\2.4.2.Final\jandex-2.4.2.Final.jar;C:\Users\Notebook\.m2\repository\com\fasterxml\classmate\1.5.1\classmate-1.5.1.jar;C:\Users\Notebook\.m2\repository\org\hibernate\common\hibernate-commons-annotations\6.0.0.CR1\hibernate-commons-annotations-6.0.0.CR1.jar;C:\Users\Notebook\.m2\repository\net\bytebuddy\byte-buddy\1.12.8\byte-buddy-1.12.8.jar;C:\Users\Notebook\.m2\repository\jakarta\activation\jakarta.activation-api\2.0.1\jakarta.activation-api-2.0.1.jar;C:\Users\Notebook\.m2\repository\jakarta\xml\bind\jakarta.xml.bind-api\3.0.1\jakarta.xml.bind-api-3.0.1.jar;C:\Users\Notebook\.m2\repository\jakarta\inject\jakarta.inject-api\2.0.0\jakarta.inject-api-2.0.0.jar;C:\Users\Notebook\.m2\repository\org\antlr\antlr4-runtime\4.9.1\antlr4-runtime-4.9.1.jar;C:\Users\Notebook\.m2\repository\org\glassfish\jaxb\jaxb-runtime\3.0.2\jaxb-runtime-3.0.2.jar;C:\Users\Notebook\.m2\repository\com\sun\activation\jakarta.activation\2.0.1\jakarta.activation-2.0.1.jar;C:\Users\Notebook\.m2\repository\org\glassfish\jaxb\jaxb-core\3.0.2\jaxb-core-3.0.2.jar;C:\Users\Notebook\.m2\repository\org\glassfish\jaxb\txw2\3.0.2\txw2-3.0.2.jar;C:\Users\Notebook\.m2\repository\com\sun\istack\istack-commons-runtime\4.0.1\istack-commons-runtime-4.0.1.jar
Launcher Type: SUN_STANDARD

[Global flags]
     intx CICompilerCount                          = 4                                         {product} {ergonomic}
     uint ConcGCThreads                            = 2                                         {product} {ergonomic}
     uint G1ConcRefinementThreads                  = 8                                         {product} {ergonomic}
   size_t G1HeapRegionSize                         = 2097152                                   {product} {ergonomic}
    uintx GCDrainStackTargetSize                   = 64                                        {product} {ergonomic}
   size_t InitialHeapSize                          = 266338304                                 {product} {ergonomic}
   size_t MarkStackSize                            = 4194304                                   {product} {ergonomic}
   size_t MaxHeapSize                              = 4244635648                                {product} {ergonomic}
   size_t MaxNewSize                               = 2545942528                                {product} {ergonomic}
   size_t MinHeapDeltaBytes                        = 2097152                                   {product} {ergonomic}
   size_t MinHeapSize                              = 8388608                                   {product} {ergonomic}
    uintx NonNMethodCodeHeapSize                   = 5839372                                {pd product} {ergonomic}
    uintx NonProfiledCodeHeapSize                  = 122909434                              {pd product} {ergonomic}
    uintx ProfiledCodeHeapSize                     = 122909434                              {pd product} {ergonomic}
    uintx ReservedCodeCacheSize                    = 251658240                              {pd product} {ergonomic}
     bool SegmentedCodeCache                       = true                                      {product} {ergonomic}
   size_t SoftMaxHeapSize                          = 4244635648                             {manageable} {ergonomic}
     bool UseCompressedClassPointers               = true                           {product lp64_product} {ergonomic}
     bool UseCompressedOops                        = true                           {product lp64_product} {ergonomic}
     bool UseG1GC                                  = true                                      {product} {ergonomic}
     bool UseLargePagesIndividualAllocation        = false                                  {pd product} {ergonomic}

Logging:
Log output configuration:
 #0: stdout all=warning uptime,level,tags foldmultilines=false
 #1: stderr all=off uptime,level,tags foldmultilines=false

Environment Variables:
JAVA_HOME=C:\Program Files\Java\jdk-20
CLASSPATH=C:\Program Files\Java\jdk-20\lib;C:\Program Files\Java\jdk-20\jre\lib;
PATH=C:\Program Files\Microsoft MPI\Bin\;D:\AVR ToolChain\WinAVR\bin;D:\AVR ToolChain\WinAVR\utils\bin;D:\Proteus&Eclipse\MMVP\4.6 2012q4\bin;C:\WINDOWS\system32\config\systemprofile\.dnx\bin;C:\Program Files\Microsoft DNX\Dnvm\;C:\Program Files\Microsoft SQL Server\130\Tools\Binn\;C:\Program Files\Microsoft OLE DB Provider for DB2\System\;D:\JDK\maven\apache-maven-3.8.6\bin;D:\JDK\Git\cmd;D:\JDK\RationalRose\common;C:\Program Files\Java\jdk-20\bin;C:\Program Files (x86)\Microsoft SQL Server\150\Tools\Binn\;C:\Program Files\Microsoft SQL Server\150\Tools\Binn\;C:\Program Files (x86)\Microsoft SQL Server\150\DTS\Binn\;C:\Program Files\Microsoft SQL Server\150\DTS\Binn\;C:\Program Files\Azure Data Studio\bin;C:\Program Files\Microsoft SQL Server\90\Tools\binn\;d:\Microsoft SQL Server\BOL (x86)\90\Tools\binn\;d:\Microsoft SQL Server\BOL (x86)\90\DTS\Binn\;d:\Microsoft SQL Server\BOL (x86)\90\Tools\Binn\VSShell\Common7\IDE\;C:\Program Files (x86)\Microsoft Visual Studio 8\Common7\IDE\PrivateAssemblies\;C:\Program Files\Microsoft SQL Server\Client SDK\ODBC\170\Tools\Binn\;C:\Program Files\MySQL\MySQL Shell 8.0\bin\;C:\Users\Notebook\AppData\Local\Microsoft\WindowsApps;C:\Program Files\Azure Data Studio\bin;C:\Program Files\Java\jdk-20;D:\JDK\Apache Tomcat\apache-tomcat-8.1\lib;C:\Program Files\Java\jdk-20\bin;;C:\Program Files\Azure Data Studio\bin
USERNAME=Notebook
OS=Windows_NT
PROCESSOR_IDENTIFIER=AMD64 Family 23 Model 24 Stepping 1, AuthenticAMD
TMP=C:\Users\Notebook\AppData\Local\Temp
TEMP=C:\Users\Notebook\AppData\Local\Temp




---------------  S Y S T E M  ---------------

OS:
 Windows 10 , 64 bit Build 19041 (10.0.19041.3393)
OS uptime: 1 days 1:18 hours

CPU: total 8 (initial active 8) (8 cores per cpu, 2 threads per core) family 23 model 24 stepping 1 microcode 0x0, cx8, cmov, fxsr, ht, mmx, 3dnowpref, sse, sse2, sse3, ssse3, sse4a, sse4.1, sse4.2, popcnt, lzcnt, tsc, tscinvbit, avx, avx2, aes, clmul, bmi1, bmi2, adx, sha, fma, vzeroupper, clflush, clflushopt, rdtscp, f16c

Memory: 4k page, system-wide physical 16189M (5553M free)
TotalPageFile size 18237M (AvailPageFile size 1M)
current process WorkingSet (physical memory assigned to process): 61M, peak: 61M
current process commit charge ("private bytes"): 350M, peak: 350M

vm_info: OpenJDK 64-Bit Server VM (20.0.1+9-29) for windows-amd64 JRE (20.0.1+9-29), built on 2023-03-07T13:56:11Z by "mach5one" with MS VC++ 17.1 (VS2022)

END.
