#
# There is insufficient memory for the Java Runtime Environment to continue.
# Native memory allocation (malloc) failed to allocate 1395872 bytes for Chunk::new
# Possible reasons:
#   The system is out of physical RAM or swap space
#   The process is running with CompressedOops enabled, and the Java Heap may be blocking the growth of the native heap
# Possible solutions:
#   Reduce memory load on the system
#   Increase physical memory or swap space
#   Check if swap backing store is full
#   Decrease Java heap size (-Xmx/-Xms)
#   Decrease number of Java threads
#   Decrease Java thread stack sizes (-Xss)
#   Set larger code cache with -XX:ReservedCodeCacheSize=
#   JVM is running with Zero Based Compressed Oops mode in which the Java heap is
#     placed in the first 32GB address space. The Java Heap base address is the
#     maximum limit for the native heap growth. Please use -XX:HeapBaseMinAddress
#     to set the Java Heap base and to place the Java Heap above 32GB virtual address.
# This output file may be truncated or incomplete.
#
#  Out of Memory Error (arena.cpp:184), pid=17416, tid=9752
#
# JRE version: OpenJDK Runtime Environment (20.0.1+9) (build 20.0.1+9-29)
# Java VM: OpenJDK 64-Bit Server VM (20.0.1+9-29, mixed mode, sharing, tiered, compressed oops, compressed class ptrs, g1 gc, windows-amd64)
# No core dump will be written. Minidumps are not enabled by default on client versions of Windows
#

---------------  S U M M A R Y ------------

Command Line: -javaagent:D:\JDK\JetBrains IntelliJ IDEA Ultimate 2022.2\IntelliJ IDEA 2022.2\lib\idea_rt.jar=65068:D:\JDK\JetBrains IntelliJ IDEA Ultimate 2022.2\IntelliJ IDEA 2022.2\bin -Dfile.encoding=UTF-8 Main_1

Host: AMD Ryzen 7 3750H with Radeon Vega Mobile Gfx  , 8 cores, 15G,  Windows 10 , 64 bit Build 19041 (10.0.19041.3393)
Time: Sun Oct  8 19:22:21 2023  Windows 10 , 64 bit Build 19041 (10.0.19041.3393) elapsed time: 1.429030 seconds (0d 0h 0m 1s)

---------------  T H R E A D  ---------------

Current thread (0x000001d97f36adb0):  JavaThread "C2 CompilerThread2" daemon [_thread_in_native, id=9752, stack(0x0000008ce6400000,0x0000008ce6500000)]


Current CompileTask:
C2:   1429 1313   !   4       com.sun.javafx.css.ParsedValueImpl::readBinary (688 bytes)

Stack: [0x0000008ce6400000,0x0000008ce6500000]
Native frames: (J=compiled Java code, j=interpreted, Vv=VM code, C=native code)
V  [jvm.dll+0x6bb95a]
V  [jvm.dll+0x8485fa]
V  [jvm.dll+0x84a1f5]
V  [jvm.dll+0x84a8f3]
V  [jvm.dll+0x280b0f]
V  [jvm.dll+0xc2b11]
V  [jvm.dll+0xc2e35]
V  [jvm.dll+0x3bb17c]
V  [jvm.dll+0x1e6c43]
V  [jvm.dll+0x24b3ab]
V  [jvm.dll+0x24a651]
V  [jvm.dll+0x1ce491]
V  [jvm.dll+0x259e1b]
V  [jvm.dll+0x2584f0]
V  [jvm.dll+0x3f2895]
V  [jvm.dll+0x7f4b56]
V  [jvm.dll+0x6ba5cb]
C  [ucrtbase.dll+0x21bb2]
C  [KERNEL32.DLL+0x17344]
C  [ntdll.dll+0x526b1]


---------------  P R O C E S S  ---------------

Threads class SMR info:
_java_thread_list=0x000001d913794b30, length=20, elements={
0x000001d96e923310, 0x000001d97ee41b00, 0x000001d97ee43110, 0x000001d97ee48680,
0x000001d97ee4c4e0, 0x000001d97ee4f380, 0x000001d97ee53710, 0x000001d97ee57ef0,
0x000001d97ee58c20, 0x000001d97ee0d9a0, 0x000001d97f1083c0, 0x000001d97f108910,
0x000001d97f3b8860, 0x000001d97f36a820, 0x000001d97f36adb0, 0x000001d97f8c69f0,
0x000001d97f949f70, 0x000001d97f970010, 0x000001d97f954260, 0x000001d97f950d40
}

Java Threads: ( => current thread )
  0x000001d96e923310 JavaThread "main" [_thread_blocked, id=13108, stack(0x0000008ce4f00000,0x0000008ce5000000)]
  0x000001d97ee41b00 JavaThread "Reference Handler" daemon [_thread_blocked, id=19192, stack(0x0000008ce5600000,0x0000008ce5700000)]
  0x000001d97ee43110 JavaThread "Finalizer" daemon [_thread_blocked, id=7048, stack(0x0000008ce5700000,0x0000008ce5800000)]
  0x000001d97ee48680 JavaThread "Signal Dispatcher" daemon [_thread_blocked, id=4340, stack(0x0000008ce5800000,0x0000008ce5900000)]
  0x000001d97ee4c4e0 JavaThread "Attach Listener" daemon [_thread_blocked, id=19496, stack(0x0000008ce5900000,0x0000008ce5a00000)]
  0x000001d97ee4f380 JavaThread "Service Thread" daemon [_thread_blocked, id=3016, stack(0x0000008ce5a00000,0x0000008ce5b00000)]
  0x000001d97ee53710 JavaThread "Monitor Deflation Thread" daemon [_thread_blocked, id=1320, stack(0x0000008ce5b00000,0x0000008ce5c00000)]
  0x000001d97ee57ef0 JavaThread "C2 CompilerThread0" daemon [_thread_in_native, id=18464, stack(0x0000008ce5c00000,0x0000008ce5d00000)]
  0x000001d97ee58c20 JavaThread "C1 CompilerThread0" daemon [_thread_in_native, id=3912, stack(0x0000008ce5d00000,0x0000008ce5e00000)]
  0x000001d97ee0d9a0 JavaThread "Common-Cleaner" daemon [_thread_blocked, id=12360, stack(0x0000008ce5e00000,0x0000008ce5f00000)]
  0x000001d97f1083c0 JavaThread "Monitor Ctrl-Break" daemon [_thread_in_native, id=11184, stack(0x0000008ce5f00000,0x0000008ce6000000)]
  0x000001d97f108910 JavaThread "Notification Thread" daemon [_thread_blocked, id=2912, stack(0x0000008ce6000000,0x0000008ce6100000)]
  0x000001d97f3b8860 JavaThread "JavaFX-Launcher" [_thread_blocked, id=17356, stack(0x0000008ce6200000,0x0000008ce6300000)]
  0x000001d97f36a820 JavaThread "C2 CompilerThread1" daemon [_thread_blocked, id=15620, stack(0x0000008ce6300000,0x0000008ce6400000)]
=>0x000001d97f36adb0 JavaThread "C2 CompilerThread2" daemon [_thread_in_native, id=9752, stack(0x0000008ce6400000,0x0000008ce6500000)]
  0x000001d97f8c69f0 JavaThread "QuantumRenderer-0" daemon [_thread_blocked, id=18728, stack(0x0000008ce6500000,0x0000008ce6600000)]
  0x000001d97f949f70 JavaThread "InvokeLaterDispatcher" daemon [_thread_blocked, id=18780, stack(0x0000008ce6800000,0x0000008ce6900000)]
  0x000001d97f970010 JavaThread "JavaFX Application Thread" [_thread_in_vm, id=13268, stack(0x0000008ce6900000,0x0000008ce6a00000)]
  0x000001d97f954260 JavaThread "Thread-2" daemon [_thread_in_native, id=12840, stack(0x0000008ce7000000,0x0000008ce7100000)]
  0x000001d97f950d40 JavaThread "Prism Font Disposer" daemon [_thread_blocked, id=9964, stack(0x0000008ce7800000,0x0000008ce7900000)]

Other Threads:
  0x000001d97ee25e10 VMThread "VM Thread" [stack: 0x0000008ce5500000,0x0000008ce5600000] [id=2924]
  0x000001d97f10a390 WatcherThread "VM Periodic Task Thread" [stack: 0x0000008ce6100000,0x0000008ce6200000] [id=11812]
  0x000001d96e992ea0 WorkerThread "GC Thread#0" [stack: 0x0000008ce5000000,0x0000008ce5100000] [id=18428]
  0x000001d9135e1060 WorkerThread "GC Thread#1" [stack: 0x0000008ce7100000,0x0000008ce7200000] [id=13732]
  0x000001d9135e1600 WorkerThread "GC Thread#2" [stack: 0x0000008ce7200000,0x0000008ce7300000] [id=2472]
  0x000001d9135e2140 WorkerThread "GC Thread#3" [stack: 0x0000008ce7300000,0x0000008ce7400000] [id=2952]
  0x000001d9135e1330 WorkerThread "GC Thread#4" [stack: 0x0000008ce7400000,0x0000008ce7500000] [id=18636]
  0x000001d9135e18d0 WorkerThread "GC Thread#5" [stack: 0x0000008ce7500000,0x0000008ce7600000] [id=14768]
  0x000001d9135e1ba0 WorkerThread "GC Thread#6" [stack: 0x0000008ce7600000,0x0000008ce7700000] [id=11204]
  0x000001d9135e2c80 WorkerThread "GC Thread#7" [stack: 0x0000008ce7700000,0x0000008ce7800000] [id=6900]
  0x000001d96c7adee0 ConcurrentGCThread "G1 Main Marker" [stack: 0x0000008ce5100000,0x0000008ce5200000] [id=8384]
  0x000001d96c7ae910 WorkerThread "G1 Conc#0" [stack: 0x0000008ce5200000,0x0000008ce5300000] [id=412]
  0x000001d96e9de890 ConcurrentGCThread "G1 Refine#0" [stack: 0x0000008ce5300000,0x0000008ce5400000] [id=5776]
  0x000001d97ece4560 ConcurrentGCThread "G1 Service" [stack: 0x0000008ce5400000,0x0000008ce5500000] [id=5204]

Threads with active compile tasks:
C1 CompilerThread0     1467 1569       3       java.lang.invoke.MethodHandle::asTypeUncached (54 bytes)
C2 CompilerThread2     1467 1313   !   4       com.sun.javafx.css.ParsedValueImpl::readBinary (688 bytes)

VM state: not at safepoint (normal execution)

VM Mutex/Monitor currently owned by a thread: None

Heap address: 0x0000000703000000, size: 4048 MB, Compressed Oops mode: Zero based, Oop shift amount: 3

CDS archive(s) mapped at: [0x0000000800000000-0x0000000800c60000-0x0000000800c60000), size 12976128, SharedBaseAddress: 0x0000000800000000, ArchiveRelocationMode: 0.
Compressed class space mapped at: 0x0000000801000000-0x0000000841000000, reserved size: 1073741824
Narrow klass base: 0x0000000800000000, Narrow klass shift: 0, Narrow klass range: 0x100000000

GC Precious Log:
 CardTable entry size: 512
 Card Set container configuration: InlinePtr #cards 4 size 8 Array Of Cards #cards 16 size 48 Howl #buckets 8 coarsen threshold 3686 Howl Bitmap #cards 512 size 80 coarsen threshold 460 Card regions per heap region 1 cards per card region 4096
 CPUs: 8 total, 8 available
 Memory: 16189M
 Large Page Support: Disabled
 NUMA Support: Disabled
 Compressed Oops: Enabled (Zero based)
 Heap Region Size: 2M
 Heap Min Capacity: 8M
 Heap Initial Capacity: 254M
 Heap Max Capacity: 4048M
 Pre-touch: Disabled
 Parallel Workers: 8
 Concurrent Workers: 2
 Concurrent Refinement Workers: 8
 Periodic GC: Disabled

Heap:
 garbage-first heap   total 260096K, used 16089K [0x0000000703000000, 0x0000000800000000)
  region size 2048K, 8 young (16384K), 2 survivors (4096K)
 Metaspace       used 10345K, committed 10624K, reserved 1114112K
  class space    used 1319K, committed 1472K, reserved 1048576K

Heap Regions: E=young(eden), S=young(survivor), O=old, HS=humongous(starts), HC=humongous(continues), CS=collection set, F=free, OA=open archive, CA=closed archive, TAMS=top-at-mark-start, PB=parsable bottom
|   0|0x0000000703000000, 0x00000007031b6400, 0x0000000703200000| 85%| O|  |TAMS 0x0000000703000000| PB 0x0000000703000000| Untracked 
|   1|0x0000000703200000, 0x0000000703200000, 0x0000000703400000|  0%| F|  |TAMS 0x0000000703200000| PB 0x0000000703200000| Untracked 
|   2|0x0000000703400000, 0x0000000703400000, 0x0000000703600000|  0%| F|  |TAMS 0x0000000703400000| PB 0x0000000703400000| Untracked 
|   3|0x0000000703600000, 0x0000000703600000, 0x0000000703800000|  0%| F|  |TAMS 0x0000000703600000| PB 0x0000000703600000| Untracked 
|   4|0x0000000703800000, 0x0000000703800000, 0x0000000703a00000|  0%| F|  |TAMS 0x0000000703800000| PB 0x0000000703800000| Untracked 
|   5|0x0000000703a00000, 0x0000000703a00000, 0x0000000703c00000|  0%| F|  |TAMS 0x0000000703a00000| PB 0x0000000703a00000| Untracked 
|   6|0x0000000703c00000, 0x0000000703c00000, 0x0000000703e00000|  0%| F|  |TAMS 0x0000000703c00000| PB 0x0000000703c00000| Untracked 
|   7|0x0000000703e00000, 0x0000000703e00000, 0x0000000704000000|  0%| F|  |TAMS 0x0000000703e00000| PB 0x0000000703e00000| Untracked 
|   8|0x0000000704000000, 0x0000000704000000, 0x0000000704200000|  0%| F|  |TAMS 0x0000000704000000| PB 0x0000000704000000| Untracked 
|   9|0x0000000704200000, 0x0000000704200000, 0x0000000704400000|  0%| F|  |TAMS 0x0000000704200000| PB 0x0000000704200000| Untracked 
|  10|0x0000000704400000, 0x0000000704400000, 0x0000000704600000|  0%| F|  |TAMS 0x0000000704400000| PB 0x0000000704400000| Untracked 
|  11|0x0000000704600000, 0x0000000704600000, 0x0000000704800000|  0%| F|  |TAMS 0x0000000704600000| PB 0x0000000704600000| Untracked 
|  12|0x0000000704800000, 0x0000000704800000, 0x0000000704a00000|  0%| F|  |TAMS 0x0000000704800000| PB 0x0000000704800000| Untracked 
|  13|0x0000000704a00000, 0x0000000704a00000, 0x0000000704c00000|  0%| F|  |TAMS 0x0000000704a00000| PB 0x0000000704a00000| Untracked 
|  14|0x0000000704c00000, 0x0000000704c00000, 0x0000000704e00000|  0%| F|  |TAMS 0x0000000704c00000| PB 0x0000000704c00000| Untracked 
|  15|0x0000000704e00000, 0x0000000704e00000, 0x0000000705000000|  0%| F|  |TAMS 0x0000000704e00000| PB 0x0000000704e00000| Untracked 
|  16|0x0000000705000000, 0x0000000705000000, 0x0000000705200000|  0%| F|  |TAMS 0x0000000705000000| PB 0x0000000705000000| Untracked 
|  17|0x0000000705200000, 0x0000000705200000, 0x0000000705400000|  0%| F|  |TAMS 0x0000000705200000| PB 0x0000000705200000| Untracked 
|  18|0x0000000705400000, 0x0000000705400000, 0x0000000705600000|  0%| F|  |TAMS 0x0000000705400000| PB 0x0000000705400000| Untracked 
|  19|0x0000000705600000, 0x0000000705600000, 0x0000000705800000|  0%| F|  |TAMS 0x0000000705600000| PB 0x0000000705600000| Untracked 
|  20|0x0000000705800000, 0x0000000705800000, 0x0000000705a00000|  0%| F|  |TAMS 0x0000000705800000| PB 0x0000000705800000| Untracked 
|  21|0x0000000705a00000, 0x0000000705a00000, 0x0000000705c00000|  0%| F|  |TAMS 0x0000000705a00000| PB 0x0000000705a00000| Untracked 
|  22|0x0000000705c00000, 0x0000000705c00000, 0x0000000705e00000|  0%| F|  |TAMS 0x0000000705c00000| PB 0x0000000705c00000| Untracked 
|  23|0x0000000705e00000, 0x0000000705e00000, 0x0000000706000000|  0%| F|  |TAMS 0x0000000705e00000| PB 0x0000000705e00000| Untracked 
|  24|0x0000000706000000, 0x0000000706000000, 0x0000000706200000|  0%| F|  |TAMS 0x0000000706000000| PB 0x0000000706000000| Untracked 
|  25|0x0000000706200000, 0x0000000706200000, 0x0000000706400000|  0%| F|  |TAMS 0x0000000706200000| PB 0x0000000706200000| Untracked 
|  26|0x0000000706400000, 0x0000000706400000, 0x0000000706600000|  0%| F|  |TAMS 0x0000000706400000| PB 0x0000000706400000| Untracked 
|  27|0x0000000706600000, 0x0000000706600000, 0x0000000706800000|  0%| F|  |TAMS 0x0000000706600000| PB 0x0000000706600000| Untracked 
|  28|0x0000000706800000, 0x0000000706800000, 0x0000000706a00000|  0%| F|  |TAMS 0x0000000706800000| PB 0x0000000706800000| Untracked 
|  29|0x0000000706a00000, 0x0000000706a00000, 0x0000000706c00000|  0%| F|  |TAMS 0x0000000706a00000| PB 0x0000000706a00000| Untracked 
|  30|0x0000000706c00000, 0x0000000706c00000, 0x0000000706e00000|  0%| F|  |TAMS 0x0000000706c00000| PB 0x0000000706c00000| Untracked 
|  31|0x0000000706e00000, 0x0000000706e00000, 0x0000000707000000|  0%| F|  |TAMS 0x0000000706e00000| PB 0x0000000706e00000| Untracked 
|  32|0x0000000707000000, 0x0000000707000000, 0x0000000707200000|  0%| F|  |TAMS 0x0000000707000000| PB 0x0000000707000000| Untracked 
|  33|0x0000000707200000, 0x0000000707200000, 0x0000000707400000|  0%| F|  |TAMS 0x0000000707200000| PB 0x0000000707200000| Untracked 
|  34|0x0000000707400000, 0x0000000707400000, 0x0000000707600000|  0%| F|  |TAMS 0x0000000707400000| PB 0x0000000707400000| Untracked 
|  35|0x0000000707600000, 0x0000000707600000, 0x0000000707800000|  0%| F|  |TAMS 0x0000000707600000| PB 0x0000000707600000| Untracked 
|  36|0x0000000707800000, 0x0000000707800000, 0x0000000707a00000|  0%| F|  |TAMS 0x0000000707800000| PB 0x0000000707800000| Untracked 
|  37|0x0000000707a00000, 0x0000000707a00000, 0x0000000707c00000|  0%| F|  |TAMS 0x0000000707a00000| PB 0x0000000707a00000| Untracked 
|  38|0x0000000707c00000, 0x0000000707c00000, 0x0000000707e00000|  0%| F|  |TAMS 0x0000000707c00000| PB 0x0000000707c00000| Untracked 
|  39|0x0000000707e00000, 0x0000000707e00000, 0x0000000708000000|  0%| F|  |TAMS 0x0000000707e00000| PB 0x0000000707e00000| Untracked 
|  40|0x0000000708000000, 0x0000000708000000, 0x0000000708200000|  0%| F|  |TAMS 0x0000000708000000| PB 0x0000000708000000| Untracked 
|  41|0x0000000708200000, 0x0000000708200000, 0x0000000708400000|  0%| F|  |TAMS 0x0000000708200000| PB 0x0000000708200000| Untracked 
|  42|0x0000000708400000, 0x0000000708400000, 0x0000000708600000|  0%| F|  |TAMS 0x0000000708400000| PB 0x0000000708400000| Untracked 
|  43|0x0000000708600000, 0x0000000708600000, 0x0000000708800000|  0%| F|  |TAMS 0x0000000708600000| PB 0x0000000708600000| Untracked 
|  44|0x0000000708800000, 0x0000000708800000, 0x0000000708a00000|  0%| F|  |TAMS 0x0000000708800000| PB 0x0000000708800000| Untracked 
|  45|0x0000000708a00000, 0x0000000708a00000, 0x0000000708c00000|  0%| F|  |TAMS 0x0000000708a00000| PB 0x0000000708a00000| Untracked 
|  46|0x0000000708c00000, 0x0000000708c00000, 0x0000000708e00000|  0%| F|  |TAMS 0x0000000708c00000| PB 0x0000000708c00000| Untracked 
|  47|0x0000000708e00000, 0x0000000708e00000, 0x0000000709000000|  0%| F|  |TAMS 0x0000000708e00000| PB 0x0000000708e00000| Untracked 
|  48|0x0000000709000000, 0x0000000709000000, 0x0000000709200000|  0%| F|  |TAMS 0x0000000709000000| PB 0x0000000709000000| Untracked 
|  49|0x0000000709200000, 0x0000000709200000, 0x0000000709400000|  0%| F|  |TAMS 0x0000000709200000| PB 0x0000000709200000| Untracked 
|  50|0x0000000709400000, 0x0000000709400000, 0x0000000709600000|  0%| F|  |TAMS 0x0000000709400000| PB 0x0000000709400000| Untracked 
|  51|0x0000000709600000, 0x0000000709600000, 0x0000000709800000|  0%| F|  |TAMS 0x0000000709600000| PB 0x0000000709600000| Untracked 
|  52|0x0000000709800000, 0x0000000709800000, 0x0000000709a00000|  0%| F|  |TAMS 0x0000000709800000| PB 0x0000000709800000| Untracked 
|  53|0x0000000709a00000, 0x0000000709a00000, 0x0000000709c00000|  0%| F|  |TAMS 0x0000000709a00000| PB 0x0000000709a00000| Untracked 
|  54|0x0000000709c00000, 0x0000000709c00000, 0x0000000709e00000|  0%| F|  |TAMS 0x0000000709c00000| PB 0x0000000709c00000| Untracked 
|  55|0x0000000709e00000, 0x0000000709e00000, 0x000000070a000000|  0%| F|  |TAMS 0x0000000709e00000| PB 0x0000000709e00000| Untracked 
|  56|0x000000070a000000, 0x000000070a000000, 0x000000070a200000|  0%| F|  |TAMS 0x000000070a000000| PB 0x000000070a000000| Untracked 
|  57|0x000000070a200000, 0x000000070a200000, 0x000000070a400000|  0%| F|  |TAMS 0x000000070a200000| PB 0x000000070a200000| Untracked 
|  58|0x000000070a400000, 0x000000070a400000, 0x000000070a600000|  0%| F|  |TAMS 0x000000070a400000| PB 0x000000070a400000| Untracked 
|  59|0x000000070a600000, 0x000000070a600000, 0x000000070a800000|  0%| F|  |TAMS 0x000000070a600000| PB 0x000000070a600000| Untracked 
|  60|0x000000070a800000, 0x000000070a800000, 0x000000070aa00000|  0%| F|  |TAMS 0x000000070a800000| PB 0x000000070a800000| Untracked 
|  61|0x000000070aa00000, 0x000000070aa00000, 0x000000070ac00000|  0%| F|  |TAMS 0x000000070aa00000| PB 0x000000070aa00000| Untracked 
|  62|0x000000070ac00000, 0x000000070ac00000, 0x000000070ae00000|  0%| F|  |TAMS 0x000000070ac00000| PB 0x000000070ac00000| Untracked 
|  63|0x000000070ae00000, 0x000000070ae00000, 0x000000070b000000|  0%| F|  |TAMS 0x000000070ae00000| PB 0x000000070ae00000| Untracked 
|  64|0x000000070b000000, 0x000000070b000000, 0x000000070b200000|  0%| F|  |TAMS 0x000000070b000000| PB 0x000000070b000000| Untracked 
|  65|0x000000070b200000, 0x000000070b200000, 0x000000070b400000|  0%| F|  |TAMS 0x000000070b200000| PB 0x000000070b200000| Untracked 
|  66|0x000000070b400000, 0x000000070b400000, 0x000000070b600000|  0%| F|  |TAMS 0x000000070b400000| PB 0x000000070b400000| Untracked 
|  67|0x000000070b600000, 0x000000070b600000, 0x000000070b800000|  0%| F|  |TAMS 0x000000070b600000| PB 0x000000070b600000| Untracked 
|  68|0x000000070b800000, 0x000000070b800000, 0x000000070ba00000|  0%| F|  |TAMS 0x000000070b800000| PB 0x000000070b800000| Untracked 
|  69|0x000000070ba00000, 0x000000070ba00000, 0x000000070bc00000|  0%| F|  |TAMS 0x000000070ba00000| PB 0x000000070ba00000| Untracked 
|  70|0x000000070bc00000, 0x000000070bc00000, 0x000000070be00000|  0%| F|  |TAMS 0x000000070bc00000| PB 0x000000070bc00000| Untracked 
|  71|0x000000070be00000, 0x000000070be00000, 0x000000070c000000|  0%| F|  |TAMS 0x000000070be00000| PB 0x000000070be00000| Untracked 
|  72|0x000000070c000000, 0x000000070c000000, 0x000000070c200000|  0%| F|  |TAMS 0x000000070c000000| PB 0x000000070c000000| Untracked 
|  73|0x000000070c200000, 0x000000070c200000, 0x000000070c400000|  0%| F|  |TAMS 0x000000070c200000| PB 0x000000070c200000| Untracked 
|  74|0x000000070c400000, 0x000000070c400000, 0x000000070c600000|  0%| F|  |TAMS 0x000000070c400000| PB 0x000000070c400000| Untracked 
|  75|0x000000070c600000, 0x000000070c600000, 0x000000070c800000|  0%| F|  |TAMS 0x000000070c600000| PB 0x000000070c600000| Untracked 
|  76|0x000000070c800000, 0x000000070c800000, 0x000000070ca00000|  0%| F|  |TAMS 0x000000070c800000| PB 0x000000070c800000| Untracked 
|  77|0x000000070ca00000, 0x000000070ca00000, 0x000000070cc00000|  0%| F|  |TAMS 0x000000070ca00000| PB 0x000000070ca00000| Untracked 
|  78|0x000000070cc00000, 0x000000070cc00000, 0x000000070ce00000|  0%| F|  |TAMS 0x000000070cc00000| PB 0x000000070cc00000| Untracked 
|  79|0x000000070ce00000, 0x000000070ce00000, 0x000000070d000000|  0%| F|  |TAMS 0x000000070ce00000| PB 0x000000070ce00000| Untracked 
|  80|0x000000070d000000, 0x000000070d000000, 0x000000070d200000|  0%| F|  |TAMS 0x000000070d000000| PB 0x000000070d000000| Untracked 
|  81|0x000000070d200000, 0x000000070d200000, 0x000000070d400000|  0%| F|  |TAMS 0x000000070d200000| PB 0x000000070d200000| Untracked 
|  82|0x000000070d400000, 0x000000070d400000, 0x000000070d600000|  0%| F|  |TAMS 0x000000070d400000| PB 0x000000070d400000| Untracked 
|  83|0x000000070d600000, 0x000000070d600000, 0x000000070d800000|  0%| F|  |TAMS 0x000000070d600000| PB 0x000000070d600000| Untracked 
|  84|0x000000070d800000, 0x000000070d800000, 0x000000070da00000|  0%| F|  |TAMS 0x000000070d800000| PB 0x000000070d800000| Untracked 
|  85|0x000000070da00000, 0x000000070da00000, 0x000000070dc00000|  0%| F|  |TAMS 0x000000070da00000| PB 0x000000070da00000| Untracked 
|  86|0x000000070dc00000, 0x000000070dc00000, 0x000000070de00000|  0%| F|  |TAMS 0x000000070dc00000| PB 0x000000070dc00000| Untracked 
|  87|0x000000070de00000, 0x000000070de00000, 0x000000070e000000|  0%| F|  |TAMS 0x000000070de00000| PB 0x000000070de00000| Untracked 
|  88|0x000000070e000000, 0x000000070e000000, 0x000000070e200000|  0%| F|  |TAMS 0x000000070e000000| PB 0x000000070e000000| Untracked 
|  89|0x000000070e200000, 0x000000070e200000, 0x000000070e400000|  0%| F|  |TAMS 0x000000070e200000| PB 0x000000070e200000| Untracked 
|  90|0x000000070e400000, 0x000000070e400000, 0x000000070e600000|  0%| F|  |TAMS 0x000000070e400000| PB 0x000000070e400000| Untracked 
|  91|0x000000070e600000, 0x000000070e600000, 0x000000070e800000|  0%| F|  |TAMS 0x000000070e600000| PB 0x000000070e600000| Untracked 
|  92|0x000000070e800000, 0x000000070e800000, 0x000000070ea00000|  0%| F|  |TAMS 0x000000070e800000| PB 0x000000070e800000| Untracked 
|  93|0x000000070ea00000, 0x000000070ea00000, 0x000000070ec00000|  0%| F|  |TAMS 0x000000070ea00000| PB 0x000000070ea00000| Untracked 
|  94|0x000000070ec00000, 0x000000070ec00000, 0x000000070ee00000|  0%| F|  |TAMS 0x000000070ec00000| PB 0x000000070ec00000| Untracked 
|  95|0x000000070ee00000, 0x000000070ee00000, 0x000000070f000000|  0%| F|  |TAMS 0x000000070ee00000| PB 0x000000070ee00000| Untracked 
|  96|0x000000070f000000, 0x000000070f000000, 0x000000070f200000|  0%| F|  |TAMS 0x000000070f000000| PB 0x000000070f000000| Untracked 
|  97|0x000000070f200000, 0x000000070f200000, 0x000000070f400000|  0%| F|  |TAMS 0x000000070f200000| PB 0x000000070f200000| Untracked 
|  98|0x000000070f400000, 0x000000070f400000, 0x000000070f600000|  0%| F|  |TAMS 0x000000070f400000| PB 0x000000070f400000| Untracked 
|  99|0x000000070f600000, 0x000000070f600000, 0x000000070f800000|  0%| F|  |TAMS 0x000000070f600000| PB 0x000000070f600000| Untracked 
| 100|0x000000070f800000, 0x000000070f800000, 0x000000070fa00000|  0%| F|  |TAMS 0x000000070f800000| PB 0x000000070f800000| Untracked 
| 101|0x000000070fa00000, 0x000000070fa00000, 0x000000070fc00000|  0%| F|  |TAMS 0x000000070fa00000| PB 0x000000070fa00000| Untracked 
| 102|0x000000070fc00000, 0x000000070fc00000, 0x000000070fe00000|  0%| F|  |TAMS 0x000000070fc00000| PB 0x000000070fc00000| Untracked 
| 103|0x000000070fe00000, 0x000000070fe00000, 0x0000000710000000|  0%| F|  |TAMS 0x000000070fe00000| PB 0x000000070fe00000| Untracked 
| 104|0x0000000710000000, 0x0000000710000000, 0x0000000710200000|  0%| F|  |TAMS 0x0000000710000000| PB 0x0000000710000000| Untracked 
| 105|0x0000000710200000, 0x0000000710200000, 0x0000000710400000|  0%| F|  |TAMS 0x0000000710200000| PB 0x0000000710200000| Untracked 
| 106|0x0000000710400000, 0x0000000710400000, 0x0000000710600000|  0%| F|  |TAMS 0x0000000710400000| PB 0x0000000710400000| Untracked 
| 107|0x0000000710600000, 0x0000000710600000, 0x0000000710800000|  0%| F|  |TAMS 0x0000000710600000| PB 0x0000000710600000| Untracked 
| 108|0x0000000710800000, 0x0000000710800000, 0x0000000710a00000|  0%| F|  |TAMS 0x0000000710800000| PB 0x0000000710800000| Untracked 
| 109|0x0000000710a00000, 0x0000000710a00000, 0x0000000710c00000|  0%| F|  |TAMS 0x0000000710a00000| PB 0x0000000710a00000| Untracked 
| 110|0x0000000710c00000, 0x0000000710c00000, 0x0000000710e00000|  0%| F|  |TAMS 0x0000000710c00000| PB 0x0000000710c00000| Untracked 
| 111|0x0000000710e00000, 0x0000000710e00000, 0x0000000711000000|  0%| F|  |TAMS 0x0000000710e00000| PB 0x0000000710e00000| Untracked 
| 112|0x0000000711000000, 0x0000000711000000, 0x0000000711200000|  0%| F|  |TAMS 0x0000000711000000| PB 0x0000000711000000| Untracked 
| 113|0x0000000711200000, 0x0000000711200000, 0x0000000711400000|  0%| F|  |TAMS 0x0000000711200000| PB 0x0000000711200000| Untracked 
| 114|0x0000000711400000, 0x0000000711600000, 0x0000000711600000|100%| S|CS|TAMS 0x0000000711400000| PB 0x0000000711400000| Complete 
| 115|0x0000000711600000, 0x0000000711800000, 0x0000000711800000|100%| S|CS|TAMS 0x0000000711600000| PB 0x0000000711600000| Complete 
| 116|0x0000000711800000, 0x0000000711800000, 0x0000000711a00000|  0%| F|  |TAMS 0x0000000711800000| PB 0x0000000711800000| Untracked 
| 117|0x0000000711a00000, 0x0000000711a00000, 0x0000000711c00000|  0%| F|  |TAMS 0x0000000711a00000| PB 0x0000000711a00000| Untracked 
| 118|0x0000000711c00000, 0x0000000711c00000, 0x0000000711e00000|  0%| F|  |TAMS 0x0000000711c00000| PB 0x0000000711c00000| Untracked 
| 119|0x0000000711e00000, 0x0000000711e00000, 0x0000000712000000|  0%| F|  |TAMS 0x0000000711e00000| PB 0x0000000711e00000| Untracked 
| 120|0x0000000712000000, 0x0000000712000000, 0x0000000712200000|  0%| F|  |TAMS 0x0000000712000000| PB 0x0000000712000000| Untracked 
| 121|0x0000000712200000, 0x00000007123d1820, 0x0000000712400000| 90%| E|  |TAMS 0x0000000712200000| PB 0x0000000712200000| Complete 
| 122|0x0000000712400000, 0x0000000712600000, 0x0000000712600000|100%| E|CS|TAMS 0x0000000712400000| PB 0x0000000712400000| Complete 
| 123|0x0000000712600000, 0x0000000712800000, 0x0000000712800000|100%| E|CS|TAMS 0x0000000712600000| PB 0x0000000712600000| Complete 
| 124|0x0000000712800000, 0x0000000712a00000, 0x0000000712a00000|100%| E|CS|TAMS 0x0000000712800000| PB 0x0000000712800000| Complete 
| 125|0x0000000712a00000, 0x0000000712c00000, 0x0000000712c00000|100%| E|CS|TAMS 0x0000000712a00000| PB 0x0000000712a00000| Complete 
| 126|0x0000000712c00000, 0x0000000712e00000, 0x0000000712e00000|100%| E|CS|TAMS 0x0000000712c00000| PB 0x0000000712c00000| Complete 

Card table byte_map: [0x000001d9774f0000,0x000001d977ce0000] _byte_map_base: 0x000001d973cd8000

Marking Bits: (CMBitMap*) 0x000001d96e9934d0
 Bits: [0x000001d9784d0000, 0x000001d97c410000)

Polling page: 0x000001d96c8f0000

Metaspace:

Usage:
  Non-class:      8.84 MB used.
      Class:      1.29 MB used.
       Both:     10.13 MB used.

Virtual space:
  Non-class space:       64.00 MB reserved,       9.06 MB ( 14%) committed,  1 nodes.
      Class space:        1.00 GB reserved,       1.44 MB ( <1%) committed,  1 nodes.
             Both:        1.06 GB reserved,      10.50 MB ( <1%) committed. 

Chunk freelists:
   Non-Class:  2.98 MB
       Class:  2.52 MB
        Both:  5.50 MB

MaxMetaspaceSize: unlimited
CompressedClassSpaceSize: 1.00 GB
Initial GC threshold: 21.00 MB
Current GC threshold: 21.00 MB
CDS: on
MetaspaceReclaimPolicy: balanced
 - commit_granule_bytes: 65536.
 - commit_granule_words: 8192.
 - virtual_space_node_default_size: 8388608.
 - enlarge_chunks_in_place: 1.
 - new_chunks_are_fully_committed: 0.
 - uncommit_free_chunks: 1.
 - use_allocation_guard: 0.


Internal statistics:

num_allocs_failed_limit: 0.
num_arena_births: 308.
num_arena_deaths: 0.
num_vsnodes_births: 2.
num_vsnodes_deaths: 0.
num_space_committed: 168.
num_space_uncommitted: 0.
num_chunks_returned_to_freelist: 0.
num_chunks_taken_from_freelist: 609.
num_chunk_merges: 0.
num_chunk_splits: 394.
num_chunks_enlarged: 258.
num_inconsistent_stats: 0.

CodeHeap 'non-profiled nmethods': size=120000Kb used=597Kb max_used=597Kb free=119402Kb
 bounds [0x000001d907ad0000, 0x000001d907d40000, 0x000001d90f000000]
CodeHeap 'profiled nmethods': size=120000Kb used=2854Kb max_used=2854Kb free=117145Kb
 bounds [0x000001d900000000, 0x000001d9002d0000, 0x000001d907530000]
CodeHeap 'non-nmethods': size=5760Kb used=1622Kb max_used=1645Kb free=4137Kb
 bounds [0x000001d907530000, 0x000001d9077a0000, 0x000001d907ad0000]
 total_blobs=2199 nmethods=1570 adapters=540
 compilation: enabled
              stopped_count=0, restarted_count=0
 full_count=0

Compilation events (20 events):
Event: 1.378 Thread 0x000001d97ee58c20 1506       3       jdk.internal.misc.Unsafe::getIntUnaligned (12 bytes)
Event: 1.378 Thread 0x000001d97ee58c20 nmethod 1506 0x000001d9002a8410 code [0x000001d9002a85a0, 0x000001d9002a8808]
Event: 1.378 Thread 0x000001d97ee58c20 1509       3       java.lang.invoke.VarHandleGuards::guard_LI_I (78 bytes)
Event: 1.379 Thread 0x000001d97ee57ef0 1511       4       java.lang.invoke.VarForm::getMemberName (31 bytes)
Event: 1.379 Thread 0x000001d97ee58c20 nmethod 1509 0x000001d9002a8910 code [0x000001d9002a8c20, 0x000001d9002aa4e8]
Event: 1.379 Thread 0x000001d97f36a820 1512       4       java.lang.invoke.VarHandleByteArrayAsInts$ArrayHandle::index (12 bytes)
Event: 1.379 Thread 0x000001d97ee58c20 1507       3       java.lang.invoke.VarHandleByteArrayAsInts$ArrayHandle::get (36 bytes)
Event: 1.380 Thread 0x000001d97ee58c20 nmethod 1507 0x000001d9002aac10 code [0x000001d9002aadc0, 0x000001d9002ab198]
Event: 1.380 Thread 0x000001d97ee58c20 1508       3       jdk.internal.misc.Unsafe::toUnsignedInt (6 bytes)
Event: 1.380 Thread 0x000001d97ee58c20 nmethod 1508 0x000001d9002ab310 code [0x000001d9002ab4a0, 0x000001d9002ab598]
Event: 1.380 Thread 0x000001d97ee58c20 1514       3       java.lang.String::encode (48 bytes)
Event: 1.380 Thread 0x000001d97f36a820 nmethod 1512 0x000001d907b5f510 code [0x000001d907b5f680, 0x000001d907b5f730]
Event: 1.380 Thread 0x000001d97f36a820 1513       4       java.util.concurrent.ConcurrentHashMap::get (162 bytes)
Event: 1.380 Thread 0x000001d97ee57ef0 nmethod 1511 0x000001d907b5f810 code [0x000001d907b5f980, 0x000001d907b5fa88]
Event: 1.380 Thread 0x000001d97ee58c20 nmethod 1514 0x000001d9002ab610 code [0x000001d9002ab800, 0x000001d9002abb48]
Event: 1.381 Thread 0x000001d97ee58c20 1510       3       jdk.internal.misc.Unsafe::pickPos (14 bytes)
Event: 1.381 Thread 0x000001d97ee58c20 nmethod 1510 0x000001d9002abc90 code [0x000001d9002abe20, 0x000001d9002abf20]
Event: 1.381 Thread 0x000001d97ee58c20 1515       3       java.util.Collections$UnmodifiableCollection$1::hasNext (10 bytes)
Event: 1.381 Thread 0x000001d97ee58c20 nmethod 1515 0x000001d9002abf90 code [0x000001d9002ac120, 0x000001d9002ac2f8]
Event: 1.389 Thread 0x000001d97f36a820 nmethod 1513 0x000001d907b5fb90 code [0x000001d907b5fd20, 0x000001d907b60040]

GC Heap History (2 events):
Event: 1.030 GC heap before
{Heap before GC invocations=0 (full 0):
 garbage-first heap   total 260096K, used 20480K [0x0000000703000000, 0x0000000800000000)
  region size 2048K, 11 young (22528K), 0 survivors (0K)
 Metaspace       used 6981K, committed 7232K, reserved 1114112K
  class space    used 837K, committed 960K, reserved 1048576K
}
Event: 1.035 GC heap after
{Heap after GC invocations=1 (full 0):
 garbage-first heap   total 260096K, used 5849K [0x0000000703000000, 0x0000000800000000)
  region size 2048K, 2 young (4096K), 2 survivors (4096K)
 Metaspace       used 6981K, committed 7232K, reserved 1114112K
  class space    used 837K, committed 960K, reserved 1048576K
}

Dll operation events (20 events):
Event: 0.513 Loaded shared library C:\Users\Notebook\.openjfx\cache\19-ea+7\amd64\api-ms-win-crt-environment-l1-1-0.dll
Event: 0.519 Loaded shared library C:\Users\Notebook\.openjfx\cache\19-ea+7\amd64\api-ms-win-crt-filesystem-l1-1-0.dll
Event: 0.524 Loaded shared library C:\Users\Notebook\.openjfx\cache\19-ea+7\amd64\api-ms-win-crt-heap-l1-1-0.dll
Event: 0.529 Loaded shared library C:\Users\Notebook\.openjfx\cache\19-ea+7\amd64\api-ms-win-crt-locale-l1-1-0.dll
Event: 0.534 Loaded shared library C:\Users\Notebook\.openjfx\cache\19-ea+7\amd64\api-ms-win-crt-math-l1-1-0.dll
Event: 0.539 Loaded shared library C:\Users\Notebook\.openjfx\cache\19-ea+7\amd64\api-ms-win-crt-multibyte-l1-1-0.dll
Event: 0.544 Loaded shared library C:\Users\Notebook\.openjfx\cache\19-ea+7\amd64\api-ms-win-crt-private-l1-1-0.dll
Event: 0.547 Loaded shared library C:\Users\Notebook\.openjfx\cache\19-ea+7\amd64\api-ms-win-crt-process-l1-1-0.dll
Event: 0.550 Loaded shared library C:\Users\Notebook\.openjfx\cache\19-ea+7\amd64\api-ms-win-crt-runtime-l1-1-0.dll
Event: 0.554 Loaded shared library C:\Users\Notebook\.openjfx\cache\19-ea+7\amd64\api-ms-win-crt-stdio-l1-1-0.dll
Event: 0.559 Loaded shared library C:\Users\Notebook\.openjfx\cache\19-ea+7\amd64\api-ms-win-crt-string-l1-1-0.dll
Event: 0.563 Loaded shared library C:\Users\Notebook\.openjfx\cache\19-ea+7\amd64\api-ms-win-crt-time-l1-1-0.dll
Event: 0.568 Loaded shared library C:\Users\Notebook\.openjfx\cache\19-ea+7\amd64\api-ms-win-crt-utility-l1-1-0.dll
Event: 0.585 Loaded shared library C:\Users\Notebook\.openjfx\cache\19-ea+7\amd64\ucrtbase.dll
Event: 0.591 Loaded shared library C:\Users\Notebook\.openjfx\cache\19-ea+7\amd64\vcruntime140.dll
Event: 0.595 Loaded shared library C:\Users\Notebook\.openjfx\cache\19-ea+7\amd64\vcruntime140_1.dll
Event: 0.605 Loaded shared library C:\Users\Notebook\.openjfx\cache\19-ea+7\amd64\msvcp140.dll
Event: 0.664 Loaded shared library C:\Users\Notebook\.openjfx\cache\19-ea+7\amd64\prism_d3d.dll
Event: 0.726 Loaded shared library C:\Users\Notebook\.openjfx\cache\19-ea+7\amd64\glass.dll
Event: 1.116 Loaded shared library C:\Users\Notebook\.openjfx\cache\19-ea+7\amd64\javafx_font.dll

Deoptimization events (20 events):
Event: 1.293 Thread 0x000001d97f970010 DEOPT PACKING pc=0x000001d907b12dc0 sp=0x0000008ce69fd0c0
Event: 1.293 Thread 0x000001d97f970010 DEOPT UNPACKING pc=0x000001d907599d22 sp=0x0000008ce69fd030 mode 2
Event: 1.296 Thread 0x000001d97f970010 Uncommon trap: trap_request=0xffffffc6 fr.pc=0x000001d907b12dc0 relative=0x0000000000000300
Event: 1.296 Thread 0x000001d97f970010 Uncommon trap: reason=bimorphic_or_optimized_type_check action=maybe_recompile pc=0x000001d907b12dc0 method=java.util.concurrent.ConcurrentHashMap.get(Ljava/lang/Object;)Ljava/lang/Object; @ 149 c2
Event: 1.296 Thread 0x000001d97f970010 DEOPT PACKING pc=0x000001d907b12dc0 sp=0x0000008ce69fd1a0
Event: 1.296 Thread 0x000001d97f970010 DEOPT UNPACKING pc=0x000001d907599d22 sp=0x0000008ce69fd110 mode 2
Event: 1.310 Thread 0x000001d97f970010 Uncommon trap: trap_request=0xffffffc6 fr.pc=0x000001d907b12dc0 relative=0x0000000000000300
Event: 1.310 Thread 0x000001d97f970010 Uncommon trap: reason=bimorphic_or_optimized_type_check action=maybe_recompile pc=0x000001d907b12dc0 method=java.util.concurrent.ConcurrentHashMap.get(Ljava/lang/Object;)Ljava/lang/Object; @ 149 c2
Event: 1.310 Thread 0x000001d97f970010 DEOPT PACKING pc=0x000001d907b12dc0 sp=0x0000008ce69fcf30
Event: 1.310 Thread 0x000001d97f970010 DEOPT UNPACKING pc=0x000001d907599d22 sp=0x0000008ce69fcea0 mode 2
Event: 1.376 Thread 0x000001d97f970010 Uncommon trap: trap_request=0xffffffc6 fr.pc=0x000001d907b12dc0 relative=0x0000000000000300
Event: 1.376 Thread 0x000001d97f970010 Uncommon trap: reason=bimorphic_or_optimized_type_check action=maybe_recompile pc=0x000001d907b12dc0 method=java.util.concurrent.ConcurrentHashMap.get(Ljava/lang/Object;)Ljava/lang/Object; @ 149 c2
Event: 1.376 Thread 0x000001d97f970010 DEOPT PACKING pc=0x000001d907b12dc0 sp=0x0000008ce69fb520
Event: 1.376 Thread 0x000001d97f970010 DEOPT UNPACKING pc=0x000001d907599d22 sp=0x0000008ce69fb490 mode 2
Event: 1.378 Thread 0x000001d97f970010 Uncommon trap: trap_request=0xffffff45 fr.pc=0x000001d907b0962c relative=0x00000000000000ac
Event: 1.378 Thread 0x000001d97f970010 Uncommon trap: reason=unstable_if action=reinterpret pc=0x000001d907b0962c method=jdk.internal.misc.Unsafe.convEndian(ZI)I @ 4 c2
Event: 1.378 Thread 0x000001d97f970010 DEOPT PACKING pc=0x000001d907b0962c sp=0x0000008ce69fb290
Event: 1.378 Thread 0x000001d97f970010 DEOPT UNPACKING pc=0x000001d907599d22 sp=0x0000008ce69fb140 mode 2
Event: 1.379 Thread 0x000001d97f970010 DEOPT PACKING pc=0x000001d9001e16c7 sp=0x0000008ce69fb450
Event: 1.379 Thread 0x000001d97f970010 DEOPT UNPACKING pc=0x000001d90759a4c2 sp=0x0000008ce69fa8e8 mode 0

Classes loaded (20 events):
Event: 1.369 Loading class sun/security/provider/AbstractHashDrbg done
Event: 1.369 Loading class sun/security/provider/HashDrbg done
Event: 1.369 Loading class sun/security/provider/EntropySource
Event: 1.369 Loading class sun/security/provider/EntropySource done
Event: 1.370 Loading class java/security/DrbgParameters$NextBytes
Event: 1.371 Loading class java/security/DrbgParameters$NextBytes done
Event: 1.371 Loading class sun/security/provider/AbstractDrbg$SeederHolder
Event: 1.371 Loading class sun/security/provider/AbstractDrbg$SeederHolder done
Event: 1.371 Loading class sun/security/provider/SeedGenerator
Event: 1.371 Loading class sun/security/provider/SeedGenerator done
Event: 1.371 Loading class sun/security/provider/NativeSeedGenerator
Event: 1.371 Loading class sun/security/provider/NativeSeedGenerator done
Event: 1.376 Loading class sun/security/provider/SHA
Event: 1.376 Loading class sun/security/provider/SHA done
Event: 1.377 Loading class sun/security/provider/SeedGenerator$1
Event: 1.377 Loading class sun/security/provider/SeedGenerator$1 done
Event: 1.377 Loading class sun/security/provider/ByteArrayAccess$BE
Event: 1.377 Loading class sun/security/provider/ByteArrayAccess$BE done
Event: 1.407 Loading class java/net/NetworkInterface$1
Event: 1.407 Loading class java/net/NetworkInterface$1 done

Classes unloaded (0 events):
No events

Classes redefined (0 events):
No events

Internal exceptions (20 events):
Event: 1.016 Thread 0x000001d97f970010 Exception <a 'java/lang/NullPointerException'{0x00000007119b4cd8}> (0x00000007119b4cd8) 
thrown [s\open\src\hotspot\share\interpreter\linkResolver.cpp, line 1373]
Event: 1.051 Thread 0x000001d97ee4c4e0 Exception <a 'java/lang/NoSuchMethodError'{0x0000000712d75fd0}: 'java.lang.Object java.lang.invoke.Invokers$Holder.invokeExact_MT(java.lang.Object, java.lang.Object, java.lang.Object, java.lang.Object, java.lang.Object, java.lang.Object)'> (0x0000000712d75fd0) 
thrown [s\open\src\hotspot\share\interpreter\linkResolver.cpp, line 773]
Event: 1.079 Thread 0x000001d97f970010 Exception <a 'java/lang/NoSuchMethodError'{0x0000000712a9e880}: 'java.lang.Object java.lang.invoke.DirectMethodHandle$Holder.invokeInterface(java.lang.Object, java.lang.Object)'> (0x0000000712a9e880) 
thrown [s\open\src\hotspot\share\interpreter\linkResolver.cpp, line 773]
Event: 1.207 Thread 0x000001d97f970010 Exception <a 'java/lang/NoSuchMethodError'{0x00000007126f64e8}: 'void java.lang.invoke.DirectMethodHandle$Holder.invokeStaticInit(java.lang.Object, java.lang.Object)'> (0x00000007126f64e8) 
thrown [s\open\src\hotspot\share\interpreter\linkResolver.cpp, line 773]
Event: 1.216 Thread 0x000001d97f970010 Exception <a 'java/lang/NoSuchMethodError'{0x000000071271e878}: 'void java.lang.invoke.DirectMethodHandle$Holder.invokeSpecial(java.lang.Object, java.lang.Object, java.lang.Object, java.lang.Object, java.lang.Object)'> (0x000000071271e878) 
thrown [s\open\src\hotspot\share\interpreter\linkResolver.cpp, line 773]
Event: 1.238 Thread 0x000001d97f970010 Exception <a 'java/lang/NoSuchMethodError'{0x00000007127a3518}: 'void java.lang.invoke.DirectMethodHandle$Holder.invokeSpecial(java.lang.Object, java.lang.Object, double)'> (0x00000007127a3518) 
thrown [s\open\src\hotspot\share\interpreter\linkResolver.cpp, line 773]
Event: 1.239 Thread 0x000001d97f970010 Exception <a 'java/lang/NoSuchMethodError'{0x00000007127ae1f8}: 'double java.lang.invoke.DelegatingMethodHandle$Holder.reinvoke_L(java.lang.Object, java.lang.Object, int)'> (0x00000007127ae1f8) 
thrown [s\open\src\hotspot\share\interpreter\linkResolver.cpp, line 773]
Event: 1.241 Thread 0x000001d97f970010 Exception <a 'java/lang/NoSuchMethodError'{0x00000007127bfca0}: 'java.lang.Object java.lang.invoke.DirectMethodHandle$Holder.invokeStatic(java.lang.Object, java.lang.Object, java.lang.Object, java.lang.Object, int)'> (0x00000007127bfca0) 
thrown [s\open\src\hotspot\share\interpreter\linkResolver.cpp, line 773]
Event: 1.242 Thread 0x000001d97f970010 Exception <a 'java/lang/NoSuchMethodError'{0x00000007127cab20}: 'void java.lang.invoke.DelegatingMethodHandle$Holder.reinvoke_L(java.lang.Object, java.lang.Object, double)'> (0x00000007127cab20) 
thrown [s\open\src\hotspot\share\interpreter\linkResolver.cpp, line 773]
Event: 1.258 Thread 0x000001d97f970010 Exception <a 'java/lang/NoSuchMethodError'{0x00000007127fae90}: 'void java.lang.invoke.DirectMethodHandle$Holder.invokeSpecial(java.lang.Object, java.lang.Object, int)'> (0x00000007127fae90) 
thrown [s\open\src\hotspot\share\interpreter\linkResolver.cpp, line 773]
Event: 1.259 Thread 0x000001d97f970010 Exception <a 'java/lang/NoSuchMethodError'{0x00000007127ff0c8}: 'int java.lang.invoke.DirectMethodHandle$Holder.invokeSpecial(java.lang.Object, java.lang.Object, java.lang.Object, int)'> (0x00000007127ff0c8) 
thrown [s\open\src\hotspot\share\interpreter\linkResolver.cpp, line 773]
Event: 1.260 Thread 0x000001d97f970010 Exception <a 'java/lang/NoSuchMethodError'{0x0000000712409450}: 'void java.lang.invoke.DelegatingMethodHandle$Holder.reinvoke_L(java.lang.Object, java.lang.Object, int)'> (0x0000000712409450) 
thrown [s\open\src\hotspot\share\interpreter\linkResolver.cpp, line 773]
Event: 1.261 Thread 0x000001d97f970010 Exception <a 'java/lang/NoSuchMethodError'{0x000000071240ce78}: 'int java.lang.invoke.DirectMethodHandle$Holder.invokeSpecial(java.lang.Object, java.lang.Object, java.lang.Object)'> (0x000000071240ce78) 
thrown [s\open\src\hotspot\share\interpreter\linkResolver.cpp, line 773]
Event: 1.299 Thread 0x000001d97f970010 Exception <a 'java/lang/NoSuchMethodError'{0x00000007124b7720}: 'void java.lang.invoke.Invokers$Holder.invokeExact_MT(java.lang.Object, java.lang.Object, java.lang.Object, java.lang.Object)'> (0x00000007124b7720) 
thrown [s\open\src\hotspot\share\interpreter\linkResolver.cpp, line 773]
Event: 1.320 Thread 0x000001d97f970010 Exception <a 'java/lang/NoSuchMethodError'{0x00000007125506f0}: 'java.lang.Object java.lang.invoke.DelegatingMethodHandle$Holder.reinvoke_L(java.lang.Object, double, double, double, double)'> (0x00000007125506f0) 
thrown [s\open\src\hotspot\share\interpreter\linkResolver.cpp, line 773]
Event: 1.322 Thread 0x000001d97f970010 Exception <a 'java/lang/NoSuchMethodError'{0x000000071255b8f0}: 'java.lang.Object java.lang.invoke.DirectMethodHandle$Holder.invokeStatic(java.lang.Object, java.lang.Object, int)'> (0x000000071255b8f0) 
thrown [s\open\src\hotspot\share\interpreter\linkResolver.cpp, line 773]
Event: 1.323 Thread 0x000001d97f970010 Exception <a 'java/lang/NoSuchMethodError'{0x000000071255fcf8}: 'void java.lang.invoke.DirectMethodHandle$Holder.invokeStatic(java.lang.Object, java.lang.Object, int, java.lang.Object)'> (0x000000071255fcf8) 
thrown [s\open\src\hotspot\share\interpreter\linkResolver.cpp, line 773]
Event: 1.323 Thread 0x000001d97f970010 Exception <a 'java/lang/NoSuchMethodError'{0x0000000712566768}: 'void java.lang.invoke.DelegatingMethodHandle$Holder.delegate(java.lang.Object, java.lang.Object, int, java.lang.Object)'> (0x0000000712566768) 
thrown [s\open\src\hotspot\share\interpreter\linkResolver.cpp, line 773]
Event: 1.354 Thread 0x000001d97f970010 Exception <a 'java/lang/NoSuchMethodError'{0x00000007122159e8}: 'java.lang.Object java.lang.invoke.DirectMethodHandle$Holder.newInvokeSpecial(java.lang.Object, double)'> (0x00000007122159e8) 
thrown [s\open\src\hotspot\share\interpreter\linkResolver.cpp, line 773]
Event: 1.370 Thread 0x000001d97f970010 Exception <a 'java/lang/NoSuchMethodError'{0x000000071227ca68}: 'java.lang.Object java.lang.invoke.DirectMethodHandle$Holder.invokeStaticInit(java.lang.Object, int, int, int, int)'> (0x000000071227ca68) 
thrown [s\open\src\hotspot\share\interpreter\linkResolver.cpp, line 773]

VM Operations (20 events):
Event: 0.106 Executing VM operation: HandshakeAllThreads
Event: 0.106 Executing VM operation: HandshakeAllThreads done
Event: 0.198 Executing VM operation: HandshakeAllThreads
Event: 0.198 Executing VM operation: HandshakeAllThreads done
Event: 0.346 Executing VM operation: HandshakeAllThreads
Event: 0.346 Executing VM operation: HandshakeAllThreads done
Event: 0.715 Executing VM operation: HandshakeAllThreads
Event: 0.716 Executing VM operation: HandshakeAllThreads done
Event: 0.837 Executing VM operation: HandshakeAllThreads
Event: 0.837 Executing VM operation: HandshakeAllThreads done
Event: 1.030 Executing VM operation: G1CollectForAllocation
Event: 1.035 Executing VM operation: G1CollectForAllocation done
Event: 1.285 Executing VM operation: HandshakeAllThreads
Event: 1.285 Executing VM operation: HandshakeAllThreads done
Event: 1.319 Executing VM operation: HandshakeAllThreads
Event: 1.319 Executing VM operation: HandshakeAllThreads done
Event: 1.322 Executing VM operation: HandshakeAllThreads
Event: 1.322 Executing VM operation: HandshakeAllThreads done
Event: 1.377 Executing VM operation: HandshakeAllThreads
Event: 1.377 Executing VM operation: HandshakeAllThreads done

Events (19 events):
Event: 0.017 Thread 0x000001d96e923310 Thread added: 0x000001d96e923310
Event: 0.036 Thread 0x000001d97ee41b00 Thread added: 0x000001d97ee41b00
Event: 0.037 Thread 0x000001d97ee43110 Thread added: 0x000001d97ee43110
Event: 0.037 Thread 0x000001d97ee48680 Thread added: 0x000001d97ee48680
Event: 0.037 Thread 0x000001d97ee4c4e0 Thread added: 0x000001d97ee4c4e0
Event: 0.038 Thread 0x000001d97ee4f380 Thread added: 0x000001d97ee4f380
Event: 0.038 Thread 0x000001d97ee53710 Thread added: 0x000001d97ee53710
Event: 0.038 Thread 0x000001d97ee57ef0 Thread added: 0x000001d97ee57ef0
Event: 0.038 Thread 0x000001d97ee58c20 Thread added: 0x000001d97ee58c20
Event: 0.095 Thread 0x000001d97ee0d9a0 Thread added: 0x000001d97ee0d9a0
Event: 0.196 Thread 0x000001d97f1083c0 Thread added: 0x000001d97f1083c0
Event: 0.196 Thread 0x000001d97f108910 Thread added: 0x000001d97f108910
Event: 0.210 Thread 0x000001d97f3b8860 Thread added: 0x000001d97f3b8860
Event: 0.265 Thread 0x000001d97f36a820 Thread added: 0x000001d97f36a820
Event: 0.267 Thread 0x000001d97f36adb0 Thread added: 0x000001d97f36adb0
Event: 0.651 Thread 0x000001d97f8c69f0 Thread added: 0x000001d97f8c69f0
Event: 0.728 Thread 0x000001d97f949f70 Thread added: 0x000001d97f949f70
Event: 0.734 Thread 0x000001d97f970010 Thread added: 0x000001d97f970010
Event: 0.856 Thread 0x000001d97f954260 Thread added: 0x000001d97f954260


Dynamic libraries:
0x00007ff7b3b30000 - 0x00007ff7b3b3e000 	D:\JDK\OpenJDL20\bin\java.exe
0x00007ffea9af0000 - 0x00007ffea9ce8000 	C:\WINDOWS\SYSTEM32\ntdll.dll
0x00007ffe60c60000 - 0x00007ffe60c79000 	C:\Program Files\Avast Software\Avast\aswhook.dll
0x00007ffea8fb0000 - 0x00007ffea906d000 	C:\WINDOWS\System32\KERNEL32.DLL
0x00007ffea74c0000 - 0x00007ffea77b6000 	C:\WINDOWS\System32\KERNELBASE.dll
0x00007ffea71d0000 - 0x00007ffea72d0000 	C:\WINDOWS\System32\ucrtbase.dll
0x00007ffea1620000 - 0x00007ffea1637000 	D:\JDK\OpenJDL20\bin\jli.dll
0x00007ffea1890000 - 0x00007ffea18ab000 	D:\JDK\OpenJDL20\bin\VCRUNTIME140.dll
0x00007ffea8e10000 - 0x00007ffea8fae000 	C:\WINDOWS\System32\USER32.dll
0x00007ffea72d0000 - 0x00007ffea72f2000 	C:\WINDOWS\System32\win32u.dll
0x00007ffe98c40000 - 0x00007ffe98eda000 	C:\WINDOWS\WinSxS\amd64_microsoft.windows.common-controls_6595b64144ccf1df_6.0.19041.1110_none_60b5254171f9507e\COMCTL32.dll
0x00007ffea7b50000 - 0x00007ffea7b7c000 	C:\WINDOWS\System32\GDI32.dll
0x00007ffea8560000 - 0x00007ffea85fe000 	C:\WINDOWS\System32\msvcrt.dll
0x00007ffea7a00000 - 0x00007ffea7b1a000 	C:\WINDOWS\System32\gdi32full.dll
0x00007ffea7300000 - 0x00007ffea739d000 	C:\WINDOWS\System32\msvcp_win.dll
0x00007ffea82e0000 - 0x00007ffea8310000 	C:\WINDOWS\System32\IMM32.DLL
0x00007ffea1a40000 - 0x00007ffea1a4c000 	D:\JDK\OpenJDL20\bin\vcruntime140_1.dll
0x00007ffea1590000 - 0x00007ffea161e000 	D:\JDK\OpenJDL20\bin\msvcp140.dll
0x00007ffe10ab0000 - 0x00007ffe11747000 	D:\JDK\OpenJDL20\bin\server\jvm.dll
0x00007ffea9870000 - 0x00007ffea991e000 	C:\WINDOWS\System32\ADVAPI32.dll
0x00007ffea8d70000 - 0x00007ffea8e0c000 	C:\WINDOWS\System32\sechost.dll
0x00007ffea81b0000 - 0x00007ffea82d6000 	C:\WINDOWS\System32\RPCRT4.dll
0x00007ffe9e8e0000 - 0x00007ffe9e8ea000 	C:\WINDOWS\SYSTEM32\VERSION.dll
0x00007ffe9c560000 - 0x00007ffe9c587000 	C:\WINDOWS\SYSTEM32\WINMM.dll
0x00007ffe95f20000 - 0x00007ffe95f29000 	C:\WINDOWS\SYSTEM32\WSOCK32.dll
0x00007ffea9130000 - 0x00007ffea919b000 	C:\WINDOWS\System32\WS2_32.dll
0x00007ffea5a20000 - 0x00007ffea5a32000 	C:\WINDOWS\SYSTEM32\kernel.appcore.dll
0x00007ffea1980000 - 0x00007ffea198a000 	D:\JDK\OpenJDL20\bin\jimage.dll
0x00007ffe996c0000 - 0x00007ffe998a4000 	C:\WINDOWS\SYSTEM32\DBGHELP.DLL
0x00007ffe99680000 - 0x00007ffe996b4000 	C:\WINDOWS\SYSTEM32\dbgcore.DLL
0x00007ffea7920000 - 0x00007ffea79a2000 	C:\WINDOWS\System32\bcryptPrimitives.dll
0x00007ffe9e610000 - 0x00007ffe9e61e000 	D:\JDK\OpenJDL20\bin\instrument.dll
0x00007ffea1560000 - 0x00007ffea1586000 	D:\JDK\OpenJDL20\bin\java.dll
0x00007ffe907b0000 - 0x00007ffe90887000 	D:\JDK\OpenJDL20\bin\jsvml.dll
0x00007ffea8600000 - 0x00007ffea8d45000 	C:\WINDOWS\System32\SHELL32.dll
0x00007ffea50d0000 - 0x00007ffea586b000 	C:\WINDOWS\SYSTEM32\windows.storage.dll
0x00007ffea7b80000 - 0x00007ffea7ed4000 	C:\WINDOWS\System32\combase.dll
0x00007ffea6b40000 - 0x00007ffea6b6e000 	C:\WINDOWS\SYSTEM32\Wldp.dll
0x00007ffea9760000 - 0x00007ffea980d000 	C:\WINDOWS\System32\SHCORE.dll
0x00007ffea9810000 - 0x00007ffea9865000 	C:\WINDOWS\System32\shlwapi.dll
0x00007ffea7100000 - 0x00007ffea7125000 	C:\WINDOWS\SYSTEM32\profapi.dll
0x00007ffe9fee0000 - 0x00007ffe9fef8000 	D:\JDK\OpenJDL20\bin\zip.dll
0x00007ffea1540000 - 0x00007ffea1553000 	D:\JDK\OpenJDL20\bin\net.dll
0x00007ffe9fa70000 - 0x00007ffe9fb7a000 	C:\WINDOWS\SYSTEM32\WINHTTP.dll
0x00007ffea68a0000 - 0x00007ffea690a000 	C:\WINDOWS\system32\mswsock.dll
0x00007ffe9ff00000 - 0x00007ffe9ff16000 	D:\JDK\OpenJDL20\bin\nio.dll
0x00007ffe984b0000 - 0x00007ffe984ca000 	D:\JDK\JetBrains IntelliJ IDEA Ultimate 2022.2\IntelliJ IDEA 2022.2\bin\breakgen64.dll
0x00007ffe9f230000 - 0x00007ffe9f237000 	D:\JDK\OpenJDL20\bin\extnet.dll
0x000001d96e8b0000 - 0x000001d96e8b3000 	C:\Users\Notebook\.openjfx\cache\19-ea+7\amd64\api-ms-win-core-console-l1-1-0.dll
0x000001d96e8c0000 - 0x000001d96e8c3000 	C:\Users\Notebook\.openjfx\cache\19-ea+7\amd64\api-ms-win-core-console-l1-2-0.dll
0x000001d96e8d0000 - 0x000001d96e8d3000 	C:\Users\Notebook\.openjfx\cache\19-ea+7\amd64\api-ms-win-core-datetime-l1-1-0.dll
0x000001d97fba0000 - 0x000001d97fba3000 	C:\Users\Notebook\.openjfx\cache\19-ea+7\amd64\api-ms-win-core-debug-l1-1-0.dll
0x000001d97fbb0000 - 0x000001d97fbb3000 	C:\Users\Notebook\.openjfx\cache\19-ea+7\amd64\api-ms-win-core-errorhandling-l1-1-0.dll
0x000001d97fbc0000 - 0x000001d97fbc4000 	C:\Users\Notebook\.openjfx\cache\19-ea+7\amd64\api-ms-win-core-file-l1-1-0.dll
0x000001d97fbd0000 - 0x000001d97fbd3000 	C:\Users\Notebook\.openjfx\cache\19-ea+7\amd64\api-ms-win-core-file-l1-2-0.dll
0x000001d97fbe0000 - 0x000001d97fbe3000 	C:\Users\Notebook\.openjfx\cache\19-ea+7\amd64\api-ms-win-core-file-l2-1-0.dll
0x000001d97fbf0000 - 0x000001d97fbf3000 	C:\Users\Notebook\.openjfx\cache\19-ea+7\amd64\api-ms-win-core-handle-l1-1-0.dll
0x000001d97fc00000 - 0x000001d97fc03000 	C:\Users\Notebook\.openjfx\cache\19-ea+7\amd64\api-ms-win-core-heap-l1-1-0.dll
0x000001d97fc10000 - 0x000001d97fc13000 	C:\Users\Notebook\.openjfx\cache\19-ea+7\amd64\api-ms-win-core-interlocked-l1-1-0.dll
0x000001d97fc20000 - 0x000001d97fc23000 	C:\Users\Notebook\.openjfx\cache\19-ea+7\amd64\api-ms-win-core-libraryloader-l1-1-0.dll
0x000001d97fc30000 - 0x000001d97fc33000 	C:\Users\Notebook\.openjfx\cache\19-ea+7\amd64\api-ms-win-core-localization-l1-2-0.dll
0x000001d97fc40000 - 0x000001d97fc43000 	C:\Users\Notebook\.openjfx\cache\19-ea+7\amd64\api-ms-win-core-memory-l1-1-0.dll
0x000001d97fc50000 - 0x000001d97fc53000 	C:\Users\Notebook\.openjfx\cache\19-ea+7\amd64\api-ms-win-core-namedpipe-l1-1-0.dll
0x000001d97fc60000 - 0x000001d97fc63000 	C:\Users\Notebook\.openjfx\cache\19-ea+7\amd64\api-ms-win-core-processenvironment-l1-1-0.dll
0x000001d97fc70000 - 0x000001d97fc73000 	C:\Users\Notebook\.openjfx\cache\19-ea+7\amd64\api-ms-win-core-processthreads-l1-1-0.dll
0x000001d97fc80000 - 0x000001d97fc83000 	C:\Users\Notebook\.openjfx\cache\19-ea+7\amd64\api-ms-win-core-processthreads-l1-1-1.dll
0x000001d97fc90000 - 0x000001d97fc93000 	C:\Users\Notebook\.openjfx\cache\19-ea+7\amd64\api-ms-win-core-profile-l1-1-0.dll
0x000001d97fca0000 - 0x000001d97fca3000 	C:\Users\Notebook\.openjfx\cache\19-ea+7\amd64\api-ms-win-core-rtlsupport-l1-1-0.dll
0x000001d97fcb0000 - 0x000001d97fcb3000 	C:\Users\Notebook\.openjfx\cache\19-ea+7\amd64\api-ms-win-core-string-l1-1-0.dll
0x000001d97fcc0000 - 0x000001d97fcc3000 	C:\Users\Notebook\.openjfx\cache\19-ea+7\amd64\api-ms-win-core-synch-l1-1-0.dll
0x000001d97fcd0000 - 0x000001d97fcd3000 	C:\Users\Notebook\.openjfx\cache\19-ea+7\amd64\api-ms-win-core-synch-l1-2-0.dll
0x000001d97fce0000 - 0x000001d97fce3000 	C:\Users\Notebook\.openjfx\cache\19-ea+7\amd64\api-ms-win-core-sysinfo-l1-1-0.dll
0x000001d97fcf0000 - 0x000001d97fcf3000 	C:\Users\Notebook\.openjfx\cache\19-ea+7\amd64\api-ms-win-core-timezone-l1-1-0.dll
0x000001d97fd00000 - 0x000001d97fd03000 	C:\Users\Notebook\.openjfx\cache\19-ea+7\amd64\api-ms-win-core-util-l1-1-0.dll
0x000001d97fd10000 - 0x000001d97fd13000 	C:\Users\Notebook\.openjfx\cache\19-ea+7\amd64\api-ms-win-crt-conio-l1-1-0.dll
0x000001d97fd20000 - 0x000001d97fd24000 	C:\Users\Notebook\.openjfx\cache\19-ea+7\amd64\api-ms-win-crt-convert-l1-1-0.dll
0x000001d97fd30000 - 0x000001d97fd33000 	C:\Users\Notebook\.openjfx\cache\19-ea+7\amd64\api-ms-win-crt-environment-l1-1-0.dll
0x000001d97fd40000 - 0x000001d97fd43000 	C:\Users\Notebook\.openjfx\cache\19-ea+7\amd64\api-ms-win-crt-filesystem-l1-1-0.dll
0x000001d97fd50000 - 0x000001d97fd53000 	C:\Users\Notebook\.openjfx\cache\19-ea+7\amd64\api-ms-win-crt-heap-l1-1-0.dll
0x000001d97fd60000 - 0x000001d97fd63000 	C:\Users\Notebook\.openjfx\cache\19-ea+7\amd64\api-ms-win-crt-locale-l1-1-0.dll
0x000001d97fd70000 - 0x000001d97fd75000 	C:\Users\Notebook\.openjfx\cache\19-ea+7\amd64\api-ms-win-crt-math-l1-1-0.dll
0x000001d97fd80000 - 0x000001d97fd85000 	C:\Users\Notebook\.openjfx\cache\19-ea+7\amd64\api-ms-win-crt-multibyte-l1-1-0.dll
0x000001d97fd90000 - 0x000001d97fda0000 	C:\Users\Notebook\.openjfx\cache\19-ea+7\amd64\api-ms-win-crt-private-l1-1-0.dll
0x000001d97fda0000 - 0x000001d97fda3000 	C:\Users\Notebook\.openjfx\cache\19-ea+7\amd64\api-ms-win-crt-process-l1-1-0.dll
0x000001d97fdb0000 - 0x000001d97fdb4000 	C:\Users\Notebook\.openjfx\cache\19-ea+7\amd64\api-ms-win-crt-runtime-l1-1-0.dll
0x000001d97fdc0000 - 0x000001d97fdc4000 	C:\Users\Notebook\.openjfx\cache\19-ea+7\amd64\api-ms-win-crt-stdio-l1-1-0.dll
0x000001d97fdd0000 - 0x000001d97fdd4000 	C:\Users\Notebook\.openjfx\cache\19-ea+7\amd64\api-ms-win-crt-string-l1-1-0.dll
0x000001d97fde0000 - 0x000001d97fde3000 	C:\Users\Notebook\.openjfx\cache\19-ea+7\amd64\api-ms-win-crt-time-l1-1-0.dll
0x000001d97fdf0000 - 0x000001d97fdf3000 	C:\Users\Notebook\.openjfx\cache\19-ea+7\amd64\api-ms-win-crt-utility-l1-1-0.dll
0x00007ffe70280000 - 0x00007ffe7037c000 	C:\Users\Notebook\.openjfx\cache\19-ea+7\amd64\ucrtbase.dll
0x00007ffe8e1c0000 - 0x00007ffe8e1db000 	C:\Users\Notebook\.openjfx\cache\19-ea+7\amd64\vcruntime140.dll
0x00007ffe95a40000 - 0x00007ffe95a4c000 	C:\Users\Notebook\.openjfx\cache\19-ea+7\amd64\vcruntime140_1.dll
0x00007ffe8dfc0000 - 0x00007ffe8e04e000 	C:\Users\Notebook\.openjfx\cache\19-ea+7\amd64\msvcp140.dll
0x00007ffe8df90000 - 0x00007ffe8dfbc000 	C:\Users\Notebook\.openjfx\cache\19-ea+7\amd64\prism_d3d.dll
0x00007ffe712f0000 - 0x00007ffe714bd000 	C:\WINDOWS\system32\d3d9.dll
0x00007ffea4be0000 - 0x00007ffea4c0f000 	C:\WINDOWS\SYSTEM32\dwmapi.dll
0x00007ffea4830000 - 0x00007ffea48ce000 	C:\WINDOWS\system32\uxtheme.dll
0x00007ffe9c590000 - 0x00007ffe9c76b000 	C:\WINDOWS\System32\DriverStore\FileRepository\u0361708.inf_amd64_7de6b99937f60751\B358199\aticfx64.dll
0x00007ffe8e950000 - 0x00007ffe8e983000 	C:\WINDOWS\System32\DriverStore\FileRepository\u0361708.inf_amd64_7de6b99937f60751\B358199\atiu9p64.dll
0x00007ffe334a0000 - 0x00007ffe34136000 	C:\WINDOWS\System32\DriverStore\FileRepository\u0361708.inf_amd64_7de6b99937f60751\B358199\atiumd64.dll
0x00007ffea9920000 - 0x00007ffea9a4a000 	C:\WINDOWS\System32\ole32.dll
0x0000000055300000 - 0x000000005617d000 	C:\WINDOWS\System32\DriverStore\FileRepository\u0361708.inf_amd64_7de6b99937f60751\B358199\atiumd6a.dll
0x00007ffea7030000 - 0x00007ffea707b000 	C:\WINDOWS\SYSTEM32\POWRPROF.dll
0x00007ffea7010000 - 0x00007ffea7022000 	C:\WINDOWS\SYSTEM32\UMPDC.dll
0x00007ffe98ee0000 - 0x00007ffe98f0f000 	C:\WINDOWS\SYSTEM32\amdihk64.dll
0x00007ffe8d5c0000 - 0x00007ffe8d602000 	C:\Users\Notebook\.openjfx\cache\19-ea+7\amd64\glass.dll
0x00007ffea8330000 - 0x00007ffea840a000 	C:\WINDOWS\System32\COMDLG32.dll
0x00007ffea8490000 - 0x00007ffea855d000 	C:\WINDOWS\System32\OLEAUT32.dll
0x00007ffea8090000 - 0x00007ffea81a4000 	C:\WINDOWS\System32\MSCTF.dll
0x00007ffea1f20000 - 0x00007ffea1f5b000 	C:\WINDOWS\SYSTEM32\dxcore.dll
0x00007ffea79b0000 - 0x00007ffea79fe000 	C:\WINDOWS\System32\cfgmgr32.dll
0x00007ffe8dee0000 - 0x00007ffe8def4000 	C:\Users\Notebook\.openjfx\cache\19-ea+7\amd64\javafx_font.dll
0x00007ffe91450000 - 0x00007ffe916cf000 	C:\WINDOWS\SYSTEM32\dwrite.dll
0x00007ffea6a90000 - 0x00007ffea6aa8000 	C:\WINDOWS\SYSTEM32\CRYPTSP.dll
0x00007ffea61b0000 - 0x00007ffea61e4000 	C:\WINDOWS\system32\rsaenh.dll
0x00007ffea7b20000 - 0x00007ffea7b47000 	C:\WINDOWS\System32\bcrypt.dll
0x00007ffea70c0000 - 0x00007ffea70ee000 	C:\WINDOWS\SYSTEM32\USERENV.dll
0x00007ffea6ab0000 - 0x00007ffea6abc000 	C:\WINDOWS\SYSTEM32\CRYPTBASE.dll
0x00007ffea6590000 - 0x00007ffea65cb000 	C:\WINDOWS\SYSTEM32\IPHLPAPI.DLL
0x00007ffea8d50000 - 0x00007ffea8d58000 	C:\WINDOWS\System32\NSI.dll
0x00007ffe9dca0000 - 0x00007ffe9dcb7000 	C:\WINDOWS\SYSTEM32\dhcpcsvc6.DLL
0x00007ffe9f120000 - 0x00007ffe9f13d000 	C:\WINDOWS\SYSTEM32\dhcpcsvc.DLL
0x00007ffea65d0000 - 0x00007ffea669a000 	C:\WINDOWS\SYSTEM32\DNSAPI.dll

dbghelp: loaded successfully - version: 4.0.5 - missing functions: none
symbol engine: initialized successfully - sym options: 0x614 - pdb path: .;D:\JDK\OpenJDL20\bin;C:\WINDOWS\SYSTEM32;C:\Program Files\Avast Software\Avast;C:\WINDOWS\WinSxS\amd64_microsoft.windows.common-controls_6595b64144ccf1df_6.0.19041.1110_none_60b5254171f9507e;D:\JDK\OpenJDL20\bin\server;D:\JDK\JetBrains IntelliJ IDEA Ultimate 2022.2\IntelliJ IDEA 2022.2\bin;C:\Users\Notebook\.openjfx\cache\19-ea+7\amd64;C:\WINDOWS\System32\DriverStore\FileRepository\u0361708.inf_amd64_7de6b99937f60751\B358199

VM Arguments:
jvm_args: -javaagent:D:\JDK\JetBrains IntelliJ IDEA Ultimate 2022.2\IntelliJ IDEA 2022.2\lib\idea_rt.jar=65068:D:\JDK\JetBrains IntelliJ IDEA Ultimate 2022.2\IntelliJ IDEA 2022.2\bin -Dfile.encoding=UTF-8 
java_command: Main_1
java_class_path (initial): D:\FCP\SEM7\CURS\Project\Client\Client\target\classes;D:\FCP\SEM7\CURS\Jars\JFoenix-master\jfoenix-9.0.10.jar;D:\FCP\SEM7\CURS\Jars\fontawesomefx-8.2.jar;C:\Users\Notebook\.m2\repository\org\openjfx\javafx-controls\19-ea+7\javafx-controls-19-ea+7.jar;C:\Users\Notebook\.m2\repository\org\openjfx\javafx-controls\19-ea+7\javafx-controls-19-ea+7-win.jar;C:\Users\Notebook\.m2\repository\org\openjfx\javafx-fxml\19-ea+7\javafx-fxml-19-ea+7.jar;C:\Users\Notebook\.m2\repository\org\openjfx\javafx-fxml\19-ea+7\javafx-fxml-19-ea+7-win.jar;C:\Users\Notebook\.m2\repository\com\dlsc\formsfx\formsfx-core\11.5.0\formsfx-core-11.5.0.jar;C:\Users\Notebook\.m2\repository\org\apache\commons\commons-text\1.9\commons-text-1.9.jar;C:\Users\Notebook\.m2\repository\org\apache\commons\commons-lang3\3.11\commons-lang3-3.11.jar;C:\Users\Notebook\.m2\repository\org\springframework\spring-web\6.0.7\spring-web-6.0.7.jar;C:\Users\Notebook\.m2\repository\org\springframework\spring-beans\6.0.7\spring-beans-6.0.7.jar;C:\Users\Notebook\.m2\repository\org\springframework\spring-core\6.0.7\spring-core-6.0.7.jar;C:\Users\Notebook\.m2\repository\org\springframework\spring-jcl\6.0.7\spring-jcl-6.0.7.jar;C:\Users\Notebook\.m2\repository\io\micrometer\micrometer-observation\1.10.4\micrometer-observation-1.10.4.jar;C:\Users\Notebook\.m2\repository\io\micrometer\micrometer-commons\1.10.4\micrometer-commons-1.10.4.jar;C:\Users\Notebook\.m2\repository\org\openjfx\javafx-graphics\19-ea+7\javafx-graphics-19-ea+7.jar;C:\Users\Notebook\.m2\repository\org\openjfx\javafx-graphics\19-ea+7\javafx-graphics-19-ea+7-win.jar;C:\Users\Notebook\.m2\repository\org\openjfx\javafx-base\19-ea+7\javafx-base-19-ea+7.jar;C:\Users\Notebook\.m2\repository\org\openjfx\javafx-base\19-ea+7\javafx-base-19-ea+7-win.jar;D:\FCP\SEM7\CURS\Project\DataLib\target\classes;C:\Users\Notebook\.m2\repository\mysql\mysql-connector-java\8.0.25\mysql-connector-java-8.0.25.jar;C:\Users\Notebook\.m2\repository\com\google\protobuf\protobuf-java\3.11.4\protobuf-java-3.11.4.jar;C:\Users\Notebook\.m2\repository\org\hibernate\orm\hibernate-core\6.0.0.Final\hibernate-core-6.0.0.Final.jar;C:\Users\Notebook\.m2\repository\jakarta\persistence\jakarta.persistence-api\3.0.0\jakarta.persistence-api-3.0.0.jar;C:\Users\Notebook\.m2\repository\jakarta\transaction\jakarta.transaction-api\2.0.0\jakarta.transaction-api-2.0.0.jar;C:\Users\Notebook\.m2\repository\org\jboss\logging\jboss-logging\3.4.3.Final\jboss-logging-3.4.3.Final.jar;C:\Users\Notebook\.m2\repository\org\jboss\jandex\2.4.2.Final\jandex-2.4.2.Final.jar;C:\Users\Notebook\.m2\repository\com\fasterxml\classmate\1.5.1\classmate-1.5.1.jar;C:\Users\Notebook\.m2\repository\org\hibernate\common\hibernate-commons-annotations\6.0.0.CR1\hibernate-commons-annotations-6.0.0.CR1.jar;C:\Users\Notebook\.m2\repository\net\bytebuddy\byte-buddy\1.12.8\byte-buddy-1.12.8.jar;C:\Users\Notebook\.m2\repository\jakarta\activation\jakarta.activation-api\2.0.1\jakarta.activation-api-2.0.1.jar;C:\Users\Notebook\.m2\repository\jakarta\xml\bind\jakarta.xml.bind-api\3.0.1\jakarta.xml.bind-api-3.0.1.jar;C:\Users\Notebook\.m2\repository\jakarta\inject\jakarta.inject-api\2.0.0\jakarta.inject-api-2.0.0.jar;C:\Users\Notebook\.m2\repository\org\antlr\antlr4-runtime\4.9.1\antlr4-runtime-4.9.1.jar;C:\Users\Notebook\.m2\repository\org\glassfish\jaxb\jaxb-runtime\3.0.2\jaxb-runtime-3.0.2.jar;C:\Users\Notebook\.m2\repository\com\sun\activation\jakarta.activation\2.0.1\jakarta.activation-2.0.1.jar;C:\Users\Notebook\.m2\repository\org\glassfish\jaxb\jaxb-core\3.0.2\jaxb-core-3.0.2.jar;C:\Users\Notebook\.m2\repository\org\glassfish\jaxb\txw2\3.0.2\txw2-3.0.2.jar;C:\Users\Notebook\.m2\repository\com\sun\istack\istack-commons-runtime\4.0.1\istack-commons-runtime-4.0.1.jar
Launcher Type: SUN_STANDARD

[Global flags]
     intx CICompilerCount                          = 4                                         {product} {ergonomic}
     uint ConcGCThreads                            = 2                                         {product} {ergonomic}
     uint G1ConcRefinementThreads                  = 8                                         {product} {ergonomic}
   size_t G1HeapRegionSize                         = 2097152                                   {product} {ergonomic}
    uintx GCDrainStackTargetSize                   = 64                                        {product} {ergonomic}
   size_t InitialHeapSize                          = 266338304                                 {product} {ergonomic}
   size_t MarkStackSize                            = 4194304                                   {product} {ergonomic}
   size_t MaxHeapSize                              = 4244635648                                {product} {ergonomic}
   size_t MaxNewSize                               = 2545942528                                {product} {ergonomic}
   size_t MinHeapDeltaBytes                        = 2097152                                   {product} {ergonomic}
   size_t MinHeapSize                              = 8388608                                   {product} {ergonomic}
    uintx NonNMethodCodeHeapSize                   = 5839372                                {pd product} {ergonomic}
    uintx NonProfiledCodeHeapSize                  = 122909434                              {pd product} {ergonomic}
    uintx ProfiledCodeHeapSize                     = 122909434                              {pd product} {ergonomic}
    uintx ReservedCodeCacheSize                    = 251658240                              {pd product} {ergonomic}
     bool SegmentedCodeCache                       = true                                      {product} {ergonomic}
   size_t SoftMaxHeapSize                          = 4244635648                             {manageable} {ergonomic}
     bool UseCompressedClassPointers               = true                           {product lp64_product} {ergonomic}
     bool UseCompressedOops                        = true                           {product lp64_product} {ergonomic}
     bool UseG1GC                                  = true                                      {product} {ergonomic}
     bool UseLargePagesIndividualAllocation        = false                                  {pd product} {ergonomic}

Logging:
Log output configuration:
 #0: stdout all=warning uptime,level,tags foldmultilines=false
 #1: stderr all=off uptime,level,tags foldmultilines=false

Environment Variables:
JAVA_HOME=C:\Program Files\Java\jdk-20
CLASSPATH=C:\Program Files\Java\jdk-20\lib;C:\Program Files\Java\jdk-20\jre\lib;
PATH=C:\Program Files\Microsoft MPI\Bin\;D:\AVR ToolChain\WinAVR\bin;D:\AVR ToolChain\WinAVR\utils\bin;D:\Proteus&Eclipse\MMVP\4.6 2012q4\bin;C:\WINDOWS\system32\config\systemprofile\.dnx\bin;C:\Program Files\Microsoft DNX\Dnvm\;C:\Program Files\Microsoft SQL Server\130\Tools\Binn\;C:\Program Files\Microsoft OLE DB Provider for DB2\System\;D:\JDK\maven\apache-maven-3.8.6\bin;D:\JDK\Git\cmd;D:\JDK\RationalRose\common;C:\Program Files\Java\jdk-20\bin;C:\Program Files (x86)\Microsoft SQL Server\150\Tools\Binn\;C:\Program Files\Microsoft SQL Server\150\Tools\Binn\;C:\Program Files (x86)\Microsoft SQL Server\150\DTS\Binn\;C:\Program Files\Microsoft SQL Server\150\DTS\Binn\;C:\Program Files\Azure Data Studio\bin;C:\Program Files\Microsoft SQL Server\90\Tools\binn\;d:\Microsoft SQL Server\BOL (x86)\90\Tools\binn\;d:\Microsoft SQL Server\BOL (x86)\90\DTS\Binn\;d:\Microsoft SQL Server\BOL (x86)\90\Tools\Binn\VSShell\Common7\IDE\;C:\Program Files (x86)\Microsoft Visual Studio 8\Common7\IDE\PrivateAssemblies\;C:\Program Files\Microsoft SQL Server\Client SDK\ODBC\170\Tools\Binn\;C:\Program Files\MySQL\MySQL Shell 8.0\bin\;C:\Users\Notebook\AppData\Local\Microsoft\WindowsApps;C:\Program Files\Azure Data Studio\bin;C:\Program Files\Java\jdk-20;D:\JDK\Apache Tomcat\apache-tomcat-8.1\lib;C:\Program Files\Java\jdk-20\bin;;C:\Program Files\Azure Data Studio\bin
USERNAME=Notebook
OS=Windows_NT
PROCESSOR_IDENTIFIER=AMD64 Family 23 Model 24 Stepping 1, AuthenticAMD
TMP=C:\Users\Notebook\AppData\Local\Temp
TEMP=C:\Users\Notebook\AppData\Local\Temp




---------------  S Y S T E M  ---------------

OS:
 Windows 10 , 64 bit Build 19041 (10.0.19041.3393)
OS uptime: 1 days 3:09 hours

CPU: total 8 (initial active 8) (8 cores per cpu, 2 threads per core) family 23 model 24 stepping 1 microcode 0x0, cx8, cmov, fxsr, ht, mmx, 3dnowpref, sse, sse2, sse3, ssse3, sse4a, sse4.1, sse4.2, popcnt, lzcnt, tsc, tscinvbit, avx, avx2, aes, clmul, bmi1, bmi2, adx, sha, fma, vzeroupper, clflush, clflushopt, rdtscp, f16c

Memory: 4k page, system-wide physical 16189M (6093M free)
TotalPageFile size 18237M (AvailPageFile size 5M)
current process WorkingSet (physical memory assigned to process): 115M, peak: 116M
current process commit charge ("private bytes"): 399M, peak: 401M

vm_info: OpenJDK 64-Bit Server VM (20.0.1+9-29) for windows-amd64 JRE (20.0.1+9-29), built on 2023-03-07T13:56:11Z by "mach5one" with MS VC++ 17.1 (VS2022)

END.
