#
# There is insufficient memory for the Java Runtime Environment to continue.
# Native memory allocation (mmap) failed to map 520093696 bytes for G1 virtual space
# Possible reasons:
#   The system is out of physical RAM or swap space
#   The process is running with CompressedOops enabled, and the Java Heap may be blocking the growth of the native heap
# Possible solutions:
#   Reduce memory load on the system
#   Increase physical memory or swap space
#   Check if swap backing store is full
#   Decrease Java heap size (-Xmx/-Xms)
#   Decrease number of Java threads
#   Decrease Java thread stack sizes (-Xss)
#   Set larger code cache with -XX:ReservedCodeCacheSize=
#   JVM is running with Zero Based Compressed Oops mode in which the Java heap is
#     placed in the first 32GB address space. The Java Heap base address is the
#     maximum limit for the native heap growth. Please use -XX:HeapBaseMinAddress
#     to set the Java Heap base and to place the Java Heap above 32GB virtual address.
# This output file may be truncated or incomplete.
#
#  Out of Memory Error (os_windows.cpp:3527), pid=19072, tid=13048
#
# JRE version: Java(TM) SE Runtime Environment (19.0+36) (build 19+36-2238)
# Java VM: Java HotSpot(TM) 64-Bit Server VM (19+36-2238, mixed mode, sharing, tiered, compressed oops, compressed class ptrs, g1 gc, windows-amd64)
# No core dump will be written. Minidumps are not enabled by default on client versions of Windows
#

---------------  S U M M A R Y ------------

Command Line: -javaagent:D:\JDK\JetBrains IntelliJ IDEA Ultimate 2022.2\IntelliJ IDEA 2022.2\lib\idea_rt.jar=62287:D:\JDK\JetBrains IntelliJ IDEA Ultimate 2022.2\IntelliJ IDEA 2022.2\bin -Dfile.encoding=windows-1251 practise.Lab5_Server1

Host: AMD Ryzen 7 3750H with Radeon Vega Mobile Gfx  , 8 cores, 15G,  Windows 10 , 64 bit Build 19041 (10.0.19041.3636)
Time: Sun Nov 19 23:12:40 2023  Windows 10 , 64 bit Build 19041 (10.0.19041.3636) elapsed time: 55.959103 seconds (0d 0h 0m 55s)

---------------  T H R E A D  ---------------

Current thread (0x00000231c1104120):  VMThread "VM Thread" [stack: 0x000000c1d4a00000,0x000000c1d4b00000] [id=13048]

Stack: [0x000000c1d4a00000,0x000000c1d4b00000]
Native frames: (J=compiled Java code, j=interpreted, Vv=VM code, C=native code)
V  [jvm.dll+0x6ee8fa]
V  [jvm.dll+0x857a1e]
V  [jvm.dll+0x85940e]
V  [jvm.dll+0x859ac3]
V  [jvm.dll+0x28291f]
V  [jvm.dll+0x6eb6e9]
V  [jvm.dll+0x6e028a]
V  [jvm.dll+0x357136]
V  [jvm.dll+0x35eb96]
V  [jvm.dll+0x3b555e]
V  [jvm.dll+0x3b578f]
V  [jvm.dll+0x32c6ea]
V  [jvm.dll+0x32c797]
V  [jvm.dll+0x374b52]
V  [jvm.dll+0x37328f]
V  [jvm.dll+0x32bf10]
V  [jvm.dll+0x37282b]
V  [jvm.dll+0x85ef83]
V  [jvm.dll+0x85fd49]
V  [jvm.dll+0x86027d]
V  [jvm.dll+0x86070b]
V  [jvm.dll+0x8607c7]
V  [jvm.dll+0x8015fa]
V  [jvm.dll+0x6ed5eb]
C  [ucrtbase.dll+0x21bb2]
C  [KERNEL32.DLL+0x17344]
C  [ntdll.dll+0x526b1]

VM_Operation (0x000000c1d63feff0): G1CollectForAllocation, mode: safepoint, requested by thread 0x00000231c7c67780


---------------  P R O C E S S  ---------------

Threads class SMR info:
_java_thread_list=0x00000231c783fbd0, length=17, elements={
0x000002319ddfa1a0, 0x00000231c111e740, 0x00000231c1120e80, 0x00000231c1122fb0,
0x00000231c1128bb0, 0x00000231c1129f60, 0x00000231c112e810, 0x00000231c112fef0,
0x00000231c11321b0, 0x00000231c1138ce0, 0x00000231c54c4a00, 0x00000231c56c4a80,
0x00000231c56c4fc0, 0x00000231c5651f20, 0x00000231c689f010, 0x00000231c7c67780,
0x00000231c7c6a200
}

Java Threads: ( => current thread )
  0x000002319ddfa1a0 JavaThread "main" [_thread_in_native, id=9528, stack(0x000000c1d4400000,0x000000c1d4500000)]
  0x00000231c111e740 JavaThread "Reference Handler" daemon [_thread_blocked, id=6900, stack(0x000000c1d4b00000,0x000000c1d4c00000)]
  0x00000231c1120e80 JavaThread "Finalizer" daemon [_thread_blocked, id=12812, stack(0x000000c1d4c00000,0x000000c1d4d00000)]
  0x00000231c1122fb0 JavaThread "Signal Dispatcher" daemon [_thread_blocked, id=15160, stack(0x000000c1d4d00000,0x000000c1d4e00000)]
  0x00000231c1128bb0 JavaThread "Attach Listener" daemon [_thread_blocked, id=21108, stack(0x000000c1d4e00000,0x000000c1d4f00000)]
  0x00000231c1129f60 JavaThread "Service Thread" daemon [_thread_blocked, id=22372, stack(0x000000c1d4f00000,0x000000c1d5000000)]
  0x00000231c112e810 JavaThread "Monitor Deflation Thread" daemon [_thread_blocked, id=12160, stack(0x000000c1d5000000,0x000000c1d5100000)]
  0x00000231c112fef0 JavaThread "C2 CompilerThread0" daemon [_thread_blocked, id=5692, stack(0x000000c1d5100000,0x000000c1d5200000)]
  0x00000231c11321b0 JavaThread "C1 CompilerThread0" daemon [_thread_blocked, id=2144, stack(0x000000c1d5200000,0x000000c1d5300000)]
  0x00000231c1138ce0 JavaThread "Sweeper thread" daemon [_thread_blocked, id=15136, stack(0x000000c1d5300000,0x000000c1d5400000)]
  0x00000231c54c4a00 JavaThread "Common-Cleaner" daemon [_thread_blocked, id=10300, stack(0x000000c1d5400000,0x000000c1d5500000)]
  0x00000231c56c4a80 JavaThread "Monitor Ctrl-Break" daemon [_thread_in_native, id=24932, stack(0x000000c1d5500000,0x000000c1d5600000)]
  0x00000231c56c4fc0 JavaThread "Notification Thread" daemon [_thread_blocked, id=16848, stack(0x000000c1d5600000,0x000000c1d5700000)]
  0x00000231c5651f20 JavaThread "mysql-cj-abandoned-connection-cleanup" daemon [_thread_blocked, id=22680, stack(0x000000c1d5800000,0x000000c1d5900000)]
  0x00000231c689f010 JavaThread "Hibernate Connection Pool Validation Thread" daemon [_thread_blocked, id=20692, stack(0x000000c1d6100000,0x000000c1d6200000)]
  0x00000231c7c67780 JavaThread "Thread-0" [_thread_blocked, id=13908, stack(0x000000c1d6300000,0x000000c1d6400000)]
  0x00000231c7c6a200 JavaThread "Java2D Disposer" daemon [_thread_blocked, id=14916, stack(0x000000c1d6500000,0x000000c1d6600000)]

Other Threads:
=>0x00000231c1104120 VMThread "VM Thread" [stack: 0x000000c1d4a00000,0x000000c1d4b00000] [id=13048]
  0x00000231c5642da0 WatcherThread "VM Periodic Task Thread" [stack: 0x000000c1d5700000,0x000000c1d5800000] [id=19168]
  0x000002319de69a70 WorkerThread "GC Thread#0" [stack: 0x000000c1d4500000,0x000000c1d4600000] [id=16580]
  0x00000231c5c0cac0 WorkerThread "GC Thread#1" [stack: 0x000000c1d5900000,0x000000c1d5a00000] [id=12256]
  0x00000231c5c0cd90 WorkerThread "GC Thread#2" [stack: 0x000000c1d5a00000,0x000000c1d5b00000] [id=2936]
  0x00000231c638fdf0 WorkerThread "GC Thread#3" [stack: 0x000000c1d5b00000,0x000000c1d5c00000] [id=22984]
  0x00000231c63900c0 WorkerThread "GC Thread#4" [stack: 0x000000c1d5c00000,0x000000c1d5d00000] [id=25180]
  0x00000231c638e770 WorkerThread "GC Thread#5" [stack: 0x000000c1d5d00000,0x000000c1d5e00000] [id=16640]
  0x00000231c638f2b0 WorkerThread "GC Thread#6" [stack: 0x000000c1d5e00000,0x000000c1d5f00000] [id=21100]
  0x00000231c638ed10 WorkerThread "GC Thread#7" [stack: 0x000000c1d5f00000,0x000000c1d6000000] [id=25216]
  0x000002319de7a940 ConcurrentGCThread "G1 Main Marker" [stack: 0x000000c1d4600000,0x000000c1d4700000] [id=1932]
  0x000002319de7bb10 WorkerThread "G1 Conc#0" [stack: 0x000000c1d4700000,0x000000c1d4800000] [id=1684]
  0x00000231c638efe0 WorkerThread "G1 Conc#1" [stack: 0x000000c1d6200000,0x000000c1d6300000] [id=2996]
  0x000002319debe990 ConcurrentGCThread "G1 Refine#0" [stack: 0x000000c1d4800000,0x000000c1d4900000] [id=3780]
  0x00000231c0fc26b0 ConcurrentGCThread "G1 Service" [stack: 0x000000c1d4900000,0x000000c1d4a00000] [id=19188]

Threads with active compile tasks:

VM state: at safepoint (normal execution)

VM Mutex/Monitor currently owned by a thread:  ([mutex/lock_event])
[0x000002319ddf8000] Threads_lock - owner thread: 0x00000231c1104120
[0x000002319ddf79d0] Heap_lock - owner thread: 0x00000231c7c67780

Heap address: 0x0000000703000000, size: 4048 MB, Compressed Oops mode: Zero based, Oop shift amount: 3

CDS archive(s) mapped at: [0x0000000800000000-0x0000000800c40000-0x0000000800c40000), size 12845056, SharedBaseAddress: 0x0000000800000000, ArchiveRelocationMode: 0.
Compressed class space mapped at: 0x0000000801000000-0x0000000841000000, reserved size: 1073741824
Narrow klass base: 0x0000000800000000, Narrow klass shift: 0, Narrow klass range: 0x100000000

GC Precious Log:
 CardTable entry size: 512
 Card Set container configuration: InlinePtr #cards 4 size 8 Array Of Cards #cards 8 size 32 Howl #buckets 8 coarsen threshold 3686 Howl Bitmap #cards 512 size 80 coarsen threshold 460 Card regions per heap region 1 cards per card region 4096
 CPUs: 8 total, 8 available
 Memory: 16189M
 Large Page Support: Disabled
 NUMA Support: Disabled
 Compressed Oops: Enabled (Zero based)
 Heap Region Size: 2M
 Heap Min Capacity: 8M
 Heap Initial Capacity: 254M
 Heap Max Capacity: 4048M
 Pre-touch: Disabled
 Parallel Workers: 8
 Concurrent Workers: 2
 Concurrent Refinement Workers: 8
 Periodic GC: Disabled

Heap:
 garbage-first heap   total 659456K, used 26576K [0x0000000703000000, 0x0000000800000000)
  region size 2048K, 1 young (2048K), 1 survivors (2048K)
 Metaspace       used 41127K, committed 41472K, reserved 1114112K
  class space    used 5164K, committed 5312K, reserved 1048576K

Heap Regions: E=young(eden), S=young(survivor), O=old, HS=humongous(starts), HC=humongous(continues), CS=collection set, F=free, OA=open archive, CA=closed archive, TAMS=top-at-mark-start (previous, next)
|   0|0x0000000703000000, 0x0000000703200000, 0x0000000703200000|100%| O|  |TAMS 0x0000000703200000, 0x0000000703000000| Untracked 
|   1|0x0000000703200000, 0x0000000703400000, 0x0000000703400000|100%| O|  |TAMS 0x0000000703400000, 0x0000000703200000| Untracked 
|   2|0x0000000703400000, 0x0000000703600000, 0x0000000703600000|100%| O|  |TAMS 0x0000000703600000, 0x0000000703400000| Untracked 
|   3|0x0000000703600000, 0x0000000703800000, 0x0000000703800000|100%| O|  |TAMS 0x0000000703800000, 0x0000000703600000| Untracked 
|   4|0x0000000703800000, 0x0000000703a00000, 0x0000000703a00000|100%| O|  |TAMS 0x0000000703a00000, 0x0000000703800000| Untracked 
|   5|0x0000000703a00000, 0x0000000703bee200, 0x0000000703c00000| 96%| O|  |TAMS 0x0000000703a00000, 0x0000000703a00000| Untracked 
|   6|0x0000000703c00000, 0x0000000703e00000, 0x0000000703e00000|100%| O|  |TAMS 0x0000000703e00000, 0x0000000703c00000| Untracked 
|   7|0x0000000703e00000, 0x0000000704000000, 0x0000000704000000|100%| O|  |TAMS 0x0000000703f45400, 0x0000000703e00000| Untracked 
|   8|0x0000000704000000, 0x0000000704200000, 0x0000000704200000|100%| O|  |TAMS 0x0000000704000000, 0x0000000704000000| Untracked 
|   9|0x0000000704200000, 0x0000000704200000, 0x0000000704400000|  0%| F|  |TAMS 0x0000000704200000, 0x0000000704200000| Untracked 
|  10|0x0000000704400000, 0x0000000704600000, 0x0000000704600000|100%| O|  |TAMS 0x0000000704400000, 0x0000000704400000| Untracked 
|  11|0x0000000704600000, 0x0000000704800000, 0x0000000704800000|100%| O|  |TAMS 0x0000000704600000, 0x0000000704600000| Untracked 
|  12|0x0000000704800000, 0x0000000704800000, 0x0000000704a00000|  0%| F|  |TAMS 0x0000000704800000, 0x0000000704800000| Untracked 
|  13|0x0000000704a00000, 0x0000000704a00000, 0x0000000704c00000|  0%| F|  |TAMS 0x0000000704a00000, 0x0000000704a00000| Untracked 
|  14|0x0000000704c00000, 0x0000000704c00000, 0x0000000704e00000|  0%| F|  |TAMS 0x0000000704c00000, 0x0000000704c00000| Untracked 
|  15|0x0000000704e00000, 0x0000000704e00000, 0x0000000705000000|  0%| F|  |TAMS 0x0000000704e00000, 0x0000000704e00000| Untracked 
|  16|0x0000000705000000, 0x0000000705000000, 0x0000000705200000|  0%| F|  |TAMS 0x0000000705000000, 0x0000000705000000| Untracked 
|  17|0x0000000705200000, 0x0000000705200000, 0x0000000705400000|  0%| F|  |TAMS 0x0000000705200000, 0x0000000705200000| Untracked 
|  18|0x0000000705400000, 0x0000000705400000, 0x0000000705600000|  0%| F|  |TAMS 0x0000000705400000, 0x0000000705400000| Untracked 
|  19|0x0000000705600000, 0x0000000705600000, 0x0000000705800000|  0%| F|  |TAMS 0x0000000705600000, 0x0000000705600000| Untracked 
|  20|0x0000000705800000, 0x0000000705800000, 0x0000000705a00000|  0%| F|  |TAMS 0x0000000705800000, 0x0000000705800000| Untracked 
|  21|0x0000000705a00000, 0x0000000705a00000, 0x0000000705c00000|  0%| F|  |TAMS 0x0000000705a00000, 0x0000000705a00000| Untracked 
|  22|0x0000000705c00000, 0x0000000705e00000, 0x0000000705e00000|100%|HS|  |TAMS 0x0000000705c00000, 0x0000000705c00000| Complete 
|  23|0x0000000705e00000, 0x0000000706000000, 0x0000000706000000|100%|HC|  |TAMS 0x0000000705e00000, 0x0000000705e00000| Complete 
|  24|0x0000000706000000, 0x0000000706000000, 0x0000000706200000|  0%| F|  |TAMS 0x0000000706000000, 0x0000000706000000| Untracked 
|  25|0x0000000706200000, 0x0000000706200000, 0x0000000706400000|  0%| F|  |TAMS 0x0000000706200000, 0x0000000706200000| Untracked 
|  26|0x0000000706400000, 0x0000000706400000, 0x0000000706600000|  0%| F|  |TAMS 0x0000000706400000, 0x0000000706400000| Untracked 
|  27|0x0000000706600000, 0x0000000706600000, 0x0000000706800000|  0%| F|  |TAMS 0x0000000706600000, 0x0000000706600000| Untracked 
|  28|0x0000000706800000, 0x0000000706800000, 0x0000000706a00000|  0%| F|  |TAMS 0x0000000706800000, 0x0000000706800000| Untracked 
|  29|0x0000000706a00000, 0x0000000706a00000, 0x0000000706c00000|  0%| F|  |TAMS 0x0000000706a00000, 0x0000000706a00000| Untracked 
|  30|0x0000000706c00000, 0x0000000706c00000, 0x0000000706e00000|  0%| F|  |TAMS 0x0000000706c00000, 0x0000000706c00000| Untracked 
|  31|0x0000000706e00000, 0x0000000706e00000, 0x0000000707000000|  0%| F|  |TAMS 0x0000000706e00000, 0x0000000706e00000| Untracked 
|  32|0x0000000707000000, 0x0000000707000000, 0x0000000707200000|  0%| F|  |TAMS 0x0000000707000000, 0x0000000707000000| Untracked 
|  33|0x0000000707200000, 0x0000000707200000, 0x0000000707400000|  0%| F|  |TAMS 0x0000000707200000, 0x0000000707200000| Untracked 
|  34|0x0000000707400000, 0x0000000707400000, 0x0000000707600000|  0%| F|  |TAMS 0x0000000707400000, 0x0000000707400000| Untracked 
|  35|0x0000000707600000, 0x0000000707600000, 0x0000000707800000|  0%| F|  |TAMS 0x0000000707600000, 0x0000000707600000| Untracked 
|  36|0x0000000707800000, 0x0000000707800000, 0x0000000707a00000|  0%| F|  |TAMS 0x0000000707800000, 0x0000000707800000| Untracked 
|  37|0x0000000707a00000, 0x0000000707a00000, 0x0000000707c00000|  0%| F|  |TAMS 0x0000000707a00000, 0x0000000707a00000| Untracked 
|  38|0x0000000707c00000, 0x0000000707c00000, 0x0000000707e00000|  0%| F|  |TAMS 0x0000000707c00000, 0x0000000707c00000| Untracked 
|  39|0x0000000707e00000, 0x0000000707e00000, 0x0000000708000000|  0%| F|  |TAMS 0x0000000707e00000, 0x0000000707e00000| Untracked 
|  40|0x0000000708000000, 0x0000000708000000, 0x0000000708200000|  0%| F|  |TAMS 0x0000000708000000, 0x0000000708000000| Untracked 
|  41|0x0000000708200000, 0x0000000708200000, 0x0000000708400000|  0%| F|  |TAMS 0x0000000708200000, 0x0000000708200000| Untracked 
|  42|0x0000000708400000, 0x0000000708400000, 0x0000000708600000|  0%| F|  |TAMS 0x0000000708400000, 0x0000000708400000| Untracked 
|  43|0x0000000708600000, 0x0000000708600000, 0x0000000708800000|  0%| F|  |TAMS 0x0000000708600000, 0x0000000708600000| Untracked 
|  44|0x0000000708800000, 0x0000000708800000, 0x0000000708a00000|  0%| F|  |TAMS 0x0000000708800000, 0x0000000708800000| Untracked 
|  45|0x0000000708a00000, 0x0000000708a00000, 0x0000000708c00000|  0%| F|  |TAMS 0x0000000708a00000, 0x0000000708a00000| Untracked 
|  46|0x0000000708c00000, 0x0000000708c00000, 0x0000000708e00000|  0%| F|  |TAMS 0x0000000708c00000, 0x0000000708c00000| Untracked 
|  47|0x0000000708e00000, 0x0000000708e00000, 0x0000000709000000|  0%| F|  |TAMS 0x0000000708e00000, 0x0000000708e00000| Untracked 
|  48|0x0000000709000000, 0x0000000709000000, 0x0000000709200000|  0%| F|  |TAMS 0x0000000709000000, 0x0000000709000000| Untracked 
|  49|0x0000000709200000, 0x0000000709200000, 0x0000000709400000|  0%| F|  |TAMS 0x0000000709200000, 0x0000000709200000| Untracked 
|  50|0x0000000709400000, 0x0000000709400000, 0x0000000709600000|  0%| F|  |TAMS 0x0000000709400000, 0x0000000709400000| Untracked 
|  51|0x0000000709600000, 0x0000000709600000, 0x0000000709800000|  0%| F|  |TAMS 0x0000000709600000, 0x0000000709600000| Untracked 
|  52|0x0000000709800000, 0x0000000709800000, 0x0000000709a00000|  0%| F|  |TAMS 0x0000000709800000, 0x0000000709800000| Untracked 
|  53|0x0000000709a00000, 0x0000000709a00000, 0x0000000709c00000|  0%| F|  |TAMS 0x0000000709a00000, 0x0000000709a00000| Untracked 
|  54|0x0000000709c00000, 0x0000000709c00000, 0x0000000709e00000|  0%| F|  |TAMS 0x0000000709c00000, 0x0000000709c00000| Untracked 
|  55|0x0000000709e00000, 0x0000000709e00000, 0x000000070a000000|  0%| F|  |TAMS 0x0000000709e00000, 0x0000000709e00000| Untracked 
|  56|0x000000070a000000, 0x000000070a000000, 0x000000070a200000|  0%| F|  |TAMS 0x000000070a000000, 0x000000070a000000| Untracked 
|  57|0x000000070a200000, 0x000000070a200000, 0x000000070a400000|  0%| F|  |TAMS 0x000000070a200000, 0x000000070a200000| Untracked 
|  58|0x000000070a400000, 0x000000070a400000, 0x000000070a600000|  0%| F|  |TAMS 0x000000070a400000, 0x000000070a400000| Untracked 
|  59|0x000000070a600000, 0x000000070a600000, 0x000000070a800000|  0%| F|  |TAMS 0x000000070a600000, 0x000000070a600000| Untracked 
|  60|0x000000070a800000, 0x000000070a800000, 0x000000070aa00000|  0%| F|  |TAMS 0x000000070a800000, 0x000000070a800000| Untracked 
|  61|0x000000070aa00000, 0x000000070aa00000, 0x000000070ac00000|  0%| F|  |TAMS 0x000000070aa00000, 0x000000070aa00000| Untracked 
|  62|0x000000070ac00000, 0x000000070ac00000, 0x000000070ae00000|  0%| F|  |TAMS 0x000000070ac00000, 0x000000070ac00000| Untracked 
|  63|0x000000070ae00000, 0x000000070ae00000, 0x000000070b000000|  0%| F|  |TAMS 0x000000070ae00000, 0x000000070ae00000| Untracked 
|  64|0x000000070b000000, 0x000000070b000000, 0x000000070b200000|  0%| F|  |TAMS 0x000000070b000000, 0x000000070b000000| Untracked 
|  65|0x000000070b200000, 0x000000070b200000, 0x000000070b400000|  0%| F|  |TAMS 0x000000070b200000, 0x000000070b200000| Untracked 
|  66|0x000000070b400000, 0x000000070b400000, 0x000000070b600000|  0%| F|  |TAMS 0x000000070b400000, 0x000000070b400000| Untracked 
|  67|0x000000070b600000, 0x000000070b600000, 0x000000070b800000|  0%| F|  |TAMS 0x000000070b600000, 0x000000070b600000| Untracked 
|  68|0x000000070b800000, 0x000000070b800000, 0x000000070ba00000|  0%| F|  |TAMS 0x000000070b800000, 0x000000070b800000| Untracked 
|  69|0x000000070ba00000, 0x000000070ba00000, 0x000000070bc00000|  0%| F|  |TAMS 0x000000070ba00000, 0x000000070ba00000| Untracked 
|  70|0x000000070bc00000, 0x000000070bc00000, 0x000000070be00000|  0%| F|  |TAMS 0x000000070bc00000, 0x000000070bc00000| Untracked 
|  71|0x000000070be00000, 0x000000070be00000, 0x000000070c000000|  0%| F|  |TAMS 0x000000070be00000, 0x000000070be00000| Untracked 
|  72|0x000000070c000000, 0x000000070c000000, 0x000000070c200000|  0%| F|  |TAMS 0x000000070c000000, 0x000000070c000000| Untracked 
|  73|0x000000070c200000, 0x000000070c200000, 0x000000070c400000|  0%| F|  |TAMS 0x000000070c200000, 0x000000070c200000| Untracked 
|  74|0x000000070c400000, 0x000000070c400000, 0x000000070c600000|  0%| F|  |TAMS 0x000000070c400000, 0x000000070c400000| Untracked 
|  75|0x000000070c600000, 0x000000070c600000, 0x000000070c800000|  0%| F|  |TAMS 0x000000070c600000, 0x000000070c600000| Untracked 
|  76|0x000000070c800000, 0x000000070c800000, 0x000000070ca00000|  0%| F|  |TAMS 0x000000070c800000, 0x000000070c800000| Untracked 
|  77|0x000000070ca00000, 0x000000070ca00000, 0x000000070cc00000|  0%| F|  |TAMS 0x000000070ca00000, 0x000000070ca00000| Untracked 
|  78|0x000000070cc00000, 0x000000070cc00000, 0x000000070ce00000|  0%| F|  |TAMS 0x000000070cc00000, 0x000000070cc00000| Untracked 
|  79|0x000000070ce00000, 0x000000070ce00000, 0x000000070d000000|  0%| F|  |TAMS 0x000000070ce00000, 0x000000070ce00000| Untracked 
|  80|0x000000070d000000, 0x000000070d000000, 0x000000070d200000|  0%| F|  |TAMS 0x000000070d000000, 0x000000070d000000| Untracked 
|  81|0x000000070d200000, 0x000000070d200000, 0x000000070d400000|  0%| F|  |TAMS 0x000000070d200000, 0x000000070d200000| Untracked 
|  82|0x000000070d400000, 0x000000070d400000, 0x000000070d600000|  0%| F|  |TAMS 0x000000070d400000, 0x000000070d400000| Untracked 
|  83|0x000000070d600000, 0x000000070d600000, 0x000000070d800000|  0%| F|  |TAMS 0x000000070d600000, 0x000000070d600000| Untracked 
|  84|0x000000070d800000, 0x000000070d800000, 0x000000070da00000|  0%| F|  |TAMS 0x000000070d800000, 0x000000070d800000| Untracked 
|  85|0x000000070da00000, 0x000000070da00000, 0x000000070dc00000|  0%| F|  |TAMS 0x000000070da00000, 0x000000070da00000| Untracked 
|  86|0x000000070dc00000, 0x000000070dc00000, 0x000000070de00000|  0%| F|  |TAMS 0x000000070dc00000, 0x000000070dc00000| Untracked 
|  87|0x000000070de00000, 0x000000070de00000, 0x000000070e000000|  0%| F|  |TAMS 0x000000070de00000, 0x000000070de00000| Untracked 
|  88|0x000000070e000000, 0x000000070e000000, 0x000000070e200000|  0%| F|  |TAMS 0x000000070e000000, 0x000000070e000000| Untracked 
|  89|0x000000070e200000, 0x000000070e200000, 0x000000070e400000|  0%| F|  |TAMS 0x000000070e200000, 0x000000070e200000| Untracked 
|  90|0x000000070e400000, 0x000000070e400000, 0x000000070e600000|  0%| F|  |TAMS 0x000000070e400000, 0x000000070e400000| Untracked 
|  91|0x000000070e600000, 0x000000070e600000, 0x000000070e800000|  0%| F|  |TAMS 0x000000070e600000, 0x000000070e600000| Untracked 
|  92|0x000000070e800000, 0x000000070e800000, 0x000000070ea00000|  0%| F|  |TAMS 0x000000070e800000, 0x000000070e800000| Untracked 
|  93|0x000000070ea00000, 0x000000070ea00000, 0x000000070ec00000|  0%| F|  |TAMS 0x000000070ea00000, 0x000000070ea00000| Untracked 
|  94|0x000000070ec00000, 0x000000070ec00000, 0x000000070ee00000|  0%| F|  |TAMS 0x000000070ec00000, 0x000000070ec00000| Untracked 
|  95|0x000000070ee00000, 0x000000070ee00000, 0x000000070f000000|  0%| F|  |TAMS 0x000000070ee00000, 0x000000070ee00000| Untracked 
|  96|0x000000070f000000, 0x000000070f000000, 0x000000070f200000|  0%| F|  |TAMS 0x000000070f000000, 0x000000070f000000| Untracked 
|  97|0x000000070f200000, 0x000000070f200000, 0x000000070f400000|  0%| F|  |TAMS 0x000000070f200000, 0x000000070f200000| Untracked 
|  98|0x000000070f400000, 0x000000070f400000, 0x000000070f600000|  0%| F|  |TAMS 0x000000070f400000, 0x000000070f400000| Untracked 
|  99|0x000000070f600000, 0x000000070f600000, 0x000000070f800000|  0%| F|  |TAMS 0x000000070f600000, 0x000000070f600000| Untracked 
| 100|0x000000070f800000, 0x000000070f800000, 0x000000070fa00000|  0%| F|  |TAMS 0x000000070f800000, 0x000000070f800000| Untracked 
| 101|0x000000070fa00000, 0x000000070fa00000, 0x000000070fc00000|  0%| F|  |TAMS 0x000000070fa00000, 0x000000070fa00000| Untracked 
| 102|0x000000070fc00000, 0x000000070fc00000, 0x000000070fe00000|  0%| F|  |TAMS 0x000000070fc00000, 0x000000070fc00000| Untracked 
| 103|0x000000070fe00000, 0x000000070fe00000, 0x0000000710000000|  0%| F|  |TAMS 0x000000070fe00000, 0x000000070fe00000| Untracked 
| 104|0x0000000710000000, 0x0000000710000000, 0x0000000710200000|  0%| F|  |TAMS 0x0000000710000000, 0x0000000710000000| Untracked 
| 105|0x0000000710200000, 0x0000000710200000, 0x0000000710400000|  0%| F|  |TAMS 0x0000000710200000, 0x0000000710200000| Untracked 
| 106|0x0000000710400000, 0x0000000710400000, 0x0000000710600000|  0%| F|  |TAMS 0x0000000710400000, 0x0000000710400000| Untracked 
| 107|0x0000000710600000, 0x0000000710600000, 0x0000000710800000|  0%| F|  |TAMS 0x0000000710600000, 0x0000000710600000| Untracked 
| 108|0x0000000710800000, 0x0000000710800000, 0x0000000710a00000|  0%| F|  |TAMS 0x0000000710800000, 0x0000000710800000| Untracked 
| 109|0x0000000710a00000, 0x0000000710a00000, 0x0000000710c00000|  0%| F|  |TAMS 0x0000000710a00000, 0x0000000710a00000| Untracked 
| 110|0x0000000710c00000, 0x0000000710c00000, 0x0000000710e00000|  0%| F|  |TAMS 0x0000000710c00000, 0x0000000710c00000| Untracked 
| 111|0x0000000710e00000, 0x0000000710e00000, 0x0000000711000000|  0%| F|  |TAMS 0x0000000710e00000, 0x0000000710e00000| Untracked 
| 112|0x0000000711000000, 0x0000000711000000, 0x0000000711200000|  0%| F|  |TAMS 0x0000000711000000, 0x0000000711000000| Untracked 
| 113|0x0000000711200000, 0x0000000711200000, 0x0000000711400000|  0%| F|  |TAMS 0x0000000711200000, 0x0000000711200000| Untracked 
| 114|0x0000000711400000, 0x0000000711400000, 0x0000000711600000|  0%| F|  |TAMS 0x0000000711400000, 0x0000000711400000| Untracked 
| 115|0x0000000711600000, 0x0000000711600000, 0x0000000711800000|  0%| F|  |TAMS 0x0000000711600000, 0x0000000711600000| Untracked 
| 116|0x0000000711800000, 0x0000000711800000, 0x0000000711a00000|  0%| F|  |TAMS 0x0000000711800000, 0x0000000711800000| Untracked 
| 117|0x0000000711a00000, 0x0000000711a00000, 0x0000000711c00000|  0%| F|  |TAMS 0x0000000711a00000, 0x0000000711a00000| Untracked 
| 118|0x0000000711c00000, 0x0000000711c00000, 0x0000000711e00000|  0%| F|  |TAMS 0x0000000711c00000, 0x0000000711c00000| Untracked 
| 119|0x0000000711e00000, 0x0000000711e00000, 0x0000000712000000|  0%| F|  |TAMS 0x0000000711e00000, 0x0000000711e00000| Untracked 
| 120|0x0000000712000000, 0x0000000712000000, 0x0000000712200000|  0%| F|  |TAMS 0x0000000712000000, 0x0000000712000000| Untracked 
| 121|0x0000000712200000, 0x0000000712200000, 0x0000000712400000|  0%| F|  |TAMS 0x0000000712200000, 0x0000000712200000| Untracked 
| 122|0x0000000712400000, 0x0000000712400000, 0x0000000712600000|  0%| F|  |TAMS 0x0000000712400000, 0x0000000712400000| Untracked 
| 123|0x0000000712600000, 0x0000000712600000, 0x0000000712800000|  0%| F|  |TAMS 0x0000000712600000, 0x0000000712600000| Untracked 
| 124|0x0000000712800000, 0x0000000712800000, 0x0000000712a00000|  0%| F|  |TAMS 0x0000000712800000, 0x0000000712800000| Untracked 
| 125|0x0000000712a00000, 0x0000000712a00000, 0x0000000712c00000|  0%| F|  |TAMS 0x0000000712a00000, 0x0000000712a00000| Untracked 
| 126|0x0000000712c00000, 0x0000000712c00000, 0x0000000712e00000|  0%| F|  |TAMS 0x0000000712c00000, 0x0000000712c00000| Untracked 
| 127|0x0000000712e00000, 0x0000000712e00000, 0x0000000713000000|  0%| F|  |TAMS 0x0000000712e00000, 0x0000000712e00000| Untracked 
| 128|0x0000000713000000, 0x0000000713005e38, 0x0000000713200000|  1%| S|CS|TAMS 0x0000000713000000, 0x0000000713000000| Complete 
| 129|0x0000000713200000, 0x0000000713200000, 0x0000000713400000|  0%| F|  |TAMS 0x0000000713200000, 0x0000000713200000| Untracked 
| 130|0x0000000713400000, 0x0000000713400000, 0x0000000713600000|  0%| F|  |TAMS 0x0000000713400000, 0x0000000713400000| Untracked 
| 131|0x0000000713600000, 0x0000000713600000, 0x0000000713800000|  0%| F|  |TAMS 0x0000000713600000, 0x0000000713600000| Untracked 
| 132|0x0000000713800000, 0x0000000713800000, 0x0000000713a00000|  0%| F|  |TAMS 0x0000000713800000, 0x0000000713800000| Untracked 
| 133|0x0000000713a00000, 0x0000000713a00000, 0x0000000713c00000|  0%| F|  |TAMS 0x0000000713a00000, 0x0000000713a00000| Untracked 
| 134|0x0000000713c00000, 0x0000000713c00000, 0x0000000713e00000|  0%| F|  |TAMS 0x0000000713c00000, 0x0000000713c00000| Untracked 
| 135|0x0000000713e00000, 0x0000000713e00000, 0x0000000714000000|  0%| F|  |TAMS 0x0000000713e00000, 0x0000000713e00000| Untracked 
| 136|0x0000000714000000, 0x0000000714000000, 0x0000000714200000|  0%| F|  |TAMS 0x0000000714000000, 0x0000000714000000| Untracked 
| 137|0x0000000714200000, 0x0000000714200000, 0x0000000714400000|  0%| F|  |TAMS 0x0000000714200000, 0x0000000714200000| Untracked 
| 138|0x0000000714400000, 0x0000000714400000, 0x0000000714600000|  0%| F|  |TAMS 0x0000000714400000, 0x0000000714400000| Untracked 
| 139|0x0000000714600000, 0x0000000714600000, 0x0000000714800000|  0%| F|  |TAMS 0x0000000714600000, 0x0000000714600000| Untracked 
| 140|0x0000000714800000, 0x0000000714800000, 0x0000000714a00000|  0%| F|  |TAMS 0x0000000714800000, 0x0000000714800000| Untracked 
| 141|0x0000000714a00000, 0x0000000714a00000, 0x0000000714c00000|  0%| F|  |TAMS 0x0000000714a00000, 0x0000000714a00000| Untracked 
| 142|0x0000000714c00000, 0x0000000714c00000, 0x0000000714e00000|  0%| F|  |TAMS 0x0000000714c00000, 0x0000000714c00000| Untracked 
| 143|0x0000000714e00000, 0x0000000714e00000, 0x0000000715000000|  0%| F|  |TAMS 0x0000000714e00000, 0x0000000714e00000| Untracked 
| 144|0x0000000715000000, 0x0000000715000000, 0x0000000715200000|  0%| F|  |TAMS 0x0000000715000000, 0x0000000715000000| Untracked 
| 145|0x0000000715200000, 0x0000000715200000, 0x0000000715400000|  0%| F|  |TAMS 0x0000000715200000, 0x0000000715200000| Untracked 
| 146|0x0000000715400000, 0x0000000715400000, 0x0000000715600000|  0%| F|  |TAMS 0x0000000715400000, 0x0000000715400000| Untracked 
| 147|0x0000000715600000, 0x0000000715600000, 0x0000000715800000|  0%| F|  |TAMS 0x0000000715600000, 0x0000000715600000| Untracked 
| 148|0x0000000715800000, 0x0000000715800000, 0x0000000715a00000|  0%| F|  |TAMS 0x0000000715800000, 0x0000000715800000| Untracked 
| 149|0x0000000715a00000, 0x0000000715a00000, 0x0000000715c00000|  0%| F|  |TAMS 0x0000000715a00000, 0x0000000715a00000| Untracked 
| 150|0x0000000715c00000, 0x0000000715c00000, 0x0000000715e00000|  0%| F|  |TAMS 0x0000000715c00000, 0x0000000715c00000| Untracked 
| 151|0x0000000715e00000, 0x0000000715e00000, 0x0000000716000000|  0%| F|  |TAMS 0x0000000715e00000, 0x0000000715e00000| Untracked 
| 152|0x0000000716000000, 0x0000000716000000, 0x0000000716200000|  0%| F|  |TAMS 0x0000000716000000, 0x0000000716000000| Untracked 
| 153|0x0000000716200000, 0x0000000716200000, 0x0000000716400000|  0%| F|  |TAMS 0x0000000716200000, 0x0000000716200000| Untracked 
| 154|0x0000000716400000, 0x0000000716400000, 0x0000000716600000|  0%| F|  |TAMS 0x0000000716400000, 0x0000000716400000| Untracked 
| 155|0x0000000716600000, 0x0000000716600000, 0x0000000716800000|  0%| F|  |TAMS 0x0000000716600000, 0x0000000716600000| Untracked 
| 156|0x0000000716800000, 0x0000000716800000, 0x0000000716a00000|  0%| F|  |TAMS 0x0000000716800000, 0x0000000716800000| Untracked 
| 157|0x0000000716a00000, 0x0000000716a00000, 0x0000000716c00000|  0%| F|  |TAMS 0x0000000716a00000, 0x0000000716a00000| Untracked 
| 158|0x0000000716c00000, 0x0000000716c00000, 0x0000000716e00000|  0%| F|  |TAMS 0x0000000716c00000, 0x0000000716c00000| Untracked 
| 159|0x0000000716e00000, 0x0000000716e00000, 0x0000000717000000|  0%| F|  |TAMS 0x0000000716e00000, 0x0000000716e00000| Untracked 
| 160|0x0000000717000000, 0x0000000717000000, 0x0000000717200000|  0%| F|  |TAMS 0x0000000717000000, 0x0000000717000000| Untracked 
| 161|0x0000000717200000, 0x0000000717200000, 0x0000000717400000|  0%| F|  |TAMS 0x0000000717200000, 0x0000000717200000| Untracked 
| 162|0x0000000717400000, 0x0000000717400000, 0x0000000717600000|  0%| F|  |TAMS 0x0000000717400000, 0x0000000717400000| Untracked 
| 163|0x0000000717600000, 0x0000000717600000, 0x0000000717800000|  0%| F|  |TAMS 0x0000000717600000, 0x0000000717600000| Untracked 
| 164|0x0000000717800000, 0x0000000717800000, 0x0000000717a00000|  0%| F|  |TAMS 0x0000000717800000, 0x0000000717800000| Untracked 
| 165|0x0000000717a00000, 0x0000000717a00000, 0x0000000717c00000|  0%| F|  |TAMS 0x0000000717a00000, 0x0000000717a00000| Untracked 
| 166|0x0000000717c00000, 0x0000000717c00000, 0x0000000717e00000|  0%| F|  |TAMS 0x0000000717c00000, 0x0000000717c00000| Untracked 
| 167|0x0000000717e00000, 0x0000000717e00000, 0x0000000718000000|  0%| F|  |TAMS 0x0000000717e00000, 0x0000000717e00000| Untracked 
| 168|0x0000000718000000, 0x0000000718000000, 0x0000000718200000|  0%| F|  |TAMS 0x0000000718000000, 0x0000000718000000| Untracked 
| 169|0x0000000718200000, 0x0000000718200000, 0x0000000718400000|  0%| F|  |TAMS 0x0000000718200000, 0x0000000718200000| Untracked 
| 170|0x0000000718400000, 0x0000000718400000, 0x0000000718600000|  0%| F|  |TAMS 0x0000000718400000, 0x0000000718400000| Untracked 
| 171|0x0000000718600000, 0x0000000718600000, 0x0000000718800000|  0%| F|  |TAMS 0x0000000718600000, 0x0000000718600000| Untracked 
| 172|0x0000000718800000, 0x0000000718800000, 0x0000000718a00000|  0%| F|  |TAMS 0x0000000718800000, 0x0000000718800000| Untracked 
| 173|0x0000000718a00000, 0x0000000718a00000, 0x0000000718c00000|  0%| F|  |TAMS 0x0000000718a00000, 0x0000000718a00000| Untracked 
| 174|0x0000000718c00000, 0x0000000718c00000, 0x0000000718e00000|  0%| F|  |TAMS 0x0000000718c00000, 0x0000000718c00000| Untracked 
| 175|0x0000000718e00000, 0x0000000718e00000, 0x0000000719000000|  0%| F|  |TAMS 0x0000000718e00000, 0x0000000718e00000| Untracked 
| 176|0x0000000719000000, 0x0000000719000000, 0x0000000719200000|  0%| F|  |TAMS 0x0000000719000000, 0x0000000719000000| Untracked 
| 177|0x0000000719200000, 0x0000000719200000, 0x0000000719400000|  0%| F|  |TAMS 0x0000000719200000, 0x0000000719200000| Untracked 
| 178|0x0000000719400000, 0x0000000719400000, 0x0000000719600000|  0%| F|  |TAMS 0x0000000719400000, 0x0000000719400000| Untracked 
| 179|0x0000000719600000, 0x0000000719600000, 0x0000000719800000|  0%| F|  |TAMS 0x0000000719600000, 0x0000000719600000| Untracked 
| 180|0x0000000719800000, 0x0000000719800000, 0x0000000719a00000|  0%| F|  |TAMS 0x0000000719800000, 0x0000000719800000| Untracked 
| 181|0x0000000719a00000, 0x0000000719a00000, 0x0000000719c00000|  0%| F|  |TAMS 0x0000000719a00000, 0x0000000719a00000| Untracked 
| 182|0x0000000719c00000, 0x0000000719c00000, 0x0000000719e00000|  0%| F|  |TAMS 0x0000000719c00000, 0x0000000719c00000| Untracked 
| 183|0x0000000719e00000, 0x0000000719e00000, 0x000000071a000000|  0%| F|  |TAMS 0x0000000719e00000, 0x0000000719e00000| Untracked 
| 184|0x000000071a000000, 0x000000071a000000, 0x000000071a200000|  0%| F|  |TAMS 0x000000071a000000, 0x000000071a000000| Untracked 
| 185|0x000000071a200000, 0x000000071a200000, 0x000000071a400000|  0%| F|  |TAMS 0x000000071a200000, 0x000000071a200000| Untracked 
| 186|0x000000071a400000, 0x000000071a400000, 0x000000071a600000|  0%| F|  |TAMS 0x000000071a400000, 0x000000071a400000| Untracked 
| 187|0x000000071a600000, 0x000000071a600000, 0x000000071a800000|  0%| F|  |TAMS 0x000000071a600000, 0x000000071a600000| Untracked 
| 188|0x000000071a800000, 0x000000071a800000, 0x000000071aa00000|  0%| F|  |TAMS 0x000000071a800000, 0x000000071a800000| Untracked 
| 189|0x000000071aa00000, 0x000000071aa00000, 0x000000071ac00000|  0%| F|  |TAMS 0x000000071aa00000, 0x000000071aa00000| Untracked 
| 190|0x000000071ac00000, 0x000000071ac00000, 0x000000071ae00000|  0%| F|  |TAMS 0x000000071ac00000, 0x000000071ac00000| Untracked 
| 191|0x000000071ae00000, 0x000000071ae00000, 0x000000071b000000|  0%| F|  |TAMS 0x000000071ae00000, 0x000000071ae00000| Untracked 
| 192|0x000000071b000000, 0x000000071b000000, 0x000000071b200000|  0%| F|  |TAMS 0x000000071b000000, 0x000000071b000000| Untracked 
| 193|0x000000071b200000, 0x000000071b200000, 0x000000071b400000|  0%| F|  |TAMS 0x000000071b200000, 0x000000071b200000| Untracked 
| 194|0x000000071b400000, 0x000000071b400000, 0x000000071b600000|  0%| F|  |TAMS 0x000000071b400000, 0x000000071b400000| Untracked 
| 195|0x000000071b600000, 0x000000071b600000, 0x000000071b800000|  0%| F|  |TAMS 0x000000071b600000, 0x000000071b600000| Untracked 
| 196|0x000000071b800000, 0x000000071b800000, 0x000000071ba00000|  0%| F|  |TAMS 0x000000071b800000, 0x000000071b800000| Untracked 
| 197|0x000000071ba00000, 0x000000071ba00000, 0x000000071bc00000|  0%| F|  |TAMS 0x000000071ba00000, 0x000000071ba00000| Untracked 
| 198|0x000000071bc00000, 0x000000071bc00000, 0x000000071be00000|  0%| F|  |TAMS 0x000000071bc00000, 0x000000071bc00000| Untracked 
| 199|0x000000071be00000, 0x000000071be00000, 0x000000071c000000|  0%| F|  |TAMS 0x000000071be00000, 0x000000071be00000| Untracked 
| 200|0x000000071c000000, 0x000000071c000000, 0x000000071c200000|  0%| F|  |TAMS 0x000000071c000000, 0x000000071c000000| Untracked 
| 201|0x000000071c200000, 0x000000071c200000, 0x000000071c400000|  0%| F|  |TAMS 0x000000071c200000, 0x000000071c200000| Untracked 
| 202|0x000000071c400000, 0x000000071c400000, 0x000000071c600000|  0%| F|  |TAMS 0x000000071c400000, 0x000000071c400000| Untracked 
| 203|0x000000071c600000, 0x000000071c600000, 0x000000071c800000|  0%| F|  |TAMS 0x000000071c600000, 0x000000071c600000| Untracked 
| 204|0x000000071c800000, 0x000000071c800000, 0x000000071ca00000|  0%| F|  |TAMS 0x000000071c800000, 0x000000071c800000| Untracked 
| 205|0x000000071ca00000, 0x000000071ca00000, 0x000000071cc00000|  0%| F|  |TAMS 0x000000071ca00000, 0x000000071ca00000| Untracked 
| 206|0x000000071cc00000, 0x000000071cc00000, 0x000000071ce00000|  0%| F|  |TAMS 0x000000071cc00000, 0x000000071cc00000| Untracked 
| 207|0x000000071ce00000, 0x000000071ce00000, 0x000000071d000000|  0%| F|  |TAMS 0x000000071ce00000, 0x000000071ce00000| Untracked 
| 208|0x000000071d000000, 0x000000071d000000, 0x000000071d200000|  0%| F|  |TAMS 0x000000071d000000, 0x000000071d000000| Untracked 
| 209|0x000000071d200000, 0x000000071d200000, 0x000000071d400000|  0%| F|  |TAMS 0x000000071d200000, 0x000000071d200000| Untracked 
| 210|0x000000071d400000, 0x000000071d400000, 0x000000071d600000|  0%| F|  |TAMS 0x000000071d400000, 0x000000071d400000| Untracked 
| 211|0x000000071d600000, 0x000000071d600000, 0x000000071d800000|  0%| F|  |TAMS 0x000000071d600000, 0x000000071d600000| Untracked 
| 212|0x000000071d800000, 0x000000071d800000, 0x000000071da00000|  0%| F|  |TAMS 0x000000071d800000, 0x000000071d800000| Untracked 
| 213|0x000000071da00000, 0x000000071da00000, 0x000000071dc00000|  0%| F|  |TAMS 0x000000071da00000, 0x000000071da00000| Untracked 
| 214|0x000000071dc00000, 0x000000071dc00000, 0x000000071de00000|  0%| F|  |TAMS 0x000000071dc00000, 0x000000071dc00000| Untracked 
| 215|0x000000071de00000, 0x000000071de00000, 0x000000071e000000|  0%| F|  |TAMS 0x000000071de00000, 0x000000071de00000| Untracked 
| 216|0x000000071e000000, 0x000000071e000000, 0x000000071e200000|  0%| F|  |TAMS 0x000000071e000000, 0x000000071e000000| Untracked 
| 217|0x000000071e200000, 0x000000071e200000, 0x000000071e400000|  0%| F|  |TAMS 0x000000071e200000, 0x000000071e200000| Untracked 
| 218|0x000000071e400000, 0x000000071e400000, 0x000000071e600000|  0%| F|  |TAMS 0x000000071e400000, 0x000000071e400000| Untracked 
| 219|0x000000071e600000, 0x000000071e600000, 0x000000071e800000|  0%| F|  |TAMS 0x000000071e600000, 0x000000071e600000| Untracked 
| 220|0x000000071e800000, 0x000000071e800000, 0x000000071ea00000|  0%| F|  |TAMS 0x000000071e800000, 0x000000071e800000| Untracked 
| 221|0x000000071ea00000, 0x000000071ea00000, 0x000000071ec00000|  0%| F|  |TAMS 0x000000071ea00000, 0x000000071ea00000| Untracked 
| 222|0x000000071ec00000, 0x000000071ec00000, 0x000000071ee00000|  0%| F|  |TAMS 0x000000071ec00000, 0x000000071ec00000| Untracked 
| 223|0x000000071ee00000, 0x000000071ee00000, 0x000000071f000000|  0%| F|  |TAMS 0x000000071ee00000, 0x000000071ee00000| Untracked 
| 224|0x000000071f000000, 0x000000071f000000, 0x000000071f200000|  0%| F|  |TAMS 0x000000071f000000, 0x000000071f000000| Untracked 
| 225|0x000000071f200000, 0x000000071f200000, 0x000000071f400000|  0%| F|  |TAMS 0x000000071f200000, 0x000000071f200000| Untracked 
| 226|0x000000071f400000, 0x000000071f400000, 0x000000071f600000|  0%| F|  |TAMS 0x000000071f400000, 0x000000071f400000| Untracked 
| 227|0x000000071f600000, 0x000000071f600000, 0x000000071f800000|  0%| F|  |TAMS 0x000000071f600000, 0x000000071f600000| Untracked 
| 228|0x000000071f800000, 0x000000071f800000, 0x000000071fa00000|  0%| F|  |TAMS 0x000000071f800000, 0x000000071f800000| Untracked 
| 229|0x000000071fa00000, 0x000000071fa00000, 0x000000071fc00000|  0%| F|  |TAMS 0x000000071fa00000, 0x000000071fa00000| Untracked 
| 230|0x000000071fc00000, 0x000000071fc00000, 0x000000071fe00000|  0%| F|  |TAMS 0x000000071fc00000, 0x000000071fc00000| Untracked 
| 231|0x000000071fe00000, 0x000000071fe00000, 0x0000000720000000|  0%| F|  |TAMS 0x000000071fe00000, 0x000000071fe00000| Untracked 
| 232|0x0000000720000000, 0x0000000720000000, 0x0000000720200000|  0%| F|  |TAMS 0x0000000720000000, 0x0000000720000000| Untracked 
| 233|0x0000000720200000, 0x0000000720200000, 0x0000000720400000|  0%| F|  |TAMS 0x0000000720200000, 0x0000000720200000| Untracked 
| 234|0x0000000720400000, 0x0000000720400000, 0x0000000720600000|  0%| F|  |TAMS 0x0000000720400000, 0x0000000720400000| Untracked 
| 235|0x0000000720600000, 0x0000000720600000, 0x0000000720800000|  0%| F|  |TAMS 0x0000000720600000, 0x0000000720600000| Untracked 
| 236|0x0000000720800000, 0x0000000720800000, 0x0000000720a00000|  0%| F|  |TAMS 0x0000000720800000, 0x0000000720800000| Untracked 
| 237|0x0000000720a00000, 0x0000000720a00000, 0x0000000720c00000|  0%| F|  |TAMS 0x0000000720a00000, 0x0000000720a00000| Untracked 
| 238|0x0000000720c00000, 0x0000000720c00000, 0x0000000720e00000|  0%| F|  |TAMS 0x0000000720c00000, 0x0000000720c00000| Untracked 
| 239|0x0000000720e00000, 0x0000000720e00000, 0x0000000721000000|  0%| F|  |TAMS 0x0000000720e00000, 0x0000000720e00000| Untracked 
| 240|0x0000000721000000, 0x0000000721000000, 0x0000000721200000|  0%| F|  |TAMS 0x0000000721000000, 0x0000000721000000| Untracked 
| 241|0x0000000721200000, 0x0000000721200000, 0x0000000721400000|  0%| F|  |TAMS 0x0000000721200000, 0x0000000721200000| Untracked 
| 242|0x0000000721400000, 0x0000000721400000, 0x0000000721600000|  0%| F|  |TAMS 0x0000000721400000, 0x0000000721400000| Untracked 
| 243|0x0000000721600000, 0x0000000721600000, 0x0000000721800000|  0%| F|  |TAMS 0x0000000721600000, 0x0000000721600000| Untracked 
| 244|0x0000000721800000, 0x0000000721800000, 0x0000000721a00000|  0%| F|  |TAMS 0x0000000721800000, 0x0000000721800000| Untracked 
| 245|0x0000000721a00000, 0x0000000721a00000, 0x0000000721c00000|  0%| F|  |TAMS 0x0000000721a00000, 0x0000000721a00000| Untracked 
| 246|0x0000000721c00000, 0x0000000721c00000, 0x0000000721e00000|  0%| F|  |TAMS 0x0000000721c00000, 0x0000000721c00000| Untracked 
| 247|0x0000000721e00000, 0x0000000721e00000, 0x0000000722000000|  0%| F|  |TAMS 0x0000000721e00000, 0x0000000721e00000| Untracked 
| 248|0x0000000722000000, 0x0000000722000000, 0x0000000722200000|  0%| F|  |TAMS 0x0000000722000000, 0x0000000722000000| Untracked 
| 249|0x0000000722200000, 0x0000000722200000, 0x0000000722400000|  0%| F|  |TAMS 0x0000000722200000, 0x0000000722200000| Untracked 
| 250|0x0000000722400000, 0x0000000722400000, 0x0000000722600000|  0%| F|  |TAMS 0x0000000722400000, 0x0000000722400000| Untracked 
| 251|0x0000000722600000, 0x0000000722600000, 0x0000000722800000|  0%| F|  |TAMS 0x0000000722600000, 0x0000000722600000| Untracked 
| 252|0x0000000722800000, 0x0000000722800000, 0x0000000722a00000|  0%| F|  |TAMS 0x0000000722800000, 0x0000000722800000| Untracked 
| 253|0x0000000722a00000, 0x0000000722a00000, 0x0000000722c00000|  0%| F|  |TAMS 0x0000000722a00000, 0x0000000722a00000| Untracked 
| 254|0x0000000722c00000, 0x0000000722c00000, 0x0000000722e00000|  0%| F|  |TAMS 0x0000000722c00000, 0x0000000722c00000| Untracked 
| 255|0x0000000722e00000, 0x0000000722e00000, 0x0000000723000000|  0%| F|  |TAMS 0x0000000722e00000, 0x0000000722e00000| Untracked 
| 256|0x0000000723000000, 0x0000000723000000, 0x0000000723200000|  0%| F|  |TAMS 0x0000000723000000, 0x0000000723000000| Untracked 
| 257|0x0000000723200000, 0x0000000723200000, 0x0000000723400000|  0%| F|  |TAMS 0x0000000723200000, 0x0000000723200000| Untracked 
| 258|0x0000000723400000, 0x0000000723400000, 0x0000000723600000|  0%| F|  |TAMS 0x0000000723400000, 0x0000000723400000| Untracked 
| 259|0x0000000723600000, 0x0000000723600000, 0x0000000723800000|  0%| F|  |TAMS 0x0000000723600000, 0x0000000723600000| Untracked 
| 260|0x0000000723800000, 0x0000000723800000, 0x0000000723a00000|  0%| F|  |TAMS 0x0000000723800000, 0x0000000723800000| Untracked 
| 261|0x0000000723a00000, 0x0000000723a00000, 0x0000000723c00000|  0%| F|  |TAMS 0x0000000723a00000, 0x0000000723a00000| Untracked 
| 262|0x0000000723c00000, 0x0000000723c00000, 0x0000000723e00000|  0%| F|  |TAMS 0x0000000723c00000, 0x0000000723c00000| Untracked 
| 263|0x0000000723e00000, 0x0000000723e00000, 0x0000000724000000|  0%| F|  |TAMS 0x0000000723e00000, 0x0000000723e00000| Untracked 
| 264|0x0000000724000000, 0x0000000724000000, 0x0000000724200000|  0%| F|  |TAMS 0x0000000724000000, 0x0000000724000000| Untracked 
| 265|0x0000000724200000, 0x0000000724200000, 0x0000000724400000|  0%| F|  |TAMS 0x0000000724200000, 0x0000000724200000| Untracked 
| 266|0x0000000724400000, 0x0000000724400000, 0x0000000724600000|  0%| F|  |TAMS 0x0000000724400000, 0x0000000724400000| Untracked 
| 267|0x0000000724600000, 0x0000000724600000, 0x0000000724800000|  0%| F|  |TAMS 0x0000000724600000, 0x0000000724600000| Untracked 
| 268|0x0000000724800000, 0x0000000724800000, 0x0000000724a00000|  0%| F|  |TAMS 0x0000000724800000, 0x0000000724800000| Untracked 
| 269|0x0000000724a00000, 0x0000000724a00000, 0x0000000724c00000|  0%| F|  |TAMS 0x0000000724a00000, 0x0000000724a00000| Untracked 
| 270|0x0000000724c00000, 0x0000000724c00000, 0x0000000724e00000|  0%| F|  |TAMS 0x0000000724c00000, 0x0000000724c00000| Untracked 
| 271|0x0000000724e00000, 0x0000000724e00000, 0x0000000725000000|  0%| F|  |TAMS 0x0000000724e00000, 0x0000000724e00000| Untracked 
| 272|0x0000000725000000, 0x0000000725000000, 0x0000000725200000|  0%| F|  |TAMS 0x0000000725000000, 0x0000000725000000| Untracked 
| 273|0x0000000725200000, 0x0000000725200000, 0x0000000725400000|  0%| F|  |TAMS 0x0000000725200000, 0x0000000725200000| Untracked 
| 274|0x0000000725400000, 0x0000000725400000, 0x0000000725600000|  0%| F|  |TAMS 0x0000000725400000, 0x0000000725400000| Untracked 
| 275|0x0000000725600000, 0x0000000725600000, 0x0000000725800000|  0%| F|  |TAMS 0x0000000725600000, 0x0000000725600000| Untracked 
| 276|0x0000000725800000, 0x0000000725800000, 0x0000000725a00000|  0%| F|  |TAMS 0x0000000725800000, 0x0000000725800000| Untracked 
| 277|0x0000000725a00000, 0x0000000725a00000, 0x0000000725c00000|  0%| F|  |TAMS 0x0000000725a00000, 0x0000000725a00000| Untracked 
| 278|0x0000000725c00000, 0x0000000725c00000, 0x0000000725e00000|  0%| F|  |TAMS 0x0000000725c00000, 0x0000000725c00000| Untracked 
| 279|0x0000000725e00000, 0x0000000725e00000, 0x0000000726000000|  0%| F|  |TAMS 0x0000000725e00000, 0x0000000725e00000| Untracked 
| 280|0x0000000726000000, 0x0000000726000000, 0x0000000726200000|  0%| F|  |TAMS 0x0000000726000000, 0x0000000726000000| Untracked 
| 281|0x0000000726200000, 0x0000000726200000, 0x0000000726400000|  0%| F|  |TAMS 0x0000000726200000, 0x0000000726200000| Untracked 
| 282|0x0000000726400000, 0x0000000726400000, 0x0000000726600000|  0%| F|  |TAMS 0x0000000726400000, 0x0000000726400000| Untracked 
| 283|0x0000000726600000, 0x0000000726600000, 0x0000000726800000|  0%| F|  |TAMS 0x0000000726600000, 0x0000000726600000| Untracked 
| 284|0x0000000726800000, 0x0000000726800000, 0x0000000726a00000|  0%| F|  |TAMS 0x0000000726800000, 0x0000000726800000| Untracked 
| 285|0x0000000726a00000, 0x0000000726a00000, 0x0000000726c00000|  0%| F|  |TAMS 0x0000000726a00000, 0x0000000726a00000| Untracked 
| 286|0x0000000726c00000, 0x0000000726c00000, 0x0000000726e00000|  0%| F|  |TAMS 0x0000000726c00000, 0x0000000726c00000| Untracked 
| 287|0x0000000726e00000, 0x0000000726e00000, 0x0000000727000000|  0%| F|  |TAMS 0x0000000726e00000, 0x0000000726e00000| Untracked 
| 288|0x0000000727000000, 0x0000000727000000, 0x0000000727200000|  0%| F|  |TAMS 0x0000000727000000, 0x0000000727000000| Untracked 
| 289|0x0000000727200000, 0x0000000727200000, 0x0000000727400000|  0%| F|  |TAMS 0x0000000727200000, 0x0000000727200000| Untracked 
| 290|0x0000000727400000, 0x0000000727400000, 0x0000000727600000|  0%| F|  |TAMS 0x0000000727400000, 0x0000000727400000| Untracked 
| 291|0x0000000727600000, 0x0000000727600000, 0x0000000727800000|  0%| F|  |TAMS 0x0000000727600000, 0x0000000727600000| Untracked 
| 292|0x0000000727800000, 0x0000000727800000, 0x0000000727a00000|  0%| F|  |TAMS 0x0000000727800000, 0x0000000727800000| Untracked 
| 293|0x0000000727a00000, 0x0000000727a00000, 0x0000000727c00000|  0%| F|  |TAMS 0x0000000727a00000, 0x0000000727a00000| Untracked 
| 294|0x0000000727c00000, 0x0000000727c00000, 0x0000000727e00000|  0%| F|  |TAMS 0x0000000727c00000, 0x0000000727c00000| Untracked 
| 295|0x0000000727e00000, 0x0000000727e00000, 0x0000000728000000|  0%| F|  |TAMS 0x0000000727e00000, 0x0000000727e00000| Untracked 
| 296|0x0000000728000000, 0x0000000728000000, 0x0000000728200000|  0%| F|  |TAMS 0x0000000728000000, 0x0000000728000000| Untracked 
| 297|0x0000000728200000, 0x0000000728200000, 0x0000000728400000|  0%| F|  |TAMS 0x0000000728200000, 0x0000000728200000| Untracked 
| 298|0x0000000728400000, 0x0000000728400000, 0x0000000728600000|  0%| F|  |TAMS 0x0000000728400000, 0x0000000728400000| Untracked 
| 299|0x0000000728600000, 0x0000000728600000, 0x0000000728800000|  0%| F|  |TAMS 0x0000000728600000, 0x0000000728600000| Untracked 
| 300|0x0000000728800000, 0x0000000728800000, 0x0000000728a00000|  0%| F|  |TAMS 0x0000000728800000, 0x0000000728800000| Untracked 
| 301|0x0000000728a00000, 0x0000000728a00000, 0x0000000728c00000|  0%| F|  |TAMS 0x0000000728a00000, 0x0000000728a00000| Untracked 
| 302|0x0000000728c00000, 0x0000000728c00000, 0x0000000728e00000|  0%| F|  |TAMS 0x0000000728c00000, 0x0000000728c00000| Untracked 
| 303|0x0000000728e00000, 0x0000000728e00000, 0x0000000729000000|  0%| F|  |TAMS 0x0000000728e00000, 0x0000000728e00000| Untracked 
| 304|0x0000000729000000, 0x0000000729000000, 0x0000000729200000|  0%| F|  |TAMS 0x0000000729000000, 0x0000000729000000| Untracked 
| 305|0x0000000729200000, 0x0000000729200000, 0x0000000729400000|  0%| F|  |TAMS 0x0000000729200000, 0x0000000729200000| Untracked 
| 306|0x0000000729400000, 0x0000000729400000, 0x0000000729600000|  0%| F|  |TAMS 0x0000000729400000, 0x0000000729400000| Untracked 
| 307|0x0000000729600000, 0x0000000729600000, 0x0000000729800000|  0%| F|  |TAMS 0x0000000729600000, 0x0000000729600000| Untracked 
| 308|0x0000000729800000, 0x0000000729800000, 0x0000000729a00000|  0%| F|  |TAMS 0x0000000729800000, 0x0000000729800000| Untracked 
| 309|0x0000000729a00000, 0x0000000729a00000, 0x0000000729c00000|  0%| F|  |TAMS 0x0000000729a00000, 0x0000000729a00000| Untracked 
| 310|0x0000000729c00000, 0x0000000729c00000, 0x0000000729e00000|  0%| F|  |TAMS 0x0000000729c00000, 0x0000000729c00000| Untracked 
| 311|0x0000000729e00000, 0x0000000729e00000, 0x000000072a000000|  0%| F|  |TAMS 0x0000000729e00000, 0x0000000729e00000| Untracked 
| 312|0x000000072a000000, 0x000000072a000000, 0x000000072a200000|  0%| F|  |TAMS 0x000000072a000000, 0x000000072a000000| Untracked 
| 313|0x000000072a200000, 0x000000072a200000, 0x000000072a400000|  0%| F|  |TAMS 0x000000072a200000, 0x000000072a200000| Untracked 
| 314|0x000000072a400000, 0x000000072a400000, 0x000000072a600000|  0%| F|  |TAMS 0x000000072a400000, 0x000000072a400000| Untracked 
| 315|0x000000072a600000, 0x000000072a600000, 0x000000072a800000|  0%| F|  |TAMS 0x000000072a600000, 0x000000072a600000| Untracked 
| 316|0x000000072a800000, 0x000000072a800000, 0x000000072aa00000|  0%| F|  |TAMS 0x000000072a800000, 0x000000072a800000| Untracked 
| 317|0x000000072aa00000, 0x000000072aa00000, 0x000000072ac00000|  0%| F|  |TAMS 0x000000072aa00000, 0x000000072aa00000| Untracked 
| 318|0x000000072ac00000, 0x000000072ac00000, 0x000000072ae00000|  0%| F|  |TAMS 0x000000072ac00000, 0x000000072ac00000| Untracked 
| 319|0x000000072ae00000, 0x000000072ae00000, 0x000000072b000000|  0%| F|  |TAMS 0x000000072ae00000, 0x000000072ae00000| Untracked 
| 320|0x000000072b000000, 0x000000072b000000, 0x000000072b200000|  0%| F|  |TAMS 0x000000072b000000, 0x000000072b000000| Untracked 
| 321|0x000000072b200000, 0x000000072b200000, 0x000000072b400000|  0%| F|  |TAMS 0x000000072b200000, 0x000000072b200000| Untracked 

Card table byte_map: [0x00000231b5870000,0x00000231b6060000] _byte_map_base: 0x00000231b2058000

Marking Bits (Prev, Next): (CMBitMap*) 0x000002319de6a0a0, (CMBitMap*) 0x000002319de6a0e0
 Prev Bits: [0x00000231b6850000, 0x00000231ba790000)
 Next Bits: [0x00000231ba790000, 0x00000231be6d0000)

Polling page: 0x000002319d5c0000

Metaspace:

Usage:
  Non-class:     35.12 MB used.
      Class:      5.04 MB used.
       Both:     40.16 MB used.

Virtual space:
  Non-class space:       64.00 MB reserved,      35.31 MB ( 55%) committed,  1 nodes.
      Class space:        1.00 GB reserved,       5.19 MB ( <1%) committed,  1 nodes.
             Both:        1.06 GB reserved,      40.50 MB (  4%) committed. 

Chunk freelists:
   Non-Class:  113.00 KB
       Class:  2.85 MB
        Both:  2.96 MB

MaxMetaspaceSize: unlimited
CompressedClassSpaceSize: 1.00 GB
Initial GC threshold: 21.00 MB
Current GC threshold: 59.38 MB
CDS: on
MetaspaceReclaimPolicy: balanced
 - commit_granule_bytes: 65536.
 - commit_granule_words: 8192.
 - virtual_space_node_default_size: 8388608.
 - enlarge_chunks_in_place: 1.
 - new_chunks_are_fully_committed: 0.
 - uncommit_free_chunks: 1.
 - use_allocation_guard: 0.


Internal statistics:

num_allocs_failed_limit: 9.
num_arena_births: 348.
num_arena_deaths: 0.
num_vsnodes_births: 2.
num_vsnodes_deaths: 0.
num_space_committed: 648.
num_space_uncommitted: 0.
num_chunks_returned_to_freelist: 9.
num_chunks_taken_from_freelist: 1492.
num_chunk_merges: 9.
num_chunk_splits: 1090.
num_chunks_enlarged: 891.
num_inconsistent_stats: 0.

CodeHeap 'non-profiled nmethods': size=120000Kb used=2309Kb max_used=2309Kb free=117690Kb
 bounds [0x00000231ad820000, 0x00000231ada90000, 0x00000231b4d50000]
CodeHeap 'profiled nmethods': size=120000Kb used=8690Kb max_used=8690Kb free=111309Kb
 bounds [0x00000231a5d50000, 0x00000231a65d0000, 0x00000231ad280000]
CodeHeap 'non-nmethods': size=5760Kb used=1449Kb max_used=1516Kb free=4310Kb
 bounds [0x00000231ad280000, 0x00000231ad4f0000, 0x00000231ad820000]
 total_blobs=5333 nmethods=4632 adapters=611
 compilation: enabled
              stopped_count=0, restarted_count=0
 full_count=0

Compilation events (20 events):
Event: 52.453 Thread 0x00000231c11321b0 4624       3       java.io.IOException::<init> (6 bytes)
Event: 52.454 Thread 0x00000231c11321b0 nmethod 4624 0x00000231a65c9990 code [0x00000231a65c9b40, 0x00000231a65c9cc8]
Event: 52.465 Thread 0x00000231c11321b0 4626       3       java.net.SocketException::<init> (6 bytes)
Event: 52.466 Thread 0x00000231c11321b0 nmethod 4626 0x00000231a65c9d90 code [0x00000231a65c9f40, 0x00000231a65ca128]
Event: 52.492 Thread 0x00000231c11321b0 4627       3       java.net.Socket$SocketInputStream::close (8 bytes)
Event: 52.493 Thread 0x00000231c11321b0 nmethod 4627 0x00000231a65ca210 code [0x00000231a65ca3c0, 0x00000231a65ca5a8]
Event: 52.493 Thread 0x00000231c11321b0 4628       3       java.io.InputStream::read (9 bytes)
Event: 52.494 Thread 0x00000231c11321b0 nmethod 4628 0x00000231a65ca690 code [0x00000231a65ca840, 0x00000231a65caa28]
Event: 52.499 Thread 0x00000231c11321b0 4629   !   3       java.io.PrintWriter::close (63 bytes)
Event: 52.502 Thread 0x00000231c11321b0 nmethod 4629 0x00000231a65cab10 code [0x00000231a65cadc0, 0x00000231a65cbf98]
Event: 52.502 Thread 0x00000231c11321b0 4630   !   3       java.io.PrintWriter::implClose (29 bytes)
Event: 52.502 Thread 0x00000231c11321b0 nmethod 4630 0x00000231a65cc510 code [0x00000231a65cc6c0, 0x00000231a65cc988]
Event: 52.815 Thread 0x00000231c112fef0 4631   !   4       java.net.Socket::isClosed (19 bytes)
Event: 52.818 Thread 0x00000231c112fef0 nmethod 4631 0x00000231ada5fc90 code [0x00000231ada5fe20, 0x00000231ada5fff8]
Event: 54.227 Thread 0x00000231c112fef0 4632  s!   4       java.net.Socket::close (47 bytes)
Event: 54.232 Thread 0x00000231c112fef0 nmethod 4632 0x00000231ada60090 code [0x00000231ada60220, 0x00000231ada60758]
Event: 55.402 Thread 0x00000231c112fef0 4633  s    4       java.lang.Throwable::fillInStackTrace (29 bytes)
Event: 55.407 Thread 0x00000231c112fef0 nmethod 4633 0x00000231ada60910 code [0x00000231ada60aa0, 0x00000231ada60e28]
Event: 55.612 Thread 0x00000231c112fef0 4634       4       java.lang.Throwable::<init> (34 bytes)
Event: 55.619 Thread 0x00000231c112fef0 nmethod 4634 0x00000231ada60f10 code [0x00000231ada610a0, 0x00000231ada61438]

GC Heap History (20 events):
Event: 52.856 GC heap after
{Heap after GC invocations=20 (full 0):
 garbage-first heap   total 329728K, used 29434K [0x0000000703000000, 0x0000000800000000)
  region size 2048K, 4 young (8192K), 4 survivors (8192K)
 Metaspace       used 41127K, committed 41472K, reserved 1114112K
  class space    used 5164K, committed 5312K, reserved 1048576K
}
Event: 52.911 GC heap before
{Heap before GC invocations=20 (full 0):
 garbage-first heap   total 329728K, used 215802K [0x0000000703000000, 0x0000000800000000)
  region size 2048K, 96 young (196608K), 4 survivors (8192K)
 Metaspace       used 41127K, committed 41472K, reserved 1114112K
  class space    used 5164K, committed 5312K, reserved 1048576K
}
Event: 52.916 GC heap after
{Heap after GC invocations=21 (full 0):
 garbage-first heap   total 329728K, used 27799K [0x0000000703000000, 0x0000000800000000)
  region size 2048K, 3 young (6144K), 3 survivors (6144K)
 Metaspace       used 41127K, committed 41472K, reserved 1114112K
  class space    used 5164K, committed 5312K, reserved 1048576K
}
Event: 52.997 GC heap before
{Heap before GC invocations=21 (full 0):
 garbage-first heap   total 329728K, used 216215K [0x0000000703000000, 0x0000000800000000)
  region size 2048K, 96 young (196608K), 3 survivors (6144K)
 Metaspace       used 41127K, committed 41472K, reserved 1114112K
  class space    used 5164K, committed 5312K, reserved 1048576K
}
Event: 53.009 GC heap after
{Heap after GC invocations=22 (full 0):
 garbage-first heap   total 659456K, used 26477K [0x0000000703000000, 0x0000000800000000)
  region size 2048K, 2 young (4096K), 2 survivors (4096K)
 Metaspace       used 41127K, committed 41472K, reserved 1114112K
  class space    used 5164K, committed 5312K, reserved 1048576K
}
Event: 53.527 GC heap before
{Heap before GC invocations=22 (full 0):
 garbage-first heap   total 659456K, used 415597K [0x0000000703000000, 0x0000000800000000)
  region size 2048K, 193 young (395264K), 2 survivors (4096K)
 Metaspace       used 41127K, committed 41472K, reserved 1114112K
  class space    used 5164K, committed 5312K, reserved 1048576K
}
Event: 53.530 GC heap after
{Heap after GC invocations=23 (full 0):
 garbage-first heap   total 659456K, used 26492K [0x0000000703000000, 0x0000000800000000)
  region size 2048K, 2 young (4096K), 2 survivors (4096K)
 Metaspace       used 41127K, committed 41472K, reserved 1114112K
  class space    used 5164K, committed 5312K, reserved 1048576K
}
Event: 53.938 GC heap before
{Heap before GC invocations=23 (full 0):
 garbage-first heap   total 659456K, used 415612K [0x0000000703000000, 0x0000000800000000)
  region size 2048K, 193 young (395264K), 2 survivors (4096K)
 Metaspace       used 41127K, committed 41472K, reserved 1114112K
  class space    used 5164K, committed 5312K, reserved 1048576K
}
Event: 53.944 GC heap after
{Heap after GC invocations=24 (full 0):
 garbage-first heap   total 659456K, used 26624K [0x0000000703000000, 0x0000000800000000)
  region size 2048K, 2 young (4096K), 2 survivors (4096K)
 Metaspace       used 41127K, committed 41472K, reserved 1114112K
  class space    used 5164K, committed 5312K, reserved 1048576K
}
Event: 54.094 GC heap before
{Heap before GC invocations=24 (full 0):
 garbage-first heap   total 659456K, used 415744K [0x0000000703000000, 0x0000000800000000)
  region size 2048K, 193 young (395264K), 2 survivors (4096K)
 Metaspace       used 41127K, committed 41472K, reserved 1114112K
  class space    used 5164K, committed 5312K, reserved 1048576K
}
Event: 54.100 GC heap after
{Heap after GC invocations=25 (full 0):
 garbage-first heap   total 659456K, used 26649K [0x0000000703000000, 0x0000000800000000)
  region size 2048K, 2 young (4096K), 2 survivors (4096K)
 Metaspace       used 41127K, committed 41472K, reserved 1114112K
  class space    used 5164K, committed 5312K, reserved 1048576K
}
Event: 54.209 GC heap before
{Heap before GC invocations=25 (full 0):
 garbage-first heap   total 659456K, used 415769K [0x0000000703000000, 0x0000000800000000)
  region size 2048K, 193 young (395264K), 2 survivors (4096K)
 Metaspace       used 41127K, committed 41472K, reserved 1114112K
  class space    used 5164K, committed 5312K, reserved 1048576K
}
Event: 54.213 GC heap after
{Heap after GC invocations=26 (full 0):
 garbage-first heap   total 659456K, used 26726K [0x0000000703000000, 0x0000000800000000)
  region size 2048K, 2 young (4096K), 2 survivors (4096K)
 Metaspace       used 41127K, committed 41472K, reserved 1114112K
  class space    used 5164K, committed 5312K, reserved 1048576K
}
Event: 54.487 GC heap before
{Heap before GC invocations=26 (full 0):
 garbage-first heap   total 659456K, used 415846K [0x0000000703000000, 0x0000000800000000)
  region size 2048K, 193 young (395264K), 2 survivors (4096K)
 Metaspace       used 41127K, committed 41472K, reserved 1114112K
  class space    used 5164K, committed 5312K, reserved 1048576K
}
Event: 54.492 GC heap after
{Heap after GC invocations=27 (full 0):
 garbage-first heap   total 659456K, used 26727K [0x0000000703000000, 0x0000000800000000)
  region size 2048K, 2 young (4096K), 2 survivors (4096K)
 Metaspace       used 41127K, committed 41472K, reserved 1114112K
  class space    used 5164K, committed 5312K, reserved 1048576K
}
Event: 55.480 GC heap before
{Heap before GC invocations=27 (full 0):
 garbage-first heap   total 659456K, used 415847K [0x0000000703000000, 0x0000000800000000)
  region size 2048K, 193 young (395264K), 2 survivors (4096K)
 Metaspace       used 41127K, committed 41472K, reserved 1114112K
  class space    used 5164K, committed 5312K, reserved 1048576K
}
Event: 55.503 GC heap after
{Heap after GC invocations=28 (full 0):
 garbage-first heap   total 659456K, used 26685K [0x0000000703000000, 0x0000000800000000)
  region size 2048K, 2 young (4096K), 2 survivors (4096K)
 Metaspace       used 41127K, committed 41472K, reserved 1114112K
  class space    used 5164K, committed 5312K, reserved 1048576K
}
Event: 55.673 GC heap before
{Heap before GC invocations=28 (full 0):
 garbage-first heap   total 659456K, used 415805K [0x0000000703000000, 0x0000000800000000)
  region size 2048K, 193 young (395264K), 2 survivors (4096K)
 Metaspace       used 41127K, committed 41472K, reserved 1114112K
  class space    used 5164K, committed 5312K, reserved 1048576K
}
Event: 55.699 GC heap after
{Heap after GC invocations=29 (full 0):
 garbage-first heap   total 659456K, used 26544K [0x0000000703000000, 0x0000000800000000)
  region size 2048K, 1 young (2048K), 1 survivors (2048K)
 Metaspace       used 41127K, committed 41472K, reserved 1114112K
  class space    used 5164K, committed 5312K, reserved 1048576K
}
Event: 55.947 GC heap before
{Heap before GC invocations=29 (full 0):
 garbage-first heap   total 659456K, used 417712K [0x0000000703000000, 0x0000000800000000)
  region size 2048K, 193 young (395264K), 1 survivors (2048K)
 Metaspace       used 41127K, committed 41472K, reserved 1114112K
  class space    used 5164K, committed 5312K, reserved 1048576K
}

Dll operation events (13 events):
Event: 0.045 Loaded shared library D:\JDK\jdk-19\bin\java.dll
Event: 0.071 Loaded shared library D:\JDK\jdk-19\bin\jsvml.dll
Event: 0.610 Loaded shared library D:\JDK\jdk-19\bin\zip.dll
Event: 0.616 Loaded shared library D:\JDK\jdk-19\bin\instrument.dll
Event: 0.636 Loaded shared library D:\JDK\jdk-19\bin\net.dll
Event: 0.641 Loaded shared library D:\JDK\jdk-19\bin\nio.dll
Event: 0.655 Loaded shared library D:\JDK\jdk-19\bin\zip.dll
Event: 0.959 Loaded shared library D:\JDK\JetBrains IntelliJ IDEA Ultimate 2022.2\IntelliJ IDEA 2022.2\bin\breakgen64.dll
Event: 1.115 Loaded shared library D:\JDK\jdk-19\bin\extnet.dll
Event: 1.235 Loaded shared library D:\JDK\jdk-19\bin\jimage.dll
Event: 18.763 Loaded shared library D:\JDK\jdk-19\bin\sunmscapi.dll
Event: 19.419 Loaded shared library D:\JDK\jdk-19\bin\verify.dll
Event: 28.251 Loaded shared library D:\JDK\jdk-19\bin\awt.dll

Deoptimization events (20 events):
Event: 51.469 Thread 0x00000231c7c67780 DEOPT PACKING pc=0x00000231a6596bcf sp=0x000000c1d63fec40
Event: 51.469 Thread 0x00000231c7c67780 DEOPT UNPACKING pc=0x00000231ad2e7543 sp=0x000000c1d63fe0c8 mode 0
Event: 51.472 Thread 0x00000231c7c67780 DEOPT PACKING pc=0x00000231a6596bcf sp=0x000000c1d63fec40
Event: 51.472 Thread 0x00000231c7c67780 DEOPT UNPACKING pc=0x00000231ad2e7543 sp=0x000000c1d63fe0c8 mode 0
Event: 51.473 Thread 0x00000231c7c67780 DEOPT PACKING pc=0x00000231a6596bcf sp=0x000000c1d63fec40
Event: 51.473 Thread 0x00000231c7c67780 DEOPT UNPACKING pc=0x00000231ad2e7543 sp=0x000000c1d63fe0c8 mode 0
Event: 51.484 Thread 0x00000231c7c67780 DEOPT PACKING pc=0x00000231a6596bcf sp=0x000000c1d63feda0
Event: 51.484 Thread 0x00000231c7c67780 DEOPT UNPACKING pc=0x00000231ad2e7543 sp=0x000000c1d63fe228 mode 0
Event: 51.551 Thread 0x00000231c7c67780 DEOPT PACKING pc=0x00000231a6596bcf sp=0x000000c1d63feda0
Event: 51.551 Thread 0x00000231c7c67780 DEOPT UNPACKING pc=0x00000231ad2e7543 sp=0x000000c1d63fe228 mode 0
Event: 51.552 Thread 0x00000231c7c67780 DEOPT PACKING pc=0x00000231a6596bcf sp=0x000000c1d63feda0
Event: 51.552 Thread 0x00000231c7c67780 DEOPT UNPACKING pc=0x00000231ad2e7543 sp=0x000000c1d63fe228 mode 0
Event: 51.586 Thread 0x00000231c7c67780 DEOPT PACKING pc=0x00000231a6596bcf sp=0x000000c1d63fec40
Event: 51.586 Thread 0x00000231c7c67780 DEOPT UNPACKING pc=0x00000231ad2e7543 sp=0x000000c1d63fe0c8 mode 0
Event: 51.587 Thread 0x00000231c7c67780 DEOPT PACKING pc=0x00000231a6596bcf sp=0x000000c1d63fec40
Event: 51.587 Thread 0x00000231c7c67780 DEOPT UNPACKING pc=0x00000231ad2e7543 sp=0x000000c1d63fe0c8 mode 0
Event: 51.587 Thread 0x00000231c7c67780 DEOPT PACKING pc=0x00000231a6596bcf sp=0x000000c1d63fec40
Event: 51.587 Thread 0x00000231c7c67780 DEOPT UNPACKING pc=0x00000231ad2e7543 sp=0x000000c1d63fe0c8 mode 0
Event: 51.594 Thread 0x00000231c7c67780 DEOPT PACKING pc=0x00000231a6596bcf sp=0x000000c1d63feda0
Event: 51.594 Thread 0x00000231c7c67780 DEOPT UNPACKING pc=0x00000231ad2e7543 sp=0x000000c1d63fe228 mode 0

Classes loaded (20 events):
Event: 28.495 Loading class com/sun/imageio/plugins/png/RowFilter
Event: 28.495 Loading class com/sun/imageio/plugins/png/RowFilter done
Event: 28.495 Loading class javax/imageio/IIOImage
Event: 28.495 Loading class javax/imageio/IIOImage done
Event: 28.496 Loading class com/sun/imageio/plugins/png/ChunkStream
Event: 28.496 Loading class com/sun/imageio/plugins/png/ChunkStream done
Event: 28.496 Loading class com/sun/imageio/plugins/png/CRC
Event: 28.496 Loading class com/sun/imageio/plugins/png/CRC done
Event: 28.498 Loading class com/sun/imageio/plugins/png/IDATOutputStream
Event: 28.498 Loading class com/sun/imageio/plugins/png/IDATOutputStream done
Event: 28.498 Loading class java/util/zip/Deflater
Event: 28.499 Loading class java/util/zip/Deflater done
Event: 28.500 Loading class java/util/zip/Deflater$DeflaterZStreamRef
Event: 28.500 Loading class java/util/zip/Deflater$DeflaterZStreamRef done
Event: 52.320 Loading class sun/net/ConnectionResetException
Event: 52.320 Loading class sun/net/ConnectionResetException done
Event: 52.320 Loading class java/io/InterruptedIOException
Event: 52.321 Loading class java/io/InterruptedIOException done
Event: 52.321 Loading class java/net/SocketTimeoutException
Event: 52.321 Loading class java/net/SocketTimeoutException done

Classes unloaded (0 events):
No events

Classes redefined (0 events):
No events

Internal exceptions (20 events):
Event: 22.763 Thread 0x000002319ddfa1a0 Exception <a 'java/lang/NoSuchMethodError'{0x0000000712c885d0}: 'java.lang.Object java.lang.invoke.DirectMethodHandle$Holder.invokeSpecial(java.lang.Object, java.lang.Object, java.lang.Object, java.lang.Object, java.lang.Object, java.lang.Object, java.lang.Object, java.lang.Object, int)'> (0x0000000712c885d0) 
thrown [s\open\src\hotspot\share\interpreter\linkResolver.cpp, line 774]
Event: 22.892 Thread 0x000002319ddfa1a0 Exception <a 'java/lang/NoSuchMethodError'{0x0000000712acabe8}: 'void java.lang.invoke.DirectMethodHandle$Holder.invokeInterface(java.lang.Object, java.lang.Object)'> (0x0000000712acabe8) 
thrown [s\open\src\hotspot\share\interpreter\linkResolver.cpp, line 774]
Event: 22.998 Thread 0x000002319ddfa1a0 Exception <a 'java/lang/NoSuchMethodError'{0x000000070500c780}: 'java.lang.Object java.lang.invoke.DirectMethodHandle$Holder.invokeStaticInit(java.lang.Object, java.lang.Object, java.lang.Object)'> (0x000000070500c780) 
thrown [s\open\src\hotspot\share\interpreter\linkResolver.cpp, line 774]
Event: 23.237 Thread 0x00000231c7c67780 Implicit null exception at 0x00000231ad8cb4f2 to 0x00000231ad8cbae0
Event: 23.660 Thread 0x00000231c7c67780 Exception <a 'java/lang/NoSuchMethodError'{0x0000000712df6fd8}: 'int java.lang.invoke.DirectMethodHandle$Holder.invokeStatic(java.lang.Object)'> (0x0000000712df6fd8) 
thrown [s\open\src\hotspot\share\interpreter\linkResolver.cpp, line 774]
Event: 23.827 Thread 0x00000231c7c67780 Implicit null exception at 0x00000231ad89a96f to 0x00000231ad89ab5c
Event: 23.834 Thread 0x00000231c7c67780 Exception <a 'java/lang/NoSuchMethodError'{0x000000070bd2d1e8}: 'void java.lang.invoke.DirectMethodHandle$Holder.invokeSpecial(java.lang.Object, java.lang.Object, java.lang.Object, java.lang.Object, java.lang.Object)'> (0x000000070bd2d1e8) 
thrown [s\open\src\hotspot\share\interpreter\linkResolver.cpp, line 774]
Event: 23.861 Thread 0x00000231c7c67780 Exception <a 'java/lang/NoSuchMethodError'{0x000000070bd897e0}: 'java.lang.Object java.lang.invoke.DirectMethodHandle$Holder.invokeInterface(java.lang.Object, java.lang.Object, java.lang.Object)'> (0x000000070bd897e0) 
thrown [s\open\src\hotspot\share\interpreter\linkResolver.cpp, line 774]
Event: 23.878 Thread 0x00000231c7c67780 Exception <a 'java/lang/NoSuchMethodError'{0x000000070bdc67a8}: 'void java.lang.invoke.DirectMethodHandle$Holder.invokeInterface(java.lang.Object, java.lang.Object, java.lang.Object)'> (0x000000070bdc67a8) 
thrown [s\open\src\hotspot\share\interpreter\linkResolver.cpp, line 774]
Event: 23.892 Thread 0x00000231c7c67780 Exception <a 'java/lang/NoSuchMethodError'{0x000000070ba132f0}: 'void java.lang.invoke.DirectMethodHandle$Holder.invokeStaticInit(java.lang.Object, java.lang.Object, java.lang.Object, java.lang.Object, java.lang.Object)'> (0x000000070ba132f0) 
thrown [s\open\src\hotspot\share\interpreter\linkResolver.cpp, line 774]
Event: 23.910 Thread 0x00000231c7c67780 Exception <a 'java/lang/NoSuchMethodError'{0x000000070ba70508}: 'void java.lang.invoke.DirectMethodHandle$Holder.invokeInterface(java.lang.Object, java.lang.Object, java.lang.Object, java.lang.Object)'> (0x000000070ba70508) 
thrown [s\open\src\hotspot\share\interpreter\linkResolver.cpp, line 774]
Event: 23.911 Thread 0x00000231c7c67780 Exception <a 'java/lang/IncompatibleClassChangeError'{0x000000070ba73998}: Found class java.lang.Object, but interface was expected> (0x000000070ba73998) 
thrown [s\open\src\hotspot\share\interpreter\linkResolver.cpp, line 841]
Event: 24.006 Thread 0x00000231c7c67780 Exception <a 'java/lang/NoSuchMethodError'{0x000000070bbef3b8}: 'void java.lang.invoke.Invokers$Holder.invokeExact_MT(java.lang.Object, java.lang.Object, int, java.lang.Object)'> (0x000000070bbef3b8) 
thrown [s\open\src\hotspot\share\interpreter\linkResolver.cpp, line 774]
Event: 24.019 Thread 0x00000231c7c67780 Exception <a 'java/lang/NoSuchMethodError'{0x000000070b812440}: 'void java.lang.invoke.Invokers$Holder.invokeExact_MT(java.lang.Object, java.lang.Object, java.lang.Object, java.lang.Object)'> (0x000000070b812440) 
thrown [s\open\src\hotspot\share\interpreter\linkResolver.cpp, line 774]
Event: 28.199 Thread 0x00000231c7c67780 Exception <a 'java/lang/NoSuchMethodError'{0x000000070b0a53e8}: 'java.lang.Object java.lang.invoke.DirectMethodHandle$Holder.newInvokeSpecial(java.lang.Object, java.lang.Object, int)'> (0x000000070b0a53e8) 
thrown [s\open\src\hotspot\share\interpreter\linkResolver.cpp, line 774]
Event: 28.243 Thread 0x00000231c7c67780 Exception <a 'java/lang/ClassNotFoundException'{0x000000070b11d570}: sun/awt/resources/spi/awtProvider> (0x000000070b11d570) 
thrown [s\open\src\hotspot\share\classfile\systemDictionary.cpp, line 255]
Event: 28.254 Thread 0x00000231c7c67780 Exception <a 'java/io/FileNotFoundException'{0x000000070b120bd0}> (0x000000070b120bd0) 
thrown [s\open\src\hotspot\share\prims\jni.cpp, line 517]
Event: 28.255 Thread 0x00000231c7c67780 Exception <a 'java/io/FileNotFoundException'{0x000000070b122350}> (0x000000070b122350) 
thrown [s\open\src\hotspot\share\prims\jni.cpp, line 517]
Event: 28.449 Thread 0x00000231c7c67780 Implicit null exception at 0x00000231ada0a220 to 0x00000231ada0a3d0
Event: 52.320 Thread 0x00000231c7c67780 Exception <a 'sun/net/ConnectionResetException'{0x00000007098a1ea8}: Connection reset> (0x00000007098a1ea8) 
thrown [s\open\src\hotspot\share\prims\jni.cpp, line 536]

VM Operations (20 events):
Event: 52.856 Executing VM operation: G1CollectForAllocation done
Event: 52.911 Executing VM operation: G1CollectForAllocation
Event: 52.916 Executing VM operation: G1CollectForAllocation done
Event: 52.997 Executing VM operation: G1CollectForAllocation
Event: 53.009 Executing VM operation: G1CollectForAllocation done
Event: 53.527 Executing VM operation: G1CollectForAllocation
Event: 53.530 Executing VM operation: G1CollectForAllocation done
Event: 53.938 Executing VM operation: G1CollectForAllocation
Event: 53.944 Executing VM operation: G1CollectForAllocation done
Event: 54.093 Executing VM operation: G1CollectForAllocation
Event: 54.100 Executing VM operation: G1CollectForAllocation done
Event: 54.209 Executing VM operation: G1CollectForAllocation
Event: 54.213 Executing VM operation: G1CollectForAllocation done
Event: 54.487 Executing VM operation: G1CollectForAllocation
Event: 54.492 Executing VM operation: G1CollectForAllocation done
Event: 55.465 Executing VM operation: G1CollectForAllocation
Event: 55.503 Executing VM operation: G1CollectForAllocation done
Event: 55.664 Executing VM operation: G1CollectForAllocation
Event: 55.699 Executing VM operation: G1CollectForAllocation done
Event: 55.947 Executing VM operation: G1CollectForAllocation

Events (20 events):
Event: 6.568 Thread 0x00000231c56fba10 Thread exited: 0x00000231c56fba10
Event: 11.569 Thread 0x00000231c56fb490 Thread exited: 0x00000231c56fb490
Event: 18.129 Thread 0x00000231c5651f20 Thread added: 0x00000231c5651f20
Event: 18.237 Thread 0x00000231c58064c0 Thread added: 0x00000231c58064c0
Event: 19.150 Thread 0x00000231c58064c0 Thread exited: 0x00000231c58064c0
Event: 19.999 Thread 0x00000231c594b020 Thread added: 0x00000231c594b020
Event: 20.147 Thread 0x00000231c689f010 Thread added: 0x00000231c689f010
Event: 22.245 Thread 0x00000231c6d69660 Thread added: 0x00000231c6d69660
Event: 23.223 Thread 0x00000231c6d69660 Thread exited: 0x00000231c6d69660
Event: 23.228 Thread 0x00000231c7c67780 Thread added: 0x00000231c7c67780
Event: 23.463 Thread 0x00000231c594b020 Thread exited: 0x00000231c594b020
Event: 23.478 Thread 0x00000231c594b020 Thread added: 0x00000231c594b020
Event: 23.527 Thread 0x00000231c7969420 Thread added: 0x00000231c7969420
Event: 28.109 Thread 0x00000231c7969420 Thread exited: 0x00000231c7969420
Event: 28.132 Thread 0x00000231c7969420 Thread added: 0x00000231c7969420
Event: 28.285 Thread 0x00000231c7c6a200 Thread added: 0x00000231c7c6a200
Event: 31.954 Thread 0x00000231c7969420 Thread exited: 0x00000231c7969420
Event: 31.954 Thread 0x00000231c594b020 Thread exited: 0x00000231c594b020
Event: 51.595 Thread 0x00000231c594b020 Thread added: 0x00000231c594b020
Event: 52.385 Thread 0x00000231c594b020 Thread exited: 0x00000231c594b020


Dynamic libraries:
0x00007ff73c830000 - 0x00007ff73c840000 	D:\JDK\jdk-19\bin\java.exe
0x00007ff8e18b0000 - 0x00007ff8e1aa8000 	C:\WINDOWS\SYSTEM32\ntdll.dll
0x00007ff89e550000 - 0x00007ff89e569000 	C:\Program Files\Avast Software\Avast\aswhook.dll
0x00007ff8e17b0000 - 0x00007ff8e186d000 	C:\WINDOWS\System32\KERNEL32.DLL
0x00007ff8df3d0000 - 0x00007ff8df6c6000 	C:\WINDOWS\System32\KERNELBASE.dll
0x00007ff8def90000 - 0x00007ff8df090000 	C:\WINDOWS\System32\ucrtbase.dll
0x00007ff8c2f80000 - 0x00007ff8c2f9b000 	D:\JDK\jdk-19\bin\VCRUNTIME140.dll
0x00007ff8c2f60000 - 0x00007ff8c2f78000 	D:\JDK\jdk-19\bin\jli.dll
0x00007ff8df9d0000 - 0x00007ff8dfa7f000 	C:\WINDOWS\System32\ADVAPI32.dll
0x00007ff8e0400000 - 0x00007ff8e049e000 	C:\WINDOWS\System32\msvcrt.dll
0x00007ff8e0360000 - 0x00007ff8e03fc000 	C:\WINDOWS\System32\sechost.dll
0x00007ff8e1160000 - 0x00007ff8e1286000 	C:\WINDOWS\System32\RPCRT4.dll
0x00007ff8e1330000 - 0x00007ff8e14ce000 	C:\WINDOWS\System32\USER32.dll
0x00007ff8df230000 - 0x00007ff8df252000 	C:\WINDOWS\System32\win32u.dll
0x00007ff8d3e40000 - 0x00007ff8d40da000 	C:\WINDOWS\WinSxS\amd64_microsoft.windows.common-controls_6595b64144ccf1df_6.0.19041.3636_none_60b6a03d71f818d5\COMCTL32.dll
0x00007ff8e0520000 - 0x00007ff8e054c000 	C:\WINDOWS\System32\GDI32.dll
0x00007ff8df2b0000 - 0x00007ff8df3ca000 	C:\WINDOWS\System32\gdi32full.dll
0x00007ff8df120000 - 0x00007ff8df1bd000 	C:\WINDOWS\System32\msvcp_win.dll
0x00007ff8d6f10000 - 0x00007ff8d6f1a000 	C:\WINDOWS\SYSTEM32\VERSION.dll
0x00007ff8e0550000 - 0x00007ff8e0580000 	C:\WINDOWS\System32\IMM32.DLL
0x00007ff8d99f0000 - 0x00007ff8d99fc000 	D:\JDK\jdk-19\bin\vcruntime140_1.dll
0x00007ff8c2ed0000 - 0x00007ff8c2f5e000 	D:\JDK\jdk-19\bin\msvcp140.dll
0x00007ff855980000 - 0x00007ff856640000 	D:\JDK\jdk-19\bin\server\jvm.dll
0x00007ff8c8990000 - 0x00007ff8c8999000 	C:\WINDOWS\SYSTEM32\WSOCK32.dll
0x00007ff8e0ee0000 - 0x00007ff8e0f4b000 	C:\WINDOWS\System32\WS2_32.dll
0x00007ff8d4330000 - 0x00007ff8d4357000 	C:\WINDOWS\SYSTEM32\WINMM.dll
0x00007ff8dd7e0000 - 0x00007ff8dd7f2000 	C:\WINDOWS\SYSTEM32\kernel.appcore.dll
0x00007ff8c8c30000 - 0x00007ff8c8c3a000 	D:\JDK\jdk-19\bin\jimage.dll
0x00007ff8d3800000 - 0x00007ff8d39e4000 	C:\WINDOWS\SYSTEM32\DBGHELP.DLL
0x00007ff8d3760000 - 0x00007ff8d3794000 	C:\WINDOWS\SYSTEM32\dbgcore.DLL
0x00007ff8df090000 - 0x00007ff8df112000 	C:\WINDOWS\System32\bcryptPrimitives.dll
0x00007ff8dc340000 - 0x00007ff8dc34e000 	D:\JDK\jdk-19\bin\instrument.dll
0x00007ff8c2a60000 - 0x00007ff8c2a86000 	D:\JDK\jdk-19\bin\java.dll
0x00007ff893470000 - 0x00007ff893547000 	D:\JDK\jdk-19\bin\jsvml.dll
0x00007ff8dfb30000 - 0x00007ff8e0274000 	C:\WINDOWS\System32\SHELL32.dll
0x00007ff8dd000000 - 0x00007ff8dd79b000 	C:\WINDOWS\SYSTEM32\windows.storage.dll
0x00007ff8e06a0000 - 0x00007ff8e09f4000 	C:\WINDOWS\System32\combase.dll
0x00007ff8de900000 - 0x00007ff8de92d000 	C:\WINDOWS\SYSTEM32\Wldp.dll
0x00007ff8dfa80000 - 0x00007ff8dfb2d000 	C:\WINDOWS\System32\SHCORE.dll
0x00007ff8e04a0000 - 0x00007ff8e04f5000 	C:\WINDOWS\System32\shlwapi.dll
0x00007ff8deec0000 - 0x00007ff8deee5000 	C:\WINDOWS\SYSTEM32\profapi.dll
0x00007ff8c30f0000 - 0x00007ff8c3108000 	D:\JDK\jdk-19\bin\zip.dll
0x00007ff8d92c0000 - 0x00007ff8d92d3000 	D:\JDK\jdk-19\bin\net.dll
0x00007ff8d4930000 - 0x00007ff8d4a3a000 	C:\WINDOWS\SYSTEM32\WINHTTP.dll
0x00007ff8de660000 - 0x00007ff8de6ca000 	C:\WINDOWS\system32\mswsock.dll
0x00007ff8c8970000 - 0x00007ff8c8986000 	D:\JDK\jdk-19\bin\nio.dll
0x00007ff8dc320000 - 0x00007ff8dc33a000 	D:\JDK\JetBrains IntelliJ IDEA Ultimate 2022.2\IntelliJ IDEA 2022.2\bin\breakgen64.dll
0x00007ff8c7ee0000 - 0x00007ff8c7ee8000 	D:\JDK\jdk-19\bin\extnet.dll
0x00007ff8de390000 - 0x00007ff8de45a000 	C:\WINDOWS\SYSTEM32\DNSAPI.dll
0x00007ff8de350000 - 0x00007ff8de38b000 	C:\WINDOWS\SYSTEM32\IPHLPAPI.DLL
0x00007ff8e0350000 - 0x00007ff8e0358000 	C:\WINDOWS\System32\NSI.dll
0x00007ff8ca480000 - 0x00007ff8ca48a000 	C:\Windows\System32\rasadhlp.dll
0x00007ff8caee0000 - 0x00007ff8caf60000 	C:\WINDOWS\System32\fwpuclnt.dll
0x00007ff8df780000 - 0x00007ff8df7a7000 	C:\WINDOWS\System32\bcrypt.dll
0x00007ff8de850000 - 0x00007ff8de868000 	C:\WINDOWS\SYSTEM32\CRYPTSP.dll
0x00007ff8ddf90000 - 0x00007ff8ddfc4000 	C:\WINDOWS\system32\rsaenh.dll
0x00007ff8dee40000 - 0x00007ff8dee6e000 	C:\WINDOWS\SYSTEM32\USERENV.dll
0x00007ff8de870000 - 0x00007ff8de87c000 	C:\WINDOWS\SYSTEM32\CRYPTBASE.dll
0x00007ff8d4d90000 - 0x00007ff8d4da7000 	C:\WINDOWS\SYSTEM32\dhcpcsvc6.DLL
0x00007ff8d6db0000 - 0x00007ff8d6dcd000 	C:\WINDOWS\SYSTEM32\dhcpcsvc.DLL
0x00007ff8c5070000 - 0x00007ff8c507e000 	D:\JDK\jdk-19\bin\sunmscapi.dll
0x00007ff8df7b0000 - 0x00007ff8df90d000 	C:\WINDOWS\System32\CRYPT32.dll
0x00007ff8de970000 - 0x00007ff8de997000 	C:\WINDOWS\SYSTEM32\ncrypt.dll
0x00007ff8de930000 - 0x00007ff8de96b000 	C:\WINDOWS\SYSTEM32\NTASN1.dll
0x00007ff8c30e0000 - 0x00007ff8c30f0000 	D:\JDK\jdk-19\bin\verify.dll
0x00007ff886560000 - 0x00007ff8866f1000 	D:\JDK\jdk-19\bin\awt.dll
0x00007ff8e0280000 - 0x00007ff8e034d000 	C:\WINDOWS\System32\OLEAUT32.dll
0x00007ff8dc450000 - 0x00007ff8dc4e0000 	C:\WINDOWS\SYSTEM32\apphelp.dll

dbghelp: loaded successfully - version: 4.0.5 - missing functions: none
symbol engine: initialized successfully - sym options: 0x614 - pdb path: .;D:\JDK\jdk-19\bin;C:\WINDOWS\SYSTEM32;C:\Program Files\Avast Software\Avast;C:\WINDOWS\WinSxS\amd64_microsoft.windows.common-controls_6595b64144ccf1df_6.0.19041.3636_none_60b6a03d71f818d5;D:\JDK\jdk-19\bin\server;D:\JDK\JetBrains IntelliJ IDEA Ultimate 2022.2\IntelliJ IDEA 2022.2\bin

VM Arguments:
jvm_args: -javaagent:D:\JDK\JetBrains IntelliJ IDEA Ultimate 2022.2\IntelliJ IDEA 2022.2\lib\idea_rt.jar=62287:D:\JDK\JetBrains IntelliJ IDEA Ultimate 2022.2\IntelliJ IDEA 2022.2\bin -Dfile.encoding=windows-1251 
java_command: practise.Lab5_Server1
java_class_path (initial): D:\FCP\SEM7\CURS\Project\Server\target\classes;C:\Users\Notebook\.m2\repository\mysql\mysql-connector-java\8.0.25\mysql-connector-java-8.0.25.jar;C:\Users\Notebook\.m2\repository\com\google\protobuf\protobuf-java\3.11.4\protobuf-java-3.11.4.jar;C:\Users\Notebook\.m2\repository\jakarta\inject\jakarta.inject-api\2.0.0\jakarta.inject-api-2.0.0.jar;C:\Users\Notebook\.m2\repository\org\hibernate\orm\hibernate-core\6.0.0.Final\hibernate-core-6.0.0.Final.jar;C:\Users\Notebook\.m2\repository\jakarta\persistence\jakarta.persistence-api\3.0.0\jakarta.persistence-api-3.0.0.jar;C:\Users\Notebook\.m2\repository\jakarta\transaction\jakarta.transaction-api\2.0.0\jakarta.transaction-api-2.0.0.jar;C:\Users\Notebook\.m2\repository\org\jboss\logging\jboss-logging\3.4.3.Final\jboss-logging-3.4.3.Final.jar;C:\Users\Notebook\.m2\repository\org\jboss\jandex\2.4.2.Final\jandex-2.4.2.Final.jar;C:\Users\Notebook\.m2\repository\com\fasterxml\classmate\1.5.1\classmate-1.5.1.jar;C:\Users\Notebook\.m2\repository\org\hibernate\common\hibernate-commons-annotations\6.0.0.CR1\hibernate-commons-annotations-6.0.0.CR1.jar;C:\Users\Notebook\.m2\repository\net\bytebuddy\byte-buddy\1.12.8\byte-buddy-1.12.8.jar;C:\Users\Notebook\.m2\repository\jakarta\activation\jakarta.activation-api\2.0.1\jakarta.activation-api-2.0.1.jar;C:\Users\Notebook\.m2\repository\jakarta\xml\bind\jakarta.xml.bind-api\3.0.1\jakarta.xml.bind-api-3.0.1.jar;C:\Users\Notebook\.m2\repository\org\antlr\antlr4-runtime\4.9.1\antlr4-runtime-4.9.1.jar;C:\Users\Notebook\.m2\repository\org\glassfish\jaxb\jaxb-runtime\3.0.2\jaxb-runtime-3.0.2.jar;C:\Users\Notebook\.m2\repository\com\sun\activation\jakarta.activation\2.0.1\jakarta.activation-2.0.1.jar;C:\Users\Notebook\.m2\repository\org\glassfish\jaxb\jaxb-core\3.0.2\jaxb-core-3.0.2.jar;C:\Users\Notebook\.m2\repository\org\glassfish\jaxb\txw2\3.0.2\txw2-3.0.2.jar;C:\Users\Notebook\.m2\repository\com\sun\istack\istack-commons-runtime\4.0.1\istack-commons-runtime-4.0.1.jar;D:\FCP\SEM7\CURS\Project\DataLib\target\classes
Launcher Type: SUN_STANDARD

[Global flags]
     intx CICompilerCount                          = 4                                         {product} {ergonomic}
     uint ConcGCThreads                            = 2                                         {product} {ergonomic}
     uint G1ConcRefinementThreads                  = 8                                         {product} {ergonomic}
   size_t G1HeapRegionSize                         = 2097152                                   {product} {ergonomic}
    uintx GCDrainStackTargetSize                   = 64                                        {product} {ergonomic}
   size_t InitialHeapSize                          = 266338304                                 {product} {ergonomic}
   size_t MarkStackSize                            = 4194304                                   {product} {ergonomic}
   size_t MaxHeapSize                              = 4244635648                                {product} {ergonomic}
   size_t MaxNewSize                               = 2545942528                                {product} {ergonomic}
   size_t MinHeapDeltaBytes                        = 2097152                                   {product} {ergonomic}
   size_t MinHeapSize                              = 8388608                                   {product} {ergonomic}
    uintx NonNMethodCodeHeapSize                   = 5839372                                {pd product} {ergonomic}
    uintx NonProfiledCodeHeapSize                  = 122909434                              {pd product} {ergonomic}
    uintx ProfiledCodeHeapSize                     = 122909434                              {pd product} {ergonomic}
    uintx ReservedCodeCacheSize                    = 251658240                              {pd product} {ergonomic}
     bool SegmentedCodeCache                       = true                                      {product} {ergonomic}
   size_t SoftMaxHeapSize                          = 4244635648                             {manageable} {ergonomic}
     bool UseCompressedClassPointers               = true                           {product lp64_product} {ergonomic}
     bool UseCompressedOops                        = true                           {product lp64_product} {ergonomic}
     bool UseG1GC                                  = true                                      {product} {ergonomic}
     bool UseLargePagesIndividualAllocation        = false                                  {pd product} {ergonomic}

Logging:
Log output configuration:
 #0: stdout all=warning uptime,level,tags foldmultilines=false
 #1: stderr all=off uptime,level,tags foldmultilines=false

Environment Variables:
JAVA_HOME=C:\Program Files\Java\jdk-20
CLASSPATH=C:\Program Files\Java\jdk-20\lib;C:\Program Files\Java\jdk-20\jre\lib;
PATH=C:\Program Files\Microsoft MPI\Bin\;D:\AVR ToolChain\WinAVR\bin;D:\AVR ToolChain\WinAVR\utils\bin;D:\Proteus&Eclipse\MMVP\4.6 2012q4\bin;C:\Program Files\Microsoft SQL Server\130\Tools\Binn\;C:\Program Files\Microsoft OLE DB Provider for DB2\System\;D:\JDK\maven\apache-maven-3.8.6\bin;D:\JDK\Git\cmd;D:\JDK\RationalRose\common;C:\Program Files\Java\jdk-20\bin;C:\Program Files (x86)\Microsoft SQL Server\150\Tools\Binn\;C:\Program Files\Microsoft SQL Server\150\Tools\Binn\;C:\Program Files (x86)\Microsoft SQL Server\150\DTS\Binn\;C:\Program Files\Microsoft SQL Server\150\DTS\Binn\;C:\Program Files\Azure Data Studio\bin;C:\Program Files\Microsoft SQL Server\90\Tools\binn\;d:\Microsoft SQL Server\BOL (x86)\90\Tools\binn\;d:\Microsoft SQL Server\BOL (x86)\90\DTS\Binn\;d:\Microsoft SQL Server\BOL (x86)\90\Tools\Binn\VSShell\Common7\IDE\;C:\Program Files (x86)\Microsoft Visual Studio 8\Common7\IDE\PrivateAssemblies\;C:\Program Files\Microsoft SQL Server\Client SDK\ODBC\170\Tools\Binn\;C:\Program Files\dotnet\;C:\Program Files\MySQL\MySQL Shell 8.0\bin\;C:\Users\Notebook\AppData\Local\Microsoft\WindowsApps;C:\Program Files\Azure Data Studio\bin;C:\Program Files\Java\jdk-20;D:\JDK\Apache Tomcat\apache-tomcat-8.1\lib;C:\Program Files\Java\jdk-20\bin;;C:\Program Files\Azure Data Studio\bin;C:\Users\Notebook\.dotnet\tools
USERNAME=Notebook
OS=Windows_NT
PROCESSOR_IDENTIFIER=AMD64 Family 23 Model 24 Stepping 1, AuthenticAMD
TMP=C:\Users\Notebook\AppData\Local\Temp
TEMP=C:\Users\Notebook\AppData\Local\Temp



---------------  S Y S T E M  ---------------

OS:
 Windows 10 , 64 bit Build 19041 (10.0.19041.3636)
OS uptime: 0 days 10:29 hours

CPU: total 8 (initial active 8) (8 cores per cpu, 2 threads per core) family 23 model 24 stepping 1 microcode 0x0, cx8, cmov, fxsr, ht, mmx, 3dnowpref, sse, sse2, sse3, ssse3, sse4a, sse4.1, sse4.2, popcnt, lzcnt, tsc, tscinvbit, avx, avx2, aes, clmul, bmi1, bmi2, adx, sha, fma, vzeroupper, clflush, clflushopt, rdtscp

Memory: 4k page, system-wide physical 16189M (4752M free)
TotalPageFile size 18237M (AvailPageFile size 215M)
current process WorkingSet (physical memory assigned to process): 739M, peak: 739M
current process commit charge ("private bytes"): 832M, peak: 1328M

vm_info: Java HotSpot(TM) 64-Bit Server VM (19+36-2238) for windows-amd64 JRE (19+36-2238), built on 2022-08-12T20:29:01Z by "mach5one" with MS VC++ 17.1 (VS2022)

END.
