#
# There is insufficient memory for the Java Runtime Environment to continue.
# Native memory allocation (mmap) failed to map 432013312 bytes for G1 virtual space
# Possible reasons:
#   The system is out of physical RAM or swap space
#   The process is running with CompressedOops enabled, and the Java Heap may be blocking the growth of the native heap
# Possible solutions:
#   Reduce memory load on the system
#   Increase physical memory or swap space
#   Check if swap backing store is full
#   Decrease Java heap size (-Xmx/-Xms)
#   Decrease number of Java threads
#   Decrease Java thread stack sizes (-Xss)
#   Set larger code cache with -XX:ReservedCodeCacheSize=
#   JVM is running with Zero Based Compressed Oops mode in which the Java heap is
#     placed in the first 32GB address space. The Java Heap base address is the
#     maximum limit for the native heap growth. Please use -XX:HeapBaseMinAddress
#     to set the Java Heap base and to place the Java Heap above 32GB virtual address.
# This output file may be truncated or incomplete.
#
#  Out of Memory Error (os_windows.cpp:3527), pid=4792, tid=2728
#
# JRE version: Java(TM) SE Runtime Environment (19.0+36) (build 19+36-2238)
# Java VM: Java HotSpot(TM) 64-Bit Server VM (19+36-2238, mixed mode, sharing, tiered, compressed oops, compressed class ptrs, g1 gc, windows-amd64)
# No core dump will be written. Minidumps are not enabled by default on client versions of Windows
#

---------------  S U M M A R Y ------------

Command Line: -javaagent:D:\JDK\JetBrains IntelliJ IDEA Ultimate 2022.2\IntelliJ IDEA 2022.2\lib\idea_rt.jar=50701:D:\JDK\JetBrains IntelliJ IDEA Ultimate 2022.2\IntelliJ IDEA 2022.2\bin -Dfile.encoding=windows-1251 practise.Lab5_Server1

Host: AMD Ryzen 7 3750H with Radeon Vega Mobile Gfx  , 8 cores, 15G,  Windows 10 , 64 bit Build 19041 (10.0.19041.3636)
Time: Sun Dec 10 18:58:38 2023  Windows 10 , 64 bit Build 19041 (10.0.19041.3636) elapsed time: 104.964332 seconds (0d 0h 1m 44s)

---------------  T H R E A D  ---------------

Current thread (0x00000165e3468b90):  VMThread "VM Thread" [stack: 0x0000005e22a00000,0x0000005e22b00000] [id=2728]

Stack: [0x0000005e22a00000,0x0000005e22b00000]
Native frames: (J=compiled Java code, j=interpreted, Vv=VM code, C=native code)
V  [jvm.dll+0x6ee8fa]
V  [jvm.dll+0x857a1e]
V  [jvm.dll+0x85940e]
V  [jvm.dll+0x859ac3]
V  [jvm.dll+0x28291f]
V  [jvm.dll+0x6eb6e9]
V  [jvm.dll+0x6e028a]
V  [jvm.dll+0x357136]
V  [jvm.dll+0x35eb96]
V  [jvm.dll+0x3b555e]
V  [jvm.dll+0x3b578f]
V  [jvm.dll+0x32c6ea]
V  [jvm.dll+0x32c797]
V  [jvm.dll+0x374b52]
V  [jvm.dll+0x37328f]
V  [jvm.dll+0x32bf10]
V  [jvm.dll+0x37282b]
V  [jvm.dll+0x85ef83]
V  [jvm.dll+0x85fd49]
V  [jvm.dll+0x86027d]
V  [jvm.dll+0x86070b]
V  [jvm.dll+0x8607c7]
V  [jvm.dll+0x8015fa]
V  [jvm.dll+0x6ed5eb]
C  [ucrtbase.dll+0x21bb2]
C  [KERNEL32.DLL+0x17344]
C  [ntdll.dll+0x526b1]

VM_Operation (0x0000005e244ff4d0): G1CollectForAllocation, mode: safepoint, requested by thread 0x00000165e9880cb0


---------------  P R O C E S S  ---------------

Threads class SMR info:
_java_thread_list=0x00000165ea2f9660, length=16, elements={
0x00000165c017ad20, 0x00000165e3484560, 0x00000165e3485350, 0x00000165e3486b40,
0x00000165e348a590, 0x00000165e348aec0, 0x00000165e348d4f0, 0x00000165e3498dc0,
0x00000165e349ce80, 0x00000165e34b2f30, 0x00000165e3458cb0, 0x00000165e7a99630,
0x00000165e7a99b70, 0x00000165e79f2410, 0x00000165e8aef1e0, 0x00000165e9880cb0
}

Java Threads: ( => current thread )
  0x00000165c017ad20 JavaThread "main" [_thread_in_native, id=8460, stack(0x0000005e22400000,0x0000005e22500000)]
  0x00000165e3484560 JavaThread "Reference Handler" daemon [_thread_blocked, id=11188, stack(0x0000005e22b00000,0x0000005e22c00000)]
  0x00000165e3485350 JavaThread "Finalizer" daemon [_thread_blocked, id=8576, stack(0x0000005e22c00000,0x0000005e22d00000)]
  0x00000165e3486b40 JavaThread "Signal Dispatcher" daemon [_thread_blocked, id=4868, stack(0x0000005e22d00000,0x0000005e22e00000)]
  0x00000165e348a590 JavaThread "Attach Listener" daemon [_thread_blocked, id=6724, stack(0x0000005e22e00000,0x0000005e22f00000)]
  0x00000165e348aec0 JavaThread "Service Thread" daemon [_thread_blocked, id=4196, stack(0x0000005e22f00000,0x0000005e23000000)]
  0x00000165e348d4f0 JavaThread "Monitor Deflation Thread" daemon [_thread_blocked, id=11696, stack(0x0000005e23000000,0x0000005e23100000)]
  0x00000165e3498dc0 JavaThread "C2 CompilerThread0" daemon [_thread_blocked, id=13108, stack(0x0000005e23100000,0x0000005e23200000)]
  0x00000165e349ce80 JavaThread "C1 CompilerThread0" daemon [_thread_blocked, id=4724, stack(0x0000005e23200000,0x0000005e23300000)]
  0x00000165e34b2f30 JavaThread "Sweeper thread" daemon [_thread_blocked, id=12648, stack(0x0000005e23300000,0x0000005e23400000)]
  0x00000165e3458cb0 JavaThread "Common-Cleaner" daemon [_thread_blocked, id=4560, stack(0x0000005e23400000,0x0000005e23500000)]
  0x00000165e7a99630 JavaThread "Monitor Ctrl-Break" daemon [_thread_in_native, id=3932, stack(0x0000005e23600000,0x0000005e23700000)]
  0x00000165e7a99b70 JavaThread "Notification Thread" daemon [_thread_blocked, id=16376, stack(0x0000005e23700000,0x0000005e23800000)]
  0x00000165e79f2410 JavaThread "mysql-cj-abandoned-connection-cleanup" daemon [_thread_blocked, id=10588, stack(0x0000005e23500000,0x0000005e23600000)]
  0x00000165e8aef1e0 JavaThread "Hibernate Connection Pool Validation Thread" daemon [_thread_blocked, id=3516, stack(0x0000005e23a00000,0x0000005e23b00000)]
  0x00000165e9880cb0 JavaThread "Thread-0" [_thread_blocked, id=3404, stack(0x0000005e24400000,0x0000005e24500000)]

Other Threads:
=>0x00000165e3468b90 VMThread "VM Thread" [stack: 0x0000005e22a00000,0x0000005e22b00000] [id=2728]
  0x00000165e7ad5670 WatcherThread "VM Periodic Task Thread" [stack: 0x0000005e23800000,0x0000005e23900000] [id=12280]
  0x00000165c01ea270 WorkerThread "GC Thread#0" [stack: 0x0000005e22500000,0x0000005e22600000] [id=16972]
  0x00000165e7fb43d0 WorkerThread "GC Thread#1" [stack: 0x0000005e23b00000,0x0000005e23c00000] [id=3320]
  0x00000165e887f720 WorkerThread "GC Thread#2" [stack: 0x0000005e23c00000,0x0000005e23d00000] [id=14496]
  0x00000165e887fcc0 WorkerThread "GC Thread#3" [stack: 0x0000005e23d00000,0x0000005e23e00000] [id=14968]
  0x00000165e887ebe0 WorkerThread "GC Thread#4" [stack: 0x0000005e23e00000,0x0000005e23f00000] [id=18448]
  0x00000165e887e0a0 WorkerThread "GC Thread#5" [stack: 0x0000005e23f00000,0x0000005e24000000] [id=15856]
  0x00000165e887e370 WorkerThread "GC Thread#6" [stack: 0x0000005e24000000,0x0000005e24100000] [id=1552]
  0x00000165e887e910 WorkerThread "GC Thread#7" [stack: 0x0000005e24100000,0x0000005e24200000] [id=12296]
  0x00000165c01fb140 ConcurrentGCThread "G1 Main Marker" [stack: 0x0000005e22600000,0x0000005e22700000] [id=7788]
  0x00000165c01fd320 WorkerThread "G1 Conc#0" [stack: 0x0000005e22700000,0x0000005e22800000] [id=16404]
  0x00000165e887f9f0 WorkerThread "G1 Conc#1" [stack: 0x0000005e24200000,0x0000005e24300000] [id=3924]
  0x00000165e3322160 ConcurrentGCThread "G1 Refine#0" [stack: 0x0000005e22800000,0x0000005e22900000] [id=1464]
  0x00000165e3322ca0 ConcurrentGCThread "G1 Service" [stack: 0x0000005e22900000,0x0000005e22a00000] [id=11648]

Threads with active compile tasks:

VM state: at safepoint (normal execution)

VM Mutex/Monitor currently owned by a thread:  ([mutex/lock_event])
[0x00000165c0178e50] Threads_lock - owner thread: 0x00000165e3468b90
[0x00000165c01792d0] Heap_lock - owner thread: 0x00000165e9880cb0

Heap address: 0x0000000703000000, size: 4048 MB, Compressed Oops mode: Zero based, Oop shift amount: 3

CDS archive(s) mapped at: [0x0000000800000000-0x0000000800c40000-0x0000000800c40000), size 12845056, SharedBaseAddress: 0x0000000800000000, ArchiveRelocationMode: 0.
Compressed class space mapped at: 0x0000000801000000-0x0000000841000000, reserved size: 1073741824
Narrow klass base: 0x0000000800000000, Narrow klass shift: 0, Narrow klass range: 0x100000000

GC Precious Log:
 CardTable entry size: 512
 Card Set container configuration: InlinePtr #cards 4 size 8 Array Of Cards #cards 8 size 32 Howl #buckets 8 coarsen threshold 3686 Howl Bitmap #cards 512 size 80 coarsen threshold 460 Card regions per heap region 1 cards per card region 4096
 CPUs: 8 total, 8 available
 Memory: 16189M
 Large Page Support: Disabled
 NUMA Support: Disabled
 Compressed Oops: Enabled (Zero based)
 Heap Region Size: 2M
 Heap Min Capacity: 8M
 Heap Initial Capacity: 254M
 Heap Max Capacity: 4048M
 Pre-touch: Disabled
 Parallel Workers: 8
 Concurrent Workers: 2
 Concurrent Refinement Workers: 8
 Periodic GC: Disabled

Heap:
 garbage-first heap   total 421888K, used 40373K [0x0000000703000000, 0x0000000800000000)
  region size 2048K, 1 young (2048K), 1 survivors (2048K)
 Metaspace       used 39994K, committed 40320K, reserved 1114112K
  class space    used 5036K, committed 5184K, reserved 1048576K

Heap Regions: E=young(eden), S=young(survivor), O=old, HS=humongous(starts), HC=humongous(continues), CS=collection set, F=free, OA=open archive, CA=closed archive, TAMS=top-at-mark-start (previous, next)
|   0|0x0000000703000000, 0x0000000703200000, 0x0000000703200000|100%| O|  |TAMS 0x0000000703200000, 0x0000000703200000| Untracked 
|   1|0x0000000703200000, 0x0000000703400000, 0x0000000703400000|100%| O|  |TAMS 0x0000000703400000, 0x0000000703400000| Untracked 
|   2|0x0000000703400000, 0x0000000703600000, 0x0000000703600000|100%| O|  |TAMS 0x0000000703600000, 0x0000000703600000| Untracked 
|   3|0x0000000703600000, 0x0000000703800000, 0x0000000703800000|100%| O|  |TAMS 0x0000000703800000, 0x0000000703800000| Untracked 
|   4|0x0000000703800000, 0x0000000703a00000, 0x0000000703a00000|100%| O|  |TAMS 0x0000000703a00000, 0x0000000703a00000| Untracked 
|   5|0x0000000703a00000, 0x0000000703c00000, 0x0000000703c00000|100%| O|  |TAMS 0x0000000703c00000, 0x0000000703c00000| Untracked 
|   6|0x0000000703c00000, 0x0000000703c00000, 0x0000000703e00000|  0%| F|  |TAMS 0x0000000703c00000, 0x0000000703c00000| Untracked 
|   7|0x0000000703e00000, 0x0000000704000000, 0x0000000704000000|100%| O|  |TAMS 0x0000000704000000, 0x0000000704000000| Untracked 
|   8|0x0000000704000000, 0x0000000704200000, 0x0000000704200000|100%| O|  |TAMS 0x0000000704000000, 0x0000000704200000| Untracked 
|   9|0x0000000704200000, 0x0000000704400000, 0x0000000704400000|100%| O|  |TAMS 0x0000000704200000, 0x0000000704400000| Untracked 
|  10|0x0000000704400000, 0x0000000704600000, 0x0000000704600000|100%| O|  |TAMS 0x00000007045f1200, 0x0000000704600000| Untracked 
|  11|0x0000000704600000, 0x00000007046cca00, 0x0000000704800000| 39%| O|  |TAMS 0x0000000704600000, 0x00000007046cca00| Untracked 
|  12|0x0000000704800000, 0x0000000704800000, 0x0000000704a00000|  0%| F|  |TAMS 0x0000000704800000, 0x0000000704800000| Untracked 
|  13|0x0000000704a00000, 0x0000000704a00000, 0x0000000704c00000|  0%| F|  |TAMS 0x0000000704a00000, 0x0000000704a00000| Untracked 
|  14|0x0000000704c00000, 0x0000000704c00000, 0x0000000704e00000|  0%| F|  |TAMS 0x0000000704c00000, 0x0000000704c00000| Untracked 
|  15|0x0000000704e00000, 0x0000000704e00000, 0x0000000705000000|  0%| F|  |TAMS 0x0000000704e00000, 0x0000000704e00000| Untracked 
|  16|0x0000000705000000, 0x0000000705000000, 0x0000000705200000|  0%| F|  |TAMS 0x0000000705000000, 0x0000000705000000| Untracked 
|  17|0x0000000705200000, 0x0000000705200000, 0x0000000705400000|  0%| F|  |TAMS 0x0000000705200000, 0x0000000705200000| Untracked 
|  18|0x0000000705400000, 0x0000000705600000, 0x0000000705600000|100%|HS|  |TAMS 0x0000000705400000, 0x0000000705600000| Complete 
|  19|0x0000000705600000, 0x0000000705800000, 0x0000000705800000|100%|HC|  |TAMS 0x0000000705600000, 0x0000000705800000| Complete 
|  20|0x0000000705800000, 0x0000000705800000, 0x0000000705a00000|  0%| F|  |TAMS 0x0000000705800000, 0x0000000705800000| Untracked 
|  21|0x0000000705a00000, 0x0000000705a00000, 0x0000000705c00000|  0%| F|  |TAMS 0x0000000705a00000, 0x0000000705a00000| Untracked 
|  22|0x0000000705c00000, 0x0000000705c00000, 0x0000000705e00000|  0%| F|  |TAMS 0x0000000705c00000, 0x0000000705c00000| Untracked 
|  23|0x0000000705e00000, 0x0000000705e00000, 0x0000000706000000|  0%| F|  |TAMS 0x0000000705e00000, 0x0000000705e00000| Untracked 
|  24|0x0000000706000000, 0x0000000706000000, 0x0000000706200000|  0%| F|  |TAMS 0x0000000706000000, 0x0000000706000000| Untracked 
|  25|0x0000000706200000, 0x0000000706200000, 0x0000000706400000|  0%| F|  |TAMS 0x0000000706200000, 0x0000000706200000| Untracked 
|  26|0x0000000706400000, 0x0000000706400000, 0x0000000706600000|  0%| F|  |TAMS 0x0000000706400000, 0x0000000706400000| Untracked 
|  27|0x0000000706600000, 0x0000000706600000, 0x0000000706800000|  0%| F|  |TAMS 0x0000000706600000, 0x0000000706600000| Untracked 
|  28|0x0000000706800000, 0x0000000706800000, 0x0000000706a00000|  0%| F|  |TAMS 0x0000000706800000, 0x0000000706800000| Untracked 
|  29|0x0000000706a00000, 0x0000000706a00000, 0x0000000706c00000|  0%| F|  |TAMS 0x0000000706a00000, 0x0000000706a00000| Untracked 
|  30|0x0000000706c00000, 0x0000000706c00000, 0x0000000706e00000|  0%| F|  |TAMS 0x0000000706c00000, 0x0000000706c00000| Untracked 
|  31|0x0000000706e00000, 0x0000000706e00000, 0x0000000707000000|  0%| F|  |TAMS 0x0000000706e00000, 0x0000000706e00000| Untracked 
|  32|0x0000000707000000, 0x0000000707000000, 0x0000000707200000|  0%| F|  |TAMS 0x0000000707000000, 0x0000000707000000| Untracked 
|  33|0x0000000707200000, 0x0000000707200000, 0x0000000707400000|  0%| F|  |TAMS 0x0000000707200000, 0x0000000707200000| Untracked 
|  34|0x0000000707400000, 0x0000000707400000, 0x0000000707600000|  0%| F|  |TAMS 0x0000000707400000, 0x0000000707400000| Untracked 
|  35|0x0000000707600000, 0x0000000707600000, 0x0000000707800000|  0%| F|  |TAMS 0x0000000707600000, 0x0000000707600000| Untracked 
|  36|0x0000000707800000, 0x0000000707800000, 0x0000000707a00000|  0%| F|  |TAMS 0x0000000707800000, 0x0000000707800000| Untracked 
|  37|0x0000000707a00000, 0x0000000707a00000, 0x0000000707c00000|  0%| F|  |TAMS 0x0000000707a00000, 0x0000000707a00000| Untracked 
|  38|0x0000000707c00000, 0x0000000707c00000, 0x0000000707e00000|  0%| F|  |TAMS 0x0000000707c00000, 0x0000000707c00000| Untracked 
|  39|0x0000000707e00000, 0x0000000707e00000, 0x0000000708000000|  0%| F|  |TAMS 0x0000000707e00000, 0x0000000707e00000| Untracked 
|  40|0x0000000708000000, 0x0000000708000000, 0x0000000708200000|  0%| F|  |TAMS 0x0000000708000000, 0x0000000708000000| Untracked 
|  41|0x0000000708200000, 0x0000000708200000, 0x0000000708400000|  0%| F|  |TAMS 0x0000000708200000, 0x0000000708200000| Untracked 
|  42|0x0000000708400000, 0x0000000708400000, 0x0000000708600000|  0%| F|  |TAMS 0x0000000708400000, 0x0000000708400000| Untracked 
|  43|0x0000000708600000, 0x0000000708600000, 0x0000000708800000|  0%| F|  |TAMS 0x0000000708600000, 0x0000000708600000| Untracked 
|  44|0x0000000708800000, 0x0000000708a00000, 0x0000000708a00000|100%|HS|  |TAMS 0x0000000708800000, 0x0000000708800000| Complete 
|  45|0x0000000708a00000, 0x0000000708c00000, 0x0000000708c00000|100%|HC|  |TAMS 0x0000000708a00000, 0x0000000708a00000| Complete 
|  46|0x0000000708c00000, 0x0000000708e00000, 0x0000000708e00000|100%|HC|  |TAMS 0x0000000708c00000, 0x0000000708c00000| Complete 
|  47|0x0000000708e00000, 0x0000000709000000, 0x0000000709000000|100%|HC|  |TAMS 0x0000000708e00000, 0x0000000708e00000| Complete 
|  48|0x0000000709000000, 0x0000000709200000, 0x0000000709200000|100%|HC|  |TAMS 0x0000000709000000, 0x0000000709000000| Complete 
|  49|0x0000000709200000, 0x0000000709400000, 0x0000000709400000|100%|HC|  |TAMS 0x0000000709200000, 0x0000000709200000| Complete 
|  50|0x0000000709400000, 0x0000000709600000, 0x0000000709600000|100%|HC|  |TAMS 0x0000000709400000, 0x0000000709400000| Complete 
|  51|0x0000000709600000, 0x0000000709600000, 0x0000000709800000|  0%| F|  |TAMS 0x0000000709600000, 0x0000000709600000| Untracked 
|  52|0x0000000709800000, 0x0000000709800000, 0x0000000709a00000|  0%| F|  |TAMS 0x0000000709800000, 0x0000000709800000| Untracked 
|  53|0x0000000709a00000, 0x0000000709a00000, 0x0000000709c00000|  0%| F|  |TAMS 0x0000000709a00000, 0x0000000709a00000| Untracked 
|  54|0x0000000709c00000, 0x0000000709c00000, 0x0000000709e00000|  0%| F|  |TAMS 0x0000000709c00000, 0x0000000709c00000| Untracked 
|  55|0x0000000709e00000, 0x0000000709e00000, 0x000000070a000000|  0%| F|  |TAMS 0x0000000709e00000, 0x0000000709e00000| Untracked 
|  56|0x000000070a000000, 0x000000070a000000, 0x000000070a200000|  0%| F|  |TAMS 0x000000070a000000, 0x000000070a000000| Untracked 
|  57|0x000000070a200000, 0x000000070a200000, 0x000000070a400000|  0%| F|  |TAMS 0x000000070a200000, 0x000000070a200000| Untracked 
|  58|0x000000070a400000, 0x000000070a400000, 0x000000070a600000|  0%| F|  |TAMS 0x000000070a400000, 0x000000070a400000| Untracked 
|  59|0x000000070a600000, 0x000000070a600000, 0x000000070a800000|  0%| F|  |TAMS 0x000000070a600000, 0x000000070a600000| Untracked 
|  60|0x000000070a800000, 0x000000070a800000, 0x000000070aa00000|  0%| F|  |TAMS 0x000000070a800000, 0x000000070a800000| Untracked 
|  61|0x000000070aa00000, 0x000000070aa00000, 0x000000070ac00000|  0%| F|  |TAMS 0x000000070aa00000, 0x000000070aa00000| Untracked 
|  62|0x000000070ac00000, 0x000000070ac00000, 0x000000070ae00000|  0%| F|  |TAMS 0x000000070ac00000, 0x000000070ac00000| Untracked 
|  63|0x000000070ae00000, 0x000000070ae00000, 0x000000070b000000|  0%| F|  |TAMS 0x000000070ae00000, 0x000000070ae00000| Untracked 
|  64|0x000000070b000000, 0x000000070b000000, 0x000000070b200000|  0%| F|  |TAMS 0x000000070b000000, 0x000000070b000000| Untracked 
|  65|0x000000070b200000, 0x000000070b200000, 0x000000070b400000|  0%| F|  |TAMS 0x000000070b200000, 0x000000070b200000| Untracked 
|  66|0x000000070b400000, 0x000000070b400000, 0x000000070b600000|  0%| F|  |TAMS 0x000000070b400000, 0x000000070b400000| Untracked 
|  67|0x000000070b600000, 0x000000070b600000, 0x000000070b800000|  0%| F|  |TAMS 0x000000070b600000, 0x000000070b600000| Untracked 
|  68|0x000000070b800000, 0x000000070b800000, 0x000000070ba00000|  0%| F|  |TAMS 0x000000070b800000, 0x000000070b800000| Untracked 
|  69|0x000000070ba00000, 0x000000070ba00000, 0x000000070bc00000|  0%| F|  |TAMS 0x000000070ba00000, 0x000000070ba00000| Untracked 
|  70|0x000000070bc00000, 0x000000070bc00000, 0x000000070be00000|  0%| F|  |TAMS 0x000000070bc00000, 0x000000070bc00000| Untracked 
|  71|0x000000070be00000, 0x000000070be00000, 0x000000070c000000|  0%| F|  |TAMS 0x000000070be00000, 0x000000070be00000| Untracked 
|  72|0x000000070c000000, 0x000000070c000000, 0x000000070c200000|  0%| F|  |TAMS 0x000000070c000000, 0x000000070c000000| Untracked 
|  73|0x000000070c200000, 0x000000070c200000, 0x000000070c400000|  0%| F|  |TAMS 0x000000070c200000, 0x000000070c200000| Untracked 
|  74|0x000000070c400000, 0x000000070c400000, 0x000000070c600000|  0%| F|  |TAMS 0x000000070c400000, 0x000000070c400000| Untracked 
|  75|0x000000070c600000, 0x000000070c600000, 0x000000070c800000|  0%| F|  |TAMS 0x000000070c600000, 0x000000070c600000| Untracked 
|  76|0x000000070c800000, 0x000000070c800000, 0x000000070ca00000|  0%| F|  |TAMS 0x000000070c800000, 0x000000070c800000| Untracked 
|  77|0x000000070ca00000, 0x000000070ca00000, 0x000000070cc00000|  0%| F|  |TAMS 0x000000070ca00000, 0x000000070ca00000| Untracked 
|  78|0x000000070cc00000, 0x000000070cc00000, 0x000000070ce00000|  0%| F|  |TAMS 0x000000070cc00000, 0x000000070cc00000| Untracked 
|  79|0x000000070ce00000, 0x000000070ce00000, 0x000000070d000000|  0%| F|  |TAMS 0x000000070ce00000, 0x000000070ce00000| Untracked 
|  80|0x000000070d000000, 0x000000070d000000, 0x000000070d200000|  0%| F|  |TAMS 0x000000070d000000, 0x000000070d000000| Untracked 
|  81|0x000000070d200000, 0x000000070d200000, 0x000000070d400000|  0%| F|  |TAMS 0x000000070d200000, 0x000000070d200000| Untracked 
|  82|0x000000070d400000, 0x000000070d400000, 0x000000070d600000|  0%| F|  |TAMS 0x000000070d400000, 0x000000070d400000| Untracked 
|  83|0x000000070d600000, 0x000000070d6a0b88, 0x000000070d800000| 31%| S|CS|TAMS 0x000000070d600000, 0x000000070d600000| Complete 
|  84|0x000000070d800000, 0x000000070d800000, 0x000000070da00000|  0%| F|  |TAMS 0x000000070d800000, 0x000000070d800000| Untracked 
|  85|0x000000070da00000, 0x000000070da00000, 0x000000070dc00000|  0%| F|  |TAMS 0x000000070da00000, 0x000000070da00000| Untracked 
|  86|0x000000070dc00000, 0x000000070dc00000, 0x000000070de00000|  0%| F|  |TAMS 0x000000070dc00000, 0x000000070dc00000| Untracked 
|  87|0x000000070de00000, 0x000000070de00000, 0x000000070e000000|  0%| F|  |TAMS 0x000000070de00000, 0x000000070de00000| Untracked 
|  88|0x000000070e000000, 0x000000070e000000, 0x000000070e200000|  0%| F|  |TAMS 0x000000070e000000, 0x000000070e000000| Untracked 
|  89|0x000000070e200000, 0x000000070e200000, 0x000000070e400000|  0%| F|  |TAMS 0x000000070e200000, 0x000000070e200000| Untracked 
|  90|0x000000070e400000, 0x000000070e400000, 0x000000070e600000|  0%| F|  |TAMS 0x000000070e400000, 0x000000070e400000| Untracked 
|  91|0x000000070e600000, 0x000000070e600000, 0x000000070e800000|  0%| F|  |TAMS 0x000000070e600000, 0x000000070e600000| Untracked 
|  92|0x000000070e800000, 0x000000070e800000, 0x000000070ea00000|  0%| F|  |TAMS 0x000000070e800000, 0x000000070e800000| Untracked 
|  93|0x000000070ea00000, 0x000000070ea00000, 0x000000070ec00000|  0%| F|  |TAMS 0x000000070ea00000, 0x000000070ea00000| Untracked 
|  94|0x000000070ec00000, 0x000000070ec00000, 0x000000070ee00000|  0%| F|  |TAMS 0x000000070ec00000, 0x000000070ec00000| Untracked 
|  95|0x000000070ee00000, 0x000000070ee00000, 0x000000070f000000|  0%| F|  |TAMS 0x000000070ee00000, 0x000000070ee00000| Untracked 
|  96|0x000000070f000000, 0x000000070f000000, 0x000000070f200000|  0%| F|  |TAMS 0x000000070f000000, 0x000000070f000000| Untracked 
|  97|0x000000070f200000, 0x000000070f200000, 0x000000070f400000|  0%| F|  |TAMS 0x000000070f200000, 0x000000070f200000| Untracked 
|  98|0x000000070f400000, 0x000000070f400000, 0x000000070f600000|  0%| F|  |TAMS 0x000000070f400000, 0x000000070f400000| Untracked 
|  99|0x000000070f600000, 0x000000070f600000, 0x000000070f800000|  0%| F|  |TAMS 0x000000070f600000, 0x000000070f600000| Untracked 
| 100|0x000000070f800000, 0x000000070f800000, 0x000000070fa00000|  0%| F|  |TAMS 0x000000070f800000, 0x000000070f800000| Untracked 
| 101|0x000000070fa00000, 0x000000070fa00000, 0x000000070fc00000|  0%| F|  |TAMS 0x000000070fa00000, 0x000000070fa00000| Untracked 
| 102|0x000000070fc00000, 0x000000070fc00000, 0x000000070fe00000|  0%| F|  |TAMS 0x000000070fc00000, 0x000000070fc00000| Untracked 
| 103|0x000000070fe00000, 0x000000070fe00000, 0x0000000710000000|  0%| F|  |TAMS 0x000000070fe00000, 0x000000070fe00000| Untracked 
| 104|0x0000000710000000, 0x0000000710000000, 0x0000000710200000|  0%| F|  |TAMS 0x0000000710000000, 0x0000000710000000| Untracked 
| 105|0x0000000710200000, 0x0000000710200000, 0x0000000710400000|  0%| F|  |TAMS 0x0000000710200000, 0x0000000710200000| Untracked 
| 106|0x0000000710400000, 0x0000000710400000, 0x0000000710600000|  0%| F|  |TAMS 0x0000000710400000, 0x0000000710400000| Untracked 
| 107|0x0000000710600000, 0x0000000710600000, 0x0000000710800000|  0%| F|  |TAMS 0x0000000710600000, 0x0000000710600000| Untracked 
| 108|0x0000000710800000, 0x0000000710800000, 0x0000000710a00000|  0%| F|  |TAMS 0x0000000710800000, 0x0000000710800000| Untracked 
| 109|0x0000000710a00000, 0x0000000710a00000, 0x0000000710c00000|  0%| F|  |TAMS 0x0000000710a00000, 0x0000000710a00000| Untracked 
| 110|0x0000000710c00000, 0x0000000710c00000, 0x0000000710e00000|  0%| F|  |TAMS 0x0000000710c00000, 0x0000000710c00000| Untracked 
| 111|0x0000000710e00000, 0x0000000710e00000, 0x0000000711000000|  0%| F|  |TAMS 0x0000000710e00000, 0x0000000710e00000| Untracked 
| 112|0x0000000711000000, 0x0000000711000000, 0x0000000711200000|  0%| F|  |TAMS 0x0000000711000000, 0x0000000711000000| Untracked 
| 113|0x0000000711200000, 0x0000000711200000, 0x0000000711400000|  0%| F|  |TAMS 0x0000000711200000, 0x0000000711200000| Untracked 
| 114|0x0000000711400000, 0x0000000711400000, 0x0000000711600000|  0%| F|  |TAMS 0x0000000711400000, 0x0000000711400000| Untracked 
| 115|0x0000000711600000, 0x0000000711600000, 0x0000000711800000|  0%| F|  |TAMS 0x0000000711600000, 0x0000000711600000| Untracked 
| 116|0x0000000711800000, 0x0000000711800000, 0x0000000711a00000|  0%| F|  |TAMS 0x0000000711800000, 0x0000000711800000| Untracked 
| 117|0x0000000711a00000, 0x0000000711a00000, 0x0000000711c00000|  0%| F|  |TAMS 0x0000000711a00000, 0x0000000711a00000| Untracked 
| 118|0x0000000711c00000, 0x0000000711c00000, 0x0000000711e00000|  0%| F|  |TAMS 0x0000000711c00000, 0x0000000711c00000| Untracked 
| 119|0x0000000711e00000, 0x0000000711e00000, 0x0000000712000000|  0%| F|  |TAMS 0x0000000711e00000, 0x0000000711e00000| Untracked 
| 120|0x0000000712000000, 0x0000000712000000, 0x0000000712200000|  0%| F|  |TAMS 0x0000000712000000, 0x0000000712000000| Untracked 
| 121|0x0000000712200000, 0x0000000712200000, 0x0000000712400000|  0%| F|  |TAMS 0x0000000712200000, 0x0000000712200000| Untracked 
| 122|0x0000000712400000, 0x0000000712400000, 0x0000000712600000|  0%| F|  |TAMS 0x0000000712400000, 0x0000000712400000| Untracked 
| 123|0x0000000712600000, 0x0000000712600000, 0x0000000712800000|  0%| F|  |TAMS 0x0000000712600000, 0x0000000712600000| Untracked 
| 124|0x0000000712800000, 0x0000000712800000, 0x0000000712a00000|  0%| F|  |TAMS 0x0000000712800000, 0x0000000712800000| Untracked 
| 125|0x0000000712a00000, 0x0000000712a00000, 0x0000000712c00000|  0%| F|  |TAMS 0x0000000712a00000, 0x0000000712a00000| Untracked 
| 126|0x0000000712c00000, 0x0000000712c00000, 0x0000000712e00000|  0%| F|  |TAMS 0x0000000712c00000, 0x0000000712c00000| Untracked 
| 127|0x0000000712e00000, 0x0000000712e00000, 0x0000000713000000|  0%| F|  |TAMS 0x0000000712e00000, 0x0000000712e00000| Untracked 
| 128|0x0000000713000000, 0x0000000713000000, 0x0000000713200000|  0%| F|  |TAMS 0x0000000713000000, 0x0000000713000000| Untracked 
| 129|0x0000000713200000, 0x0000000713200000, 0x0000000713400000|  0%| F|  |TAMS 0x0000000713200000, 0x0000000713200000| Untracked 
| 130|0x0000000713400000, 0x0000000713400000, 0x0000000713600000|  0%| F|  |TAMS 0x0000000713400000, 0x0000000713400000| Untracked 
| 131|0x0000000713600000, 0x0000000713600000, 0x0000000713800000|  0%| F|  |TAMS 0x0000000713600000, 0x0000000713600000| Untracked 
| 132|0x0000000713800000, 0x0000000713800000, 0x0000000713a00000|  0%| F|  |TAMS 0x0000000713800000, 0x0000000713800000| Untracked 
| 133|0x0000000713a00000, 0x0000000713a00000, 0x0000000713c00000|  0%| F|  |TAMS 0x0000000713a00000, 0x0000000713a00000| Untracked 
| 134|0x0000000713c00000, 0x0000000713c00000, 0x0000000713e00000|  0%| F|  |TAMS 0x0000000713c00000, 0x0000000713c00000| Untracked 
| 135|0x0000000713e00000, 0x0000000713e00000, 0x0000000714000000|  0%| F|  |TAMS 0x0000000713e00000, 0x0000000713e00000| Untracked 
| 136|0x0000000714000000, 0x0000000714000000, 0x0000000714200000|  0%| F|  |TAMS 0x0000000714000000, 0x0000000714000000| Untracked 
| 137|0x0000000714200000, 0x0000000714200000, 0x0000000714400000|  0%| F|  |TAMS 0x0000000714200000, 0x0000000714200000| Untracked 
| 138|0x0000000714400000, 0x0000000714400000, 0x0000000714600000|  0%| F|  |TAMS 0x0000000714400000, 0x0000000714400000| Untracked 
| 139|0x0000000714600000, 0x0000000714600000, 0x0000000714800000|  0%| F|  |TAMS 0x0000000714600000, 0x0000000714600000| Untracked 
| 140|0x0000000714800000, 0x0000000714800000, 0x0000000714a00000|  0%| F|  |TAMS 0x0000000714800000, 0x0000000714800000| Untracked 
| 141|0x0000000714a00000, 0x0000000714a00000, 0x0000000714c00000|  0%| F|  |TAMS 0x0000000714a00000, 0x0000000714a00000| Untracked 
| 142|0x0000000714c00000, 0x0000000714c00000, 0x0000000714e00000|  0%| F|  |TAMS 0x0000000714c00000, 0x0000000714c00000| Untracked 
| 143|0x0000000714e00000, 0x0000000714e00000, 0x0000000715000000|  0%| F|  |TAMS 0x0000000714e00000, 0x0000000714e00000| Untracked 
| 144|0x0000000715000000, 0x0000000715000000, 0x0000000715200000|  0%| F|  |TAMS 0x0000000715000000, 0x0000000715000000| Untracked 
| 145|0x0000000715200000, 0x0000000715200000, 0x0000000715400000|  0%| F|  |TAMS 0x0000000715200000, 0x0000000715200000| Untracked 
| 146|0x0000000715400000, 0x0000000715400000, 0x0000000715600000|  0%| F|  |TAMS 0x0000000715400000, 0x0000000715400000| Untracked 
| 147|0x0000000715600000, 0x0000000715600000, 0x0000000715800000|  0%| F|  |TAMS 0x0000000715600000, 0x0000000715600000| Untracked 
| 148|0x0000000715800000, 0x0000000715800000, 0x0000000715a00000|  0%| F|  |TAMS 0x0000000715800000, 0x0000000715800000| Untracked 
| 149|0x0000000715a00000, 0x0000000715a00000, 0x0000000715c00000|  0%| F|  |TAMS 0x0000000715a00000, 0x0000000715a00000| Untracked 
| 150|0x0000000715c00000, 0x0000000715c00000, 0x0000000715e00000|  0%| F|  |TAMS 0x0000000715c00000, 0x0000000715c00000| Untracked 
| 151|0x0000000715e00000, 0x0000000715e00000, 0x0000000716000000|  0%| F|  |TAMS 0x0000000715e00000, 0x0000000715e00000| Untracked 
| 152|0x0000000716000000, 0x0000000716000000, 0x0000000716200000|  0%| F|  |TAMS 0x0000000716000000, 0x0000000716000000| Untracked 
| 153|0x0000000716200000, 0x0000000716200000, 0x0000000716400000|  0%| F|  |TAMS 0x0000000716200000, 0x0000000716200000| Untracked 
| 154|0x0000000716400000, 0x0000000716400000, 0x0000000716600000|  0%| F|  |TAMS 0x0000000716400000, 0x0000000716400000| Untracked 
| 155|0x0000000716600000, 0x0000000716600000, 0x0000000716800000|  0%| F|  |TAMS 0x0000000716600000, 0x0000000716600000| Untracked 
| 156|0x0000000716800000, 0x0000000716800000, 0x0000000716a00000|  0%| F|  |TAMS 0x0000000716800000, 0x0000000716800000| Untracked 
| 157|0x0000000716a00000, 0x0000000716a00000, 0x0000000716c00000|  0%| F|  |TAMS 0x0000000716a00000, 0x0000000716a00000| Untracked 
| 158|0x0000000716c00000, 0x0000000716c00000, 0x0000000716e00000|  0%| F|  |TAMS 0x0000000716c00000, 0x0000000716c00000| Untracked 
| 159|0x0000000716e00000, 0x0000000716e00000, 0x0000000717000000|  0%| F|  |TAMS 0x0000000716e00000, 0x0000000716e00000| Untracked 
| 160|0x0000000717000000, 0x0000000717000000, 0x0000000717200000|  0%| F|  |TAMS 0x0000000717000000, 0x0000000717000000| Untracked 
| 161|0x0000000717200000, 0x0000000717200000, 0x0000000717400000|  0%| F|  |TAMS 0x0000000717200000, 0x0000000717200000| Untracked 
| 162|0x0000000717400000, 0x0000000717400000, 0x0000000717600000|  0%| F|  |TAMS 0x0000000717400000, 0x0000000717400000| Untracked 
| 163|0x0000000717600000, 0x0000000717600000, 0x0000000717800000|  0%| F|  |TAMS 0x0000000717600000, 0x0000000717600000| Untracked 
| 164|0x0000000717800000, 0x0000000717800000, 0x0000000717a00000|  0%| F|  |TAMS 0x0000000717800000, 0x0000000717800000| Untracked 
| 165|0x0000000717a00000, 0x0000000717a00000, 0x0000000717c00000|  0%| F|  |TAMS 0x0000000717a00000, 0x0000000717a00000| Untracked 
| 166|0x0000000717c00000, 0x0000000717c00000, 0x0000000717e00000|  0%| F|  |TAMS 0x0000000717c00000, 0x0000000717c00000| Untracked 
| 167|0x0000000717e00000, 0x0000000717e00000, 0x0000000718000000|  0%| F|  |TAMS 0x0000000717e00000, 0x0000000717e00000| Untracked 
| 168|0x0000000718000000, 0x0000000718000000, 0x0000000718200000|  0%| F|  |TAMS 0x0000000718000000, 0x0000000718000000| Untracked 
| 169|0x0000000718200000, 0x0000000718200000, 0x0000000718400000|  0%| F|  |TAMS 0x0000000718200000, 0x0000000718200000| Untracked 
| 170|0x0000000718400000, 0x0000000718400000, 0x0000000718600000|  0%| F|  |TAMS 0x0000000718400000, 0x0000000718400000| Untracked 
| 171|0x0000000718600000, 0x0000000718600000, 0x0000000718800000|  0%| F|  |TAMS 0x0000000718600000, 0x0000000718600000| Untracked 
| 172|0x0000000718800000, 0x0000000718800000, 0x0000000718a00000|  0%| F|  |TAMS 0x0000000718800000, 0x0000000718800000| Untracked 
| 173|0x0000000718a00000, 0x0000000718a00000, 0x0000000718c00000|  0%| F|  |TAMS 0x0000000718a00000, 0x0000000718a00000| Untracked 
| 174|0x0000000718c00000, 0x0000000718c00000, 0x0000000718e00000|  0%| F|  |TAMS 0x0000000718c00000, 0x0000000718c00000| Untracked 
| 175|0x0000000718e00000, 0x0000000718e00000, 0x0000000719000000|  0%| F|  |TAMS 0x0000000718e00000, 0x0000000718e00000| Untracked 
| 176|0x0000000719000000, 0x0000000719000000, 0x0000000719200000|  0%| F|  |TAMS 0x0000000719000000, 0x0000000719000000| Untracked 
| 177|0x0000000719200000, 0x0000000719200000, 0x0000000719400000|  0%| F|  |TAMS 0x0000000719200000, 0x0000000719200000| Untracked 
| 178|0x0000000719400000, 0x0000000719400000, 0x0000000719600000|  0%| F|  |TAMS 0x0000000719400000, 0x0000000719400000| Untracked 
| 179|0x0000000719600000, 0x0000000719600000, 0x0000000719800000|  0%| F|  |TAMS 0x0000000719600000, 0x0000000719600000| Untracked 
| 180|0x0000000719800000, 0x0000000719800000, 0x0000000719a00000|  0%| F|  |TAMS 0x0000000719800000, 0x0000000719800000| Untracked 
| 181|0x0000000719a00000, 0x0000000719a00000, 0x0000000719c00000|  0%| F|  |TAMS 0x0000000719a00000, 0x0000000719a00000| Untracked 
| 182|0x0000000719c00000, 0x0000000719c00000, 0x0000000719e00000|  0%| F|  |TAMS 0x0000000719c00000, 0x0000000719c00000| Untracked 
| 183|0x0000000719e00000, 0x0000000719e00000, 0x000000071a000000|  0%| F|  |TAMS 0x0000000719e00000, 0x0000000719e00000| Untracked 
| 184|0x000000071a000000, 0x000000071a000000, 0x000000071a200000|  0%| F|  |TAMS 0x000000071a000000, 0x000000071a000000| Untracked 
| 185|0x000000071a200000, 0x000000071a200000, 0x000000071a400000|  0%| F|  |TAMS 0x000000071a200000, 0x000000071a200000| Untracked 
| 186|0x000000071a400000, 0x000000071a400000, 0x000000071a600000|  0%| F|  |TAMS 0x000000071a400000, 0x000000071a400000| Untracked 
| 187|0x000000071a600000, 0x000000071a600000, 0x000000071a800000|  0%| F|  |TAMS 0x000000071a600000, 0x000000071a600000| Untracked 
| 188|0x000000071a800000, 0x000000071a800000, 0x000000071aa00000|  0%| F|  |TAMS 0x000000071a800000, 0x000000071a800000| Untracked 
| 189|0x000000071aa00000, 0x000000071aa00000, 0x000000071ac00000|  0%| F|  |TAMS 0x000000071aa00000, 0x000000071aa00000| Untracked 
| 190|0x000000071ac00000, 0x000000071ac00000, 0x000000071ae00000|  0%| F|  |TAMS 0x000000071ac00000, 0x000000071ac00000| Untracked 
| 191|0x000000071ae00000, 0x000000071ae00000, 0x000000071b000000|  0%| F|  |TAMS 0x000000071ae00000, 0x000000071ae00000| Untracked 
| 192|0x000000071b000000, 0x000000071b000000, 0x000000071b200000|  0%| F|  |TAMS 0x000000071b000000, 0x000000071b000000| Untracked 
| 193|0x000000071b200000, 0x000000071b200000, 0x000000071b400000|  0%| F|  |TAMS 0x000000071b200000, 0x000000071b200000| Untracked 
| 194|0x000000071b400000, 0x000000071b400000, 0x000000071b600000|  0%| F|  |TAMS 0x000000071b400000, 0x000000071b400000| Untracked 
| 195|0x000000071b600000, 0x000000071b600000, 0x000000071b800000|  0%| F|  |TAMS 0x000000071b600000, 0x000000071b600000| Untracked 
| 196|0x000000071b800000, 0x000000071b800000, 0x000000071ba00000|  0%| F|  |TAMS 0x000000071b800000, 0x000000071b800000| Untracked 
| 197|0x000000071ba00000, 0x000000071ba00000, 0x000000071bc00000|  0%| F|  |TAMS 0x000000071ba00000, 0x000000071ba00000| Untracked 
| 198|0x000000071bc00000, 0x000000071bc00000, 0x000000071be00000|  0%| F|  |TAMS 0x000000071bc00000, 0x000000071bc00000| Untracked 
| 199|0x000000071be00000, 0x000000071be00000, 0x000000071c000000|  0%| F|  |TAMS 0x000000071be00000, 0x000000071be00000| Untracked 
| 200|0x000000071c000000, 0x000000071c000000, 0x000000071c200000|  0%| F|  |TAMS 0x000000071c000000, 0x000000071c000000| Untracked 
| 201|0x000000071c200000, 0x000000071c200000, 0x000000071c400000|  0%| F|  |TAMS 0x000000071c200000, 0x000000071c200000| Untracked 
| 202|0x000000071c400000, 0x000000071c400000, 0x000000071c600000|  0%| F|  |TAMS 0x000000071c400000, 0x000000071c400000| Untracked 
| 203|0x000000071c600000, 0x000000071c600000, 0x000000071c800000|  0%| F|  |TAMS 0x000000071c600000, 0x000000071c600000| Untracked 
| 204|0x000000071c800000, 0x000000071c800000, 0x000000071ca00000|  0%| F|  |TAMS 0x000000071c800000, 0x000000071c800000| Untracked 
| 205|0x000000071ca00000, 0x000000071ca00000, 0x000000071cc00000|  0%| F|  |TAMS 0x000000071ca00000, 0x000000071ca00000| Untracked 

Card table byte_map: [0x00000165d7bf0000,0x00000165d83e0000] _byte_map_base: 0x00000165d43d8000

Marking Bits (Prev, Next): (CMBitMap*) 0x00000165c01ea8e0, (CMBitMap*) 0x00000165c01ea8a0
 Prev Bits: [0x00000165dcb10000, 0x00000165e0a50000)
 Next Bits: [0x00000165d8bd0000, 0x00000165dcb10000)

Polling page: 0x00000165be0a0000

Metaspace:

Usage:
  Non-class:     34.14 MB used.
      Class:      4.92 MB used.
       Both:     39.06 MB used.

Virtual space:
  Non-class space:       64.00 MB reserved,      34.31 MB ( 54%) committed,  1 nodes.
      Class space:        1.00 GB reserved,       5.06 MB ( <1%) committed,  1 nodes.
             Both:        1.06 GB reserved,      39.38 MB (  4%) committed. 

Chunk freelists:
   Non-Class:  1.59 MB
       Class:  2.89 MB
        Both:  4.48 MB

MaxMetaspaceSize: unlimited
CompressedClassSpaceSize: 1.00 GB
Initial GC threshold: 21.00 MB
Current GC threshold: 65.00 MB
CDS: on
MetaspaceReclaimPolicy: balanced
 - commit_granule_bytes: 65536.
 - commit_granule_words: 8192.
 - virtual_space_node_default_size: 8388608.
 - enlarge_chunks_in_place: 1.
 - new_chunks_are_fully_committed: 0.
 - uncommit_free_chunks: 1.
 - use_allocation_guard: 0.


Internal statistics:

num_allocs_failed_limit: 6.
num_arena_births: 336.
num_arena_deaths: 2.
num_vsnodes_births: 2.
num_vsnodes_deaths: 0.
num_space_committed: 630.
num_space_uncommitted: 0.
num_chunks_returned_to_freelist: 8.
num_chunks_taken_from_freelist: 1509.
num_chunk_merges: 6.
num_chunk_splits: 1081.
num_chunks_enlarged: 878.
num_inconsistent_stats: 0.

CodeHeap 'non-profiled nmethods': size=120000Kb used=2156Kb max_used=2156Kb free=117843Kb
 bounds [0x00000165cfba0000, 0x00000165cfe10000, 0x00000165d70d0000]
CodeHeap 'profiled nmethods': size=120000Kb used=8954Kb max_used=8954Kb free=111046Kb
 bounds [0x00000165c80d0000, 0x00000165c8990000, 0x00000165cf600000]
CodeHeap 'non-nmethods': size=5760Kb used=1426Kb max_used=1482Kb free=4333Kb
 bounds [0x00000165cf600000, 0x00000165cf870000, 0x00000165cfba0000]
 total_blobs=5449 nmethods=4778 adapters=581
 compilation: enabled
              stopped_count=0, restarted_count=0
 full_count=0

Compilation events (20 events):
Event: 104.677 Thread 0x00000165e349ce80 4771  s!   3       java.net.Socket::close (47 bytes)
Event: 104.678 Thread 0x00000165e349ce80 nmethod 4771 0x00000165c8988d90 code [0x00000165c8988f60, 0x00000165c89894b8]
Event: 104.721 Thread 0x00000165e349ce80 4772   !   3       sun.nio.ch.NioSocketImpl::beginRead (30 bytes)
Event: 104.722 Thread 0x00000165e349ce80 nmethod 4772 0x00000165c8989690 code [0x00000165c8989860, 0x00000165c8989cc8]
Event: 104.722 Thread 0x00000165e349ce80 4773       3       java.net.Socket$SocketInputStream::close (8 bytes)
Event: 104.722 Thread 0x00000165e349ce80 nmethod 4773 0x00000165c8989e90 code [0x00000165c898a040, 0x00000165c898a228]
Event: 104.722 Thread 0x00000165e349ce80 4774   !   3       sun.nio.ch.NioSocketImpl::implRead (230 bytes)
Event: 104.723 Thread 0x00000165e349ce80 nmethod 4774 0x00000165c898a310 code [0x00000165c898a5e0, 0x00000165c898b468]
Event: 104.737 Thread 0x00000165e349ce80 4775       3       java.io.InputStream::read (9 bytes)
Event: 104.737 Thread 0x00000165e349ce80 nmethod 4775 0x00000165c898bb90 code [0x00000165c898bd40, 0x00000165c898bf28]
Event: 104.737 Thread 0x00000165e349ce80 4776       3       java.io.IOException::<init> (6 bytes)
Event: 104.738 Thread 0x00000165e349ce80 nmethod 4776 0x00000165c898c010 code [0x00000165c898c1c0, 0x00000165c898c348]
Event: 104.738 Thread 0x00000165e349ce80 4777   !   3       java.io.PrintWriter::close (63 bytes)
Event: 104.740 Thread 0x00000165e349ce80 nmethod 4777 0x00000165c898c410 code [0x00000165c898c6c0, 0x00000165c898d898]
Event: 104.740 Thread 0x00000165e349ce80 4778   !   3       java.io.PrintWriter::implClose (29 bytes)
Event: 104.740 Thread 0x00000165e349ce80 nmethod 4778 0x00000165c898de10 code [0x00000165c898dfc0, 0x00000165c898e288]
Event: 104.752 Thread 0x00000165e349ce80 4779       3       java.net.SocketException::<init> (6 bytes)
Event: 104.752 Thread 0x00000165e349ce80 nmethod 4779 0x00000165c898e390 code [0x00000165c898e540, 0x00000165c898e728]
Event: 104.813 Thread 0x00000165e3498dc0 4780   !   4       java.net.Socket::isClosed (19 bytes)
Event: 104.814 Thread 0x00000165e3498dc0 nmethod 4780 0x00000165cfdbad90 code [0x00000165cfdbaf20, 0x00000165cfdbb0f8]

GC Heap History (20 events):
Event: 40.522 GC heap after
{Heap after GC invocations=19 (full 0):
 garbage-first heap   total 155648K, used 41270K [0x0000000703000000, 0x0000000800000000)
  region size 2048K, 1 young (2048K), 1 survivors (2048K)
 Metaspace       used 39841K, committed 40192K, reserved 1114112K
  class space    used 5028K, committed 5184K, reserved 1048576K
}
Event: 40.524 GC heap before
{Heap before GC invocations=19 (full 0):
 garbage-first heap   total 155648K, used 51510K [0x0000000703000000, 0x0000000800000000)
  region size 2048K, 2 young (4096K), 1 survivors (2048K)
 Metaspace       used 39841K, committed 40192K, reserved 1114112K
  class space    used 5028K, committed 5184K, reserved 1048576K
}
Event: 40.525 GC heap after
{Heap after GC invocations=20 (full 0):
 garbage-first heap   total 155648K, used 45391K [0x0000000703000000, 0x0000000800000000)
  region size 2048K, 1 young (2048K), 1 survivors (2048K)
 Metaspace       used 39841K, committed 40192K, reserved 1114112K
  class space    used 5028K, committed 5184K, reserved 1048576K
}
Event: 40.544 GC heap before
{Heap before GC invocations=20 (full 0):
 garbage-first heap   total 155648K, used 65871K [0x0000000703000000, 0x0000000800000000)
  region size 2048K, 2 young (4096K), 1 survivors (2048K)
 Metaspace       used 39842K, committed 40192K, reserved 1114112K
  class space    used 5028K, committed 5184K, reserved 1048576K
}
Event: 40.545 GC heap after
{Heap after GC invocations=21 (full 0):
 garbage-first heap   total 155648K, used 55637K [0x0000000703000000, 0x0000000800000000)
  region size 2048K, 1 young (2048K), 1 survivors (2048K)
 Metaspace       used 39842K, committed 40192K, reserved 1114112K
  class space    used 5028K, committed 5184K, reserved 1048576K
}
Event: 41.107 GC heap before
{Heap before GC invocations=21 (full 0):
 garbage-first heap   total 155648K, used 67925K [0x0000000703000000, 0x0000000800000000)
  region size 2048K, 3 young (6144K), 1 survivors (2048K)
 Metaspace       used 39909K, committed 40192K, reserved 1114112K
  class space    used 5033K, committed 5184K, reserved 1048576K
}
Event: 41.109 GC heap after
{Heap after GC invocations=22 (full 0):
 garbage-first heap   total 155648K, used 41077K [0x0000000703000000, 0x0000000800000000)
  region size 2048K, 2 young (4096K), 2 survivors (4096K)
 Metaspace       used 39909K, committed 40192K, reserved 1114112K
  class space    used 5033K, committed 5184K, reserved 1048576K
}
Event: 41.115 GC heap before
{Heap before GC invocations=22 (full 0):
 garbage-first heap   total 155648K, used 59509K [0x0000000703000000, 0x0000000800000000)
  region size 2048K, 3 young (6144K), 2 survivors (4096K)
 Metaspace       used 39909K, committed 40192K, reserved 1114112K
  class space    used 5033K, committed 5184K, reserved 1048576K
}
Event: 41.117 GC heap after
{Heap after GC invocations=23 (full 0):
 garbage-first heap   total 155648K, used 53432K [0x0000000703000000, 0x0000000800000000)
  region size 2048K, 2 young (4096K), 2 survivors (4096K)
 Metaspace       used 39909K, committed 40192K, reserved 1114112K
  class space    used 5033K, committed 5184K, reserved 1048576K
}
Event: 41.122 GC heap before
{Heap before GC invocations=23 (full 0):
 garbage-first heap   total 155648K, used 78008K [0x0000000703000000, 0x0000000800000000)
  region size 2048K, 3 young (6144K), 2 survivors (4096K)
 Metaspace       used 39909K, committed 40192K, reserved 1114112K
  class space    used 5033K, committed 5184K, reserved 1048576K
}
Event: 41.124 GC heap after
{Heap after GC invocations=24 (full 0):
 garbage-first heap   total 421888K, used 64794K [0x0000000703000000, 0x0000000800000000)
  region size 2048K, 2 young (4096K), 2 survivors (4096K)
 Metaspace       used 39909K, committed 40192K, reserved 1114112K
  class space    used 5033K, committed 5184K, reserved 1048576K
}
Event: 104.731 GC heap before
{Heap before GC invocations=24 (full 0):
 garbage-first heap   total 421888K, used 310554K [0x0000000703000000, 0x0000000800000000)
  region size 2048K, 116 young (237568K), 2 survivors (4096K)
 Metaspace       used 39992K, committed 40320K, reserved 1114112K
  class space    used 5036K, committed 5184K, reserved 1048576K
}
Event: 104.732 GC heap after
{Heap after GC invocations=25 (full 0):
 garbage-first heap   total 421888K, used 40336K [0x0000000703000000, 0x0000000800000000)
  region size 2048K, 1 young (2048K), 1 survivors (2048K)
 Metaspace       used 39992K, committed 40320K, reserved 1114112K
  class space    used 5036K, committed 5184K, reserved 1048576K
}
Event: 104.785 GC heap before
{Heap before GC invocations=25 (full 0):
 garbage-first heap   total 421888K, used 288144K [0x0000000703000000, 0x0000000800000000)
  region size 2048K, 123 young (251904K), 1 survivors (2048K)
 Metaspace       used 39994K, committed 40320K, reserved 1114112K
  class space    used 5036K, committed 5184K, reserved 1048576K
}
Event: 104.786 GC heap after
{Heap after GC invocations=26 (full 0):
 garbage-first heap   total 421888K, used 40359K [0x0000000703000000, 0x0000000800000000)
  region size 2048K, 1 young (2048K), 1 survivors (2048K)
 Metaspace       used 39994K, committed 40320K, reserved 1114112K
  class space    used 5036K, committed 5184K, reserved 1048576K
}
Event: 104.830 GC heap before
{Heap before GC invocations=26 (full 0):
 garbage-first heap   total 421888K, used 288167K [0x0000000703000000, 0x0000000800000000)
  region size 2048K, 123 young (251904K), 1 survivors (2048K)
 Metaspace       used 39994K, committed 40320K, reserved 1114112K
  class space    used 5036K, committed 5184K, reserved 1048576K
}
Event: 104.831 GC heap after
{Heap after GC invocations=27 (full 0):
 garbage-first heap   total 421888K, used 40348K [0x0000000703000000, 0x0000000800000000)
  region size 2048K, 1 young (2048K), 1 survivors (2048K)
 Metaspace       used 39994K, committed 40320K, reserved 1114112K
  class space    used 5036K, committed 5184K, reserved 1048576K
}
Event: 104.893 GC heap before
{Heap before GC invocations=27 (full 0):
 garbage-first heap   total 421888K, used 288156K [0x0000000703000000, 0x0000000800000000)
  region size 2048K, 123 young (251904K), 1 survivors (2048K)
 Metaspace       used 39994K, committed 40320K, reserved 1114112K
  class space    used 5036K, committed 5184K, reserved 1048576K
}
Event: 104.894 GC heap after
{Heap after GC invocations=28 (full 0):
 garbage-first heap   total 421888K, used 40366K [0x0000000703000000, 0x0000000800000000)
  region size 2048K, 1 young (2048K), 1 survivors (2048K)
 Metaspace       used 39994K, committed 40320K, reserved 1114112K
  class space    used 5036K, committed 5184K, reserved 1048576K
}
Event: 104.957 GC heap before
{Heap before GC invocations=28 (full 0):
 garbage-first heap   total 421888K, used 288174K [0x0000000703000000, 0x0000000800000000)
  region size 2048K, 123 young (251904K), 1 survivors (2048K)
 Metaspace       used 39994K, committed 40320K, reserved 1114112K
  class space    used 5036K, committed 5184K, reserved 1048576K
}

Dll operation events (12 events):
Event: 0.008 Loaded shared library D:\JDK\jdk-19\bin\java.dll
Event: 0.016 Loaded shared library D:\JDK\jdk-19\bin\jsvml.dll
Event: 0.096 Loaded shared library D:\JDK\jdk-19\bin\zip.dll
Event: 0.099 Loaded shared library D:\JDK\jdk-19\bin\instrument.dll
Event: 0.106 Loaded shared library D:\JDK\jdk-19\bin\net.dll
Event: 0.109 Loaded shared library D:\JDK\jdk-19\bin\nio.dll
Event: 0.115 Loaded shared library D:\JDK\jdk-19\bin\zip.dll
Event: 0.152 Loaded shared library D:\JDK\JetBrains IntelliJ IDEA Ultimate 2022.2\IntelliJ IDEA 2022.2\bin\breakgen64.dll
Event: 0.159 Loaded shared library D:\JDK\jdk-19\bin\extnet.dll
Event: 1.034 Loaded shared library D:\JDK\jdk-19\bin\jimage.dll
Event: 17.201 Loaded shared library D:\JDK\jdk-19\bin\sunmscapi.dll
Event: 17.746 Loaded shared library D:\JDK\jdk-19\bin\verify.dll

Deoptimization events (20 events):
Event: 40.518 Thread 0x00000165e9880cb0 Uncommon trap: trap_request=0xffffff45 fr.pc=0x00000165cfdacfc8 relative=0x00000000000000a8
Event: 40.518 Thread 0x00000165e9880cb0 Uncommon trap: reason=unstable_if action=reinterpret pc=0x00000165cfdacfc8 method=java.lang.StringUTF16.trim([B)Ljava/lang/String; @ 44 c2
Event: 40.518 Thread 0x00000165e9880cb0 DEOPT PACKING pc=0x00000165cfdacfc8 sp=0x0000005e244ff660
Event: 40.518 Thread 0x00000165e9880cb0 DEOPT UNPACKING pc=0x00000165cf666da3 sp=0x0000005e244ff608 mode 2
Event: 40.518 Thread 0x00000165e9880cb0 Uncommon trap: trap_request=0xffffff45 fr.pc=0x00000165cfbe8b58 relative=0x00000000000001b8
Event: 40.518 Thread 0x00000165e9880cb0 Uncommon trap: reason=unstable_if action=reinterpret pc=0x00000165cfbe8b58 method=java.lang.String.compareTo(Ljava/lang/String;)I @ 22 c2
Event: 40.518 Thread 0x00000165e9880cb0 DEOPT PACKING pc=0x00000165cfbe8b58 sp=0x0000005e244ff6c0
Event: 40.518 Thread 0x00000165e9880cb0 DEOPT UNPACKING pc=0x00000165cf666da3 sp=0x0000005e244ff640 mode 2
Event: 40.547 Thread 0x00000165e9880cb0 Uncommon trap: trap_request=0xffffff45 fr.pc=0x00000165cfbedd6c relative=0x00000000000004ac
Event: 40.547 Thread 0x00000165e9880cb0 Uncommon trap: reason=unstable_if action=reinterpret pc=0x00000165cfbedd6c method=java.lang.String.substring(II)Ljava/lang/String; @ 31 c2
Event: 40.547 Thread 0x00000165e9880cb0 DEOPT PACKING pc=0x00000165cfbedd6c sp=0x0000005e244ff3f0
Event: 40.547 Thread 0x00000165e9880cb0 DEOPT UNPACKING pc=0x00000165cf666da3 sp=0x0000005e244ff3a8 mode 2
Event: 40.571 Thread 0x00000165e9880cb0 Uncommon trap: trap_request=0xffffffd6 fr.pc=0x00000165cfd92ee8 relative=0x0000000000001328
Event: 40.571 Thread 0x00000165e9880cb0 Uncommon trap: reason=array_check action=maybe_recompile pc=0x00000165cfd92ee8 method=org.antlr.v4.runtime.misc.Array2DHashSet.getOrAddImpl(Ljava/lang/Object;)Ljava/lang/Object; @ 133 c2
Event: 40.571 Thread 0x00000165e9880cb0 DEOPT PACKING pc=0x00000165cfd92ee8 sp=0x0000005e244fe1d0
Event: 40.571 Thread 0x00000165e9880cb0 DEOPT UNPACKING pc=0x00000165cf666da3 sp=0x0000005e244fe1a0 mode 2
Event: 41.148 Thread 0x00000165e9880cb0 DEOPT PACKING pc=0x00000165c88db156 sp=0x0000005e244fd290
Event: 41.148 Thread 0x00000165e9880cb0 DEOPT UNPACKING pc=0x00000165cf667543 sp=0x0000005e244fc780 mode 0
Event: 41.155 Thread 0x00000165e9880cb0 DEOPT PACKING pc=0x00000165c88db156 sp=0x0000005e244fd320
Event: 41.155 Thread 0x00000165e9880cb0 DEOPT UNPACKING pc=0x00000165cf667543 sp=0x0000005e244fc810 mode 0

Classes loaded (20 events):
Event: 25.265 Loading class java/util/concurrent/atomic/AtomicReferenceFieldUpdater$AtomicReferenceFieldUpdaterImpl$1
Event: 25.265 Loading class java/util/concurrent/atomic/AtomicReferenceFieldUpdater$AtomicReferenceFieldUpdaterImpl$1 done
Event: 25.265 Loading class sun/reflect/misc/ReflectUtil
Event: 25.265 Loading class sun/reflect/misc/ReflectUtil done
Event: 40.576 Loading class java/text/ParsePosition
Event: 40.576 Loading class java/text/ParsePosition done
Event: 40.576 Loading class java/time/format/DateTimeParseContext
Event: 40.576 Loading class java/time/format/DateTimeParseContext done
Event: 40.577 Loading class java/time/format/Parsed
Event: 40.577 Loading class java/time/format/Parsed done
Event: 40.578 Loading class java/lang/Throwable$WrappedPrintStream
Event: 40.578 Loading class java/lang/Throwable$PrintStreamOrWriter
Event: 40.578 Loading class java/lang/Throwable$PrintStreamOrWriter done
Event: 40.578 Loading class java/lang/Throwable$WrappedPrintStream done
Event: 104.591 Loading class sun/net/ConnectionResetException
Event: 104.591 Loading class sun/net/ConnectionResetException done
Event: 104.591 Loading class java/io/InterruptedIOException
Event: 104.591 Loading class java/io/InterruptedIOException done
Event: 104.592 Loading class java/net/SocketTimeoutException
Event: 104.592 Loading class java/net/SocketTimeoutException done

Classes unloaded (1 events):
Event: 18.334 Thread 0x00000165e3468b90 Unloading class 0x0000000801004400 'java/lang/invoke/LambdaForm$DMH+0x0000000801004400'

Classes redefined (0 events):
No events

Internal exceptions (20 events):
Event: 19.501 Thread 0x00000165c017ad20 Exception <a 'java/lang/NoSuchMethodError'{0x00000007048ffc48}: 'java.lang.Object java.lang.invoke.DirectMethodHandle$Holder.newInvokeSpecial(java.lang.Object, java.lang.Object, java.lang.Object, java.lang.Object, java.lang.Object, java.lang.Object, java.lang.Object)'> (0x00000007048ffc48) 
thrown [s\open\src\hotspot\share\interpreter\linkResolver.cpp, line 774]
Event: 19.561 Thread 0x00000165c017ad20 Exception <a 'java/lang/NoSuchMethodError'{0x0000000712d19b80}: 'java.lang.Object java.lang.invoke.DirectMethodHandle$Holder.newInvokeSpecial(java.lang.Object, java.lang.Object, int, java.lang.Object, int, java.lang.Object, java.lang.Object, java.lang.Object)'> (0x0000000712d19b80) 
thrown [s\open\src\hotspot\share\interpreter\linkResolver.cpp, line 774]
Event: 19.562 Thread 0x00000165c017ad20 Exception <a 'java/lang/NoSuchMethodError'{0x0000000712d269d8}: 'int java.lang.invoke.DirectMethodHandle$Holder.invokeSpecial(java.lang.Object, java.lang.Object, java.lang.Object, java.lang.Object, java.lang.Object, java.lang.Object)'> (0x0000000712d269d8) 
thrown [s\open\src\hotspot\share\interpreter\linkResolver.cpp, line 774]
Event: 19.569 Thread 0x00000165c017ad20 Exception <a 'java/lang/NoSuchMethodError'{0x0000000712d7db60}: 'java.lang.Object java.lang.invoke.DirectMethodHandle$Holder.newInvokeSpecial(java.lang.Object, java.lang.Object, java.lang.Object, java.lang.Object, java.lang.Object, java.lang.Object, java.lang.Object, int)'> (0x0000000712d7db60) 
thrown [s\open\src\hotspot\share\interpreter\linkResolver.cpp, line 774]
Event: 19.570 Thread 0x00000165c017ad20 Exception <a 'java/lang/NoSuchMethodError'{0x0000000712d82ec8}: 'java.lang.Object java.lang.invoke.DirectMethodHandle$Holder.invokeSpecial(java.lang.Object, java.lang.Object, java.lang.Object, java.lang.Object, java.lang.Object, java.lang.Object, java.lang.Object, java.lang.Object, int)'> (0x0000000712d82ec8) 
thrown [s\open\src\hotspot\share\interpreter\linkResolver.cpp, line 774]
Event: 19.625 Thread 0x00000165c017ad20 Exception <a 'java/lang/NoSuchMethodError'{0x0000000712be6640}: 'void java.lang.invoke.DirectMethodHandle$Holder.invokeInterface(java.lang.Object, java.lang.Object)'> (0x0000000712be6640) 
thrown [s\open\src\hotspot\share\interpreter\linkResolver.cpp, line 774]
Event: 19.671 Thread 0x00000165c017ad20 Exception <a 'java/lang/NoSuchMethodError'{0x0000000705177ab0}: 'java.lang.Object java.lang.invoke.DirectMethodHandle$Holder.invokeStaticInit(java.lang.Object, java.lang.Object, java.lang.Object)'> (0x0000000705177ab0) 
thrown [s\open\src\hotspot\share\interpreter\linkResolver.cpp, line 774]
Event: 19.781 Thread 0x00000165e9880cb0 Implicit null exception at 0x00000165cfc511f2 to 0x00000165cfc517e0
Event: 20.018 Thread 0x00000165e9880cb0 Exception <a 'java/lang/NoSuchMethodError'{0x0000000712b1acc0}: 'int java.lang.invoke.DirectMethodHandle$Holder.invokeStatic(java.lang.Object)'> (0x0000000712b1acc0) 
thrown [s\open\src\hotspot\share\interpreter\linkResolver.cpp, line 774]
Event: 20.103 Thread 0x00000165e9880cb0 Implicit null exception at 0x00000165cfc23def to 0x00000165cfc23fdc
Event: 20.106 Thread 0x00000165e9880cb0 Exception <a 'java/lang/NoSuchMethodError'{0x000000070504bb00}: 'void java.lang.invoke.DirectMethodHandle$Holder.invokeSpecial(java.lang.Object, java.lang.Object, java.lang.Object, java.lang.Object, java.lang.Object)'> (0x000000070504bb00) 
thrown [s\open\src\hotspot\share\interpreter\linkResolver.cpp, line 774]
Event: 20.117 Thread 0x00000165e9880cb0 Exception <a 'java/lang/NoSuchMethodError'{0x00000007050a6690}: 'java.lang.Object java.lang.invoke.DirectMethodHandle$Holder.invokeInterface(java.lang.Object, java.lang.Object, java.lang.Object)'> (0x00000007050a6690) 
thrown [s\open\src\hotspot\share\interpreter\linkResolver.cpp, line 774]
Event: 20.129 Thread 0x00000165e9880cb0 Exception <a 'java/lang/NoSuchMethodError'{0x00000007050e23f8}: 'void java.lang.invoke.DirectMethodHandle$Holder.invokeInterface(java.lang.Object, java.lang.Object, java.lang.Object)'> (0x00000007050e23f8) 
thrown [s\open\src\hotspot\share\interpreter\linkResolver.cpp, line 774]
Event: 20.138 Thread 0x00000165e9880cb0 Exception <a 'java/lang/NoSuchMethodError'{0x000000070512e3e8}: 'void java.lang.invoke.DirectMethodHandle$Holder.invokeStaticInit(java.lang.Object, java.lang.Object, java.lang.Object, java.lang.Object, java.lang.Object)'> (0x000000070512e3e8) 
thrown [s\open\src\hotspot\share\interpreter\linkResolver.cpp, line 774]
Event: 20.149 Thread 0x00000165e9880cb0 Exception <a 'java/lang/NoSuchMethodError'{0x0000000705189bd8}: 'void java.lang.invoke.DirectMethodHandle$Holder.invokeInterface(java.lang.Object, java.lang.Object, java.lang.Object, java.lang.Object)'> (0x0000000705189bd8) 
thrown [s\open\src\hotspot\share\interpreter\linkResolver.cpp, line 774]
Event: 20.149 Thread 0x00000165e9880cb0 Exception <a 'java/lang/IncompatibleClassChangeError'{0x000000070518d068}: Found class java.lang.Object, but interface was expected> (0x000000070518d068) 
thrown [s\open\src\hotspot\share\interpreter\linkResolver.cpp, line 841]
Event: 20.188 Thread 0x00000165e9880cb0 Exception <a 'java/lang/NoSuchMethodError'{0x0000000704f05ca0}: 'void java.lang.invoke.Invokers$Holder.invokeExact_MT(java.lang.Object, java.lang.Object, int, java.lang.Object)'> (0x0000000704f05ca0) 
thrown [s\open\src\hotspot\share\interpreter\linkResolver.cpp, line 774]
Event: 20.193 Thread 0x00000165e9880cb0 Exception <a 'java/lang/NoSuchMethodError'{0x0000000704f27970}: 'void java.lang.invoke.Invokers$Holder.invokeExact_MT(java.lang.Object, java.lang.Object, java.lang.Object, java.lang.Object)'> (0x0000000704f27970) 
thrown [s\open\src\hotspot\share\interpreter\linkResolver.cpp, line 774]
Event: 25.220 Thread 0x00000165e9880cb0 Exception <a 'java/lang/NoSuchMethodError'{0x0000000712d3e528}: 'java.lang.Object java.lang.invoke.DirectMethodHandle$Holder.newInvokeSpecial(java.lang.Object, java.lang.Object, int)'> (0x0000000712d3e528) 
thrown [s\open\src\hotspot\share\interpreter\linkResolver.cpp, line 774]
Event: 104.591 Thread 0x00000165e9880cb0 Exception <a 'sun/net/ConnectionResetException'{0x000000071caabfd0}: Connection reset> (0x000000071caabfd0) 
thrown [s\open\src\hotspot\share\prims\jni.cpp, line 536]

VM Operations (20 events):
Event: 41.109 Executing VM operation: G1TryInitiateConcMark done
Event: 41.115 Executing VM operation: G1TryInitiateConcMark
Event: 41.117 Executing VM operation: G1TryInitiateConcMark done
Event: 41.122 Executing VM operation: G1TryInitiateConcMark
Event: 41.124 Executing VM operation: G1TryInitiateConcMark done
Event: 42.125 Executing VM operation: Cleanup
Event: 42.125 Executing VM operation: Cleanup done
Event: 78.464 Executing VM operation: Cleanup
Event: 78.465 Executing VM operation: Cleanup done
Event: 104.671 Executing VM operation: Cleanup
Event: 104.671 Executing VM operation: Cleanup done
Event: 104.731 Executing VM operation: G1CollectForAllocation
Event: 104.732 Executing VM operation: G1CollectForAllocation done
Event: 104.785 Executing VM operation: G1CollectForAllocation
Event: 104.786 Executing VM operation: G1CollectForAllocation done
Event: 104.830 Executing VM operation: G1CollectForAllocation
Event: 104.831 Executing VM operation: G1CollectForAllocation done
Event: 104.874 Executing VM operation: G1CollectForAllocation
Event: 104.894 Executing VM operation: G1CollectForAllocation done
Event: 104.938 Executing VM operation: G1CollectForAllocation

Events (20 events):
Event: 1.050 Thread 0x00000165e349b2b0 Thread added: 0x00000165e349b2b0
Event: 6.074 Thread 0x00000165e349b2b0 Thread exited: 0x00000165e349b2b0
Event: 6.074 Thread 0x00000165e349d9a0 Thread exited: 0x00000165e349d9a0
Event: 16.991 Thread 0x00000165e79f2410 Thread added: 0x00000165e79f2410
Event: 17.035 Thread 0x00000165e349ad20 Thread added: 0x00000165e349ad20
Event: 17.040 Thread 0x00000165e349b2b0 Thread added: 0x00000165e349b2b0
Event: 18.041 Thread 0x00000165e349b2b0 Thread exited: 0x00000165e349b2b0
Event: 18.047 Thread 0x00000165e349ad20 Thread exited: 0x00000165e349ad20
Event: 18.157 Thread 0x00000165e349a790 Thread added: 0x00000165e349a790
Event: 18.216 Thread 0x00000165e8aef1e0 Thread added: 0x00000165e8aef1e0
Event: 19.431 Thread 0x00000165e349c360 Thread added: 0x00000165e349c360
Event: 19.777 Thread 0x00000165e9880cb0 Thread added: 0x00000165e9880cb0
Event: 23.474 Thread 0x00000165e349c360 Thread exited: 0x00000165e349c360
Event: 25.175 Thread 0x00000165e349a790 Thread exited: 0x00000165e349a790
Event: 25.179 Thread 0x00000165e9fbed90 Thread added: 0x00000165e9fbed90
Event: 25.179 Thread 0x00000165e9fc1a10 Thread added: 0x00000165e9fc1a10
Event: 27.999 Thread 0x00000165e9fbed90 Thread exited: 0x00000165e9fbed90
Event: 27.999 Thread 0x00000165e9fc1a10 Thread exited: 0x00000165e9fc1a10
Event: 41.151 Thread 0x00000165e9fbf8b0 Thread added: 0x00000165e9fbf8b0
Event: 46.175 Thread 0x00000165e9fbf8b0 Thread exited: 0x00000165e9fbf8b0


Dynamic libraries:
0x00007ff67e8e0000 - 0x00007ff67e8f0000 	D:\JDK\jdk-19\bin\java.exe
0x00007fffda190000 - 0x00007fffda388000 	C:\WINDOWS\SYSTEM32\ntdll.dll
0x00007fff8a7a0000 - 0x00007fff8a7b9000 	C:\Program Files\Avast Software\Avast\aswhook.dll
0x00007fffd8790000 - 0x00007fffd884d000 	C:\WINDOWS\System32\KERNEL32.DLL
0x00007fffd7e80000 - 0x00007fffd8176000 	C:\WINDOWS\System32\KERNELBASE.dll
0x00007fffd7d50000 - 0x00007fffd7e50000 	C:\WINDOWS\System32\ucrtbase.dll
0x00007fff907b0000 - 0x00007fff907cb000 	D:\JDK\jdk-19\bin\VCRUNTIME140.dll
0x00007fff95c70000 - 0x00007fff95c88000 	D:\JDK\jdk-19\bin\jli.dll
0x00007fffd93f0000 - 0x00007fffd949f000 	C:\WINDOWS\System32\ADVAPI32.dll
0x00007fffd88e0000 - 0x00007fffd897e000 	C:\WINDOWS\System32\msvcrt.dll
0x00007fffd8d70000 - 0x00007fffd8e0c000 	C:\WINDOWS\System32\sechost.dll
0x00007fffd8f00000 - 0x00007fffd9026000 	C:\WINDOWS\System32\RPCRT4.dll
0x00007fffd8460000 - 0x00007fffd85fe000 	C:\WINDOWS\System32\USER32.dll
0x00007fffd7a80000 - 0x00007fffd7aa2000 	C:\WINDOWS\System32\win32u.dll
0x00007fffcac20000 - 0x00007fffcaeba000 	C:\WINDOWS\WinSxS\amd64_microsoft.windows.common-controls_6595b64144ccf1df_6.0.19041.3636_none_60b6a03d71f818d5\COMCTL32.dll
0x00007fffd8b90000 - 0x00007fffd8bbc000 	C:\WINDOWS\System32\GDI32.dll
0x00007fffd7870000 - 0x00007fffd798a000 	C:\WINDOWS\System32\gdi32full.dll
0x00007fffd7990000 - 0x00007fffd7a2d000 	C:\WINDOWS\System32\msvcp_win.dll
0x00007fffcef20000 - 0x00007fffcef2a000 	C:\WINDOWS\SYSTEM32\VERSION.dll
0x00007fffd8850000 - 0x00007fffd8880000 	C:\WINDOWS\System32\IMM32.DLL
0x00007fffa5460000 - 0x00007fffa546c000 	D:\JDK\jdk-19\bin\vcruntime140_1.dll
0x00007fff8d200000 - 0x00007fff8d28e000 	D:\JDK\jdk-19\bin\msvcp140.dll
0x00007fff48ca0000 - 0x00007fff49960000 	D:\JDK\jdk-19\bin\server\jvm.dll
0x00007fffcced0000 - 0x00007fffccef7000 	C:\WINDOWS\SYSTEM32\WINMM.dll
0x00007fffc10c0000 - 0x00007fffc10c9000 	C:\WINDOWS\SYSTEM32\WSOCK32.dll
0x00007fffda0e0000 - 0x00007fffda14b000 	C:\WINDOWS\System32\WS2_32.dll
0x00007fffd60f0000 - 0x00007fffd6102000 	C:\WINDOWS\SYSTEM32\kernel.appcore.dll
0x00007fffa5240000 - 0x00007fffa524a000 	D:\JDK\jdk-19\bin\jimage.dll
0x00007fffcc5c0000 - 0x00007fffcc7a4000 	C:\WINDOWS\SYSTEM32\DBGHELP.DLL
0x00007fffcc430000 - 0x00007fffcc464000 	C:\WINDOWS\SYSTEM32\dbgcore.DLL
0x00007fffd7ab0000 - 0x00007fffd7b32000 	C:\WINDOWS\System32\bcryptPrimitives.dll
0x00007fffd30b0000 - 0x00007fffd30be000 	D:\JDK\jdk-19\bin\instrument.dll
0x00007fff904a0000 - 0x00007fff904c6000 	D:\JDK\jdk-19\bin\java.dll
0x00007fff89f50000 - 0x00007fff8a027000 	D:\JDK\jdk-19\bin\jsvml.dll
0x00007fffd9990000 - 0x00007fffda0d4000 	C:\WINDOWS\System32\SHELL32.dll
0x00007fffd57a0000 - 0x00007fffd5f3b000 	C:\WINDOWS\SYSTEM32\windows.storage.dll
0x00007fffd9030000 - 0x00007fffd9384000 	C:\WINDOWS\System32\combase.dll
0x00007fffd71e0000 - 0x00007fffd720d000 	C:\WINDOWS\SYSTEM32\Wldp.dll
0x00007fffd81f0000 - 0x00007fffd829d000 	C:\WINDOWS\System32\SHCORE.dll
0x00007fffd8880000 - 0x00007fffd88d5000 	C:\WINDOWS\System32\shlwapi.dll
0x00007fffd77a0000 - 0x00007fffd77c5000 	C:\WINDOWS\SYSTEM32\profapi.dll
0x00007fff90240000 - 0x00007fff90258000 	D:\JDK\jdk-19\bin\zip.dll
0x00007fff90790000 - 0x00007fff907a3000 	D:\JDK\jdk-19\bin\net.dll
0x00007fffcd320000 - 0x00007fffcd42a000 	C:\WINDOWS\SYSTEM32\WINHTTP.dll
0x00007fffd6f40000 - 0x00007fffd6faa000 	C:\WINDOWS\system32\mswsock.dll
0x00007fff90480000 - 0x00007fff90496000 	D:\JDK\jdk-19\bin\nio.dll
0x00007fffd3070000 - 0x00007fffd308a000 	D:\JDK\JetBrains IntelliJ IDEA Ultimate 2022.2\IntelliJ IDEA 2022.2\bin\breakgen64.dll
0x00007fff9e600000 - 0x00007fff9e608000 	D:\JDK\jdk-19\bin\extnet.dll
0x00007fffd6c70000 - 0x00007fffd6d3a000 	C:\WINDOWS\SYSTEM32\DNSAPI.dll
0x00007fffd6c30000 - 0x00007fffd6c6b000 	C:\WINDOWS\SYSTEM32\IPHLPAPI.DLL
0x00007fffd8aa0000 - 0x00007fffd8aa8000 	C:\WINDOWS\System32\NSI.dll
0x00007fffc3380000 - 0x00007fffc338a000 	C:\Windows\System32\rasadhlp.dll
0x00007fffc33a0000 - 0x00007fffc3420000 	C:\WINDOWS\System32\fwpuclnt.dll
0x00007fffd7e50000 - 0x00007fffd7e77000 	C:\WINDOWS\System32\bcrypt.dll
0x00007fffd3030000 - 0x00007fffd303e000 	D:\JDK\jdk-19\bin\sunmscapi.dll
0x00007fffd7bf0000 - 0x00007fffd7d4d000 	C:\WINDOWS\System32\CRYPT32.dll
0x00007fffd7250000 - 0x00007fffd7277000 	C:\WINDOWS\SYSTEM32\ncrypt.dll
0x00007fffd7210000 - 0x00007fffd724b000 	C:\WINDOWS\SYSTEM32\NTASN1.dll
0x00007fffd7130000 - 0x00007fffd7148000 	C:\WINDOWS\SYSTEM32\CRYPTSP.dll
0x00007fffd6870000 - 0x00007fffd68a4000 	C:\WINDOWS\system32\rsaenh.dll
0x00007fffd7760000 - 0x00007fffd778e000 	C:\WINDOWS\SYSTEM32\USERENV.dll
0x00007fffd7150000 - 0x00007fffd715c000 	C:\WINDOWS\SYSTEM32\CRYPTBASE.dll
0x00007fffce7d0000 - 0x00007fffce7e7000 	C:\WINDOWS\SYSTEM32\dhcpcsvc6.DLL
0x00007fffcee70000 - 0x00007fffcee8d000 	C:\WINDOWS\SYSTEM32\dhcpcsvc.DLL
0x00007fff95bd0000 - 0x00007fff95be0000 	D:\JDK\jdk-19\bin\verify.dll

dbghelp: loaded successfully - version: 4.0.5 - missing functions: none
symbol engine: initialized successfully - sym options: 0x614 - pdb path: .;D:\JDK\jdk-19\bin;C:\WINDOWS\SYSTEM32;C:\Program Files\Avast Software\Avast;C:\WINDOWS\WinSxS\amd64_microsoft.windows.common-controls_6595b64144ccf1df_6.0.19041.3636_none_60b6a03d71f818d5;D:\JDK\jdk-19\bin\server;D:\JDK\JetBrains IntelliJ IDEA Ultimate 2022.2\IntelliJ IDEA 2022.2\bin

VM Arguments:
jvm_args: -javaagent:D:\JDK\JetBrains IntelliJ IDEA Ultimate 2022.2\IntelliJ IDEA 2022.2\lib\idea_rt.jar=50701:D:\JDK\JetBrains IntelliJ IDEA Ultimate 2022.2\IntelliJ IDEA 2022.2\bin -Dfile.encoding=windows-1251 
java_command: practise.Lab5_Server1
java_class_path (initial): D:\FCP\SEM7\CURS\Project\Server\target\classes;C:\Users\Notebook\.m2\repository\mysql\mysql-connector-java\8.0.25\mysql-connector-java-8.0.25.jar;C:\Users\Notebook\.m2\repository\com\google\protobuf\protobuf-java\3.11.4\protobuf-java-3.11.4.jar;C:\Users\Notebook\.m2\repository\jakarta\inject\jakarta.inject-api\2.0.0\jakarta.inject-api-2.0.0.jar;C:\Users\Notebook\.m2\repository\org\hibernate\orm\hibernate-core\6.0.0.Final\hibernate-core-6.0.0.Final.jar;C:\Users\Notebook\.m2\repository\jakarta\persistence\jakarta.persistence-api\3.0.0\jakarta.persistence-api-3.0.0.jar;C:\Users\Notebook\.m2\repository\jakarta\transaction\jakarta.transaction-api\2.0.0\jakarta.transaction-api-2.0.0.jar;C:\Users\Notebook\.m2\repository\org\jboss\logging\jboss-logging\3.4.3.Final\jboss-logging-3.4.3.Final.jar;C:\Users\Notebook\.m2\repository\org\jboss\jandex\2.4.2.Final\jandex-2.4.2.Final.jar;C:\Users\Notebook\.m2\repository\com\fasterxml\classmate\1.5.1\classmate-1.5.1.jar;C:\Users\Notebook\.m2\repository\org\hibernate\common\hibernate-commons-annotations\6.0.0.CR1\hibernate-commons-annotations-6.0.0.CR1.jar;C:\Users\Notebook\.m2\repository\net\bytebuddy\byte-buddy\1.12.8\byte-buddy-1.12.8.jar;C:\Users\Notebook\.m2\repository\jakarta\activation\jakarta.activation-api\2.0.1\jakarta.activation-api-2.0.1.jar;C:\Users\Notebook\.m2\repository\jakarta\xml\bind\jakarta.xml.bind-api\3.0.1\jakarta.xml.bind-api-3.0.1.jar;C:\Users\Notebook\.m2\repository\org\antlr\antlr4-runtime\4.9.1\antlr4-runtime-4.9.1.jar;C:\Users\Notebook\.m2\repository\org\glassfish\jaxb\jaxb-runtime\3.0.2\jaxb-runtime-3.0.2.jar;C:\Users\Notebook\.m2\repository\com\sun\activation\jakarta.activation\2.0.1\jakarta.activation-2.0.1.jar;C:\Users\Notebook\.m2\repository\org\glassfish\jaxb\jaxb-core\3.0.2\jaxb-core-3.0.2.jar;C:\Users\Notebook\.m2\repository\org\glassfish\jaxb\txw2\3.0.2\txw2-3.0.2.jar;C:\Users\Notebook\.m2\repository\com\sun\istack\istack-commons-runtime\4.0.1\istack-commons-runtime-4.0.1.jar;D:\FCP\SEM7\CURS\Project\DataLib\target\classes
Launcher Type: SUN_STANDARD

[Global flags]
     intx CICompilerCount                          = 4                                         {product} {ergonomic}
     uint ConcGCThreads                            = 2                                         {product} {ergonomic}
     uint G1ConcRefinementThreads                  = 8                                         {product} {ergonomic}
   size_t G1HeapRegionSize                         = 2097152                                   {product} {ergonomic}
    uintx GCDrainStackTargetSize                   = 64                                        {product} {ergonomic}
   size_t InitialHeapSize                          = 266338304                                 {product} {ergonomic}
   size_t MarkStackSize                            = 4194304                                   {product} {ergonomic}
   size_t MaxHeapSize                              = 4244635648                                {product} {ergonomic}
   size_t MaxNewSize                               = 2545942528                                {product} {ergonomic}
   size_t MinHeapDeltaBytes                        = 2097152                                   {product} {ergonomic}
   size_t MinHeapSize                              = 8388608                                   {product} {ergonomic}
    uintx NonNMethodCodeHeapSize                   = 5839372                                {pd product} {ergonomic}
    uintx NonProfiledCodeHeapSize                  = 122909434                              {pd product} {ergonomic}
    uintx ProfiledCodeHeapSize                     = 122909434                              {pd product} {ergonomic}
    uintx ReservedCodeCacheSize                    = 251658240                              {pd product} {ergonomic}
     bool SegmentedCodeCache                       = true                                      {product} {ergonomic}
   size_t SoftMaxHeapSize                          = 4244635648                             {manageable} {ergonomic}
     bool UseCompressedClassPointers               = true                           {product lp64_product} {ergonomic}
     bool UseCompressedOops                        = true                           {product lp64_product} {ergonomic}
     bool UseG1GC                                  = true                                      {product} {ergonomic}
     bool UseLargePagesIndividualAllocation        = false                                  {pd product} {ergonomic}

Logging:
Log output configuration:
 #0: stdout all=warning uptime,level,tags foldmultilines=false
 #1: stderr all=off uptime,level,tags foldmultilines=false

Environment Variables:
JAVA_HOME=C:\Program Files\Java\jdk-20
CLASSPATH=C:\Program Files\Java\jdk-20\lib;C:\Program Files\Java\jdk-20\jre\lib;
PATH=C:\Program Files\Microsoft MPI\Bin\;D:\AVR ToolChain\WinAVR\bin;D:\AVR ToolChain\WinAVR\utils\bin;D:\Proteus&Eclipse\MMVP\4.6 2012q4\bin;C:\Program Files\Microsoft SQL Server\130\Tools\Binn\;C:\Program Files\Microsoft OLE DB Provider for DB2\System\;D:\JDK\maven\apache-maven-3.8.6\bin;D:\JDK\Git\cmd;D:\JDK\RationalRose\common;C:\Program Files\Java\jdk-20\bin;C:\Program Files (x86)\Microsoft SQL Server\150\Tools\Binn\;C:\Program Files\Microsoft SQL Server\150\Tools\Binn\;C:\Program Files (x86)\Microsoft SQL Server\150\DTS\Binn\;C:\Program Files\Microsoft SQL Server\150\DTS\Binn\;C:\Program Files\Azure Data Studio\bin;C:\Program Files\Microsoft SQL Server\90\Tools\binn\;d:\Microsoft SQL Server\BOL (x86)\90\Tools\binn\;d:\Microsoft SQL Server\BOL (x86)\90\DTS\Binn\;d:\Microsoft SQL Server\BOL (x86)\90\Tools\Binn\VSShell\Common7\IDE\;C:\Program Files (x86)\Microsoft Visual Studio 8\Common7\IDE\PrivateAssemblies\;C:\Program Files\Microsoft SQL Server\Client SDK\ODBC\170\Tools\Binn\;C:\Program Files\dotnet\;C:\Program Files\MySQL\MySQL Shell 8.0\bin\;C:\Users\Notebook\AppData\Local\Microsoft\WindowsApps;C:\Program Files\Azure Data Studio\bin;C:\Program Files\Java\jdk-20;D:\JDK\Apache Tomcat\apache-tomcat-8.1\lib;C:\Program Files\Java\jdk-20\bin;C:\Program Files\Azure Data Studio\bin;C:\Users\Notebook\.dotnet\tools;C:\Users\Notebook\AppData\Local\GitHubDesktop\bin
USERNAME=Notebook
OS=Windows_NT
PROCESSOR_IDENTIFIER=AMD64 Family 23 Model 24 Stepping 1, AuthenticAMD
TMP=C:\Users\Notebook\AppData\Local\Temp
TEMP=C:\Users\Notebook\AppData\Local\Temp



---------------  S Y S T E M  ---------------

OS:
 Windows 10 , 64 bit Build 19041 (10.0.19041.3636)
OS uptime: 0 days 3:29 hours

CPU: total 8 (initial active 8) (8 cores per cpu, 2 threads per core) family 23 model 24 stepping 1 microcode 0x0, cx8, cmov, fxsr, ht, mmx, 3dnowpref, sse, sse2, sse3, ssse3, sse4a, sse4.1, sse4.2, popcnt, lzcnt, tsc, tscinvbit, avx, avx2, aes, clmul, bmi1, bmi2, adx, sha, fma, vzeroupper, clflush, clflushopt, rdtscp

Memory: 4k page, system-wide physical 16189M (5930M free)
TotalPageFile size 18237M (AvailPageFile size 328M)
current process WorkingSet (physical memory assigned to process): 450M, peak: 450M
current process commit charge ("private bytes"): 571M, peak: 983M

vm_info: Java HotSpot(TM) 64-Bit Server VM (19+36-2238) for windows-amd64 JRE (19+36-2238), built on 2022-08-12T20:29:01Z by "mach5one" with MS VC++ 17.1 (VS2022)

END.
